Generating 3D model for part CAP-0402-X5R-47nF-10V-10%_2998314659.
	*Warning: No mapping for cell/part CAP-0402-X5R-47nF-10V-10%_2998314659
Generating 3D model for part CAP-0402-X5R-470nF-10V-10%_2747117571.
	*Warning: No mapping for cell/part CAP-0402-X5R-470nF-10V-10%_2747117571
Generating 3D model for part CAP-0402-X5R-470nF-10V-10%_1755763510.
	*Warning: No mapping for cell/part CAP-0402-X5R-470nF-10V-10%_1755763510
Generating 3D model for part CAP-0402-X5R-470nF-10V-10%_2947721411.
	*Warning: No mapping for cell/part CAP-0402-X5R-470nF-10V-10%_2947721411
Generating 3D model for part CAP-0402-X5R-470nF-10V-10%_3640921584.
	*Warning: No mapping for cell/part CAP-0402-X5R-470nF-10V-10%_3640921584
Generating 3D model for part CAP-1206-X5R-100uF-6V3-10%_3775721136.
	*Warning: No mapping for cell/part CAP-1206-X5R-100uF-6V3-10%_3775721136
Generating 3D model for part CAP-1206-X5R-100uF-6V3-10%_2158932470.
	*Warning: No mapping for cell/part CAP-1206-X5R-100uF-6V3-10%_2158932470
Generating 3D model for part CAP-1206-X5R-4u7-6V3-10%_817186386.
	*Warning: No mapping for cell/part CAP-1206-X5R-4u7-6V3-10%_817186386
Generating 3D model for part CAP-1206-X5R-4u7-6V3-10%_1347829784.
	*Warning: No mapping for cell/part CAP-1206-X5R-4u7-6V3-10%_1347829784
Generating 3D model for part CAP-1206-X5R-10uF-6V3-10%_1347829784.
	*Warning: No mapping for cell/part CAP-1206-X5R-10uF-6V3-10%_1347829784
Generating 3D model for part CAP-0402-X7R-10nF-16V-10%_2122203621.
	*Warning: No mapping for cell/part CAP-0402-X7R-10nF-16V-10%_2122203621
Generating 3D model for part IND-0603-FBEAD_2408146353.
	*Warning: No mapping for cell/part IND-0603-FBEAD_2408146353
Generating 3D model for part RES-0402-80R-1%_3945282004.
	*Warning: No mapping for cell/part RES-0402-80R-1%_3945282004
Generating 3D model for part XC7Z020-2CLG484I.
Generating 3D model for part CAP-0402-X7R-10nF-16V-10%_3781820304.
	*Warning: No mapping for cell/part CAP-0402-X7R-10nF-16V-10%_3781820304
Generating 3D model for part IND-0603-FBEAD_2683891205.
	*Warning: No mapping for cell/part IND-0603-FBEAD_2683891205
Generating 3D model for part RES-0402-80R-1%_348090497.
	*Warning: No mapping for cell/part RES-0402-80R-1%_348090497
Generating 3D model for part MT41K128M16JT-125_3677742933.
	*Warning: Cell/Part MT41K128M16JT-125_3677742933 was synthesized from Assembly data!
Generating 3D model for part RES-0402-80R-1%_1807017085.
	*Warning: No mapping for cell/part RES-0402-80R-1%_1807017085
Generating 3D model for part RES-0402-39R-1%_60353045.
	*Warning: No mapping for cell/part RES-0402-39R-1%_60353045
