--------------------------------------------------------------------------------
 Project integration - START (2020-01-23 21:32:17) 
--------------------------------------------------------------------------------
FE snapshot name: DxD
BE snapshot name: T-Branch_layout_temp
Top level block: (2-1-5)
Parameters: BAConnectivity,BAConstraints,FEWin,
--------------------------------------------------------------------------------
--------------------------------------------------------------------------------
 Connection synchronization - START (2020-01-23 21:32:17) 
--------------------------------------------------------------------------------
[Ok][Modification] - [BE->FE] [P: Block,T-Branch,(2-1-5)] [O: FlatComp,cap.1,(30-1-8)]
	Property: Cell Name, Operation: Change
[Ok][Modification] - [BE->FE] [P: Block,T-Branch,(2-1-5)] [O: FlatComp,res.1,(34-1-8)]
	Property: Cell Name, Operation: Change
[Ok][Modification] - [BE->FE] [P: Block,T-Branch,(2-1-5)] [O: FlatComp,xc7z020-2clg484_b.1,(18-2-8)]
	Property: Cell Name, Operation: Change
[Ok][Modification] - [BE->FE] [P: Block,T-Branch,(2-1-5)] [O: FlatComp,cap.1,(30-2-8)]
	Property: Cell Name, Operation: Change
[Ok][Modification] - [BE->FE] [P: Block,T-Branch,(2-1-5)] [O: FlatComp,xc7z020-2clg484_c.1,(18-3-8)]
	Property: Cell Name, Operation: Change
[Ok][Modification] - [BE->FE] [P: Block,T-Branch,(2-1-5)] [O: FlatComp,cap.1,(30-3-8)]
	Property: Cell Name, Operation: Change
[Ok][Modification] - [BE->FE] [P: Block,T-Branch,(2-1-5)] [O: FlatComp,xc7z020-2clg484_d.1,(18-4-8)]
	Property: Cell Name, Operation: Change
[Ok][Modification] - [BE->FE] [P: Block,T-Branch,(2-1-5)] [O: FlatComp,cap.1,(30-4-8)]
	Property: Cell Name, Operation: Change
[Ok][Modification] - [BE->FE] [P: Block,T-Branch,(2-1-5)] [O: FlatComp,res.1,(34-4-8)]
	Property: Cell Name, Operation: Change
[Ok][Modification] - [BE->FE] [P: Block,T-Branch,(2-1-5)] [O: FlatComp,xc7z020-2clg484_e.1,(18-5-8)]
	Property: Cell Name, Operation: Change
[Ok][Modification] - [BE->FE] [P: Block,T-Branch,(2-1-5)] [O: FlatComp,cap.1,(30-5-8)]
	Property: Cell Name, Operation: Change
[Ok][Modification] - [BE->FE] [P: Block,T-Branch,(2-1-5)] [O: FlatComp,xc7z020-2clg484_f.1,(18-6-8)]
	Property: Cell Name, Operation: Change
[Ok][Modification] - [BE->FE] [P: Block,T-Branch,(2-1-5)] [O: FlatComp,cap.1,(30-6-8)]
	Property: Cell Name, Operation: Change
[Ok][Modification] - [BE->FE] [P: Block,T-Branch,(2-1-5)] [O: FlatComp,xc7z020-2clg484_g.1,(18-7-8)]
	Property: Cell Name, Operation: Change
[Ok][Modification] - [BE->FE] [P: Block,T-Branch,(2-1-5)] [O: FlatComp,cap.1,(30-7-8)]
	Property: Cell Name, Operation: Change
[Ok][Modification] - [BE->FE] [P: Block,T-Branch,(2-1-5)] [O: FlatComp,xc7z020-2clg484_h.1,(18-8-8)]
	Property: Cell Name, Operation: Change
[Ok][Modification] - [BE->FE] [P: Block,T-Branch,(2-1-5)] [O: FlatComp,cap.1,(30-8-8)]
	Property: Cell Name, Operation: Change
[Ok][Modification] - [BE->FE] [P: Block,T-Branch,(2-1-5)] [O: FlatComp,xc7z020-2clg484_i.1,(18-9-8)]
	Property: Cell Name, Operation: Change
[Ok][Modification] - [BE->FE] [P: Block,T-Branch,(2-1-5)] [O: FlatComp,cap.1,(30-9-8)]
	Property: Cell Name, Operation: Change
[Ok][Modification] - [BE->FE] [P: Block,T-Branch,(2-1-5)] [O: FlatComp,cap.1,(30-10-8)]
	Property: Cell Name, Operation: Change
[Ok][Modification] - [BE->FE] [P: Block,T-Branch,(2-1-5)] [O: FlatComp,cap.1,(30-11-8)]
	Property: Cell Name, Operation: Change
[Ok][Modification] - [BE->FE] [P: Block,T-Branch,(2-1-5)] [O: FlatComp,cap.1,(18-12-8)]
	Property: Cell Name, Operation: Change
[Ok][Modification] - [BE->FE] [P: Block,T-Branch,(2-1-5)] [O: FlatComp,cap.1,(30-12-8)]
	Property: Cell Name, Operation: Change
[Ok][Modification] - [BE->FE] [P: Block,T-Branch,(2-1-5)] [O: FlatComp,cap.1,(30-13-8)]
	Property: Cell Name, Operation: Change
[Ok][Modification] - [BE->FE] [P: Block,T-Branch,(2-1-5)] [O: FlatComp,cap.1,(30-15-8)]
	Property: Cell Name, Operation: Change
[Ok][Modification] - [BE->FE] [P: Block,T-Branch,(2-1-5)] [O: FlatComp,cap.1,(30-16-8)]
	Property: Cell Name, Operation: Change
[Ok][Modification] - [BE->FE] [P: Block,T-Branch,(2-1-5)] [O: FlatComp,cap.1,(18-17-8)]
	Property: Cell Name, Operation: Change
[Ok][Modification] - [BE->FE] [P: Block,T-Branch,(2-1-5)] [O: FlatComp,cap.1,(18-18-8)]
	Property: Cell Name, Operation: Change
[Ok][Modification] - [BE->FE] [P: Block,T-Branch,(2-1-5)] [O: FlatComp,cap.1,(30-18-8)]
	Property: Cell Name, Operation: Change
[Ok][Modification] - [BE->FE] [P: Block,T-Branch,(2-1-5)] [O: FlatComp,cap.1,(18-19-8)]
	Property: Cell Name, Operation: Change
[Ok][Modification] - [BE->FE] [P: Block,T-Branch,(2-1-5)] [O: FlatComp,cap.1,(18-20-8)]
	Property: Cell Name, Operation: Change
[Ok][Modification] - [BE->FE] [P: Block,T-Branch,(2-1-5)] [O: FlatComp,cap.1,(30-20-8)]
	Property: Cell Name, Operation: Change
[Ok][Modification] - [BE->FE] [P: Block,T-Branch,(2-1-5)] [O: FlatComp,cap.1,(18-21-8)]
	Property: Cell Name, Operation: Change
[Ok][Modification] - [BE->FE] [P: Block,T-Branch,(2-1-5)] [O: FlatComp,bead.1,(30-21-8)]
	Property: Cell Name, Operation: Change
[Ok][Modification] - [BE->FE] [P: Block,T-Branch,(2-1-5)] [O: FlatComp,cap.1,(18-22-8)]
	Property: Cell Name, Operation: Change
[Ok][Modification] - [BE->FE] [P: Block,T-Branch,(2-1-5)] [O: FlatComp,cap.1,(30-22-8)]
	Property: Cell Name, Operation: Change
[Ok][Modification] - [BE->FE] [P: Block,T-Branch,(2-1-5)] [O: FlatComp,cap.1,(18-23-8)]
	Property: Cell Name, Operation: Change
[Ok][Modification] - [BE->FE] [P: Block,T-Branch,(2-1-5)] [O: FlatComp,cap.1,(30-23-8)]
	Property: Cell Name, Operation: Change
[Ok][Modification] - [BE->FE] [P: Block,T-Branch,(2-1-5)] [O: FlatComp,bead.1,(39-23-8)]
	Property: Cell Name, Operation: Change
[Ok][Modification] - [BE->FE] [P: Block,T-Branch,(2-1-5)] [O: FlatComp,cap.1,(18-24-8)]
	Property: Cell Name, Operation: Change
[Ok][Modification] - [BE->FE] [P: Block,T-Branch,(2-1-5)] [O: FlatComp,cap.1,(18-25-8)]
	Property: Cell Name, Operation: Change
[Ok][Modification] - [BE->FE] [P: Block,T-Branch,(2-1-5)] [O: FlatComp,cap.1,(39-25-8)]
	Property: Cell Name, Operation: Change
[Ok][Modification] - [BE->FE] [P: Block,T-Branch,(2-1-5)] [O: FlatComp,cap.1,(18-26-8)]
	Property: Cell Name, Operation: Change
[Ok][Modification] - [BE->FE] [P: Block,T-Branch,(2-1-5)] [O: FlatComp,cap.1,(30-26-8)]
	Property: Cell Name, Operation: Change
[Ok][Modification] - [BE->FE] [P: Block,T-Branch,(2-1-5)] [O: FlatComp,cap.1,(18-27-8)]
	Property: Cell Name, Operation: Change
[Ok][Modification] - [BE->FE] [P: Block,T-Branch,(2-1-5)] [O: FlatComp,cap.1,(30-27-8)]
	Property: Cell Name, Operation: Change
[Ok][Modification] - [BE->FE] [P: Block,T-Branch,(2-1-5)] [O: FlatComp,cap.1,(39-27-8)]
	Property: Cell Name, Operation: Change
[Ok][Modification] - [BE->FE] [P: Block,T-Branch,(2-1-5)] [O: FlatComp,cap.1,(18-28-8)]
	Property: Cell Name, Operation: Change
[Ok][Modification] - [BE->FE] [P: Block,T-Branch,(2-1-5)] [O: FlatComp,cap.1,(39-28-8)]
	Property: Cell Name, Operation: Change
[Ok][Modification] - [BE->FE] [P: Block,T-Branch,(2-1-5)] [O: FlatComp,cap.1,(18-29-8)]
	Property: Cell Name, Operation: Change
[Ok][Modification] - [BE->FE] [P: Block,T-Branch,(2-1-5)] [O: FlatComp,cap.1,(30-29-8)]
	Property: Cell Name, Operation: Change
[Ok][Modification] - [BE->FE] [P: Block,T-Branch,(2-1-5)] [O: FlatComp,cap.1,(39-29-8)]
	Property: Cell Name, Operation: Change
[Ok][Modification] - [BE->FE] [P: Block,T-Branch,(2-1-5)] [O: FlatComp,cap.1,(18-30-8)]
	Property: Cell Name, Operation: Change
[Ok][Modification] - [BE->FE] [P: Block,T-Branch,(2-1-5)] [O: FlatComp,cap.1,(30-30-8)]
	Property: Cell Name, Operation: Change
[Ok][Modification] - [BE->FE] [P: Block,T-Branch,(2-1-5)] [O: FlatComp,cap.1,(18-31-8)]
	Property: Cell Name, Operation: Change
[Ok][Modification] - [BE->FE] [P: Block,T-Branch,(2-1-5)] [O: FlatComp,cap.1,(30-31-8)]
	Property: Cell Name, Operation: Change
[Ok][Modification] - [BE->FE] [P: Block,T-Branch,(2-1-5)] [O: FlatComp,cap.1,(18-32-8)]
	Property: Cell Name, Operation: Change
[Ok][Modification] - [BE->FE] [P: Block,T-Branch,(2-1-5)] [O: FlatComp,cap.1,(30-32-8)]
	Property: Cell Name, Operation: Change
[Ok][Modification] - [BE->FE] [P: Block,T-Branch,(2-1-5)] [O: FlatComp,cap.1,(18-33-8)]
	Property: Cell Name, Operation: Change
[Ok][Modification] - [BE->FE] [P: Block,T-Branch,(2-1-5)] [O: FlatComp,cap.1,(30-33-8)]
	Property: Cell Name, Operation: Change
[Ok][Modification] - [BE->FE] [P: Block,T-Branch,(2-1-5)] [O: FlatComp,cap.1,(39-33-8)]
	Property: Cell Name, Operation: Change
[Ok][Modification] - [BE->FE] [P: Block,T-Branch,(2-1-5)] [O: FlatComp,cap.1,(18-34-8)]
	Property: Cell Name, Operation: Change
[Ok][Modification] - [BE->FE] [P: Block,T-Branch,(2-1-5)] [O: FlatComp,xc7z020-2clg484_a.1,(39-34-8)]
	Property: Cell Name, Operation: Change
[Ok][Modification] - [BE->FE] [P: Block,T-Branch,(2-1-5)] [O: FlatComp,cap.1,(30-35-8)]
	Property: Cell Name, Operation: Change
[Ok][Modification] - [BE->FE] [P: Block,T-Branch,(2-1-5)] [O: FlatComp,cap.1,(30-36-8)]
	Property: Cell Name, Operation: Change
[Ok][Modification] - [BE->FE] [P: Block,T-Branch,(2-1-5)] [O: FlatComp,cap.1,(30-37-8)]
	Property: Cell Name, Operation: Change
[Ok][Modification] - [BE->FE] [P: Block,T-Branch,(2-1-5)] [O: FlatComp,cap.1,(30-38-8)]
	Property: Cell Name, Operation: Change
[Ok][Modification] - [BE->FE] [P: Block,T-Branch,(2-1-5)] [O: FlatComp,cap.1,(30-39-8)]
	Property: Cell Name, Operation: Change
[Ok][Modification] - [BE->FE] [P: Block,T-Branch,(2-1-5)] [O: FlatComp,cap.1,(39-39-8)]
	Property: Cell Name, Operation: Change
[Ok][Modification] - [BE->FE] [P: Block,T-Branch,(2-1-5)] [O: FlatComp,cap.1,(18-40-8)]
	Property: Cell Name, Operation: Change
[Ok][Modification] - [BE->FE] [P: Block,T-Branch,(2-1-5)] [O: FlatComp,cap.1,(30-40-8)]
	Property: Cell Name, Operation: Change
[Ok][Modification] - [BE->FE] [P: Block,T-Branch,(2-1-5)] [O: FlatComp,cap.1,(30-41-8)]
	Property: Cell Name, Operation: Change
[Ok][Modification] - [BE->FE] [P: Block,T-Branch,(2-1-5)] [O: FlatComp,cap.1,(39-41-8)]
	Property: Cell Name, Operation: Change
[Ok][Modification] - [BE->FE] [P: Block,T-Branch,(2-1-5)] [O: FlatComp,cap.1,(30-42-8)]
	Property: Cell Name, Operation: Change
[Ok][Modification] - [BE->FE] [P: Block,T-Branch,(2-1-5)] [O: FlatComp,cap.1,(39-42-8)]
	Property: Cell Name, Operation: Change
[Ok][Modification] - [BE->FE] [P: Block,T-Branch,(2-1-5)] [O: FlatComp,cap.1,(30-43-8)]
	Property: Cell Name, Operation: Change
[Ok][Modification] - [BE->FE] [P: Block,T-Branch,(2-1-5)] [O: FlatComp,cap.1,(39-43-8)]
	Property: Cell Name, Operation: Change
[Ok][Modification] - [BE->FE] [P: Block,T-Branch,(2-1-5)] [O: FlatComp,cap.1,(30-44-8)]
	Property: Cell Name, Operation: Change
[Ok][Modification] - [BE->FE] [P: Block,T-Branch,(2-1-5)] [O: FlatComp,cap.1,(39-44-8)]
	Property: Cell Name, Operation: Change
[Ok][Modification] - [BE->FE] [P: Block,T-Branch,(2-1-5)] [O: FlatComp,cap.1,(30-45-8)]
	Property: Cell Name, Operation: Change
[Ok][Modification] - [BE->FE] [P: Block,T-Branch,(2-1-5)] [O: FlatComp,cap.1,(39-45-8)]
	Property: Cell Name, Operation: Change
[Ok][Modification] - [BE->FE] [P: Block,T-Branch,(2-1-5)] [O: FlatComp,cap.1,(30-46-8)]
	Property: Cell Name, Operation: Change
[Ok][Modification] - [BE->FE] [P: Block,T-Branch,(2-1-5)] [O: FlatComp,cap.1,(39-46-8)]
	Property: Cell Name, Operation: Change
[Ok][Modification] - [BE->FE] [P: Block,T-Branch,(2-1-5)] [O: FlatComp,cap.1,(30-48-8)]
	Property: Cell Name, Operation: Change
[Ok][Modification] - [BE->FE] [P: Block,T-Branch,(2-1-5)] [O: FlatComp,cap.1,(30-49-8)]
	Property: Cell Name, Operation: Change
[Ok][Modification] - [BE->FE] [P: Block,T-Branch,(2-1-5)] [O: FlatComp,cap.1,(39-49-8)]
	Property: Cell Name, Operation: Change
[Ok][Modification] - [BE->FE] [P: Block,T-Branch,(2-1-5)] [O: FlatComp,cap.1,(39-50-8)]
	Property: Cell Name, Operation: Change
[Ok][Modification] - [BE->FE] [P: Block,T-Branch,(2-1-5)] [O: FlatComp,cap.1,(30-51-8)]
	Property: Cell Name, Operation: Change
[Ok][Modification] - [BE->FE] [P: Block,T-Branch,(2-1-5)] [O: FlatComp,cap.1,(39-51-8)]
	Property: Cell Name, Operation: Change
[Ok][Modification] - [BE->FE] [P: Block,T-Branch,(2-1-5)] [O: FlatComp,cap.1,(39-52-8)]
	Property: Cell Name, Operation: Change
[Ok][Modification] - [BE->FE] [P: Block,T-Branch,(2-1-5)] [O: FlatComp,cap.1,(39-53-8)]
	Property: Cell Name, Operation: Change
[Ok][Modification] - [BE->FE] [P: Block,T-Branch,(2-1-5)] [O: FlatComp,cap.1,(39-54-8)]
	Property: Cell Name, Operation: Change
[Ok][Modification] - [BE->FE] [P: Block,T-Branch,(2-1-5)] [O: FlatComp,cap.1,(30-55-8)]
	Property: Cell Name, Operation: Change
[Ok][Modification] - [BE->FE] [P: Block,T-Branch,(2-1-5)] [O: FlatComp,cap.1,(39-55-8)]
	Property: Cell Name, Operation: Change
[Ok][Modification] - [BE->FE] [P: Block,T-Branch,(2-1-5)] [O: FlatComp,cap.1,(30-56-8)]
	Property: Cell Name, Operation: Change
[Ok][Modification] - [BE->FE] [P: Block,T-Branch,(2-1-5)] [O: FlatComp,cap.1,(39-56-8)]
	Property: Cell Name, Operation: Change
[Ok][Modification] - [BE->FE] [P: Block,T-Branch,(2-1-5)] [O: FlatComp,cap.1,(39-57-8)]
	Property: Cell Name, Operation: Change
[Ok][Modification] - [BE->FE] [P: Block,T-Branch,(2-1-5)] [O: FlatComp,cap.1,(30-58-8)]
	Property: Cell Name, Operation: Change
[Ok][Modification] - [BE->FE] [P: Block,T-Branch,(2-1-5)] [O: FlatComp,cap.1,(39-58-8)]
	Property: Cell Name, Operation: Change
[Ok][Modification] - [BE->FE] [P: Block,T-Branch,(2-1-5)] [O: FlatComp,cap.1,(39-59-8)]
	Property: Cell Name, Operation: Change
[Ok][Modification] - [BE->FE] [P: Block,T-Branch,(2-1-5)] [O: FlatComp,cap.1,(39-60-8)]
	Property: Cell Name, Operation: Change
[Ok][Modification] - [BE->FE] [P: Block,T-Branch,(2-1-5)] [O: FlatComp,cap.1,(39-65-8)]
	Property: Cell Name, Operation: Change
[Ok][Modification] - [BE->FE] [P: Block,T-Branch,(2-1-5)] [O: FlatComp,cap.1,(39-66-8)]
	Property: Cell Name, Operation: Change
[Ok][Modification] - [BE->FE] [P: Block,T-Branch,(2-1-5)] [O: FlatComp,cap.1,(39-67-8)]
	Property: Cell Name, Operation: Change
[Ok][Modification] - [BE->FE] [P: Block,T-Branch,(2-1-5)] [O: FlatComp,cap.1,(39-68-8)]
	Property: Cell Name, Operation: Change
[Ok][Modification] - [BE->FE] [P: Block,T-Branch,(2-1-5)] [O: FlatComp,cap.1,(39-69-8)]
	Property: Cell Name, Operation: Change
[Ok][Modification] - [BE->FE] [P: Block,T-Branch,(2-1-5)] [O: FlatComp,cap.1,(39-70-8)]
	Property: Cell Name, Operation: Change
[Ok][Modification] - [BE->FE] [P: Block,T-Branch,(2-1-5)] [O: FlatComp,cap.1,(39-71-8)]
	Property: Cell Name, Operation: Change
[Ok][Modification] - [BE->FE] [P: Block,T-Branch,(2-1-5)] [O: FlatComp,cap.1,(39-72-8)]
	Property: Cell Name, Operation: Change
[Ok][Modification] - [BE->FE] [P: Block,T-Branch,(2-1-5)] [O: FlatComp,cap.1,(39-73-8)]
	Property: Cell Name, Operation: Change
[Ok][Modification] - [BE->FE] [P: Block,T-Branch,(2-1-5)] [O: FlatComp,cap.1,(39-74-8)]
	Property: Cell Name, Operation: Change
[Ok][Modification] - [BE->FE] [P: Block,T-Branch,(2-1-5)] [O: FlatComp,cap.1,(39-75-8)]
	Property: Cell Name, Operation: Change
[Ok][Modification] - [BE->FE] [P: Block,T-Branch,(2-1-5)] [O: FlatComp,cap.1,(39-76-8)]
	Property: Cell Name, Operation: Change
[Ok][Modification] - [BE->FE] [P: Block,T-Branch,(2-1-5)] [O: FlatComp,res.1,(30-80-8)]
	Property: Cell Name, Operation: Change
[Ok][Modification] - [BE->FE] [P: Block,T-Branch,(2-1-5)] [O: FlatComp,res.1,(30-81-8)]
	Property: Cell Name, Operation: Change
[Ok][Modification] - [BE->FE] [P: Block,T-Branch,(2-1-5)] [O: FlatComp,res.1,(30-83-8)]
	Property: Cell Name, Operation: Change
[Ok][Modification] - [BE->FE] [P: Block,T-Branch,(2-1-5)] [O: FlatComp,res.1,(30-99-8)]
	Property: Cell Name, Operation: Change
[Ok][Modification] - [BE->FE] [P: Block,T-Branch,(2-1-5)] [O: FlatComp,res.1,(30-100-8)]
	Property: Cell Name, Operation: Change
[Ok][Modification] - [BE->FE] [P: Block,T-Branch,(2-1-5)] [O: FlatComp,res.1,(30-101-8)]
	Property: Cell Name, Operation: Change
[Ok][Modification] - [BE->FE] [P: Block,T-Branch,(2-1-5)] [O: FlatComp,res.1,(30-102-8)]
	Property: Cell Name, Operation: Change
[Ok][Modification] - [BE->FE] [P: Block,T-Branch,(2-1-5)] [O: FlatComp,res.1,(30-104-8)]
	Property: Cell Name, Operation: Change
[Ok][Modification] - [BE->FE] [P: Block,T-Branch,(2-1-5)] [O: FlatComp,res.1,(30-105-8)]
	Property: Cell Name, Operation: Change
[Ok][Modification] - [BE->FE] [P: Block,T-Branch,(2-1-5)] [O: FlatComp,res.1,(30-106-8)]
	Property: Cell Name, Operation: Change
[Ok][Modification] - [BE->FE] [P: Block,T-Branch,(2-1-5)] [O: FlatComp,res.1,(30-107-8)]
	Property: Cell Name, Operation: Change
[Ok][Modification] - [BE->FE] [P: Block,T-Branch,(2-1-5)] [O: FlatComp,res.1,(30-108-8)]
	Property: Cell Name, Operation: Change
[Ok][Modification] - [BE->FE] [P: Block,T-Branch,(2-1-5)] [O: FlatComp,res.1,(30-109-8)]
	Property: Cell Name, Operation: Change
[Ok][Modification] - [BE->FE] [P: Block,T-Branch,(2-1-5)] [O: FlatComp,res.1,(30-110-8)]
	Property: Cell Name, Operation: Change
[Ok][Modification] - [BE->FE] [P: Block,T-Branch,(2-1-5)] [O: FlatComp,res.1,(30-111-8)]
	Property: Cell Name, Operation: Change
[Ok][Modification] - [BE->FE] [P: Block,T-Branch,(2-1-5)] [O: FlatComp,res.1,(30-112-8)]
	Property: Cell Name, Operation: Change
[Ok][Modification] - [BE->FE] [P: Block,T-Branch,(2-1-5)] [O: FlatComp,res.1,(30-113-8)]
	Property: Cell Name, Operation: Change
[Ok][Modification] - [BE->FE] [P: Block,T-Branch,(2-1-5)] [O: FlatComp,res.1,(30-115-8)]
	Property: Cell Name, Operation: Change
[Ok][Modification] - [BE->FE] [P: Block,T-Branch,(2-1-5)] [O: FlatComp,res.1,(30-117-8)]
	Property: Cell Name, Operation: Change
[Ok][Modification] - [BE->FE] [P: Block,T-Branch,(2-1-5)] [O: FlatComp,res.1,(30-119-8)]
	Property: Cell Name, Operation: Change
[Ok][Modification] - [BE->FE] [P: Block,T-Branch,(2-1-5)] [O: FlatComp,MICRON_MT41K128M16HA.1,(28-157-8)]
	Property: Cell Name, Operation: Change
[Ok][Modification] - [BE->FE] [P: Block,T-Branch,(2-1-5)] [O: FlatComp,MICRON_MT41K128M16HA.1,(28-212-8)]
	Property: Cell Name, Operation: Change
--------------------------------------------------------------------------------
 Connection synchronization - END (2020-01-23 21:32:17) 
--------------------------------------------------------------------------------
--------------------------------------------------------------------------------
 CES synchronization - START (2020-01-23 21:32:17) 
--------------------------------------------------------------------------------
[Ok][Addition] - [BE->FE] [P: CesDesign,CesDesign,(2-1-21)] [O: CesViaSpan,Layer 1-4,(410-1-27)]
[Ok][Addition] - [BE->FE] [P: CesDesign,CesDesign,(2-1-21)] [O: CesViaSpan,Layer 1-3,(410-2-27)]
[Ok][Deletion] - [BE->FE] [P: CesDesign,CesDesign,(2-1-21)] [O: CesLayer,L2,(299-1-23)]
[Ok][Modification] - [BE->FE] [P: CesDesign,CesDesign,(2-1-21)] [O: CesLayer,SSB,(12-9-23)]
[Ok][Modification] - [BE->FE] [P: CesDesign,CesDesign,(2-1-21)] [O: CesLayer,DE1,(259-1-23)]
[Ok][Modification] - [BE->FE] [P: CesDesign,CesDesign,(2-1-21)] [O: CesLayer,DE11,(259-3-23)]
[Ok][Modification] - [BE->FE] [P: CesDesign,CesDesign,(2-1-21)] [O: CesLayer,DE4,(299-2-23)]
[Ok][Modification] - [BE->FE] [P: CesDesign,CesDesign,(2-1-21)] [O: CesLayer,DE6,(299-4-23)]
[Ok][Modification] - [BE->FE] [P: CesDesign,CesDesign,(2-1-21)] [O: CesLayer,DE5,(299-5-23)]
[Ok][Modification] - [BE->FE] [P: CesDesign,CesDesign,(2-1-21)] [O: CesLayer,L6,(12-8-23)]
[Ok][Modification] - [BE->FE] [P: CesDesign,CesDesign,(2-1-21)] [O: CesLayer,L3,(259-2-23)]
[Ok][Modification] - [BE->FE] [P: CesDesign,CesDesign,(2-1-21)] [O: CesLayer,L2,(299-3-23)]
[Ok][Modification] - [BE->FE] [P: CesDesign,CesDesign,(2-1-21)] [O: CesLayer,L4,(299-6-23)]
[Ok][Addition] - [BE->FE] [P: CesDesign,CesDesign,(2-1-21)] [O: CesLayer,DE2,(403-1-23)]
[Ok][Addition] - [BE->FE] [P: CesDesign,CesDesign,(2-1-21)] [O: CesLayer,DE3,(403-2-23)]
[Ok][Addition] - [BE->FE] [P: CesDesign,CesDesign,(2-1-21)] [O: CesLayer,DE7,(403-3-23)]
[Ok][Addition] - [BE->FE] [P: CesDesign,CesDesign,(2-1-21)] [O: CesLayer,DE8,(403-4-23)]
[Ok][Addition] - [BE->FE] [P: CesDesign,CesDesign,(2-1-21)] [O: CesLayer,DE9,(403-5-23)]
[Ok][Addition] - [BE->FE] [P: CesDesign,CesDesign,(2-1-21)] [O: CesLayer,DE10,(403-6-23)]
[Ok][Addition] - [BE->FE] [P: CesDesign,CesDesign,(2-1-21)] [O: CesLayer,L5,(406-1-23)]
[Ok][Addition] - [BE->FE] [P: CesSchemeNetClassRule,(Default),(2-1-38)] [O: CesViaAssign,Layer 1-4,(410-1-39)]
[Ok][Addition] - [BE->FE] [P: CesSchemeNetClassRule,Power,(93-2-38)] [O: CesViaAssign,Layer 1-4,(410-2-39)]
[Ok][Addition] - [BE->FE] [P: CesSchemeNetClassRule,50ohm SE,(245-5-38)] [O: CesViaAssign,Layer 1-4,(410-3-39)]
[Ok][Addition] - [BE->FE] [P: CesSchemeNetClassRule,100ohm DP,(270-1-38)] [O: CesViaAssign,Layer 1-4,(410-4-39)]
[Ok][Addition] - [BE->FE] [P: CesSchemeNetClassRule,(Default),(2-2-38)] [O: CesViaAssign,Layer 1-4,(410-5-39)]
[Ok][Addition] - [BE->FE] [P: CesSchemeNetClassRule,Power,(93-3-38)] [O: CesViaAssign,Layer 1-4,(410-6-39)]
[Ok][Addition] - [BE->FE] [P: CesSchemeNetClassRule,50ohm SE,(245-6-38)] [O: CesViaAssign,Layer 1-4,(410-7-39)]
[Ok][Addition] - [BE->FE] [P: CesSchemeNetClassRule,100ohm DP,(270-2-38)] [O: CesViaAssign,Layer 1-4,(410-8-39)]
[Ok][Addition] - [BE->FE] [P: CesSchemeNetClassRule,(Default),(11-1-38)] [O: CesViaAssign,Layer 1-4,(410-9-39)]
[Ok][Addition] - [BE->FE] [P: CesSchemeNetClassRule,Power,(93-4-38)] [O: CesViaAssign,Layer 1-4,(410-10-39)]
[Ok][Addition] - [BE->FE] [P: CesSchemeNetClassRule,50ohm SE,(245-7-38)] [O: CesViaAssign,Layer 1-4,(410-11-39)]
[Ok][Addition] - [BE->FE] [P: CesSchemeNetClassRule,100ohm DP,(270-3-38)] [O: CesViaAssign,Layer 1-4,(410-12-39)]
[Ok][Addition] - [BE->FE] [P: CesSchemeNetClassRule,(Default),(2-1-38)] [O: CesViaAssign,Layer 1-3,(410-13-39)]
[Ok][Addition] - [BE->FE] [P: CesSchemeNetClassRule,Power,(93-2-38)] [O: CesViaAssign,Layer 1-3,(410-14-39)]
[Ok][Addition] - [BE->FE] [P: CesSchemeNetClassRule,50ohm SE,(245-5-38)] [O: CesViaAssign,Layer 1-3,(410-15-39)]
[Ok][Addition] - [BE->FE] [P: CesSchemeNetClassRule,100ohm DP,(270-1-38)] [O: CesViaAssign,Layer 1-3,(410-16-39)]
[Ok][Addition] - [BE->FE] [P: CesSchemeNetClassRule,(Default),(2-2-38)] [O: CesViaAssign,Layer 1-3,(410-17-39)]
[Ok][Addition] - [BE->FE] [P: CesSchemeNetClassRule,Power,(93-3-38)] [O: CesViaAssign,Layer 1-3,(410-18-39)]
[Ok][Addition] - [BE->FE] [P: CesSchemeNetClassRule,50ohm SE,(245-6-38)] [O: CesViaAssign,Layer 1-3,(410-19-39)]
[Ok][Addition] - [BE->FE] [P: CesSchemeNetClassRule,100ohm DP,(270-2-38)] [O: CesViaAssign,Layer 1-3,(410-20-39)]
[Ok][Addition] - [BE->FE] [P: CesSchemeNetClassRule,(Default),(11-1-38)] [O: CesViaAssign,Layer 1-3,(410-21-39)]
[Ok][Addition] - [BE->FE] [P: CesSchemeNetClassRule,Power,(93-4-38)] [O: CesViaAssign,Layer 1-3,(410-22-39)]
[Ok][Addition] - [BE->FE] [P: CesSchemeNetClassRule,50ohm SE,(245-7-38)] [O: CesViaAssign,Layer 1-3,(410-23-39)]
[Ok][Addition] - [BE->FE] [P: CesSchemeNetClassRule,100ohm DP,(270-3-38)] [O: CesViaAssign,Layer 1-3,(410-24-39)]
[Ok][Addition] - [BE->FE] [P: CesSchemeNetClassRule,L5,(2-1-38)] [O: CesLayerRule,CesLayerRule,(406-1-40)]
[Ok][Addition] - [BE->FE] [P: CesSchemeNetClassRule,L5,(93-2-38)] [O: CesLayerRule,CesLayerRule,(406-2-40)]
[Ok][Addition] - [BE->FE] [P: CesSchemeNetClassRule,L5,(245-5-38)] [O: CesLayerRule,CesLayerRule,(406-3-40)]
[Ok][Addition] - [BE->FE] [P: CesSchemeNetClassRule,L5,(270-1-38)] [O: CesLayerRule,CesLayerRule,(406-4-40)]
[Ok][Addition] - [BE->FE] [P: CesSchemeNetClassRule,L5,(2-2-38)] [O: CesLayerRule,CesLayerRule,(406-5-40)]
[Ok][Addition] - [BE->FE] [P: CesSchemeNetClassRule,L5,(93-3-38)] [O: CesLayerRule,CesLayerRule,(406-6-40)]
[Ok][Addition] - [BE->FE] [P: CesSchemeNetClassRule,L5,(245-6-38)] [O: CesLayerRule,CesLayerRule,(406-7-40)]
[Ok][Addition] - [BE->FE] [P: CesSchemeNetClassRule,L5,(270-2-38)] [O: CesLayerRule,CesLayerRule,(406-8-40)]
[Ok][Addition] - [BE->FE] [P: CesSchemeNetClassRule,L5,(11-1-38)] [O: CesLayerRule,CesLayerRule,(406-9-40)]
[Ok][Addition] - [BE->FE] [P: CesSchemeNetClassRule,L5,(93-4-38)] [O: CesLayerRule,CesLayerRule,(406-10-40)]
[Ok][Addition] - [BE->FE] [P: CesSchemeNetClassRule,L5,(245-7-38)] [O: CesLayerRule,CesLayerRule,(406-11-40)]
[Ok][Addition] - [BE->FE] [P: CesSchemeNetClassRule,L5,(270-3-38)] [O: CesLayerRule,CesLayerRule,(406-12-40)]
[Ok][Addition] - [BE->FE] [P: CesSchemeClearRule,L5,(2-1-41)] [O: CesLayerClearRule,CesSchemaClearRule,(406-1-42)]
[Ok][Addition] - [BE->FE] [P: CesSchemeClearRule,L5,(2-2-41)] [O: CesLayerClearRule,CesSchemaClearRule,(406-2-42)]
[Ok][Addition] - [BE->FE] [P: CesSchemeClearRule,L5,(11-1-41)] [O: CesLayerClearRule,CesSchemaClearRule,(406-3-42)]

--------------------------------------------------------------------------------
 TOPOLOGY synchronization - START (2020-01-23 21:32:17) 
--------------------------------------------------------------------------------
[Ok][Deletion] - [BE->FE] [P: CesPhysicalNet,DDR3-CK_P,(28-5-49)] [O: CesFromTo,U1-N4,U2-J7,(369-3-50)]
[Ok][Deletion] - [BE->FE] [P: CesPhysicalNet,DDR3-CK_P,(28-5-49)] [O: CesFromTo,U3-J7,R3-2,(369-4-50)]
[Ok][Deletion] - [BE->FE] [P: CesPhysicalNet,DDR3-CK_P,(28-5-49)] [O: CesFromTo,U3-J7,U2-J7,(260-6-50)]
[Ok][Addition] - [BE->FE] [P: CesPhysicalNet,DDR3-CK_P,(28-5-49)] [O: CesFromTo,U3-J7,U2-J7,(260-6-50)]
[Ok][Addition] - [BE->FE] [P: CesFromTo,U3-J7,U2-J7,(260-6-50)] [O: CesConstraint,FROMTO_USERDEFINED,(260-8-22)]
[Ok][Addition] - [BE->FE] [P: CesPhysicalNet,DDR3-CK_P,(28-5-49)] [O: CesFromTo,U1-N4,U2-J7,(369-3-50)]
[Ok][Addition] - [BE->FE] [P: CesFromTo,U1-N4,U2-J7,(369-3-50)] [O: CesConstraint,FROMTO_USERDEFINED,(369-3-22)]
[Ok][Addition] - [BE->FE] [P: CesPhysicalNet,DDR3-CK_P,(28-5-49)] [O: CesFromTo,U3-J7,R3-2,(369-4-50)]
[Ok][Addition] - [BE->FE] [P: CesFromTo,U3-J7,R3-2,(369-4-50)] [O: CesConstraint,FROMTO_USERDEFINED,(369-4-22)]
[Ok][Addition] - [BE->FE] [P: CesElectricalNet,DDR3-CK_P,(28-5-47)] [O: CesPinPair,U1-N4,U2-J7,(417-25-48)]
[Ok][Addition] - [BE->FE] [P: CesElectricalNet,DDR3-CK_P,(28-5-47)] [O: CesPinPair,U1-N4,U3-J7,(417-26-48)]
[Ok][Addition] - [BE->FE] [P: CesElectricalNet,DDR3-CK_P,(28-5-47)] [O: CesPinPair,U1-N4,R3-2,(417-27-48)]
[Ok][Addition] - [BE->FE] [P: CesElectricalNet,DDR3-CK_P,(28-5-47)] [O: CesPinPair,U2-J7,U3-J7,(417-28-48)]
[Ok][Addition] - [BE->FE] [P: CesElectricalNet,DDR3-CK_P,(28-5-47)] [O: CesPinPair,U2-J7,R3-2,(417-29-48)]
[Ok][Addition] - [BE->FE] [P: CesElectricalNet,DDR3-CK_P,(28-5-47)] [O: CesPinPair,U3-J7,R3-2,(417-30-48)]
[Ok][Deletion] - [BE->FE] [P: CesPhysicalNet,DDR3-DQS1_P,(28-6-49)] [O: CesFromTo,U1-J2,U2-C7,(260-10-50)]
[Ok][Addition] - [BE->FE] [P: CesPhysicalNet,DDR3-DQS1_P,(28-6-49)] [O: CesFromTo,U1-J2,U2-C7,(260-10-50)]
[Ok][Addition] - [BE->FE] [P: CesFromTo,U1-J2,U2-C7,(260-10-50)] [O: CesConstraint,FROMTO_USERDEFINED,(260-16-22)]
[Ok][Addition] - [BE->FE] [P: CesElectricalNet,DDR3-DQS1_P,(28-6-47)] [O: CesPinPair,U1-J2,U2-C7,(437-2-48)]
[Ok][Addition] - [BE->FE] [P: CesPinPair,U1-J2,U2-C7,(437-2-48)] [O: CesConstraint,DELAY_TYPE,(438-3-22)]
[Ok][Deletion] - [BE->FE] [P: CesPhysicalNet,DDR3-DQS1_N,(28-15-49)] [O: CesFromTo,U1-H2,U2-B7,(260-9-50)]
[Ok][Addition] - [BE->FE] [P: CesPhysicalNet,DDR3-DQS1_N,(28-15-49)] [O: CesFromTo,U1-H2,U2-B7,(260-9-50)]
[Ok][Addition] - [BE->FE] [P: CesFromTo,U1-H2,U2-B7,(260-9-50)] [O: CesConstraint,FROMTO_USERDEFINED,(260-14-22)]
[Ok][Addition] - [BE->FE] [P: CesElectricalNet,DDR3-DQS1_N,(28-15-47)] [O: CesPinPair,U1-H2,U2-B7,(437-1-48)]
[Ok][Addition] - [BE->FE] [P: CesPinPair,U1-H2,U2-B7,(437-1-48)] [O: CesConstraint,DELAY_TYPE,(438-2-22)]
[Ok][Addition] - [BE->FE] [P: CesPhysicalNet,DDR3-DM0,(28-16-49)] [O: CesFromTo,U1-B1,U2-E7,(421-1-50)]
[Ok][Addition] - [BE->FE] [P: CesFromTo,U1-B1,U2-E7,(421-1-50)] [O: CesConstraint,FROMTO_USERDEFINED,(421-2-22)]
[Ok][Addition] - [BE->FE] [P: CesElectricalNet,DDR3-DM0,(28-16-47)] [O: CesPinPair,U1-B1,U2-E7,(422-7-48)]
[Ok][Addition] - [BE->FE] [P: CesPinPair,U1-B1,U2-E7,(422-7-48)] [O: CesConstraint,DELAY_TYPE,(422-45-22)]
[Ok][Deletion] - [BE->FE] [P: CesPhysicalNet,DDR3-CK_N,(28-17-49)] [O: CesFromTo,U1-N5,U2-K7,(369-1-50)]
[Ok][Deletion] - [BE->FE] [P: CesPhysicalNet,DDR3-CK_N,(28-17-49)] [O: CesFromTo,U3-K7,R3-1,(369-2-50)]
[Ok][Deletion] - [BE->FE] [P: CesPhysicalNet,DDR3-CK_N,(28-17-49)] [O: CesFromTo,U3-K7,U2-K7,(260-3-50)]
[Ok][Addition] - [BE->FE] [P: CesPhysicalNet,DDR3-CK_N,(28-17-49)] [O: CesFromTo,U3-K7,U2-K7,(260-3-50)]
[Ok][Addition] - [BE->FE] [P: CesFromTo,U3-K7,U2-K7,(260-3-50)] [O: CesConstraint,FROMTO_USERDEFINED,(260-4-22)]
[Ok][Addition] - [BE->FE] [P: CesPhysicalNet,DDR3-CK_N,(28-17-49)] [O: CesFromTo,U1-N5,U2-K7,(369-1-50)]
[Ok][Addition] - [BE->FE] [P: CesFromTo,U1-N5,U2-K7,(369-1-50)] [O: CesConstraint,FROMTO_USERDEFINED,(369-1-22)]
[Ok][Addition] - [BE->FE] [P: CesPhysicalNet,DDR3-CK_N,(28-17-49)] [O: CesFromTo,U3-K7,R3-1,(369-2-50)]
[Ok][Addition] - [BE->FE] [P: CesFromTo,U3-K7,R3-1,(369-2-50)] [O: CesConstraint,FROMTO_USERDEFINED,(369-2-22)]
[Ok][Addition] - [BE->FE] [P: CesElectricalNet,DDR3-CK_N,(28-17-47)] [O: CesPinPair,U1-N5,U2-K7,(417-19-48)]
[Ok][Addition] - [BE->FE] [P: CesElectricalNet,DDR3-CK_N,(28-17-47)] [O: CesPinPair,U1-N5,U3-K7,(417-20-48)]
[Ok][Addition] - [BE->FE] [P: CesElectricalNet,DDR3-CK_N,(28-17-47)] [O: CesPinPair,U1-N5,R3-1,(417-21-48)]
[Ok][Addition] - [BE->FE] [P: CesElectricalNet,DDR3-CK_N,(28-17-47)] [O: CesPinPair,U2-K7,U3-K7,(417-22-48)]
[Ok][Addition] - [BE->FE] [P: CesElectricalNet,DDR3-CK_N,(28-17-47)] [O: CesPinPair,U2-K7,R3-1,(417-23-48)]
[Ok][Addition] - [BE->FE] [P: CesElectricalNet,DDR3-CK_N,(28-17-47)] [O: CesPinPair,U3-K7,R3-1,(417-24-48)]
[Ok][Addition] - [BE->FE] [P: CesPhysicalNet,DDR3-D6,(28-32-49)] [O: CesFromTo,U1-F2,U2-B8,(421-8-50)]
[Ok][Addition] - [BE->FE] [P: CesFromTo,U1-F2,U2-B8,(421-8-50)] [O: CesConstraint,FROMTO_USERDEFINED,(421-16-22)]
[Ok][Addition] - [BE->FE] [P: CesElectricalNet,DDR3-D6,(28-32-47)] [O: CesPinPair,U1-F2,U2-B8,(422-8-48)]
[Ok][Addition] - [BE->FE] [P: CesPinPair,U1-F2,U2-B8,(422-8-48)] [O: CesConstraint,DELAY_TYPE,(422-48-22)]
[Ok][Addition] - [BE->FE] [P: CesPhysicalNet,DDR3-D7,(28-36-49)] [O: CesFromTo,U1-F1,U2-A3,(421-9-50)]
[Ok][Addition] - [BE->FE] [P: CesFromTo,U1-F1,U2-A3,(421-9-50)] [O: CesConstraint,FROMTO_USERDEFINED,(421-18-22)]
[Ok][Addition] - [BE->FE] [P: CesElectricalNet,DDR3-D7,(28-36-47)] [O: CesPinPair,U1-F1,U2-A3,(422-9-48)]
[Ok][Addition] - [BE->FE] [P: CesPinPair,U1-F1,U2-A3,(422-9-48)] [O: CesConstraint,DELAY_TYPE,(422-51-22)]
[Ok][Addition] - [BE->FE] [P: CesPhysicalNet,DDR3-D2,(6-75-49)] [O: CesFromTo,U1-B2,U2-C8,(421-4-50)]
[Ok][Addition] - [BE->FE] [P: CesFromTo,U1-B2,U2-C8,(421-4-50)] [O: CesConstraint,FROMTO_USERDEFINED,(421-8-22)]
[Ok][Addition] - [BE->FE] [P: CesElectricalNet,DDR3-D2,(6-75-47)] [O: CesPinPair,U1-B2,U2-C8,(422-1-48)]
[Ok][Addition] - [BE->FE] [P: CesPinPair,U1-B2,U2-C8,(422-1-48)] [O: CesConstraint,DELAY_TYPE,(428-11-22)]
[Ok][Addition] - [BE->FE] [P: CesPhysicalNet,DDR3-D1,(6-77-49)] [O: CesFromTo,U1-C3,U2-C3,(421-3-50)]
[Ok][Addition] - [BE->FE] [P: CesFromTo,U1-C3,U2-C3,(421-3-50)] [O: CesConstraint,FROMTO_USERDEFINED,(421-6-22)]
[Ok][Addition] - [BE->FE] [P: CesElectricalNet,DDR3-D1,(6-77-47)] [O: CesPinPair,U1-C3,U2-C3,(422-2-48)]
[Ok][Addition] - [BE->FE] [P: CesPinPair,U1-C3,U2-C3,(422-2-48)] [O: CesConstraint,DELAY_TYPE,(428-14-22)]
[Ok][Addition] - [BE->FE] [P: CesPhysicalNet,DDR3-D5,(6-82-49)] [O: CesFromTo,U1-E1,U2-A2,(421-7-50)]
[Ok][Addition] - [BE->FE] [P: CesFromTo,U1-E1,U2-A2,(421-7-50)] [O: CesConstraint,FROMTO_USERDEFINED,(421-14-22)]
[Ok][Addition] - [BE->FE] [P: CesElectricalNet,DDR3-D5,(6-82-47)] [O: CesPinPair,U1-E1,U2-A2,(422-3-48)]
[Ok][Addition] - [BE->FE] [P: CesPinPair,U1-E1,U2-A2,(422-3-48)] [O: CesConstraint,DELAY_TYPE,(428-17-22)]
[Ok][Addition] - [BE->FE] [P: CesPhysicalNet,DDR3-D4,(6-83-49)] [O: CesFromTo,U1-E3,U2-A7,(421-6-50)]
[Ok][Addition] - [BE->FE] [P: CesFromTo,U1-E3,U2-A7,(421-6-50)] [O: CesConstraint,FROMTO_USERDEFINED,(421-12-22)]
[Ok][Addition] - [BE->FE] [P: CesElectricalNet,DDR3-D4,(6-83-47)] [O: CesPinPair,U1-E3,U2-A7,(422-4-48)]
[Ok][Addition] - [BE->FE] [P: CesPinPair,U1-E3,U2-A7,(422-4-48)] [O: CesConstraint,DELAY_TYPE,(428-3-22)]
[Ok][Addition] - [BE->FE] [P: CesPhysicalNet,DDR3-D3,(6-84-49)] [O: CesFromTo,U1-D3,U2-C2,(421-5-50)]
[Ok][Addition] - [BE->FE] [P: CesFromTo,U1-D3,U2-C2,(421-5-50)] [O: CesConstraint,FROMTO_USERDEFINED,(421-10-22)]
[Ok][Addition] - [BE->FE] [P: CesElectricalNet,DDR3-D3,(6-84-47)] [O: CesPinPair,U1-D3,U2-C2,(422-5-48)]
[Ok][Addition] - [BE->FE] [P: CesPinPair,U1-D3,U2-C2,(422-5-48)] [O: CesConstraint,DELAY_TYPE,(422-39-22)]
[Ok][Addition] - [BE->FE] [P: CesPhysicalNet,DDR3-D0,(6-87-49)] [O: CesFromTo,U1-D1,U2-D7,(421-2-50)]
[Ok][Addition] - [BE->FE] [P: CesFromTo,U1-D1,U2-D7,(421-2-50)] [O: CesConstraint,FROMTO_USERDEFINED,(421-4-22)]
[Ok][Addition] - [BE->FE] [P: CesElectricalNet,DDR3-D0,(6-87-47)] [O: CesPinPair,U1-D1,U2-D7,(422-6-48)]
[Ok][Addition] - [BE->FE] [P: CesPinPair,U1-D1,U2-D7,(422-6-48)] [O: CesConstraint,DELAY_TYPE,(422-42-22)]
--------------------------------------------------------------------------------
 TOPOLOGY synchronization - END (2020-01-23 21:32:17) 
--------------------------------------------------------------------------------
[Ok][Modification] - [BE->FE] [P: CesLayer,SST,(12-1-23)] [O: CesConstraint,HEIGHT,(12-6-22)]
[Ok][Modification] - [BE->FE] [P: CesLayer,L1,(12-2-23)] [O: CesConstraint,DIELCONST,(12-49-22)]
[Ok][Modification] - [BE->FE] [P: CesLayer,L1,(12-2-23)] [O: CesConstraint,LAYER_PAIR,(12-53-22)]
[Ok][Modification] - [BE->FE] [P: CesLayer,L6,(12-8-23)] [O: CesConstraint,DIELCONST,(12-220-22)]
[Ok][Modification] - [BE->FE] [P: CesLayer,L6,(12-8-23)] [O: CesConstraint,DIRECTIONAL_BIAS,(12-221-22)]
[Ok][Modification] - [BE->FE] [P: CesLayer,L6,(12-8-23)] [O: CesConstraint,HEIGHT,(12-222-22)]
[Ok][Modification] - [BE->FE] [P: CesLayer,L6,(12-8-23)] [O: CesConstraint,LAYER_DIFFPAIR,(12-224-22)]
[Ok][Modification] - [BE->FE] [P: CesLayer,L6,(12-8-23)] [O: CesConstraint,LAYER_PAIR,(12-225-22)]
[Ok][Modification] - [BE->FE] [P: CesLayer,SSB,(12-9-23)] [O: CesConstraint,HEIGHT,(12-234-22)]
[Ok][Modification] - [BE->FE] [P: CesLayerRule,CesLayerRule,(12-1-40)] [O: CesConstraint,TYP_IMPEDANCE,(12-464-22)]
[Ok][Modification] - [BE->FE] [P: CesLayerRule,CesLayerRule,(12-19-40)] [O: CesConstraint,TYP_IMPEDANCE,(12-476-22)]
[Ok][Modification] - [BE->FE] [P: CesLayerRule,CesLayerRule,(93-5-40)] [O: CesConstraint,TYP_IMPEDANCE,(93-156-22)]
[Ok][Modification] - [BE->FE] [P: CesLayerRule,CesLayerRule,(93-8-40)] [O: CesConstraint,TYP_IMPEDANCE,(93-168-22)]
[Ok][Modification] - [BE->FE] [P: CesLayer,SST,(12-1-23)] [O: CesConstraint,DIELCONST,(166-80-22)]
[Ok][Modification] - [BE->FE] [P: CesLayer,L1,(12-2-23)] [O: CesConstraint,POUR_DRAW_STYLE,(166-90-22)]
[Ok][Modification] - [BE->FE] [P: CesLayer,L1,(12-2-23)] [O: CesConstraint,TARGET_Z0,(166-95-22)]
[Ok][Modification] - [BE->FE] [P: CesLayer,L1,(12-2-23)] [O: CesConstraint,ZZ_WIDTH,(166-96-22)]
[Ok][Modification] - [BE->FE] [P: CesLayer,L6,(12-8-23)] [O: CesConstraint,POUR_DRAW_STYLE,(166-212-22)]
[Ok][Modification] - [BE->FE] [P: CesLayer,L6,(12-8-23)] [O: CesConstraint,TARGET_Z0,(166-217-22)]
[Ok][Modification] - [BE->FE] [P: CesLayer,L6,(12-8-23)] [O: CesConstraint,ZZ_WIDTH,(166-218-22)]
[Ok][Modification] - [BE->FE] [P: CesLayer,SSB,(12-9-23)] [O: CesConstraint,DIELCONST,(166-221-22)]
[Ok][Modification] - [BE->FE] [P: CesLayerRule,CesLayerRule,(12-1-40)] [O: CesConstraint,DIFF_IMPEDANCE,(243-4-22)]
[Ok][Modification] - [BE->FE] [P: CesLayerRule,CesLayerRule,(12-19-40)] [O: CesConstraint,DIFF_IMPEDANCE,(243-7-22)]
[Ok][Modification] - [BE->FE] [P: CesLayerRule,CesLayerRule,(93-5-40)] [O: CesConstraint,DIFF_IMPEDANCE,(243-17-22)]
[Ok][Modification] - [BE->FE] [P: CesLayerRule,CesLayerRule,(93-8-40)] [O: CesConstraint,DIFF_IMPEDANCE,(243-20-22)]
[Ok][Modification] - [BE->FE] [P: CesLayerRule,CesLayerRule,(12-5-40)] [O: CesConstraint,TYP_IMPEDANCE,(243-40-22)]
[Ok][Modification] - [BE->FE] [P: CesLayerRule,CesLayerRule,(12-5-40)] [O: CesConstraint,DIFF_IMPEDANCE,(243-41-22)]
[Ok][Modification] - [BE->FE] [P: CesLayerRule,CesLayerRule,(12-23-40)] [O: CesConstraint,TYP_IMPEDANCE,(243-46-22)]
[Ok][Modification] - [BE->FE] [P: CesLayerRule,CesLayerRule,(12-23-40)] [O: CesConstraint,DIFF_IMPEDANCE,(243-47-22)]
[Ok][Modification] - [BE->FE] [P: CesLayerRule,CesLayerRule,(93-13-40)] [O: CesConstraint,TYP_IMPEDANCE,(243-55-22)]
[Ok][Modification] - [BE->FE] [P: CesLayerRule,CesLayerRule,(93-13-40)] [O: CesConstraint,DIFF_IMPEDANCE,(243-56-22)]
[Ok][Modification] - [BE->FE] [P: CesLayerRule,CesLayerRule,(93-16-40)] [O: CesConstraint,TYP_IMPEDANCE,(243-61-22)]
[Ok][Modification] - [BE->FE] [P: CesLayerRule,CesLayerRule,(93-16-40)] [O: CesConstraint,DIFF_IMPEDANCE,(243-62-22)]
[Ok][Modification] - [BE->FE] [P: CesSchemeNetClassRule,50ohm SE,(245-5-38)] [O: CesConstraint,MIN_TRACE_WIDTH,(245-183-22)]
[Ok][Modification] - [BE->FE] [P: CesSchemeNetClassRule,50ohm SE,(245-5-38)] [O: CesConstraint,EXP_TRACE_WIDTH,(245-185-22)]
[Ok][Modification] - [BE->FE] [P: CesSchemeNetClassRule,50ohm SE,(245-5-38)] [O: CesConstraint,TYP_TRACE_WIDTH,(245-186-22)]
[Ok][Modification] - [BE->FE] [P: CesLayerRule,CesLayerRule,(245-25-40)] [O: CesConstraint,MIN_TRACE_WIDTH,(245-187-22)]
[Ok][Modification] - [BE->FE] [P: CesLayerRule,CesLayerRule,(245-25-40)] [O: CesConstraint,DIFF_IMPEDANCE,(245-188-22)]
[Ok][Modification] - [BE->FE] [P: CesLayerRule,CesLayerRule,(245-25-40)] [O: CesConstraint,EXP_TRACE_WIDTH,(245-189-22)]
[Ok][Modification] - [BE->FE] [P: CesLayerRule,CesLayerRule,(245-25-40)] [O: CesConstraint,TYP_TRACE_WIDTH,(245-190-22)]
[Ok][Modification] - [BE->FE] [P: CesLayerRule,CesLayerRule,(245-25-40)] [O: CesConstraint,TYP_IMPEDANCE,(245-191-22)]
[Ok][Modification] - [BE->FE] [P: CesLayerRule,CesLayerRule,(245-28-40)] [O: CesConstraint,MIN_TRACE_WIDTH,(245-208-22)]
[Ok][Modification] - [BE->FE] [P: CesLayerRule,CesLayerRule,(245-28-40)] [O: CesConstraint,DIFF_IMPEDANCE,(245-209-22)]
[Ok][Modification] - [BE->FE] [P: CesLayerRule,CesLayerRule,(245-28-40)] [O: CesConstraint,EXP_TRACE_WIDTH,(245-210-22)]
[Ok][Modification] - [BE->FE] [P: CesLayerRule,CesLayerRule,(245-28-40)] [O: CesConstraint,TYP_TRACE_WIDTH,(245-211-22)]
[Ok][Modification] - [BE->FE] [P: CesLayerRule,CesLayerRule,(245-28-40)] [O: CesConstraint,TYP_IMPEDANCE,(245-212-22)]
[Ok][Modification] - [BE->FE] [P: CesSchemeNetClassRule,50ohm SE,(245-7-38)] [O: CesConstraint,MIN_TRACE_WIDTH,(245-215-22)]
[Ok][Modification] - [BE->FE] [P: CesSchemeNetClassRule,50ohm SE,(245-7-38)] [O: CesConstraint,EXP_TRACE_WIDTH,(245-217-22)]
[Ok][Modification] - [BE->FE] [P: CesSchemeNetClassRule,50ohm SE,(245-7-38)] [O: CesConstraint,TYP_TRACE_WIDTH,(245-218-22)]
[Ok][Modification] - [BE->FE] [P: CesLayerRule,CesLayerRule,(245-37-40)] [O: CesConstraint,MIN_TRACE_WIDTH,(245-219-22)]
[Ok][Modification] - [BE->FE] [P: CesLayerRule,CesLayerRule,(245-37-40)] [O: CesConstraint,DIFF_IMPEDANCE,(245-220-22)]
[Ok][Modification] - [BE->FE] [P: CesLayerRule,CesLayerRule,(245-37-40)] [O: CesConstraint,EXP_TRACE_WIDTH,(245-221-22)]
[Ok][Modification] - [BE->FE] [P: CesLayerRule,CesLayerRule,(245-37-40)] [O: CesConstraint,TYP_TRACE_WIDTH,(245-222-22)]
[Ok][Modification] - [BE->FE] [P: CesLayerRule,CesLayerRule,(245-37-40)] [O: CesConstraint,TYP_IMPEDANCE,(245-223-22)]
[Ok][Modification] - [BE->FE] [P: CesLayerRule,CesLayerRule,(245-40-40)] [O: CesConstraint,MIN_TRACE_WIDTH,(245-240-22)]
[Ok][Modification] - [BE->FE] [P: CesLayerRule,CesLayerRule,(245-40-40)] [O: CesConstraint,DIFF_IMPEDANCE,(245-241-22)]
[Ok][Modification] - [BE->FE] [P: CesLayerRule,CesLayerRule,(245-40-40)] [O: CesConstraint,EXP_TRACE_WIDTH,(245-242-22)]
[Ok][Modification] - [BE->FE] [P: CesLayerRule,CesLayerRule,(245-40-40)] [O: CesConstraint,TYP_TRACE_WIDTH,(245-243-22)]
[Ok][Modification] - [BE->FE] [P: CesLayerRule,CesLayerRule,(245-40-40)] [O: CesConstraint,TYP_IMPEDANCE,(245-244-22)]
[Ok][Modification] - [BE->FE] [P: CesLayerRule,CesLayerRule,(259-3-40)] [O: CesConstraint,MIN_TRACE_WIDTH,(259-57-22)]
[Ok][Modification] - [BE->FE] [P: CesLayerRule,CesLayerRule,(259-3-40)] [O: CesConstraint,EXP_TRACE_WIDTH,(259-58-22)]
[Ok][Modification] - [BE->FE] [P: CesLayerRule,CesLayerRule,(259-3-40)] [O: CesConstraint,TYP_TRACE_WIDTH,(259-59-22)]
[Ok][Deletion] - [BE->FE] [P: CesLayerRule,CesLayerRule,(259-3-40)] [O: CesConstraint,TYP_IMPEDANCE,(259-60-22)]
[Ok][Modification] - [BE->FE] [P: CesLayerRule,CesLayerRule,(259-11-40)] [O: CesConstraint,MIN_TRACE_WIDTH,(259-70-22)]
[Ok][Modification] - [BE->FE] [P: CesLayerRule,CesLayerRule,(259-11-40)] [O: CesConstraint,EXP_TRACE_WIDTH,(259-71-22)]
[Ok][Modification] - [BE->FE] [P: CesLayerRule,CesLayerRule,(259-11-40)] [O: CesConstraint,TYP_TRACE_WIDTH,(259-72-22)]
[Ok][Deletion] - [BE->FE] [P: CesLayerRule,CesLayerRule,(259-11-40)] [O: CesConstraint,TYP_IMPEDANCE,(259-73-22)]
[Ok][Modification] - [BE->FE] [P: CesLayer,DE1,(259-1-23)] [O: CesConstraint,HEIGHT,(259-164-22)]
[Ok][Modification] - [BE->FE] [P: CesLayer,DE1,(259-1-23)] [O: CesConstraint,DIELCONST,(259-165-22)]
[Ok][Modification] - [BE->FE] [P: CesLayer,L3,(259-2-23)] [O: CesConstraint,LAYER_USAGE,(259-177-22)]
[Ok][Modification] - [BE->FE] [P: CesLayer,L3,(259-2-23)] [O: CesConstraint,LAYER_DESC,(259-178-22)]
[Ok][Modification] - [BE->FE] [P: CesLayer,L3,(259-2-23)] [O: CesConstraint,LAYER_COLOR,(259-180-22)]
[Ok][Modification] - [BE->FE] [P: CesLayer,L3,(259-2-23)] [O: CesConstraint,LAYER_DIFFPAIR,(259-184-22)]
[Ok][Modification] - [BE->FE] [P: CesLayer,L3,(259-2-23)] [O: CesConstraint,LAYER_PAIR,(259-185-22)]
[Ok][Modification] - [BE->FE] [P: CesLayer,L3,(259-2-23)] [O: CesConstraint,POUR_DRAW_STYLE,(259-186-22)]
[Ok][Deletion] - [BE->FE] [P: CesLayer,L3,(259-2-23)] [O: CesConstraint,LAYER_ETCH_FACTOR,(259-191-22)]
[Ok][Deletion] - [BE->FE] [P: CesLayer,L3,(259-2-23)] [O: CesConstraint,LAYER_NARROW_SIDE,(259-192-22)]
[Ok][Modification] - [BE->FE] [P: CesLayer,L3,(259-2-23)] [O: CesConstraint,HEIGHT,(259-193-22)]
[Ok][Modification] - [BE->FE] [P: CesLayer,L3,(259-2-23)] [O: CesConstraint,DIELCONST,(259-194-22)]
[Ok][Modification] - [BE->FE] [P: CesLayer,L3,(259-2-23)] [O: CesConstraint,ZZ_WIDTH,(259-201-22)]
[Ok][Modification] - [BE->FE] [P: CesLayer,DE11,(259-3-23)] [O: CesConstraint,HEIGHT,(259-206-22)]
[Ok][Modification] - [BE->FE] [P: CesLayer,DE11,(259-3-23)] [O: CesConstraint,DIELCONST,(259-207-22)]
[Ok][Deletion] - [BE->FE] [P: CesLayerRule,CesLayerRule,(259-1-40)] [O: CesConstraint,TYP_IMPEDANCE,(259-239-22)]
[Ok][Deletion] - [BE->FE] [P: CesLayerRule,CesLayerRule,(259-1-40)] [O: CesConstraint,DIFF_IMPEDANCE,(259-240-22)]
[Ok][Deletion] - [BE->FE] [P: CesLayerRule,CesLayerRule,(259-2-40)] [O: CesConstraint,TYP_IMPEDANCE,(259-243-22)]
[Ok][Deletion] - [BE->FE] [P: CesLayerRule,CesLayerRule,(259-2-40)] [O: CesConstraint,DIFF_IMPEDANCE,(259-244-22)]
[Ok][Deletion] - [BE->FE] [P: CesLayerRule,CesLayerRule,(259-3-40)] [O: CesConstraint,DIFF_IMPEDANCE,(259-247-22)]
[Ok][Deletion] - [BE->FE] [P: CesLayerRule,CesLayerRule,(259-9-40)] [O: CesConstraint,TYP_IMPEDANCE,(259-254-22)]
[Ok][Deletion] - [BE->FE] [P: CesLayerRule,CesLayerRule,(259-9-40)] [O: CesConstraint,DIFF_IMPEDANCE,(259-255-22)]
[Ok][Deletion] - [BE->FE] [P: CesLayerRule,CesLayerRule,(259-10-40)] [O: CesConstraint,TYP_IMPEDANCE,(259-258-22)]
[Ok][Deletion] - [BE->FE] [P: CesLayerRule,CesLayerRule,(259-10-40)] [O: CesConstraint,DIFF_IMPEDANCE,(259-259-22)]
[Ok][Deletion] - [BE->FE] [P: CesLayerRule,CesLayerRule,(259-11-40)] [O: CesConstraint,DIFF_IMPEDANCE,(259-262-22)]
[Ok][Modification] - [BE->FE] [P: CesSchemeNetClassRule,100ohm DP,(270-1-38)] [O: CesConstraint,MIN_TRACE_WIDTH,(270-56-22)]
[Ok][Modification] - [BE->FE] [P: CesSchemeNetClassRule,100ohm DP,(270-1-38)] [O: CesConstraint,EXP_TRACE_WIDTH,(270-58-22)]
[Ok][Modification] - [BE->FE] [P: CesSchemeNetClassRule,100ohm DP,(270-1-38)] [O: CesConstraint,TYP_TRACE_WIDTH,(270-59-22)]
[Ok][Modification] - [BE->FE] [P: CesLayerRule,CesLayerRule,(270-1-40)] [O: CesConstraint,MIN_TRACE_WIDTH,(270-60-22)]
[Ok][Modification] - [BE->FE] [P: CesLayerRule,CesLayerRule,(270-1-40)] [O: CesConstraint,DIFF_IMPEDANCE,(270-61-22)]
[Ok][Modification] - [BE->FE] [P: CesLayerRule,CesLayerRule,(270-1-40)] [O: CesConstraint,EXP_TRACE_WIDTH,(270-62-22)]
[Ok][Modification] - [BE->FE] [P: CesLayerRule,CesLayerRule,(270-1-40)] [O: CesConstraint,TYP_TRACE_WIDTH,(270-63-22)]
[Ok][Modification] - [BE->FE] [P: CesLayerRule,CesLayerRule,(270-1-40)] [O: CesConstraint,TYP_IMPEDANCE,(270-64-22)]
[Ok][Modification] - [BE->FE] [P: CesLayerRule,CesLayerRule,(270-2-40)] [O: CesConstraint,MIN_TRACE_WIDTH,(270-73-22)]
[Ok][Deletion] - [BE->FE] [P: CesLayerRule,CesLayerRule,(270-2-40)] [O: CesConstraint,DIFF_IMPEDANCE,(270-74-22)]
[Ok][Modification] - [BE->FE] [P: CesLayerRule,CesLayerRule,(270-2-40)] [O: CesConstraint,EXP_TRACE_WIDTH,(270-75-22)]
[Ok][Modification] - [BE->FE] [P: CesLayerRule,CesLayerRule,(270-2-40)] [O: CesConstraint,TYP_TRACE_WIDTH,(270-76-22)]
[Ok][Deletion] - [BE->FE] [P: CesLayerRule,CesLayerRule,(270-2-40)] [O: CesConstraint,TYP_IMPEDANCE,(270-77-22)]
[Ok][Modification] - [BE->FE] [P: CesLayerRule,CesLayerRule,(270-4-40)] [O: CesConstraint,MIN_TRACE_WIDTH,(270-81-22)]
[Ok][Modification] - [BE->FE] [P: CesLayerRule,CesLayerRule,(270-4-40)] [O: CesConstraint,DIFF_IMPEDANCE,(270-82-22)]
[Ok][Modification] - [BE->FE] [P: CesLayerRule,CesLayerRule,(270-4-40)] [O: CesConstraint,EXP_TRACE_WIDTH,(270-83-22)]
[Ok][Modification] - [BE->FE] [P: CesLayerRule,CesLayerRule,(270-4-40)] [O: CesConstraint,TYP_TRACE_WIDTH,(270-84-22)]
[Ok][Modification] - [BE->FE] [P: CesLayerRule,CesLayerRule,(270-4-40)] [O: CesConstraint,TYP_IMPEDANCE,(270-85-22)]
[Ok][Modification] - [BE->FE] [P: CesSchemeNetClassRule,100ohm DP,(270-3-38)] [O: CesConstraint,MIN_TRACE_WIDTH,(270-88-22)]
[Ok][Modification] - [BE->FE] [P: CesSchemeNetClassRule,100ohm DP,(270-3-38)] [O: CesConstraint,EXP_TRACE_WIDTH,(270-90-22)]
[Ok][Modification] - [BE->FE] [P: CesSchemeNetClassRule,100ohm DP,(270-3-38)] [O: CesConstraint,TYP_TRACE_WIDTH,(270-91-22)]
[Ok][Modification] - [BE->FE] [P: CesLayerRule,CesLayerRule,(270-13-40)] [O: CesConstraint,MIN_TRACE_WIDTH,(270-92-22)]
[Ok][Modification] - [BE->FE] [P: CesLayerRule,CesLayerRule,(270-13-40)] [O: CesConstraint,DIFF_IMPEDANCE,(270-93-22)]
[Ok][Modification] - [BE->FE] [P: CesLayerRule,CesLayerRule,(270-13-40)] [O: CesConstraint,EXP_TRACE_WIDTH,(270-94-22)]
[Ok][Modification] - [BE->FE] [P: CesLayerRule,CesLayerRule,(270-13-40)] [O: CesConstraint,TYP_TRACE_WIDTH,(270-95-22)]
[Ok][Modification] - [BE->FE] [P: CesLayerRule,CesLayerRule,(270-13-40)] [O: CesConstraint,TYP_IMPEDANCE,(270-96-22)]
[Ok][Modification] - [BE->FE] [P: CesLayerRule,CesLayerRule,(270-14-40)] [O: CesConstraint,MIN_TRACE_WIDTH,(270-105-22)]
[Ok][Deletion] - [BE->FE] [P: CesLayerRule,CesLayerRule,(270-14-40)] [O: CesConstraint,DIFF_IMPEDANCE,(270-106-22)]
[Ok][Modification] - [BE->FE] [P: CesLayerRule,CesLayerRule,(270-14-40)] [O: CesConstraint,EXP_TRACE_WIDTH,(270-107-22)]
[Ok][Modification] - [BE->FE] [P: CesLayerRule,CesLayerRule,(270-14-40)] [O: CesConstraint,TYP_TRACE_WIDTH,(270-108-22)]
[Ok][Deletion] - [BE->FE] [P: CesLayerRule,CesLayerRule,(270-14-40)] [O: CesConstraint,TYP_IMPEDANCE,(270-109-22)]
[Ok][Modification] - [BE->FE] [P: CesLayerRule,CesLayerRule,(270-16-40)] [O: CesConstraint,MIN_TRACE_WIDTH,(270-113-22)]
[Ok][Modification] - [BE->FE] [P: CesLayerRule,CesLayerRule,(270-16-40)] [O: CesConstraint,DIFF_IMPEDANCE,(270-114-22)]
[Ok][Modification] - [BE->FE] [P: CesLayerRule,CesLayerRule,(270-16-40)] [O: CesConstraint,EXP_TRACE_WIDTH,(270-115-22)]
[Ok][Modification] - [BE->FE] [P: CesLayerRule,CesLayerRule,(270-16-40)] [O: CesConstraint,TYP_TRACE_WIDTH,(270-116-22)]
[Ok][Modification] - [BE->FE] [P: CesLayerRule,CesLayerRule,(270-16-40)] [O: CesConstraint,TYP_IMPEDANCE,(270-117-22)]
[Ok][Modification] - [BE->FE] [P: CesSchemeNetClassRule,100ohm DP,(270-1-38)] [O: CesConstraint,DIFF_SPACING,(270-452-22)]
[Ok][Modification] - [BE->FE] [P: CesLayerRule,CesLayerRule,(270-1-40)] [O: CesConstraint,DIFF_SPACING,(270-453-22)]
[Ok][Modification] - [BE->FE] [P: CesLayerRule,CesLayerRule,(270-2-40)] [O: CesConstraint,DIFF_SPACING,(270-456-22)]
[Ok][Modification] - [BE->FE] [P: CesLayerRule,CesLayerRule,(270-4-40)] [O: CesConstraint,DIFF_SPACING,(270-458-22)]
[Ok][Modification] - [BE->FE] [P: CesLayerRule,CesLayerRule,(299-18-40)] [O: CesConstraint,MIN_TRACE_WIDTH,(299-215-22)]
[Ok][Modification] - [BE->FE] [P: CesLayerRule,CesLayerRule,(299-18-40)] [O: CesConstraint,EXP_TRACE_WIDTH,(299-217-22)]
[Ok][Modification] - [BE->FE] [P: CesLayerRule,CesLayerRule,(299-18-40)] [O: CesConstraint,TYP_TRACE_WIDTH,(299-218-22)]
[Ok][Modification] - [BE->FE] [P: CesLayerRule,CesLayerRule,(299-18-40)] [O: CesConstraint,TYP_IMPEDANCE,(299-219-22)]
[Ok][Modification] - [BE->FE] [P: CesLayerRule,CesLayerRule,(299-20-40)] [O: CesConstraint,MIN_TRACE_WIDTH,(299-224-22)]
[Ok][Modification] - [BE->FE] [P: CesLayerRule,CesLayerRule,(299-20-40)] [O: CesConstraint,DIFF_SPACING,(299-225-22)]
[Ok][Modification] - [BE->FE] [P: CesLayerRule,CesLayerRule,(299-20-40)] [O: CesConstraint,EXP_TRACE_WIDTH,(299-226-22)]
[Ok][Modification] - [BE->FE] [P: CesLayerRule,CesLayerRule,(299-20-40)] [O: CesConstraint,TYP_TRACE_WIDTH,(299-227-22)]
[Ok][Modification] - [BE->FE] [P: CesLayerRule,CesLayerRule,(299-28-40)] [O: CesConstraint,MIN_TRACE_WIDTH,(299-236-22)]
[Ok][Modification] - [BE->FE] [P: CesLayerRule,CesLayerRule,(299-28-40)] [O: CesConstraint,EXP_TRACE_WIDTH,(299-238-22)]
[Ok][Modification] - [BE->FE] [P: CesLayerRule,CesLayerRule,(299-28-40)] [O: CesConstraint,TYP_TRACE_WIDTH,(299-239-22)]
[Ok][Modification] - [BE->FE] [P: CesLayerRule,CesLayerRule,(299-28-40)] [O: CesConstraint,TYP_IMPEDANCE,(299-240-22)]
[Ok][Modification] - [BE->FE] [P: CesLayerRule,CesLayerRule,(299-30-40)] [O: CesConstraint,MIN_TRACE_WIDTH,(299-246-22)]
[Ok][Modification] - [BE->FE] [P: CesLayerRule,CesLayerRule,(299-30-40)] [O: CesConstraint,EXP_TRACE_WIDTH,(299-247-22)]
[Ok][Modification] - [BE->FE] [P: CesLayerRule,CesLayerRule,(299-30-40)] [O: CesConstraint,TYP_TRACE_WIDTH,(299-248-22)]
[Ok][Modification] - [BE->FE] [P: CesLayerRule,CesLayerRule,(299-33-40)] [O: CesConstraint,MIN_TRACE_WIDTH,(299-365-22)]
[Ok][Modification] - [BE->FE] [P: CesLayerRule,CesLayerRule,(299-33-40)] [O: CesConstraint,EXP_TRACE_WIDTH,(299-367-22)]
[Ok][Modification] - [BE->FE] [P: CesLayerRule,CesLayerRule,(299-33-40)] [O: CesConstraint,TYP_TRACE_WIDTH,(299-368-22)]
[Ok][Modification] - [BE->FE] [P: CesLayerRule,CesLayerRule,(299-35-40)] [O: CesConstraint,MIN_TRACE_WIDTH,(299-374-22)]
[Ok][Modification] - [BE->FE] [P: CesLayerRule,CesLayerRule,(299-35-40)] [O: CesConstraint,DIFF_SPACING,(299-375-22)]
[Ok][Modification] - [BE->FE] [P: CesLayerRule,CesLayerRule,(299-35-40)] [O: CesConstraint,EXP_TRACE_WIDTH,(299-376-22)]
[Ok][Modification] - [BE->FE] [P: CesLayerRule,CesLayerRule,(299-35-40)] [O: CesConstraint,TYP_TRACE_WIDTH,(299-377-22)]
[Ok][Modification] - [BE->FE] [P: CesLayerRule,CesLayerRule,(299-43-40)] [O: CesConstraint,MIN_TRACE_WIDTH,(299-386-22)]
[Ok][Modification] - [BE->FE] [P: CesLayerRule,CesLayerRule,(299-43-40)] [O: CesConstraint,EXP_TRACE_WIDTH,(299-388-22)]
[Ok][Modification] - [BE->FE] [P: CesLayerRule,CesLayerRule,(299-43-40)] [O: CesConstraint,TYP_TRACE_WIDTH,(299-389-22)]
[Ok][Modification] - [BE->FE] [P: CesLayerRule,CesLayerRule,(299-45-40)] [O: CesConstraint,MIN_TRACE_WIDTH,(299-396-22)]
[Ok][Modification] - [BE->FE] [P: CesLayerRule,CesLayerRule,(299-45-40)] [O: CesConstraint,EXP_TRACE_WIDTH,(299-397-22)]
[Ok][Modification] - [BE->FE] [P: CesLayerRule,CesLayerRule,(299-45-40)] [O: CesConstraint,TYP_TRACE_WIDTH,(299-398-22)]
[Ok][Modification] - [BE->FE] [P: CesLayer,DE4,(299-2-23)] [O: CesConstraint,HEIGHT,(299-478-22)]
[Ok][Modification] - [BE->FE] [P: CesLayer,DE4,(299-2-23)] [O: CesConstraint,DIELCONST,(299-479-22)]
[Ok][Modification] - [BE->FE] [P: CesLayer,L2,(299-3-23)] [O: CesConstraint,LAYER_COLOR,(299-488-22)]
[Ok][Modification] - [BE->FE] [P: CesLayer,L2,(299-3-23)] [O: CesConstraint,LAYER_DIFFPAIR,(299-492-22)]
[Ok][Modification] - [BE->FE] [P: CesLayer,L2,(299-3-23)] [O: CesConstraint,LAYER_PAIR,(299-493-22)]
[Ok][Modification] - [BE->FE] [P: CesLayer,L2,(299-3-23)] [O: CesConstraint,POUR_DRAW_STYLE,(299-494-22)]
[Ok][Modification] - [BE->FE] [P: CesLayer,L2,(299-3-23)] [O: CesConstraint,LAYER_ETCH_FACTOR,(299-499-22)]
[Ok][Modification] - [BE->FE] [P: CesLayer,L2,(299-3-23)] [O: CesConstraint,HEIGHT,(299-501-22)]
[Ok][Modification] - [BE->FE] [P: CesLayer,L2,(299-3-23)] [O: CesConstraint,DIELCONST,(299-502-22)]
[Ok][Modification] - [BE->FE] [P: CesLayer,L2,(299-3-23)] [O: CesConstraint,TRACE_WIDTH,(299-507-22)]
[Ok][Modification] - [BE->FE] [P: CesLayer,L2,(299-3-23)] [O: CesConstraint,TARGET_Z0,(299-508-22)]
[Ok][Modification] - [BE->FE] [P: CesLayer,L2,(299-3-23)] [O: CesConstraint,ZZ_WIDTH,(299-509-22)]
[Ok][Modification] - [BE->FE] [P: CesLayer,DE6,(299-4-23)] [O: CesConstraint,HEIGHT,(299-514-22)]
[Ok][Modification] - [BE->FE] [P: CesLayer,DE6,(299-4-23)] [O: CesConstraint,DIELCONST,(299-515-22)]
[Ok][Modification] - [BE->FE] [P: CesLayer,DE5,(299-5-23)] [O: CesConstraint,HEIGHT,(299-524-22)]
[Ok][Modification] - [BE->FE] [P: CesLayer,DE5,(299-5-23)] [O: CesConstraint,DIELCONST,(299-525-22)]
[Ok][Deletion] - [BE->FE] [P: CesLayer,L4,(299-6-23)] [O: CesConstraint,PLANE_NETS,(299-532-22)]
[Ok][Deletion] - [BE->FE] [P: CesLayer,L4,(299-6-23)] [O: CesConstraint,PNET_CLEARANCES,(299-534-22)]
[Ok][Deletion] - [BE->FE] [P: CesLayer,L4,(299-6-23)] [O: CesConstraint,PNET_UBORDERS,(299-535-22)]
[Ok][Modification] - [BE->FE] [P: CesLayer,L4,(299-6-23)] [O: CesConstraint,LAYER_DIFFPAIR,(299-542-22)]
[Ok][Modification] - [BE->FE] [P: CesLayer,L4,(299-6-23)] [O: CesConstraint,LAYER_PAIR,(299-543-22)]
[Ok][Modification] - [BE->FE] [P: CesLayer,L4,(299-6-23)] [O: CesConstraint,POUR_DRAW_STYLE,(299-544-22)]
[Ok][Modification] - [BE->FE] [P: CesLayer,L4,(299-6-23)] [O: CesConstraint,HEIGHT,(299-549-22)]
[Ok][Modification] - [BE->FE] [P: CesLayer,L4,(299-6-23)] [O: CesConstraint,DIELCONST,(299-550-22)]
[Ok][Modification] - [BE->FE] [P: CesLayerRule,CesLayerRule,(299-16-40)] [O: CesConstraint,TYP_IMPEDANCE,(299-555-22)]
[Ok][Modification] - [BE->FE] [P: CesLayerRule,CesLayerRule,(299-16-40)] [O: CesConstraint,DIFF_IMPEDANCE,(299-556-22)]
[Ok][Modification] - [BE->FE] [P: CesLayerRule,CesLayerRule,(299-17-40)] [O: CesConstraint,TYP_IMPEDANCE,(299-557-22)]
[Ok][Modification] - [BE->FE] [P: CesLayerRule,CesLayerRule,(299-17-40)] [O: CesConstraint,DIFF_IMPEDANCE,(299-558-22)]
[Ok][Modification] - [BE->FE] [P: CesLayerRule,CesLayerRule,(299-18-40)] [O: CesConstraint,DIFF_IMPEDANCE,(299-559-22)]
[Ok][Modification] - [BE->FE] [P: CesLayerRule,CesLayerRule,(299-20-40)] [O: CesConstraint,TYP_IMPEDANCE,(299-562-22)]
[Ok][Modification] - [BE->FE] [P: CesLayerRule,CesLayerRule,(299-20-40)] [O: CesConstraint,DIFF_IMPEDANCE,(299-563-22)]
[Ok][Modification] - [BE->FE] [P: CesLayerRule,CesLayerRule,(299-26-40)] [O: CesConstraint,TYP_IMPEDANCE,(299-564-22)]
[Ok][Modification] - [BE->FE] [P: CesLayerRule,CesLayerRule,(299-26-40)] [O: CesConstraint,DIFF_IMPEDANCE,(299-565-22)]
[Ok][Modification] - [BE->FE] [P: CesLayerRule,CesLayerRule,(299-27-40)] [O: CesConstraint,TYP_IMPEDANCE,(299-566-22)]
[Ok][Modification] - [BE->FE] [P: CesLayerRule,CesLayerRule,(299-27-40)] [O: CesConstraint,DIFF_IMPEDANCE,(299-567-22)]
[Ok][Modification] - [BE->FE] [P: CesLayerRule,CesLayerRule,(299-28-40)] [O: CesConstraint,DIFF_IMPEDANCE,(299-568-22)]
[Ok][Modification] - [BE->FE] [P: CesLayerRule,CesLayerRule,(299-30-40)] [O: CesConstraint,TYP_IMPEDANCE,(299-570-22)]
[Ok][Modification] - [BE->FE] [P: CesLayerRule,CesLayerRule,(299-30-40)] [O: CesConstraint,DIFF_IMPEDANCE,(299-571-22)]
[Ok][Addition] - [BE->FE] [P: CesLayer,DE2,(403-1-23)] [O: CesConstraint,LAYER_USAGE,(403-1-22)]
[Ok][Addition] - [BE->FE] [P: CesLayer,DE2,(403-1-23)] [O: CesConstraint,LAYER_DESC,(403-2-22)]
[Ok][Addition] - [BE->FE] [P: CesLayer,DE2,(403-1-23)] [O: CesConstraint,ATTACHED_DIELECTRIC,(403-3-22)]
[Ok][Addition] - [BE->FE] [P: CesLayer,DE2,(403-1-23)] [O: CesConstraint,HEIGHT,(403-4-22)]
[Ok][Addition] - [BE->FE] [P: CesLayer,DE2,(403-1-23)] [O: CesConstraint,DIELCONST,(403-5-22)]
[Ok][Addition] - [BE->FE] [P: CesLayer,DE2,(403-1-23)] [O: CesConstraint,ER_FREQ,(403-6-22)]
[Ok][Addition] - [BE->FE] [P: CesLayer,DE2,(403-1-23)] [O: CesConstraint,LOSS_TAN_FREQ,(403-7-22)]
[Ok][Addition] - [BE->FE] [P: CesLayer,DE2,(403-1-23)] [O: CesConstraint,LOSS_TAN,(403-8-22)]
[Ok][Addition] - [BE->FE] [P: CesLayer,DE2,(403-1-23)] [O: CesConstraint,THERMAL_COND,(403-9-22)]
[Ok][Addition] - [BE->FE] [P: CesLayer,DE2,(403-1-23)] [O: CesConstraint,LAYER_TECH,(403-10-22)]
[Ok][Addition] - [BE->FE] [P: CesLayer,DE3,(403-2-23)] [O: CesConstraint,LAYER_USAGE,(403-11-22)]
[Ok][Addition] - [BE->FE] [P: CesLayer,DE3,(403-2-23)] [O: CesConstraint,LAYER_DESC,(403-12-22)]
[Ok][Addition] - [BE->FE] [P: CesLayer,DE3,(403-2-23)] [O: CesConstraint,ATTACHED_DIELECTRIC,(403-13-22)]
[Ok][Addition] - [BE->FE] [P: CesLayer,DE3,(403-2-23)] [O: CesConstraint,HEIGHT,(403-14-22)]
[Ok][Addition] - [BE->FE] [P: CesLayer,DE3,(403-2-23)] [O: CesConstraint,DIELCONST,(403-15-22)]
[Ok][Addition] - [BE->FE] [P: CesLayer,DE3,(403-2-23)] [O: CesConstraint,ER_FREQ,(403-16-22)]
[Ok][Addition] - [BE->FE] [P: CesLayer,DE3,(403-2-23)] [O: CesConstraint,LOSS_TAN_FREQ,(403-17-22)]
[Ok][Addition] - [BE->FE] [P: CesLayer,DE3,(403-2-23)] [O: CesConstraint,LOSS_TAN,(403-18-22)]
[Ok][Addition] - [BE->FE] [P: CesLayer,DE3,(403-2-23)] [O: CesConstraint,THERMAL_COND,(403-19-22)]
[Ok][Addition] - [BE->FE] [P: CesLayer,DE3,(403-2-23)] [O: CesConstraint,LAYER_TECH,(403-20-22)]
[Ok][Addition] - [BE->FE] [P: CesLayer,L3,(259-2-23)] [O: CesConstraint,PLANE_TYPE,(403-22-22)]
[Ok][Addition] - [BE->FE] [P: CesLayer,DE7,(403-3-23)] [O: CesConstraint,LAYER_USAGE,(403-25-22)]
[Ok][Addition] - [BE->FE] [P: CesLayer,DE7,(403-3-23)] [O: CesConstraint,LAYER_DESC,(403-26-22)]
[Ok][Addition] - [BE->FE] [P: CesLayer,DE7,(403-3-23)] [O: CesConstraint,ATTACHED_DIELECTRIC,(403-27-22)]
[Ok][Addition] - [BE->FE] [P: CesLayer,DE7,(403-3-23)] [O: CesConstraint,HEIGHT,(403-28-22)]
[Ok][Addition] - [BE->FE] [P: CesLayer,DE7,(403-3-23)] [O: CesConstraint,DIELCONST,(403-29-22)]
[Ok][Addition] - [BE->FE] [P: CesLayer,DE7,(403-3-23)] [O: CesConstraint,ER_FREQ,(403-30-22)]
[Ok][Addition] - [BE->FE] [P: CesLayer,DE7,(403-3-23)] [O: CesConstraint,LOSS_TAN_FREQ,(403-31-22)]
[Ok][Addition] - [BE->FE] [P: CesLayer,DE7,(403-3-23)] [O: CesConstraint,LOSS_TAN,(403-32-22)]
[Ok][Addition] - [BE->FE] [P: CesLayer,DE7,(403-3-23)] [O: CesConstraint,THERMAL_COND,(403-33-22)]
[Ok][Addition] - [BE->FE] [P: CesLayer,DE7,(403-3-23)] [O: CesConstraint,LAYER_TECH,(403-34-22)]
[Ok][Addition] - [BE->FE] [P: CesLayer,DE8,(403-4-23)] [O: CesConstraint,LAYER_USAGE,(403-35-22)]
[Ok][Addition] - [BE->FE] [P: CesLayer,DE8,(403-4-23)] [O: CesConstraint,LAYER_DESC,(403-36-22)]
[Ok][Addition] - [BE->FE] [P: CesLayer,DE8,(403-4-23)] [O: CesConstraint,ATTACHED_DIELECTRIC,(403-37-22)]
[Ok][Addition] - [BE->FE] [P: CesLayer,DE8,(403-4-23)] [O: CesConstraint,HEIGHT,(403-38-22)]
[Ok][Addition] - [BE->FE] [P: CesLayer,DE8,(403-4-23)] [O: CesConstraint,DIELCONST,(403-39-22)]
[Ok][Addition] - [BE->FE] [P: CesLayer,DE8,(403-4-23)] [O: CesConstraint,ER_FREQ,(403-40-22)]
[Ok][Addition] - [BE->FE] [P: CesLayer,DE8,(403-4-23)] [O: CesConstraint,LOSS_TAN_FREQ,(403-41-22)]
[Ok][Addition] - [BE->FE] [P: CesLayer,DE8,(403-4-23)] [O: CesConstraint,LOSS_TAN,(403-42-22)]
[Ok][Addition] - [BE->FE] [P: CesLayer,DE8,(403-4-23)] [O: CesConstraint,THERMAL_COND,(403-43-22)]
[Ok][Addition] - [BE->FE] [P: CesLayer,DE8,(403-4-23)] [O: CesConstraint,LAYER_TECH,(403-44-22)]
[Ok][Addition] - [BE->FE] [P: CesLayer,DE9,(403-5-23)] [O: CesConstraint,LAYER_USAGE,(403-51-22)]
[Ok][Addition] - [BE->FE] [P: CesLayer,DE9,(403-5-23)] [O: CesConstraint,LAYER_DESC,(403-52-22)]
[Ok][Addition] - [BE->FE] [P: CesLayer,DE9,(403-5-23)] [O: CesConstraint,ATTACHED_DIELECTRIC,(403-53-22)]
[Ok][Addition] - [BE->FE] [P: CesLayer,DE9,(403-5-23)] [O: CesConstraint,HEIGHT,(403-54-22)]
[Ok][Addition] - [BE->FE] [P: CesLayer,DE9,(403-5-23)] [O: CesConstraint,DIELCONST,(403-55-22)]
[Ok][Addition] - [BE->FE] [P: CesLayer,DE9,(403-5-23)] [O: CesConstraint,ER_FREQ,(403-56-22)]
[Ok][Addition] - [BE->FE] [P: CesLayer,DE9,(403-5-23)] [O: CesConstraint,LOSS_TAN_FREQ,(403-57-22)]
[Ok][Addition] - [BE->FE] [P: CesLayer,DE9,(403-5-23)] [O: CesConstraint,LOSS_TAN,(403-58-22)]
[Ok][Addition] - [BE->FE] [P: CesLayer,DE9,(403-5-23)] [O: CesConstraint,THERMAL_COND,(403-59-22)]
[Ok][Addition] - [BE->FE] [P: CesLayer,DE9,(403-5-23)] [O: CesConstraint,LAYER_TECH,(403-60-22)]
[Ok][Addition] - [BE->FE] [P: CesLayer,DE10,(403-6-23)] [O: CesConstraint,LAYER_USAGE,(403-61-22)]
[Ok][Addition] - [BE->FE] [P: CesLayer,DE10,(403-6-23)] [O: CesConstraint,LAYER_DESC,(403-62-22)]
[Ok][Addition] - [BE->FE] [P: CesLayer,DE10,(403-6-23)] [O: CesConstraint,ATTACHED_DIELECTRIC,(403-63-22)]
[Ok][Addition] - [BE->FE] [P: CesLayer,DE10,(403-6-23)] [O: CesConstraint,HEIGHT,(403-64-22)]
[Ok][Addition] - [BE->FE] [P: CesLayer,DE10,(403-6-23)] [O: CesConstraint,DIELCONST,(403-65-22)]
[Ok][Addition] - [BE->FE] [P: CesLayer,DE10,(403-6-23)] [O: CesConstraint,ER_FREQ,(403-66-22)]
[Ok][Addition] - [BE->FE] [P: CesLayer,DE10,(403-6-23)] [O: CesConstraint,LOSS_TAN_FREQ,(403-67-22)]
[Ok][Addition] - [BE->FE] [P: CesLayer,DE10,(403-6-23)] [O: CesConstraint,LOSS_TAN,(403-68-22)]
[Ok][Addition] - [BE->FE] [P: CesLayer,DE10,(403-6-23)] [O: CesConstraint,THERMAL_COND,(403-69-22)]
[Ok][Addition] - [BE->FE] [P: CesLayer,DE10,(403-6-23)] [O: CesConstraint,LAYER_TECH,(403-70-22)]
[Ok][Addition] - [BE->FE] [P: CesLayerRule,CesLayerRule,(406-5-40)] [O: CesConstraint,DIFF_SPACING,(406-17-22)]
[Ok][Addition] - [BE->FE] [P: CesLayerRule,CesLayerRule,(406-5-40)] [O: CesConstraint,EXP_TRACE_WIDTH,(406-18-22)]
[Ok][Addition] - [BE->FE] [P: CesLayerRule,CesLayerRule,(406-5-40)] [O: CesConstraint,MIN_TRACE_WIDTH,(406-19-22)]
[Ok][Addition] - [BE->FE] [P: CesLayerRule,CesLayerRule,(406-5-40)] [O: CesConstraint,ROUTE,(406-20-22)]
[Ok][Addition] - [BE->FE] [P: CesLayerRule,CesLayerRule,(406-5-40)] [O: CesConstraint,TYP_IMPEDANCE,(406-21-22)]
[Ok][Addition] - [BE->FE] [P: CesLayerRule,CesLayerRule,(406-5-40)] [O: CesConstraint,TYP_TRACE_WIDTH,(406-22-22)]
[Ok][Addition] - [BE->FE] [P: CesLayerRule,CesLayerRule,(406-6-40)] [O: CesConstraint,DIFF_SPACING,(406-23-22)]
[Ok][Addition] - [BE->FE] [P: CesLayerRule,CesLayerRule,(406-6-40)] [O: CesConstraint,EXP_TRACE_WIDTH,(406-24-22)]
[Ok][Addition] - [BE->FE] [P: CesLayerRule,CesLayerRule,(406-6-40)] [O: CesConstraint,MIN_TRACE_WIDTH,(406-25-22)]
[Ok][Addition] - [BE->FE] [P: CesLayerRule,CesLayerRule,(406-6-40)] [O: CesConstraint,ROUTE,(406-26-22)]
[Ok][Addition] - [BE->FE] [P: CesLayerRule,CesLayerRule,(406-6-40)] [O: CesConstraint,TYP_IMPEDANCE,(406-27-22)]
[Ok][Addition] - [BE->FE] [P: CesLayerRule,CesLayerRule,(406-6-40)] [O: CesConstraint,TYP_TRACE_WIDTH,(406-28-22)]
[Ok][Addition] - [BE->FE] [P: CesLayerRule,CesLayerRule,(406-7-40)] [O: CesConstraint,DIFF_SPACING,(406-29-22)]
[Ok][Addition] - [BE->FE] [P: CesLayerRule,CesLayerRule,(406-7-40)] [O: CesConstraint,EXP_TRACE_WIDTH,(406-30-22)]
[Ok][Addition] - [BE->FE] [P: CesLayerRule,CesLayerRule,(406-7-40)] [O: CesConstraint,MIN_TRACE_WIDTH,(406-31-22)]
[Ok][Addition] - [BE->FE] [P: CesLayerRule,CesLayerRule,(406-7-40)] [O: CesConstraint,ROUTE,(406-32-22)]
[Ok][Addition] - [BE->FE] [P: CesLayerRule,CesLayerRule,(406-7-40)] [O: CesConstraint,TYP_IMPEDANCE,(406-33-22)]
[Ok][Addition] - [BE->FE] [P: CesLayerRule,CesLayerRule,(406-7-40)] [O: CesConstraint,TYP_TRACE_WIDTH,(406-34-22)]
[Ok][Addition] - [BE->FE] [P: CesLayerRule,CesLayerRule,(406-8-40)] [O: CesConstraint,DIFF_SPACING,(406-35-22)]
[Ok][Addition] - [BE->FE] [P: CesLayerRule,CesLayerRule,(406-8-40)] [O: CesConstraint,EXP_TRACE_WIDTH,(406-36-22)]
[Ok][Addition] - [BE->FE] [P: CesLayerRule,CesLayerRule,(406-8-40)] [O: CesConstraint,MIN_TRACE_WIDTH,(406-37-22)]
[Ok][Addition] - [BE->FE] [P: CesLayerRule,CesLayerRule,(406-8-40)] [O: CesConstraint,ROUTE,(406-38-22)]
[Ok][Addition] - [BE->FE] [P: CesLayerRule,CesLayerRule,(406-8-40)] [O: CesConstraint,TYP_IMPEDANCE,(406-39-22)]
[Ok][Addition] - [BE->FE] [P: CesLayerRule,CesLayerRule,(406-8-40)] [O: CesConstraint,TYP_TRACE_WIDTH,(406-40-22)]
[Ok][Addition] - [BE->FE] [P: CesLayerClearRule,CesLayerClearRule,(406-2-42)] [O: CesConstraint,BONDPAD_TO_BONDPAD,(406-41-22)]
[Ok][Addition] - [BE->FE] [P: CesLayerClearRule,CesLayerClearRule,(406-2-42)] [O: CesConstraint,BONDPAD_TO_PAD,(406-42-22)]
[Ok][Addition] - [BE->FE] [P: CesLayerClearRule,CesLayerClearRule,(406-2-42)] [O: CesConstraint,BONDPAD_TO_PLANE,(406-43-22)]
[Ok][Addition] - [BE->FE] [P: CesLayerClearRule,CesLayerClearRule,(406-2-42)] [O: CesConstraint,BONDPAD_TO_SMDPAD,(406-44-22)]
[Ok][Addition] - [BE->FE] [P: CesLayerClearRule,CesLayerClearRule,(406-2-42)] [O: CesConstraint,BONDPAD_TO_TRACE,(406-45-22)]
[Ok][Addition] - [BE->FE] [P: CesLayerClearRule,CesLayerClearRule,(406-2-42)] [O: CesConstraint,BONDPAD_TO_VIA,(406-46-22)]
[Ok][Addition] - [BE->FE] [P: CesLayerClearRule,CesLayerClearRule,(406-2-42)] [O: CesConstraint,MASK_TO_PAD,(406-47-22)]
[Ok][Addition] - [BE->FE] [P: CesLayerClearRule,CesLayerClearRule,(406-2-42)] [O: CesConstraint,MASK_TO_RESISTOR,(406-48-22)]
[Ok][Addition] - [BE->FE] [P: CesLayerClearRule,CesLayerClearRule,(406-2-42)] [O: CesConstraint,MASK_TO_TRACE,(406-49-22)]
[Ok][Addition] - [BE->FE] [P: CesLayerClearRule,CesLayerClearRule,(406-2-42)] [O: CesConstraint,MASK_TO_VIA,(406-50-22)]
[Ok][Addition] - [BE->FE] [P: CesLayerClearRule,CesLayerClearRule,(406-2-42)] [O: CesConstraint,PAD_TO_PAD,(406-51-22)]
[Ok][Addition] - [BE->FE] [P: CesLayerClearRule,CesLayerClearRule,(406-2-42)] [O: CesConstraint,PAD_TO_PLANE,(406-52-22)]
[Ok][Addition] - [BE->FE] [P: CesLayerClearRule,CesLayerClearRule,(406-2-42)] [O: CesConstraint,PAD_TO_VIA,(406-53-22)]
[Ok][Addition] - [BE->FE] [P: CesLayerClearRule,CesLayerClearRule,(406-2-42)] [O: CesConstraint,PLANE_TO_PLANE,(406-54-22)]
[Ok][Addition] - [BE->FE] [P: CesLayerClearRule,CesLayerClearRule,(406-2-42)] [O: CesConstraint,RESISTOR_TO_PAD,(406-55-22)]
[Ok][Addition] - [BE->FE] [P: CesLayerClearRule,CesLayerClearRule,(406-2-42)] [O: CesConstraint,RESISTOR_TO_RESISTOR,(406-56-22)]
[Ok][Addition] - [BE->FE] [P: CesLayerClearRule,CesLayerClearRule,(406-2-42)] [O: CesConstraint,RESISTOR_TO_TRACE,(406-57-22)]
[Ok][Addition] - [BE->FE] [P: CesLayerClearRule,CesLayerClearRule,(406-2-42)] [O: CesConstraint,RESISTOR_TO_VIA,(406-58-22)]
[Ok][Addition] - [BE->FE] [P: CesLayerClearRule,CesLayerClearRule,(406-2-42)] [O: CesConstraint,SMDPAD_TO_TRACE,(406-59-22)]
[Ok][Addition] - [BE->FE] [P: CesLayerClearRule,CesLayerClearRule,(406-2-42)] [O: CesConstraint,SMDPAD_TO_VIA,(406-60-22)]
[Ok][Addition] - [BE->FE] [P: CesLayerClearRule,CesLayerClearRule,(406-2-42)] [O: CesConstraint,TRACE_TO_PAD,(406-61-22)]
[Ok][Addition] - [BE->FE] [P: CesLayerClearRule,CesLayerClearRule,(406-2-42)] [O: CesConstraint,TRACE_TO_PLANE,(406-62-22)]
[Ok][Addition] - [BE->FE] [P: CesLayerClearRule,CesLayerClearRule,(406-2-42)] [O: CesConstraint,TRACE_TO_TRACE,(406-63-22)]
[Ok][Addition] - [BE->FE] [P: CesLayerClearRule,CesLayerClearRule,(406-2-42)] [O: CesConstraint,TRACE_TO_VIA,(406-64-22)]
[Ok][Addition] - [BE->FE] [P: CesLayerClearRule,CesLayerClearRule,(406-2-42)] [O: CesConstraint,VIA_TO_PLANE,(406-65-22)]
[Ok][Addition] - [BE->FE] [P: CesLayerClearRule,CesLayerClearRule,(406-2-42)] [O: CesConstraint,VIA_TO_VIA,(406-66-22)]
[Ok][Addition] - [BE->FE] [P: CesLayerRule,CesLayerRule,(406-1-40)] [O: CesConstraint,MIN_TRACE_WIDTH,(406-67-22)]
[Ok][Addition] - [BE->FE] [P: CesLayerRule,CesLayerRule,(406-1-40)] [O: CesConstraint,DIFF_SPACING,(406-68-22)]
[Ok][Addition] - [BE->FE] [P: CesLayerRule,CesLayerRule,(406-1-40)] [O: CesConstraint,EXP_TRACE_WIDTH,(406-69-22)]
[Ok][Addition] - [BE->FE] [P: CesLayerRule,CesLayerRule,(406-1-40)] [O: CesConstraint,TYP_TRACE_WIDTH,(406-70-22)]
[Ok][Addition] - [BE->FE] [P: CesLayerRule,CesLayerRule,(406-2-40)] [O: CesConstraint,MIN_TRACE_WIDTH,(406-71-22)]
[Ok][Addition] - [BE->FE] [P: CesLayerRule,CesLayerRule,(406-2-40)] [O: CesConstraint,DIFF_SPACING,(406-72-22)]
[Ok][Addition] - [BE->FE] [P: CesLayerRule,CesLayerRule,(406-2-40)] [O: CesConstraint,EXP_TRACE_WIDTH,(406-73-22)]
[Ok][Addition] - [BE->FE] [P: CesLayerRule,CesLayerRule,(406-2-40)] [O: CesConstraint,TYP_TRACE_WIDTH,(406-74-22)]
[Ok][Addition] - [BE->FE] [P: CesLayerRule,CesLayerRule,(406-3-40)] [O: CesConstraint,MIN_TRACE_WIDTH,(406-75-22)]
[Ok][Addition] - [BE->FE] [P: CesLayerRule,CesLayerRule,(406-3-40)] [O: CesConstraint,DIFF_SPACING,(406-76-22)]
[Ok][Addition] - [BE->FE] [P: CesLayerRule,CesLayerRule,(406-3-40)] [O: CesConstraint,EXP_TRACE_WIDTH,(406-77-22)]
[Ok][Addition] - [BE->FE] [P: CesLayerRule,CesLayerRule,(406-3-40)] [O: CesConstraint,TYP_TRACE_WIDTH,(406-78-22)]
[Ok][Addition] - [BE->FE] [P: CesLayerRule,CesLayerRule,(406-3-40)] [O: CesConstraint,TYP_IMPEDANCE,(406-79-22)]
[Ok][Addition] - [BE->FE] [P: CesLayerRule,CesLayerRule,(406-4-40)] [O: CesConstraint,MIN_TRACE_WIDTH,(406-80-22)]
[Ok][Addition] - [BE->FE] [P: CesLayerRule,CesLayerRule,(406-4-40)] [O: CesConstraint,DIFF_SPACING,(406-81-22)]
[Ok][Addition] - [BE->FE] [P: CesLayerRule,CesLayerRule,(406-4-40)] [O: CesConstraint,EXP_TRACE_WIDTH,(406-82-22)]
[Ok][Addition] - [BE->FE] [P: CesLayerRule,CesLayerRule,(406-4-40)] [O: CesConstraint,TYP_TRACE_WIDTH,(406-83-22)]
[Ok][Addition] - [BE->FE] [P: CesLayerRule,CesLayerRule,(406-9-40)] [O: CesConstraint,MIN_TRACE_WIDTH,(406-84-22)]
[Ok][Addition] - [BE->FE] [P: CesLayerRule,CesLayerRule,(406-9-40)] [O: CesConstraint,DIFF_SPACING,(406-85-22)]
[Ok][Addition] - [BE->FE] [P: CesLayerRule,CesLayerRule,(406-9-40)] [O: CesConstraint,EXP_TRACE_WIDTH,(406-86-22)]
[Ok][Addition] - [BE->FE] [P: CesLayerRule,CesLayerRule,(406-9-40)] [O: CesConstraint,TYP_TRACE_WIDTH,(406-87-22)]
[Ok][Addition] - [BE->FE] [P: CesLayerRule,CesLayerRule,(406-10-40)] [O: CesConstraint,MIN_TRACE_WIDTH,(406-88-22)]
[Ok][Addition] - [BE->FE] [P: CesLayerRule,CesLayerRule,(406-10-40)] [O: CesConstraint,DIFF_SPACING,(406-89-22)]
[Ok][Addition] - [BE->FE] [P: CesLayerRule,CesLayerRule,(406-10-40)] [O: CesConstraint,EXP_TRACE_WIDTH,(406-90-22)]
[Ok][Addition] - [BE->FE] [P: CesLayerRule,CesLayerRule,(406-10-40)] [O: CesConstraint,TYP_TRACE_WIDTH,(406-91-22)]
[Ok][Addition] - [BE->FE] [P: CesLayerRule,CesLayerRule,(406-11-40)] [O: CesConstraint,MIN_TRACE_WIDTH,(406-92-22)]
[Ok][Addition] - [BE->FE] [P: CesLayerRule,CesLayerRule,(406-11-40)] [O: CesConstraint,DIFF_SPACING,(406-93-22)]
[Ok][Addition] - [BE->FE] [P: CesLayerRule,CesLayerRule,(406-11-40)] [O: CesConstraint,EXP_TRACE_WIDTH,(406-94-22)]
[Ok][Addition] - [BE->FE] [P: CesLayerRule,CesLayerRule,(406-11-40)] [O: CesConstraint,TYP_TRACE_WIDTH,(406-95-22)]
[Ok][Addition] - [BE->FE] [P: CesLayerRule,CesLayerRule,(406-11-40)] [O: CesConstraint,TYP_IMPEDANCE,(406-96-22)]
[Ok][Addition] - [BE->FE] [P: CesLayerRule,CesLayerRule,(406-12-40)] [O: CesConstraint,MIN_TRACE_WIDTH,(406-97-22)]
[Ok][Addition] - [BE->FE] [P: CesLayerRule,CesLayerRule,(406-12-40)] [O: CesConstraint,EXP_TRACE_WIDTH,(406-98-22)]
[Ok][Addition] - [BE->FE] [P: CesLayerRule,CesLayerRule,(406-12-40)] [O: CesConstraint,TYP_TRACE_WIDTH,(406-99-22)]
[Ok][Addition] - [BE->FE] [P: CesLayerClearRule,CesLayerClearRule,(406-1-42)] [O: CesConstraint,TRACE_TO_PLANE,(406-100-22)]
[Ok][Addition] - [BE->FE] [P: CesLayerClearRule,CesLayerClearRule,(406-1-42)] [O: CesConstraint,TRACE_TO_PAD,(406-101-22)]
[Ok][Addition] - [BE->FE] [P: CesLayerClearRule,CesLayerClearRule,(406-1-42)] [O: CesConstraint,PAD_TO_VIA,(406-102-22)]
[Ok][Addition] - [BE->FE] [P: CesLayerClearRule,CesLayerClearRule,(406-1-42)] [O: CesConstraint,RESISTOR_TO_RESISTOR,(406-103-22)]
[Ok][Addition] - [BE->FE] [P: CesLayerClearRule,CesLayerClearRule,(406-1-42)] [O: CesConstraint,VIA_TO_VIA,(406-104-22)]
[Ok][Addition] - [BE->FE] [P: CesLayerClearRule,CesLayerClearRule,(406-1-42)] [O: CesConstraint,PLANE_TO_PLANE,(406-105-22)]
[Ok][Addition] - [BE->FE] [P: CesLayerClearRule,CesLayerClearRule,(406-1-42)] [O: CesConstraint,PAD_TO_PLANE,(406-106-22)]
[Ok][Addition] - [BE->FE] [P: CesLayerClearRule,CesLayerClearRule,(406-1-42)] [O: CesConstraint,BONDPAD_TO_TRACE,(406-107-22)]
[Ok][Addition] - [BE->FE] [P: CesLayerClearRule,CesLayerClearRule,(406-1-42)] [O: CesConstraint,RESISTOR_TO_VIA,(406-108-22)]
[Ok][Addition] - [BE->FE] [P: CesLayerClearRule,CesLayerClearRule,(406-1-42)] [O: CesConstraint,BONDPAD_TO_BONDPAD,(406-109-22)]
[Ok][Addition] - [BE->FE] [P: CesLayerClearRule,CesLayerClearRule,(406-1-42)] [O: CesConstraint,PAD_TO_PAD,(406-110-22)]
[Ok][Addition] - [BE->FE] [P: CesLayerClearRule,CesLayerClearRule,(406-1-42)] [O: CesConstraint,TRACE_TO_TRACE,(406-111-22)]
[Ok][Addition] - [BE->FE] [P: CesLayerClearRule,CesLayerClearRule,(406-1-42)] [O: CesConstraint,BONDPAD_TO_VIA,(406-112-22)]
[Ok][Addition] - [BE->FE] [P: CesLayerClearRule,CesLayerClearRule,(406-1-42)] [O: CesConstraint,VIA_TO_PLANE,(406-113-22)]
[Ok][Addition] - [BE->FE] [P: CesLayerClearRule,CesLayerClearRule,(406-1-42)] [O: CesConstraint,MASK_TO_TRACE,(406-114-22)]
[Ok][Addition] - [BE->FE] [P: CesLayerClearRule,CesLayerClearRule,(406-1-42)] [O: CesConstraint,MASK_TO_VIA,(406-115-22)]
[Ok][Addition] - [BE->FE] [P: CesLayerClearRule,CesLayerClearRule,(406-1-42)] [O: CesConstraint,SMDPAD_TO_VIA,(406-116-22)]
[Ok][Addition] - [BE->FE] [P: CesLayerClearRule,CesLayerClearRule,(406-1-42)] [O: CesConstraint,RESISTOR_TO_TRACE,(406-117-22)]
[Ok][Addition] - [BE->FE] [P: CesLayerClearRule,CesLayerClearRule,(406-1-42)] [O: CesConstraint,RESISTOR_TO_PAD,(406-118-22)]
[Ok][Addition] - [BE->FE] [P: CesLayerClearRule,CesLayerClearRule,(406-1-42)] [O: CesConstraint,BONDPAD_TO_SMDPAD,(406-119-22)]
[Ok][Addition] - [BE->FE] [P: CesLayerClearRule,CesLayerClearRule,(406-1-42)] [O: CesConstraint,TRACE_TO_VIA,(406-120-22)]
[Ok][Addition] - [BE->FE] [P: CesLayerClearRule,CesLayerClearRule,(406-1-42)] [O: CesConstraint,BONDPAD_TO_PAD,(406-121-22)]
[Ok][Addition] - [BE->FE] [P: CesLayerClearRule,CesLayerClearRule,(406-1-42)] [O: CesConstraint,BONDPAD_TO_PLANE,(406-122-22)]
[Ok][Addition] - [BE->FE] [P: CesLayerClearRule,CesLayerClearRule,(406-1-42)] [O: CesConstraint,MASK_TO_PAD,(406-123-22)]
[Ok][Addition] - [BE->FE] [P: CesLayerClearRule,CesLayerClearRule,(406-1-42)] [O: CesConstraint,SMDPAD_TO_TRACE,(406-124-22)]
[Ok][Addition] - [BE->FE] [P: CesLayerClearRule,CesLayerClearRule,(406-1-42)] [O: CesConstraint,MASK_TO_RESISTOR,(406-125-22)]
[Ok][Addition] - [BE->FE] [P: CesLayerClearRule,CesLayerClearRule,(406-3-42)] [O: CesConstraint,TRACE_TO_PLANE,(406-126-22)]
[Ok][Addition] - [BE->FE] [P: CesLayerClearRule,CesLayerClearRule,(406-3-42)] [O: CesConstraint,TRACE_TO_PAD,(406-127-22)]
[Ok][Addition] - [BE->FE] [P: CesLayerClearRule,CesLayerClearRule,(406-3-42)] [O: CesConstraint,PAD_TO_VIA,(406-128-22)]
[Ok][Addition] - [BE->FE] [P: CesLayerClearRule,CesLayerClearRule,(406-3-42)] [O: CesConstraint,RESISTOR_TO_RESISTOR,(406-129-22)]
[Ok][Addition] - [BE->FE] [P: CesLayerClearRule,CesLayerClearRule,(406-3-42)] [O: CesConstraint,VIA_TO_VIA,(406-130-22)]
[Ok][Addition] - [BE->FE] [P: CesLayerClearRule,CesLayerClearRule,(406-3-42)] [O: CesConstraint,PLANE_TO_PLANE,(406-131-22)]
[Ok][Addition] - [BE->FE] [P: CesLayerClearRule,CesLayerClearRule,(406-3-42)] [O: CesConstraint,PAD_TO_PLANE,(406-132-22)]
[Ok][Addition] - [BE->FE] [P: CesLayerClearRule,CesLayerClearRule,(406-3-42)] [O: CesConstraint,BONDPAD_TO_TRACE,(406-133-22)]
[Ok][Addition] - [BE->FE] [P: CesLayerClearRule,CesLayerClearRule,(406-3-42)] [O: CesConstraint,RESISTOR_TO_VIA,(406-134-22)]
[Ok][Addition] - [BE->FE] [P: CesLayerClearRule,CesLayerClearRule,(406-3-42)] [O: CesConstraint,BONDPAD_TO_BONDPAD,(406-135-22)]
[Ok][Addition] - [BE->FE] [P: CesLayerClearRule,CesLayerClearRule,(406-3-42)] [O: CesConstraint,PAD_TO_PAD,(406-136-22)]
[Ok][Addition] - [BE->FE] [P: CesLayerClearRule,CesLayerClearRule,(406-3-42)] [O: CesConstraint,TRACE_TO_TRACE,(406-137-22)]
[Ok][Addition] - [BE->FE] [P: CesLayerClearRule,CesLayerClearRule,(406-3-42)] [O: CesConstraint,BONDPAD_TO_VIA,(406-138-22)]
[Ok][Addition] - [BE->FE] [P: CesLayerClearRule,CesLayerClearRule,(406-3-42)] [O: CesConstraint,VIA_TO_PLANE,(406-139-22)]
[Ok][Addition] - [BE->FE] [P: CesLayerClearRule,CesLayerClearRule,(406-3-42)] [O: CesConstraint,MASK_TO_TRACE,(406-140-22)]
[Ok][Addition] - [BE->FE] [P: CesLayerClearRule,CesLayerClearRule,(406-3-42)] [O: CesConstraint,MASK_TO_VIA,(406-141-22)]
[Ok][Addition] - [BE->FE] [P: CesLayerClearRule,CesLayerClearRule,(406-3-42)] [O: CesConstraint,SMDPAD_TO_VIA,(406-142-22)]
[Ok][Addition] - [BE->FE] [P: CesLayerClearRule,CesLayerClearRule,(406-3-42)] [O: CesConstraint,RESISTOR_TO_TRACE,(406-143-22)]
[Ok][Addition] - [BE->FE] [P: CesLayerClearRule,CesLayerClearRule,(406-3-42)] [O: CesConstraint,RESISTOR_TO_PAD,(406-144-22)]
[Ok][Addition] - [BE->FE] [P: CesLayerClearRule,CesLayerClearRule,(406-3-42)] [O: CesConstraint,BONDPAD_TO_SMDPAD,(406-145-22)]
[Ok][Addition] - [BE->FE] [P: CesLayerClearRule,CesLayerClearRule,(406-3-42)] [O: CesConstraint,TRACE_TO_VIA,(406-146-22)]
[Ok][Addition] - [BE->FE] [P: CesLayerClearRule,CesLayerClearRule,(406-3-42)] [O: CesConstraint,BONDPAD_TO_PAD,(406-147-22)]
[Ok][Addition] - [BE->FE] [P: CesLayerClearRule,CesLayerClearRule,(406-3-42)] [O: CesConstraint,BONDPAD_TO_PLANE,(406-148-22)]
[Ok][Addition] - [BE->FE] [P: CesLayerClearRule,CesLayerClearRule,(406-3-42)] [O: CesConstraint,MASK_TO_PAD,(406-149-22)]
[Ok][Addition] - [BE->FE] [P: CesLayerClearRule,CesLayerClearRule,(406-3-42)] [O: CesConstraint,SMDPAD_TO_TRACE,(406-150-22)]
[Ok][Addition] - [BE->FE] [P: CesLayerClearRule,CesLayerClearRule,(406-3-42)] [O: CesConstraint,MASK_TO_RESISTOR,(406-151-22)]
[Ok][Addition] - [BE->FE] [P: CesLayer,L5,(406-1-23)] [O: CesConstraint,LAYER_USAGE,(406-152-22)]
[Ok][Addition] - [BE->FE] [P: CesLayer,L5,(406-1-23)] [O: CesConstraint,LAYER_DESC,(406-153-22)]
[Ok][Addition] - [BE->FE] [P: CesLayer,L5,(406-1-23)] [O: CesConstraint,ATTACHED_DIELECTRIC,(406-154-22)]
[Ok][Addition] - [BE->FE] [P: CesLayer,L5,(406-1-23)] [O: CesConstraint,LAYER_COLOR,(406-155-22)]
[Ok][Addition] - [BE->FE] [P: CesLayer,L5,(406-1-23)] [O: CesConstraint,CONDUCTOR,(406-156-22)]
[Ok][Addition] - [BE->FE] [P: CesLayer,L5,(406-1-23)] [O: CesConstraint,BULK_RES,(406-157-22)]
[Ok][Addition] - [BE->FE] [P: CesLayer,L5,(406-1-23)] [O: CesConstraint,TEMP_COEF,(406-158-22)]
[Ok][Addition] - [BE->FE] [P: CesLayer,L5,(406-1-23)] [O: CesConstraint,LAYER_DIFFPAIR,(406-159-22)]
[Ok][Addition] - [BE->FE] [P: CesLayer,L5,(406-1-23)] [O: CesConstraint,LAYER_PAIR,(406-160-22)]
[Ok][Addition] - [BE->FE] [P: CesLayer,L5,(406-1-23)] [O: CesConstraint,POUR_DRAW_STYLE,(406-161-22)]
[Ok][Addition] - [BE->FE] [P: CesLayer,L5,(406-1-23)] [O: CesConstraint,LAYER_PROCESS,(406-162-22)]
[Ok][Addition] - [BE->FE] [P: CesLayer,L5,(406-1-23)] [O: CesConstraint,LAYER_TREATED_SIDE,(406-163-22)]
[Ok][Addition] - [BE->FE] [P: CesLayer,L5,(406-1-23)] [O: CesConstraint,LAYER_ROUGHNESS_TOP,(406-164-22)]
[Ok][Addition] - [BE->FE] [P: CesLayer,L5,(406-1-23)] [O: CesConstraint,LAYER_ROUGHNESS_BOTTOM,(406-165-22)]
[Ok][Addition] - [BE->FE] [P: CesLayer,L5,(406-1-23)] [O: CesConstraint,LAYER_ETCH_FACTOR,(406-166-22)]
[Ok][Addition] - [BE->FE] [P: CesLayer,L5,(406-1-23)] [O: CesConstraint,LAYER_NARROW_SIDE,(406-167-22)]
[Ok][Addition] - [BE->FE] [P: CesLayer,L5,(406-1-23)] [O: CesConstraint,HEIGHT,(406-168-22)]
[Ok][Addition] - [BE->FE] [P: CesLayer,L5,(406-1-23)] [O: CesConstraint,DIELCONST,(406-169-22)]
[Ok][Addition] - [BE->FE] [P: CesLayer,L5,(406-1-23)] [O: CesConstraint,ER_FREQ,(406-170-22)]
[Ok][Addition] - [BE->FE] [P: CesLayer,L5,(406-1-23)] [O: CesConstraint,LOSS_TAN_FREQ,(406-171-22)]
[Ok][Addition] - [BE->FE] [P: CesLayer,L5,(406-1-23)] [O: CesConstraint,LOSS_TAN,(406-172-22)]
[Ok][Addition] - [BE->FE] [P: CesLayer,L5,(406-1-23)] [O: CesConstraint,THERMAL_COND,(406-173-22)]
[Ok][Addition] - [BE->FE] [P: CesLayer,L5,(406-1-23)] [O: CesConstraint,TRACE_WIDTH,(406-174-22)]
[Ok][Addition] - [BE->FE] [P: CesLayer,L5,(406-1-23)] [O: CesConstraint,TARGET_Z0,(406-175-22)]
[Ok][Addition] - [BE->FE] [P: CesLayer,L5,(406-1-23)] [O: CesConstraint,ZZ_WIDTH,(406-176-22)]
[Ok][Addition] - [BE->FE] [P: CesLayer,L5,(406-1-23)] [O: CesConstraint,GAP,(406-177-22)]
[Ok][Addition] - [BE->FE] [P: CesLayerRule,CesLayerRule,(406-1-40)] [O: CesConstraint,TYP_IMPEDANCE,(406-188-22)]
[Ok][Addition] - [BE->FE] [P: CesLayerRule,CesLayerRule,(406-1-40)] [O: CesConstraint,DIFF_IMPEDANCE,(406-189-22)]
[Ok][Addition] - [BE->FE] [P: CesLayerRule,CesLayerRule,(406-2-40)] [O: CesConstraint,TYP_IMPEDANCE,(406-190-22)]
[Ok][Addition] - [BE->FE] [P: CesLayerRule,CesLayerRule,(406-2-40)] [O: CesConstraint,DIFF_IMPEDANCE,(406-191-22)]
[Ok][Addition] - [BE->FE] [P: CesLayerRule,CesLayerRule,(406-3-40)] [O: CesConstraint,DIFF_IMPEDANCE,(406-192-22)]
[Ok][Addition] - [BE->FE] [P: CesLayerRule,CesLayerRule,(406-4-40)] [O: CesConstraint,TYP_IMPEDANCE,(406-193-22)]
[Ok][Addition] - [BE->FE] [P: CesLayerRule,CesLayerRule,(406-4-40)] [O: CesConstraint,DIFF_IMPEDANCE,(406-194-22)]
[Ok][Addition] - [BE->FE] [P: CesLayerRule,CesLayerRule,(406-9-40)] [O: CesConstraint,TYP_IMPEDANCE,(406-195-22)]
[Ok][Addition] - [BE->FE] [P: CesLayerRule,CesLayerRule,(406-9-40)] [O: CesConstraint,DIFF_IMPEDANCE,(406-196-22)]
[Ok][Addition] - [BE->FE] [P: CesLayerRule,CesLayerRule,(406-10-40)] [O: CesConstraint,TYP_IMPEDANCE,(406-197-22)]
[Ok][Addition] - [BE->FE] [P: CesLayerRule,CesLayerRule,(406-10-40)] [O: CesConstraint,DIFF_IMPEDANCE,(406-198-22)]
[Ok][Addition] - [BE->FE] [P: CesLayerRule,CesLayerRule,(406-11-40)] [O: CesConstraint,DIFF_IMPEDANCE,(406-199-22)]
[Ok][Addition] - [BE->FE] [P: CesLayerRule,CesLayerRule,(406-12-40)] [O: CesConstraint,TYP_IMPEDANCE,(406-200-22)]
[Ok][Addition] - [BE->FE] [P: CesLayerRule,CesLayerRule,(406-12-40)] [O: CesConstraint,DIFF_IMPEDANCE,(406-201-22)]
[Ok][Addition] - [BE->FE] [P: CesSchemeNetClassRule,100ohm DP,(270-3-38)] [O: CesConstraint,DIFF_SPACING,(409-1-22)]
[Ok][Addition] - [BE->FE] [P: CesLayerRule,CesLayerRule,(270-13-40)] [O: CesConstraint,DIFF_SPACING,(409-2-22)]
[Ok][Addition] - [BE->FE] [P: CesLayerRule,CesLayerRule,(299-30-40)] [O: CesConstraint,DIFF_SPACING,(409-3-22)]
[Ok][Addition] - [BE->FE] [P: CesLayerRule,CesLayerRule,(270-14-40)] [O: CesConstraint,DIFF_SPACING,(409-4-22)]
[Ok][Addition] - [BE->FE] [P: CesLayerRule,CesLayerRule,(299-45-40)] [O: CesConstraint,DIFF_SPACING,(409-5-22)]
[Ok][Addition] - [BE->FE] [P: CesLayerRule,CesLayerRule,(406-12-40)] [O: CesConstraint,DIFF_SPACING,(409-6-22)]
[Ok][Addition] - [BE->FE] [P: CesLayerRule,CesLayerRule,(270-16-40)] [O: CesConstraint,DIFF_SPACING,(409-7-22)]
[Ok][Addition] - [BE->FE] [P: CesViaSpan,Layer 1-4,(410-1-27)] [O: CesConstraint,DEFAULT_VIA,(410-1-22)]
[Ok][Addition] - [BE->FE] [P: CesViaSpan,Layer 1-3,(410-2-27)] [O: CesConstraint,DEFAULT_VIA,(410-2-22)]
[Ok][Addition] - [BE->FE] [P: CesLayer,L3,(259-2-23)] [O: CesConstraint,PLANE_NETS,(415-7-22)]
[Ok][Addition] - [BE->FE] [P: CesLayer,L3,(259-2-23)] [O: CesConstraint,PNET_CLEARANCES,(415-8-22)]
[Ok][Addition] - [BE->FE] [P: CesLayer,L3,(259-2-23)] [O: CesConstraint,PNET_UBORDERS,(415-9-22)]
[Ok][Addition] - [BE->FE] [P: CesLayer,L4,(299-6-23)] [O: CesConstraint,PLANE_NETS,(415-10-22)]
[Ok][Addition] - [BE->FE] [P: CesLayer,L4,(299-6-23)] [O: CesConstraint,PNET_CLEARANCES,(415-11-22)]
[Ok][Addition] - [BE->FE] [P: CesLayer,L4,(299-6-23)] [O: CesConstraint,PNET_UBORDERS,(415-12-22)]
[Ok][Addition] - [BE->FE] [P: CesPhysicalNet,DDR3-CK_P,(28-5-49)] [O: CesConstraint,DELAY_TYPE,(417-1-22)]
[Ok][Addition] - [BE->FE] [P: CesPhysicalNet,DDR3-DM0,(28-16-49)] [O: CesConstraint,TOPO_ORDERED,(421-1-22)]
[Ok][Addition] - [BE->FE] [P: CesPhysicalNet,DDR3-D0,(6-87-49)] [O: CesConstraint,TOPO_ORDERED,(421-3-22)]
[Ok][Addition] - [BE->FE] [P: CesPhysicalNet,DDR3-D1,(6-77-49)] [O: CesConstraint,TOPO_ORDERED,(421-5-22)]
[Ok][Addition] - [BE->FE] [P: CesPhysicalNet,DDR3-D2,(6-75-49)] [O: CesConstraint,TOPO_ORDERED,(421-7-22)]
[Ok][Addition] - [BE->FE] [P: CesPhysicalNet,DDR3-D3,(6-84-49)] [O: CesConstraint,TOPO_ORDERED,(421-9-22)]
[Ok][Addition] - [BE->FE] [P: CesPhysicalNet,DDR3-D4,(6-83-49)] [O: CesConstraint,TOPO_ORDERED,(421-11-22)]
[Ok][Addition] - [BE->FE] [P: CesPhysicalNet,DDR3-D5,(6-82-49)] [O: CesConstraint,TOPO_ORDERED,(421-13-22)]
[Ok][Addition] - [BE->FE] [P: CesPhysicalNet,DDR3-D6,(28-32-49)] [O: CesConstraint,TOPO_ORDERED,(421-15-22)]
[Ok][Addition] - [BE->FE] [P: CesPhysicalNet,DDR3-D7,(28-36-49)] [O: CesConstraint,TOPO_ORDERED,(421-17-22)]
[Ok][Addition] - [BE->FE] [P: CesElectricalNet,DDR3-D7,(28-36-47)] [O: CesConstraint,ORDER_TYPE,(422-1-22)]
[Ok][Addition] - [BE->FE] [P: CesPhysicalNet,DDR3-D7,(28-36-49)] [O: CesConstraint,ORDER_TYPE,(422-2-22)]
[Ok][Addition] - [BE->FE] [P: CesElectricalNet,DDR3-D2,(6-75-47)] [O: CesConstraint,ORDER_TYPE,(422-3-22)]
[Ok][Addition] - [BE->FE] [P: CesPhysicalNet,DDR3-D2,(6-75-49)] [O: CesConstraint,ORDER_TYPE,(422-4-22)]
[Ok][Addition] - [BE->FE] [P: CesElectricalNet,DDR3-D6,(28-32-47)] [O: CesConstraint,ORDER_TYPE,(422-5-22)]
[Ok][Addition] - [BE->FE] [P: CesPhysicalNet,DDR3-D6,(28-32-49)] [O: CesConstraint,ORDER_TYPE,(422-6-22)]
[Ok][Addition] - [BE->FE] [P: CesElectricalNet,DDR3-DM0,(28-16-47)] [O: CesConstraint,ORDER_TYPE,(422-7-22)]
[Ok][Addition] - [BE->FE] [P: CesPhysicalNet,DDR3-DM0,(28-16-49)] [O: CesConstraint,ORDER_TYPE,(422-8-22)]
[Ok][Addition] - [BE->FE] [P: CesElectricalNet,DDR3-D0,(6-87-47)] [O: CesConstraint,ORDER_TYPE,(422-9-22)]
[Ok][Addition] - [BE->FE] [P: CesPhysicalNet,DDR3-D0,(6-87-49)] [O: CesConstraint,ORDER_TYPE,(422-10-22)]
[Ok][Addition] - [BE->FE] [P: CesElectricalNet,DDR3-D3,(6-84-47)] [O: CesConstraint,ORDER_TYPE,(422-11-22)]
[Ok][Addition] - [BE->FE] [P: CesPhysicalNet,DDR3-D3,(6-84-49)] [O: CesConstraint,ORDER_TYPE,(422-12-22)]
[Ok][Addition] - [BE->FE] [P: CesElectricalNet,DDR3-D4,(6-83-47)] [O: CesConstraint,ORDER_TYPE,(422-13-22)]
[Ok][Addition] - [BE->FE] [P: CesPhysicalNet,DDR3-D4,(6-83-49)] [O: CesConstraint,ORDER_TYPE,(422-14-22)]
[Ok][Addition] - [BE->FE] [P: CesElectricalNet,DDR3-D5,(6-82-47)] [O: CesConstraint,ORDER_TYPE,(422-15-22)]
[Ok][Addition] - [BE->FE] [P: CesPhysicalNet,DDR3-D5,(6-82-49)] [O: CesConstraint,ORDER_TYPE,(422-16-22)]
[Ok][Addition] - [BE->FE] [P: CesElectricalNet,DDR3-D1,(6-77-47)] [O: CesConstraint,ORDER_TYPE,(422-17-22)]
[Ok][Addition] - [BE->FE] [P: CesPhysicalNet,DDR3-D1,(6-77-49)] [O: CesConstraint,ORDER_TYPE,(422-18-22)]
[Ok][Addition] - [BE->FE] [P: CesElectricalNet,DDR3-D2,(6-75-47)] [O: CesConstraint,IMPEDANCE,(422-19-22)]
[Ok][Addition] - [BE->FE] [P: CesPhysicalNet,DDR3-D2,(6-75-49)] [O: CesConstraint,IMPEDANCE,(422-20-22)]
[Ok][Addition] - [BE->FE] [P: CesElectricalNet,DDR3-D1,(6-77-47)] [O: CesConstraint,IMPEDANCE,(422-21-22)]
[Ok][Addition] - [BE->FE] [P: CesPhysicalNet,DDR3-D1,(6-77-49)] [O: CesConstraint,IMPEDANCE,(422-22-22)]
[Ok][Addition] - [BE->FE] [P: CesElectricalNet,DDR3-D5,(6-82-47)] [O: CesConstraint,IMPEDANCE,(422-23-22)]
[Ok][Addition] - [BE->FE] [P: CesPhysicalNet,DDR3-D5,(6-82-49)] [O: CesConstraint,IMPEDANCE,(422-24-22)]
[Ok][Addition] - [BE->FE] [P: CesElectricalNet,DDR3-D4,(6-83-47)] [O: CesConstraint,IMPEDANCE,(422-25-22)]
[Ok][Addition] - [BE->FE] [P: CesPhysicalNet,DDR3-D4,(6-83-49)] [O: CesConstraint,IMPEDANCE,(422-26-22)]
[Ok][Addition] - [BE->FE] [P: CesElectricalNet,DDR3-D3,(6-84-47)] [O: CesConstraint,IMPEDANCE,(422-27-22)]
[Ok][Addition] - [BE->FE] [P: CesPhysicalNet,DDR3-D3,(6-84-49)] [O: CesConstraint,IMPEDANCE,(422-28-22)]
[Ok][Addition] - [BE->FE] [P: CesElectricalNet,DDR3-D0,(6-87-47)] [O: CesConstraint,IMPEDANCE,(422-29-22)]
[Ok][Addition] - [BE->FE] [P: CesPhysicalNet,DDR3-D0,(6-87-49)] [O: CesConstraint,IMPEDANCE,(422-30-22)]
[Ok][Addition] - [BE->FE] [P: CesElectricalNet,DDR3-DM0,(28-16-47)] [O: CesConstraint,IMPEDANCE,(422-31-22)]
[Ok][Addition] - [BE->FE] [P: CesPhysicalNet,DDR3-DM0,(28-16-49)] [O: CesConstraint,IMPEDANCE,(422-32-22)]
[Ok][Addition] - [BE->FE] [P: CesElectricalNet,DDR3-D6,(28-32-47)] [O: CesConstraint,IMPEDANCE,(422-33-22)]
[Ok][Addition] - [BE->FE] [P: CesPhysicalNet,DDR3-D6,(28-32-49)] [O: CesConstraint,IMPEDANCE,(422-34-22)]
[Ok][Addition] - [BE->FE] [P: CesElectricalNet,DDR3-D7,(28-36-47)] [O: CesConstraint,IMPEDANCE,(422-35-22)]
[Ok][Addition] - [BE->FE] [P: CesPhysicalNet,DDR3-D7,(28-36-49)] [O: CesConstraint,IMPEDANCE,(422-36-22)]
[Ok][Addition] - [BE->FE] [P: CesElectricalNet,DDR3-D3,(6-84-47)] [O: CesConstraint,DELAY_TYPE,(422-37-22)]
[Ok][Addition] - [BE->FE] [P: CesPhysicalNet,DDR3-D3,(6-84-49)] [O: CesConstraint,DELAY_TYPE,(422-38-22)]
[Ok][Addition] - [BE->FE] [P: CesElectricalNet,DDR3-D0,(6-87-47)] [O: CesConstraint,DELAY_TYPE,(422-40-22)]
[Ok][Addition] - [BE->FE] [P: CesPhysicalNet,DDR3-D0,(6-87-49)] [O: CesConstraint,DELAY_TYPE,(422-41-22)]
[Ok][Addition] - [BE->FE] [P: CesElectricalNet,DDR3-DM0,(28-16-47)] [O: CesConstraint,DELAY_TYPE,(422-43-22)]
[Ok][Addition] - [BE->FE] [P: CesPhysicalNet,DDR3-DM0,(28-16-49)] [O: CesConstraint,DELAY_TYPE,(422-44-22)]
[Ok][Addition] - [BE->FE] [P: CesElectricalNet,DDR3-D6,(28-32-47)] [O: CesConstraint,DELAY_TYPE,(422-46-22)]
[Ok][Addition] - [BE->FE] [P: CesPhysicalNet,DDR3-D6,(28-32-49)] [O: CesConstraint,DELAY_TYPE,(422-47-22)]
[Ok][Addition] - [BE->FE] [P: CesElectricalNet,DDR3-D7,(28-36-47)] [O: CesConstraint,DELAY_TYPE,(422-49-22)]
[Ok][Addition] - [BE->FE] [P: CesPhysicalNet,DDR3-D7,(28-36-49)] [O: CesConstraint,DELAY_TYPE,(422-50-22)]
[Ok][Addition] - [BE->FE] [P: CesElectricalNet,DDR3-D4,(6-83-47)] [O: CesConstraint,DELAY_TYPE,(428-1-22)]
[Ok][Addition] - [BE->FE] [P: CesPhysicalNet,DDR3-D4,(6-83-49)] [O: CesConstraint,DELAY_TYPE,(428-2-22)]
[Ok][Addition] - [BE->FE] [P: CesDiffPair,DDR3-DQS0_N,DDR3-DQS0_P,(259-2-46)] [O: CesConstraint,DELAY_TYPE,(428-4-22)]
[Ok][Addition] - [BE->FE] [P: CesElectricalNet,DDR3-DQS0_N,(28-43-47)] [O: CesConstraint,DELAY_TYPE,(428-5-22)]
[Ok][Addition] - [BE->FE] [P: CesPhysicalNet,DDR3-DQS0_N,(28-43-49)] [O: CesConstraint,DELAY_TYPE,(428-6-22)]
[Ok][Addition] - [BE->FE] [P: CesElectricalNet,DDR3-DQS0_P,(28-22-47)] [O: CesConstraint,DELAY_TYPE,(428-7-22)]
[Ok][Addition] - [BE->FE] [P: CesPhysicalNet,DDR3-DQS0_P,(28-22-49)] [O: CesConstraint,DELAY_TYPE,(428-8-22)]
[Ok][Addition] - [BE->FE] [P: CesElectricalNet,DDR3-D2,(6-75-47)] [O: CesConstraint,DELAY_TYPE,(428-9-22)]
[Ok][Addition] - [BE->FE] [P: CesPhysicalNet,DDR3-D2,(6-75-49)] [O: CesConstraint,DELAY_TYPE,(428-10-22)]
[Ok][Addition] - [BE->FE] [P: CesElectricalNet,DDR3-D1,(6-77-47)] [O: CesConstraint,DELAY_TYPE,(428-12-22)]
[Ok][Addition] - [BE->FE] [P: CesPhysicalNet,DDR3-D1,(6-77-49)] [O: CesConstraint,DELAY_TYPE,(428-13-22)]
[Ok][Addition] - [BE->FE] [P: CesElectricalNet,DDR3-D5,(6-82-47)] [O: CesConstraint,DELAY_TYPE,(428-15-22)]
[Ok][Addition] - [BE->FE] [P: CesPhysicalNet,DDR3-D5,(6-82-49)] [O: CesConstraint,DELAY_TYPE,(428-16-22)]
[Ok][Addition] - [BE->FE] [P: CesDiffPair,DDR3-DQS3_N,DDR3-DQS3_P,(259-3-46)] [O: CesConstraint,DELAY_TYPE,(428-100-22)]
[Ok][Addition] - [BE->FE] [P: CesElectricalNet,DDR3-DQS3_N,(28-14-47)] [O: CesConstraint,DELAY_TYPE,(428-101-22)]
[Ok][Addition] - [BE->FE] [P: CesPhysicalNet,DDR3-DQS3_N,(28-14-49)] [O: CesConstraint,DELAY_TYPE,(428-102-22)]
[Ok][Addition] - [BE->FE] [P: CesElectricalNet,DDR3-DQS3_P,(28-39-47)] [O: CesConstraint,DELAY_TYPE,(428-103-22)]
[Ok][Addition] - [BE->FE] [P: CesPhysicalNet,DDR3-DQS3_P,(28-39-49)] [O: CesConstraint,DELAY_TYPE,(428-104-22)]
[Ok][Addition] - [BE->FE] [P: CesElectricalNet,DDR3-D24,(28-8-47)] [O: CesConstraint,DELAY_TYPE,(428-105-22)]
[Ok][Addition] - [BE->FE] [P: CesPhysicalNet,DDR3-D24,(28-8-49)] [O: CesConstraint,DELAY_TYPE,(428-106-22)]
[Ok][Addition] - [BE->FE] [P: CesElectricalNet,DDR3-D31,(28-9-47)] [O: CesConstraint,DELAY_TYPE,(428-107-22)]
[Ok][Addition] - [BE->FE] [P: CesPhysicalNet,DDR3-D31,(28-9-49)] [O: CesConstraint,DELAY_TYPE,(428-108-22)]
[Ok][Addition] - [BE->FE] [P: CesElectricalNet,DDR3-D25,(28-12-47)] [O: CesConstraint,DELAY_TYPE,(428-109-22)]
[Ok][Addition] - [BE->FE] [P: CesPhysicalNet,DDR3-D25,(28-12-49)] [O: CesConstraint,DELAY_TYPE,(428-110-22)]
[Ok][Addition] - [BE->FE] [P: CesElectricalNet,DDR3-DM3,(28-21-47)] [O: CesConstraint,DELAY_TYPE,(428-111-22)]
[Ok][Addition] - [BE->FE] [P: CesPhysicalNet,DDR3-DM3,(28-21-49)] [O: CesConstraint,DELAY_TYPE,(428-112-22)]
[Ok][Addition] - [BE->FE] [P: CesElectricalNet,DDR3-D27,(28-26-47)] [O: CesConstraint,DELAY_TYPE,(428-113-22)]
[Ok][Addition] - [BE->FE] [P: CesPhysicalNet,DDR3-D27,(28-26-49)] [O: CesConstraint,DELAY_TYPE,(428-114-22)]
[Ok][Addition] - [BE->FE] [P: CesElectricalNet,DDR3-D28,(28-35-47)] [O: CesConstraint,DELAY_TYPE,(428-115-22)]
[Ok][Addition] - [BE->FE] [P: CesPhysicalNet,DDR3-D28,(28-35-49)] [O: CesConstraint,DELAY_TYPE,(428-116-22)]
[Ok][Addition] - [BE->FE] [P: CesElectricalNet,DDR3-D29,(28-41-47)] [O: CesConstraint,DELAY_TYPE,(428-117-22)]
[Ok][Addition] - [BE->FE] [P: CesPhysicalNet,DDR3-D29,(28-41-49)] [O: CesConstraint,DELAY_TYPE,(428-118-22)]
[Ok][Addition] - [BE->FE] [P: CesElectricalNet,DDR3-D30,(28-42-47)] [O: CesConstraint,DELAY_TYPE,(428-119-22)]
[Ok][Addition] - [BE->FE] [P: CesPhysicalNet,DDR3-D30,(28-42-49)] [O: CesConstraint,DELAY_TYPE,(428-120-22)]
[Ok][Addition] - [BE->FE] [P: CesElectricalNet,DDR3-D26,(28-44-47)] [O: CesConstraint,DELAY_TYPE,(428-121-22)]
[Ok][Addition] - [BE->FE] [P: CesPhysicalNet,DDR3-D26,(28-44-49)] [O: CesConstraint,DELAY_TYPE,(428-122-22)]
[Ok][Addition] - [BE->FE] [P: CesDiffPair,DDR3-DQS1_N,DDR3-DQS1_P,(259-5-46)] [O: CesConstraint,DELAY_TYPE,(429-1-22)]
[Ok][Addition] - [BE->FE] [P: CesElectricalNet,DDR3-DQS1_N,(28-15-47)] [O: CesConstraint,DELAY_TYPE,(429-2-22)]
[Ok][Addition] - [BE->FE] [P: CesPhysicalNet,DDR3-DQS1_N,(28-15-49)] [O: CesConstraint,DELAY_TYPE,(429-3-22)]
[Ok][Addition] - [BE->FE] [P: CesElectricalNet,DDR3-DQS1_P,(28-6-47)] [O: CesConstraint,DELAY_TYPE,(429-4-22)]
[Ok][Addition] - [BE->FE] [P: CesPhysicalNet,DDR3-DQS1_P,(28-6-49)] [O: CesConstraint,DELAY_TYPE,(429-5-22)]
[Ok][Addition] - [BE->FE] [P: CesElectricalNet,DDR3-D11,(28-2-47)] [O: CesConstraint,DELAY_TYPE,(429-6-22)]
[Ok][Addition] - [BE->FE] [P: CesPhysicalNet,DDR3-D11,(28-2-49)] [O: CesConstraint,DELAY_TYPE,(429-7-22)]
[Ok][Addition] - [BE->FE] [P: CesConstraintClass,DRAM_BANK2,(92-7-26)] [O: CesConstraint,DELAY_TYPE,(432-1-22)]
[Ok][Addition] - [BE->FE] [P: CesElectricalNet,DDR3-D10,(28-10-47)] [O: CesConstraint,DELAY_TYPE,(432-2-22)]
[Ok][Addition] - [BE->FE] [P: CesPhysicalNet,DDR3-D10,(28-10-49)] [O: CesConstraint,DELAY_TYPE,(432-3-22)]
[Ok][Addition] - [BE->FE] [P: CesElectricalNet,DDR3-DM1,(28-18-47)] [O: CesConstraint,DELAY_TYPE,(432-4-22)]
[Ok][Addition] - [BE->FE] [P: CesPhysicalNet,DDR3-DM1,(28-18-49)] [O: CesConstraint,DELAY_TYPE,(432-5-22)]
[Ok][Addition] - [BE->FE] [P: CesElectricalNet,DDR3-D15,(28-24-47)] [O: CesConstraint,DELAY_TYPE,(432-6-22)]
[Ok][Addition] - [BE->FE] [P: CesPhysicalNet,DDR3-D15,(28-24-49)] [O: CesConstraint,DELAY_TYPE,(432-7-22)]
[Ok][Addition] - [BE->FE] [P: CesElectricalNet,DDR3-D8,(28-27-47)] [O: CesConstraint,DELAY_TYPE,(432-8-22)]
[Ok][Addition] - [BE->FE] [P: CesPhysicalNet,DDR3-D8,(28-27-49)] [O: CesConstraint,DELAY_TYPE,(432-9-22)]
[Ok][Addition] - [BE->FE] [P: CesElectricalNet,DDR3-D13,(28-28-47)] [O: CesConstraint,DELAY_TYPE,(432-10-22)]
[Ok][Addition] - [BE->FE] [P: CesPhysicalNet,DDR3-D13,(28-28-49)] [O: CesConstraint,DELAY_TYPE,(432-11-22)]
[Ok][Addition] - [BE->FE] [P: CesElectricalNet,DDR3-D14,(28-30-47)] [O: CesConstraint,DELAY_TYPE,(432-12-22)]
[Ok][Addition] - [BE->FE] [P: CesPhysicalNet,DDR3-D14,(28-30-49)] [O: CesConstraint,DELAY_TYPE,(432-13-22)]
[Ok][Addition] - [BE->FE] [P: CesElectricalNet,DDR3-D9,(28-34-47)] [O: CesConstraint,DELAY_TYPE,(432-14-22)]
[Ok][Addition] - [BE->FE] [P: CesPhysicalNet,DDR3-D9,(28-34-49)] [O: CesConstraint,DELAY_TYPE,(432-15-22)]
[Ok][Addition] - [BE->FE] [P: CesElectricalNet,DDR3-D12,(28-45-47)] [O: CesConstraint,DELAY_TYPE,(432-16-22)]
[Ok][Addition] - [BE->FE] [P: CesPhysicalNet,DDR3-D12,(28-45-49)] [O: CesConstraint,DELAY_TYPE,(432-17-22)]
[Ok][Addition] - [BE->FE] [P: CesDiffPair,DDR3-DQS1_N,DDR3-DQS1_P,(259-5-46)] [O: CesConstraint,MATCH_GROUP,(437-16-22)]
[Ok][Addition] - [BE->FE] [P: CesElectricalNet,DDR3-DQS1_N,(28-15-47)] [O: CesConstraint,MATCH_GROUP,(437-17-22)]
[Ok][Addition] - [BE->FE] [P: CesElectricalNet,DDR3-DQS1_P,(28-6-47)] [O: CesConstraint,MATCH_GROUP,(437-18-22)]
[Ok][Addition] - [BE->FE] [P: CesElectricalNet,DDR3-D11,(28-2-47)] [O: CesConstraint,MATCH_GROUP,(437-19-22)]
[Ok][Addition] - [BE->FE] [P: CesElectricalNet,DDR3-D10,(28-10-47)] [O: CesConstraint,MATCH_GROUP,(437-20-22)]
[Ok][Addition] - [BE->FE] [P: CesElectricalNet,DDR3-DM1,(28-18-47)] [O: CesConstraint,MATCH_GROUP,(437-21-22)]
[Ok][Addition] - [BE->FE] [P: CesElectricalNet,DDR3-D15,(28-24-47)] [O: CesConstraint,MATCH_GROUP,(437-22-22)]
[Ok][Addition] - [BE->FE] [P: CesElectricalNet,DDR3-D8,(28-27-47)] [O: CesConstraint,MATCH_GROUP,(437-23-22)]
[Ok][Addition] - [BE->FE] [P: CesElectricalNet,DDR3-D13,(28-28-47)] [O: CesConstraint,MATCH_GROUP,(437-24-22)]
[Ok][Addition] - [BE->FE] [P: CesElectricalNet,DDR3-D14,(28-30-47)] [O: CesConstraint,MATCH_GROUP,(437-25-22)]
[Ok][Addition] - [BE->FE] [P: CesElectricalNet,DDR3-D9,(28-34-47)] [O: CesConstraint,MATCH_GROUP,(437-26-22)]
[Ok][Addition] - [BE->FE] [P: CesElectricalNet,DDR3-D12,(28-45-47)] [O: CesConstraint,MATCH_GROUP,(437-27-22)]
[Ok][Addition] - [BE->FE] [P: CesDiffPair,DDR3-DQS1_N,DDR3-DQS1_P,(259-5-46)] [O: CesConstraint,MATCH_TOLERANCE,(438-4-22)]
[Ok][Addition] - [BE->FE] [P: CesElectricalNet,DDR3-DQS1_N,(28-15-47)] [O: CesConstraint,MATCH_TOLERANCE,(438-5-22)]
[Ok][Addition] - [BE->FE] [P: CesElectricalNet,DDR3-DQS1_P,(28-6-47)] [O: CesConstraint,MATCH_TOLERANCE,(438-6-22)]
[Ok][Addition] - [BE->FE] [P: CesElectricalNet,DDR3-D11,(28-2-47)] [O: CesConstraint,MATCH_TOLERANCE,(438-7-22)]
[Ok][Addition] - [BE->FE] [P: CesElectricalNet,DDR3-D10,(28-10-47)] [O: CesConstraint,MATCH_TOLERANCE,(438-8-22)]
[Ok][Addition] - [BE->FE] [P: CesElectricalNet,DDR3-DM1,(28-18-47)] [O: CesConstraint,MATCH_TOLERANCE,(438-9-22)]
[Ok][Addition] - [BE->FE] [P: CesElectricalNet,DDR3-D15,(28-24-47)] [O: CesConstraint,MATCH_TOLERANCE,(438-10-22)]
[Ok][Addition] - [BE->FE] [P: CesElectricalNet,DDR3-D8,(28-27-47)] [O: CesConstraint,MATCH_TOLERANCE,(438-11-22)]
[Ok][Addition] - [BE->FE] [P: CesElectricalNet,DDR3-D13,(28-28-47)] [O: CesConstraint,MATCH_TOLERANCE,(438-12-22)]
[Ok][Addition] - [BE->FE] [P: CesElectricalNet,DDR3-D14,(28-30-47)] [O: CesConstraint,MATCH_TOLERANCE,(438-13-22)]
[Ok][Addition] - [BE->FE] [P: CesElectricalNet,DDR3-D9,(28-34-47)] [O: CesConstraint,MATCH_TOLERANCE,(438-14-22)]
[Ok][Addition] - [BE->FE] [P: CesElectricalNet,DDR3-D12,(28-45-47)] [O: CesConstraint,MATCH_TOLERANCE,(438-15-22)]
--------------------------------------------------------------------------------
 CES synchronization - END (2020-01-23 21:32:17) 
--------------------------------------------------------------------------------
--------------------------------------------------------------------------------
 VMVariant synchronization - START (2020-01-23 21:32:17) 
--------------------------------------------------------------------------------
--------------------------------------------------------------------------------
 VMVariant synchronization - END (2020-01-23 21:32:17) 
--------------------------------------------------------------------------------
--------------------------------------------------------------------------------
 Project integration - END (2020-01-23 21:32:17) 
--------------------------------------------------------------------------------
