--------------------------------------------------------------------------------
 Project integration - START (2020-02-22 23:44:41) 
--------------------------------------------------------------------------------
FE snapshot name: DxD
BE snapshot name: Fly-By_layout_temp
Top level block: (2-1-5)
Parameters: BAConnectivity,BAConstraints,FEWin,
--------------------------------------------------------------------------------
--------------------------------------------------------------------------------
 Connection synchronization - START (2020-02-22 23:44:41) 
--------------------------------------------------------------------------------
[Ok][Modification] - [BE->FE] [P: Block,Fly-BY,(2-1-5)] [O: FlatComp,cap.1,(30-1-8)]
	Property: Cell Name, Operation: Change
[Ok][Modification] - [BE->FE] [P: Block,Fly-BY,(2-1-5)] [O: FlatComp,res.1,(34-1-8)]
	Property: Cell Name, Operation: Change
[Ok][Modification] - [BE->FE] [P: Block,Fly-BY,(2-1-5)] [O: FlatComp,res.1,(479-1-8)]
	Property: Cell Name, Operation: Change
[Ok][Modification] - [BE->FE] [P: Block,Fly-BY,(2-1-5)] [O: FlatComp,res.1,(574-1-8)]
	Property: Cell Name, Operation: Change
[Ok][Modification] - [BE->FE] [P: Block,Fly-BY,(2-1-5)] [O: FlatComp,xc7z020-2clg484_b.1,(18-2-8)]
	Property: Cell Name, Operation: Change
[Ok][Modification] - [BE->FE] [P: Block,Fly-BY,(2-1-5)] [O: FlatComp,cap.1,(30-2-8)]
	Property: Cell Name, Operation: Change
[Ok][Modification] - [BE->FE] [P: Block,Fly-BY,(2-1-5)] [O: FlatComp,res.1,(479-2-8)]
	Property: Cell Name, Operation: Change
[Ok][Modification] - [BE->FE] [P: Block,Fly-BY,(2-1-5)] [O: FlatComp,xc7z020-2clg484_c.1,(18-3-8)]
	Property: Cell Name, Operation: Change
[Ok][Modification] - [BE->FE] [P: Block,Fly-BY,(2-1-5)] [O: FlatComp,cap.1,(30-3-8)]
	Property: Cell Name, Operation: Change
[Ok][Modification] - [BE->FE] [P: Block,Fly-BY,(2-1-5)] [O: FlatComp,res.1,(479-3-8)]
	Property: Cell Name, Operation: Change
[Ok][Modification] - [BE->FE] [P: Block,Fly-BY,(2-1-5)] [O: FlatComp,xc7z020-2clg484_d.1,(18-4-8)]
	Property: Cell Name, Operation: Change
[Ok][Modification] - [BE->FE] [P: Block,Fly-BY,(2-1-5)] [O: FlatComp,cap.1,(30-4-8)]
	Property: Cell Name, Operation: Change
[Ok][Modification] - [BE->FE] [P: Block,Fly-BY,(2-1-5)] [O: FlatComp,res.1,(34-4-8)]
	Property: Cell Name, Operation: Change
[Ok][Modification] - [BE->FE] [P: Block,Fly-BY,(2-1-5)] [O: FlatComp,res.1,(479-4-8)]
	Property: Cell Name, Operation: Change
[Ok][Modification] - [BE->FE] [P: Block,Fly-BY,(2-1-5)] [O: FlatComp,xc7z020-2clg484_e.1,(18-5-8)]
	Property: Cell Name, Operation: Change
[Ok][Modification] - [BE->FE] [P: Block,Fly-BY,(2-1-5)] [O: FlatComp,cap.1,(30-5-8)]
	Property: Cell Name, Operation: Change
[Ok][Modification] - [BE->FE] [P: Block,Fly-BY,(2-1-5)] [O: FlatComp,xc7z020-2clg484_f.1,(18-6-8)]
	Property: Cell Name, Operation: Change
[Ok][Modification] - [BE->FE] [P: Block,Fly-BY,(2-1-5)] [O: FlatComp,cap.1,(30-6-8)]
	Property: Cell Name, Operation: Change
[Ok][Modification] - [BE->FE] [P: Block,Fly-BY,(2-1-5)] [O: FlatComp,res.1,(479-6-8)]
	Property: Cell Name, Operation: Change
[Ok][Modification] - [BE->FE] [P: Block,Fly-BY,(2-1-5)] [O: FlatComp,xc7z020-2clg484_g.1,(18-7-8)]
	Property: Cell Name, Operation: Change
[Ok][Modification] - [BE->FE] [P: Block,Fly-BY,(2-1-5)] [O: FlatComp,cap.1,(30-7-8)]
	Property: Cell Name, Operation: Change
[Ok][Modification] - [BE->FE] [P: Block,Fly-BY,(2-1-5)] [O: FlatComp,res.1,(479-7-8)]
	Property: Cell Name, Operation: Change
[Ok][Modification] - [BE->FE] [P: Block,Fly-BY,(2-1-5)] [O: FlatComp,xc7z020-2clg484_h.1,(18-8-8)]
	Property: Cell Name, Operation: Change
[Ok][Modification] - [BE->FE] [P: Block,Fly-BY,(2-1-5)] [O: FlatComp,cap.1,(30-8-8)]
	Property: Cell Name, Operation: Change
[Ok][Modification] - [BE->FE] [P: Block,Fly-BY,(2-1-5)] [O: FlatComp,res.1,(479-8-8)]
	Property: Cell Name, Operation: Change
[Ok][Modification] - [BE->FE] [P: Block,Fly-BY,(2-1-5)] [O: FlatComp,xc7z020-2clg484_i.1,(18-9-8)]
	Property: Cell Name, Operation: Change
[Ok][Modification] - [BE->FE] [P: Block,Fly-BY,(2-1-5)] [O: FlatComp,cap.1,(30-9-8)]
	Property: Cell Name, Operation: Change
[Ok][Modification] - [BE->FE] [P: Block,Fly-BY,(2-1-5)] [O: FlatComp,cap.1,(30-10-8)]
	Property: Cell Name, Operation: Change
[Ok][Modification] - [BE->FE] [P: Block,Fly-BY,(2-1-5)] [O: FlatComp,res.1,(479-10-8)]
	Property: Cell Name, Operation: Change
[Ok][Modification] - [BE->FE] [P: Block,Fly-BY,(2-1-5)] [O: FlatComp,cap.1,(30-11-8)]
	Property: Cell Name, Operation: Change
[Ok][Modification] - [BE->FE] [P: Block,Fly-BY,(2-1-5)] [O: FlatComp,cap.1,(18-12-8)]
	Property: Cell Name, Operation: Change
[Ok][Modification] - [BE->FE] [P: Block,Fly-BY,(2-1-5)] [O: FlatComp,cap.1,(30-12-8)]
	Property: Cell Name, Operation: Change
[Ok][Modification] - [BE->FE] [P: Block,Fly-BY,(2-1-5)] [O: FlatComp,cap.1,(30-13-8)]
	Property: Cell Name, Operation: Change
[Ok][Modification] - [BE->FE] [P: Block,Fly-BY,(2-1-5)] [O: FlatComp,cap.1,(30-15-8)]
	Property: Cell Name, Operation: Change
[Ok][Modification] - [BE->FE] [P: Block,Fly-BY,(2-1-5)] [O: FlatComp,cap.1,(30-16-8)]
	Property: Cell Name, Operation: Change
[Ok][Modification] - [BE->FE] [P: Block,Fly-BY,(2-1-5)] [O: FlatComp,cap.1,(18-17-8)]
	Property: Cell Name, Operation: Change
[Ok][Modification] - [BE->FE] [P: Block,Fly-BY,(2-1-5)] [O: FlatComp,cap.1,(18-18-8)]
	Property: Cell Name, Operation: Change
[Ok][Modification] - [BE->FE] [P: Block,Fly-BY,(2-1-5)] [O: FlatComp,cap.1,(30-18-8)]
	Property: Cell Name, Operation: Change
[Ok][Modification] - [BE->FE] [P: Block,Fly-BY,(2-1-5)] [O: FlatComp,cap.1,(18-19-8)]
	Property: Cell Name, Operation: Change
[Ok][Modification] - [BE->FE] [P: Block,Fly-BY,(2-1-5)] [O: FlatComp,cap.1,(18-20-8)]
	Property: Cell Name, Operation: Change
[Ok][Modification] - [BE->FE] [P: Block,Fly-BY,(2-1-5)] [O: FlatComp,cap.1,(30-20-8)]
	Property: Cell Name, Operation: Change
[Ok][Modification] - [BE->FE] [P: Block,Fly-BY,(2-1-5)] [O: FlatComp,cap.1,(18-21-8)]
	Property: Cell Name, Operation: Change
[Ok][Modification] - [BE->FE] [P: Block,Fly-BY,(2-1-5)] [O: FlatComp,bead.1,(30-21-8)]
	Property: Cell Name, Operation: Change
[Ok][Modification] - [BE->FE] [P: Block,Fly-BY,(2-1-5)] [O: FlatComp,cap.1,(18-22-8)]
	Property: Cell Name, Operation: Change
[Ok][Modification] - [BE->FE] [P: Block,Fly-BY,(2-1-5)] [O: FlatComp,cap.1,(30-22-8)]
	Property: Cell Name, Operation: Change
[Ok][Modification] - [BE->FE] [P: Block,Fly-BY,(2-1-5)] [O: FlatComp,cap.1,(18-23-8)]
	Property: Cell Name, Operation: Change
[Ok][Modification] - [BE->FE] [P: Block,Fly-BY,(2-1-5)] [O: FlatComp,cap.1,(30-23-8)]
	Property: Cell Name, Operation: Change
[Ok][Modification] - [BE->FE] [P: Block,Fly-BY,(2-1-5)] [O: FlatComp,bead.1,(39-23-8)]
	Property: Cell Name, Operation: Change
[Ok][Modification] - [BE->FE] [P: Block,Fly-BY,(2-1-5)] [O: FlatComp,cap.1,(18-24-8)]
	Property: Cell Name, Operation: Change
[Ok][Modification] - [BE->FE] [P: Block,Fly-BY,(2-1-5)] [O: FlatComp,cap.1,(18-25-8)]
	Property: Cell Name, Operation: Change
[Ok][Modification] - [BE->FE] [P: Block,Fly-BY,(2-1-5)] [O: FlatComp,cap.1,(39-25-8)]
	Property: Cell Name, Operation: Change
[Ok][Modification] - [BE->FE] [P: Block,Fly-BY,(2-1-5)] [O: FlatComp,cap.1,(18-26-8)]
	Property: Cell Name, Operation: Change
[Ok][Modification] - [BE->FE] [P: Block,Fly-BY,(2-1-5)] [O: FlatComp,cap.1,(30-26-8)]
	Property: Cell Name, Operation: Change
[Ok][Modification] - [BE->FE] [P: Block,Fly-BY,(2-1-5)] [O: FlatComp,cap.1,(18-27-8)]
	Property: Cell Name, Operation: Change
[Ok][Modification] - [BE->FE] [P: Block,Fly-BY,(2-1-5)] [O: FlatComp,cap.1,(30-27-8)]
	Property: Cell Name, Operation: Change
[Ok][Modification] - [BE->FE] [P: Block,Fly-BY,(2-1-5)] [O: FlatComp,cap.1,(39-27-8)]
	Property: Cell Name, Operation: Change
[Ok][Modification] - [BE->FE] [P: Block,Fly-BY,(2-1-5)] [O: FlatComp,cap.1,(18-28-8)]
	Property: Cell Name, Operation: Change
[Ok][Modification] - [BE->FE] [P: Block,Fly-BY,(2-1-5)] [O: FlatComp,cap.1,(39-28-8)]
	Property: Cell Name, Operation: Change
[Ok][Modification] - [BE->FE] [P: Block,Fly-BY,(2-1-5)] [O: FlatComp,cap.1,(18-29-8)]
	Property: Cell Name, Operation: Change
[Ok][Modification] - [BE->FE] [P: Block,Fly-BY,(2-1-5)] [O: FlatComp,cap.1,(30-29-8)]
	Property: Cell Name, Operation: Change
[Ok][Modification] - [BE->FE] [P: Block,Fly-BY,(2-1-5)] [O: FlatComp,cap.1,(39-29-8)]
	Property: Cell Name, Operation: Change
[Ok][Modification] - [BE->FE] [P: Block,Fly-BY,(2-1-5)] [O: FlatComp,cap.1,(18-30-8)]
	Property: Cell Name, Operation: Change
[Ok][Modification] - [BE->FE] [P: Block,Fly-BY,(2-1-5)] [O: FlatComp,cap.1,(30-30-8)]
	Property: Cell Name, Operation: Change
[Ok][Modification] - [BE->FE] [P: Block,Fly-BY,(2-1-5)] [O: FlatComp,cap.1,(18-31-8)]
	Property: Cell Name, Operation: Change
[Ok][Modification] - [BE->FE] [P: Block,Fly-BY,(2-1-5)] [O: FlatComp,cap.1,(30-31-8)]
	Property: Cell Name, Operation: Change
[Ok][Modification] - [BE->FE] [P: Block,Fly-BY,(2-1-5)] [O: FlatComp,cap.1,(18-32-8)]
	Property: Cell Name, Operation: Change
[Ok][Modification] - [BE->FE] [P: Block,Fly-BY,(2-1-5)] [O: FlatComp,cap.1,(30-32-8)]
	Property: Cell Name, Operation: Change
[Ok][Modification] - [BE->FE] [P: Block,Fly-BY,(2-1-5)] [O: FlatComp,cap.1,(18-33-8)]
	Property: Cell Name, Operation: Change
[Ok][Modification] - [BE->FE] [P: Block,Fly-BY,(2-1-5)] [O: FlatComp,cap.1,(30-33-8)]
	Property: Cell Name, Operation: Change
[Ok][Modification] - [BE->FE] [P: Block,Fly-BY,(2-1-5)] [O: FlatComp,cap.1,(39-33-8)]
	Property: Cell Name, Operation: Change
[Ok][Modification] - [BE->FE] [P: Block,Fly-BY,(2-1-5)] [O: FlatComp,cap.1,(18-34-8)]
	Property: Cell Name, Operation: Change
[Ok][Modification] - [BE->FE] [P: Block,Fly-BY,(2-1-5)] [O: FlatComp,xc7z020-2clg484_a.1,(39-34-8)]
	Property: Cell Name, Operation: Change
[Ok][Modification] - [BE->FE] [P: Block,Fly-BY,(2-1-5)] [O: FlatComp,cap.1,(30-35-8)]
	Property: Cell Name, Operation: Change
[Ok][Modification] - [BE->FE] [P: Block,Fly-BY,(2-1-5)] [O: FlatComp,cap.1,(30-36-8)]
	Property: Cell Name, Operation: Change
[Ok][Modification] - [BE->FE] [P: Block,Fly-BY,(2-1-5)] [O: FlatComp,cap.1,(30-37-8)]
	Property: Cell Name, Operation: Change
[Ok][Modification] - [BE->FE] [P: Block,Fly-BY,(2-1-5)] [O: FlatComp,cap.1,(30-38-8)]
	Property: Cell Name, Operation: Change
[Ok][Modification] - [BE->FE] [P: Block,Fly-BY,(2-1-5)] [O: FlatComp,cap.1,(30-39-8)]
	Property: Cell Name, Operation: Change
[Ok][Modification] - [BE->FE] [P: Block,Fly-BY,(2-1-5)] [O: FlatComp,cap.1,(39-39-8)]
	Property: Cell Name, Operation: Change
[Ok][Modification] - [BE->FE] [P: Block,Fly-BY,(2-1-5)] [O: FlatComp,cap.1,(18-40-8)]
	Property: Cell Name, Operation: Change
[Ok][Modification] - [BE->FE] [P: Block,Fly-BY,(2-1-5)] [O: FlatComp,cap.1,(30-40-8)]
	Property: Cell Name, Operation: Change
[Ok][Modification] - [BE->FE] [P: Block,Fly-BY,(2-1-5)] [O: FlatComp,cap.1,(30-41-8)]
	Property: Cell Name, Operation: Change
[Ok][Modification] - [BE->FE] [P: Block,Fly-BY,(2-1-5)] [O: FlatComp,cap.1,(39-41-8)]
	Property: Cell Name, Operation: Change
[Ok][Modification] - [BE->FE] [P: Block,Fly-BY,(2-1-5)] [O: FlatComp,cap.1,(30-42-8)]
	Property: Cell Name, Operation: Change
[Ok][Modification] - [BE->FE] [P: Block,Fly-BY,(2-1-5)] [O: FlatComp,cap.1,(39-42-8)]
	Property: Cell Name, Operation: Change
[Ok][Modification] - [BE->FE] [P: Block,Fly-BY,(2-1-5)] [O: FlatComp,cap.1,(30-43-8)]
	Property: Cell Name, Operation: Change
[Ok][Modification] - [BE->FE] [P: Block,Fly-BY,(2-1-5)] [O: FlatComp,cap.1,(39-43-8)]
	Property: Cell Name, Operation: Change
[Ok][Modification] - [BE->FE] [P: Block,Fly-BY,(2-1-5)] [O: FlatComp,cap.1,(30-44-8)]
	Property: Cell Name, Operation: Change
[Ok][Modification] - [BE->FE] [P: Block,Fly-BY,(2-1-5)] [O: FlatComp,cap.1,(39-44-8)]
	Property: Cell Name, Operation: Change
[Ok][Modification] - [BE->FE] [P: Block,Fly-BY,(2-1-5)] [O: FlatComp,cap.1,(30-45-8)]
	Property: Cell Name, Operation: Change
[Ok][Modification] - [BE->FE] [P: Block,Fly-BY,(2-1-5)] [O: FlatComp,cap.1,(39-45-8)]
	Property: Cell Name, Operation: Change
[Ok][Modification] - [BE->FE] [P: Block,Fly-BY,(2-1-5)] [O: FlatComp,cap.1,(30-46-8)]
	Property: Cell Name, Operation: Change
[Ok][Modification] - [BE->FE] [P: Block,Fly-BY,(2-1-5)] [O: FlatComp,cap.1,(39-46-8)]
	Property: Cell Name, Operation: Change
[Ok][Modification] - [BE->FE] [P: Block,Fly-BY,(2-1-5)] [O: FlatComp,cap.1,(30-48-8)]
	Property: Cell Name, Operation: Change
[Ok][Modification] - [BE->FE] [P: Block,Fly-BY,(2-1-5)] [O: FlatComp,cap.1,(30-49-8)]
	Property: Cell Name, Operation: Change
[Ok][Modification] - [BE->FE] [P: Block,Fly-BY,(2-1-5)] [O: FlatComp,cap.1,(39-49-8)]
	Property: Cell Name, Operation: Change
[Ok][Modification] - [BE->FE] [P: Block,Fly-BY,(2-1-5)] [O: FlatComp,cap.1,(39-50-8)]
	Property: Cell Name, Operation: Change
[Ok][Modification] - [BE->FE] [P: Block,Fly-BY,(2-1-5)] [O: FlatComp,cap.1,(30-51-8)]
	Property: Cell Name, Operation: Change
[Ok][Modification] - [BE->FE] [P: Block,Fly-BY,(2-1-5)] [O: FlatComp,cap.1,(39-51-8)]
	Property: Cell Name, Operation: Change
[Ok][Modification] - [BE->FE] [P: Block,Fly-BY,(2-1-5)] [O: FlatComp,cap.1,(39-52-8)]
	Property: Cell Name, Operation: Change
[Ok][Modification] - [BE->FE] [P: Block,Fly-BY,(2-1-5)] [O: FlatComp,cap.1,(39-53-8)]
	Property: Cell Name, Operation: Change
[Ok][Modification] - [BE->FE] [P: Block,Fly-BY,(2-1-5)] [O: FlatComp,cap.1,(39-54-8)]
	Property: Cell Name, Operation: Change
[Ok][Modification] - [BE->FE] [P: Block,Fly-BY,(2-1-5)] [O: FlatComp,cap.1,(30-55-8)]
	Property: Cell Name, Operation: Change
[Ok][Modification] - [BE->FE] [P: Block,Fly-BY,(2-1-5)] [O: FlatComp,cap.1,(39-55-8)]
	Property: Cell Name, Operation: Change
[Ok][Modification] - [BE->FE] [P: Block,Fly-BY,(2-1-5)] [O: FlatComp,cap.1,(30-56-8)]
	Property: Cell Name, Operation: Change
[Ok][Modification] - [BE->FE] [P: Block,Fly-BY,(2-1-5)] [O: FlatComp,cap.1,(39-56-8)]
	Property: Cell Name, Operation: Change
[Ok][Modification] - [BE->FE] [P: Block,Fly-BY,(2-1-5)] [O: FlatComp,cap.1,(39-57-8)]
	Property: Cell Name, Operation: Change
[Ok][Modification] - [BE->FE] [P: Block,Fly-BY,(2-1-5)] [O: FlatComp,cap.1,(30-58-8)]
	Property: Cell Name, Operation: Change
[Ok][Modification] - [BE->FE] [P: Block,Fly-BY,(2-1-5)] [O: FlatComp,cap.1,(39-58-8)]
	Property: Cell Name, Operation: Change
[Ok][Modification] - [BE->FE] [P: Block,Fly-BY,(2-1-5)] [O: FlatComp,cap.1,(39-59-8)]
	Property: Cell Name, Operation: Change
[Ok][Modification] - [BE->FE] [P: Block,Fly-BY,(2-1-5)] [O: FlatComp,cap.1,(39-60-8)]
	Property: Cell Name, Operation: Change
[Ok][Modification] - [BE->FE] [P: Block,Fly-BY,(2-1-5)] [O: FlatComp,cap.1,(39-65-8)]
	Property: Cell Name, Operation: Change
[Ok][Modification] - [BE->FE] [P: Block,Fly-BY,(2-1-5)] [O: FlatComp,cap.1,(39-66-8)]
	Property: Cell Name, Operation: Change
[Ok][Modification] - [BE->FE] [P: Block,Fly-BY,(2-1-5)] [O: FlatComp,cap.1,(39-67-8)]
	Property: Cell Name, Operation: Change
[Ok][Modification] - [BE->FE] [P: Block,Fly-BY,(2-1-5)] [O: FlatComp,cap.1,(39-68-8)]
	Property: Cell Name, Operation: Change
[Ok][Modification] - [BE->FE] [P: Block,Fly-BY,(2-1-5)] [O: FlatComp,cap.1,(39-69-8)]
	Property: Cell Name, Operation: Change
[Ok][Modification] - [BE->FE] [P: Block,Fly-BY,(2-1-5)] [O: FlatComp,cap.1,(39-70-8)]
	Property: Cell Name, Operation: Change
[Ok][Modification] - [BE->FE] [P: Block,Fly-BY,(2-1-5)] [O: FlatComp,cap.1,(39-71-8)]
	Property: Cell Name, Operation: Change
[Ok][Modification] - [BE->FE] [P: Block,Fly-BY,(2-1-5)] [O: FlatComp,cap.1,(39-72-8)]
	Property: Cell Name, Operation: Change
[Ok][Modification] - [BE->FE] [P: Block,Fly-BY,(2-1-5)] [O: FlatComp,cap.1,(39-73-8)]
	Property: Cell Name, Operation: Change
[Ok][Modification] - [BE->FE] [P: Block,Fly-BY,(2-1-5)] [O: FlatComp,cap.1,(39-74-8)]
	Property: Cell Name, Operation: Change
[Ok][Modification] - [BE->FE] [P: Block,Fly-BY,(2-1-5)] [O: FlatComp,cap.1,(39-75-8)]
	Property: Cell Name, Operation: Change
[Ok][Modification] - [BE->FE] [P: Block,Fly-BY,(2-1-5)] [O: FlatComp,cap.1,(39-76-8)]
	Property: Cell Name, Operation: Change
[Ok][Modification] - [BE->FE] [P: Block,Fly-BY,(2-1-5)] [O: FlatComp,res.1,(30-80-8)]
	Property: Cell Name, Operation: Change
[Ok][Modification] - [BE->FE] [P: Block,Fly-BY,(2-1-5)] [O: FlatComp,res.1,(30-81-8)]
	Property: Cell Name, Operation: Change
[Ok][Modification] - [BE->FE] [P: Block,Fly-BY,(2-1-5)] [O: FlatComp,res.1,(30-83-8)]
	Property: Cell Name, Operation: Change
[Ok][Modification] - [BE->FE] [P: Block,Fly-BY,(2-1-5)] [O: FlatComp,res.1,(30-99-8)]
	Property: Cell Name, Operation: Change
[Ok][Modification] - [BE->FE] [P: Block,Fly-BY,(2-1-5)] [O: FlatComp,res.1,(30-100-8)]
	Property: Cell Name, Operation: Change
[Ok][Modification] - [BE->FE] [P: Block,Fly-BY,(2-1-5)] [O: FlatComp,res.1,(30-101-8)]
	Property: Cell Name, Operation: Change
[Ok][Modification] - [BE->FE] [P: Block,Fly-BY,(2-1-5)] [O: FlatComp,res.1,(30-102-8)]
	Property: Cell Name, Operation: Change
[Ok][Modification] - [BE->FE] [P: Block,Fly-BY,(2-1-5)] [O: FlatComp,res.1,(30-104-8)]
	Property: Cell Name, Operation: Change
[Ok][Modification] - [BE->FE] [P: Block,Fly-BY,(2-1-5)] [O: FlatComp,res.1,(30-105-8)]
	Property: Cell Name, Operation: Change
[Ok][Modification] - [BE->FE] [P: Block,Fly-BY,(2-1-5)] [O: FlatComp,res.1,(30-106-8)]
	Property: Cell Name, Operation: Change
[Ok][Modification] - [BE->FE] [P: Block,Fly-BY,(2-1-5)] [O: FlatComp,res.1,(30-107-8)]
	Property: Cell Name, Operation: Change
[Ok][Modification] - [BE->FE] [P: Block,Fly-BY,(2-1-5)] [O: FlatComp,res.1,(30-108-8)]
	Property: Cell Name, Operation: Change
[Ok][Modification] - [BE->FE] [P: Block,Fly-BY,(2-1-5)] [O: FlatComp,res.1,(30-109-8)]
	Property: Cell Name, Operation: Change
[Ok][Modification] - [BE->FE] [P: Block,Fly-BY,(2-1-5)] [O: FlatComp,res.1,(30-110-8)]
	Property: Cell Name, Operation: Change
[Ok][Modification] - [BE->FE] [P: Block,Fly-BY,(2-1-5)] [O: FlatComp,res.1,(30-111-8)]
	Property: Cell Name, Operation: Change
[Ok][Modification] - [BE->FE] [P: Block,Fly-BY,(2-1-5)] [O: FlatComp,res.1,(30-112-8)]
	Property: Cell Name, Operation: Change
[Ok][Modification] - [BE->FE] [P: Block,Fly-BY,(2-1-5)] [O: FlatComp,res.1,(30-113-8)]
	Property: Cell Name, Operation: Change
[Ok][Modification] - [BE->FE] [P: Block,Fly-BY,(2-1-5)] [O: FlatComp,res.1,(30-115-8)]
	Property: Cell Name, Operation: Change
[Ok][Modification] - [BE->FE] [P: Block,Fly-BY,(2-1-5)] [O: FlatComp,res.1,(30-117-8)]
	Property: Cell Name, Operation: Change
[Ok][Modification] - [BE->FE] [P: Block,Fly-BY,(2-1-5)] [O: FlatComp,res.1,(30-119-8)]
	Property: Cell Name, Operation: Change
[Ok][Modification] - [BE->FE] [P: Block,Fly-BY,(2-1-5)] [O: FlatComp,MICRON_MT41K128M16HA.1,(28-157-8)]
	Property: Cell Name, Operation: Change
[Ok][Modification] - [BE->FE] [P: Block,Fly-BY,(2-1-5)] [O: FlatComp,MICRON_MT41K128M16HA.1,(28-212-8)]
	Property: Cell Name, Operation: Change
--------------------------------------------------------------------------------
 Connection synchronization - END (2020-02-22 23:44:41) 
--------------------------------------------------------------------------------
--------------------------------------------------------------------------------
 CES synchronization - START (2020-02-22 23:44:41) 
--------------------------------------------------------------------------------
[Ok][Deletion] - [BE->FE] [P: CesDesign,CesDesign,(2-1-21)] [O: CesC2CClearRule,CesC2CClearRule,(11-1-31)]
[Ok][Deletion] - [BE->FE] [P: CesDesign,CesDesign,(2-1-21)] [O: CesScheme,CPU,(11-1-37)]
[Ok][Addition] - [BE->FE] [P: CesGenCompObj,DRAM_B1,(513-45-44)] [O: CesGenCompObj,DDR3-D0,(708-1-44)]
[Ok][Addition] - [BE->FE] [P: CesGenCompObj,DDR3-D0,(708-1-44)] [O: CesGenCompObj,DDR3-D0,(708-2-44)]
[Ok][Addition] - [BE->FE] [P: CesGenCompObj,DDR3-D0,(708-2-44)] [O: CesGenObj,Dev1-1,(708-1-45)]
[Ok][Addition] - [BE->FE] [P: CesGenCompObj,DDR3-D0,(708-2-44)] [O: CesGenObj,Dev2-1,(708-2-45)]
[Ok][Addition] - [BE->FE] [P: CesGenCompObj,DRAM_B2,(513-67-44)] [O: CesGenCompObj,DDR3-D8,(708-3-44)]
[Ok][Addition] - [BE->FE] [P: CesGenCompObj,DDR3-D8,(708-3-44)] [O: CesGenCompObj,DDR3-D8,(708-4-44)]
[Ok][Addition] - [BE->FE] [P: CesGenCompObj,DDR3-D8,(708-4-44)] [O: CesGenObj,Dev1-1,(708-3-45)]
[Ok][Addition] - [BE->FE] [P: CesGenCompObj,DDR3-D8,(708-4-44)] [O: CesGenObj,Dev2-1,(708-4-45)]
[Ok][Addition] - [BE->FE] [P: CesGenCompObj,DRAM_B3,(513-89-44)] [O: CesGenCompObj,DDR3-D16,(708-5-44)]
[Ok][Addition] - [BE->FE] [P: CesGenCompObj,DDR3-D16,(708-5-44)] [O: CesGenCompObj,DDR3-D16,(708-6-44)]
[Ok][Addition] - [BE->FE] [P: CesGenCompObj,DDR3-D16,(708-6-44)] [O: CesGenObj,Dev1-1,(708-5-45)]
[Ok][Addition] - [BE->FE] [P: CesGenCompObj,DDR3-D16,(708-6-44)] [O: CesGenObj,Dev2-1,(708-6-45)]
[Ok][Addition] - [BE->FE] [P: CesGenCompObj,DRAM_B4,(513-111-44)] [O: CesGenCompObj,DDR3-D24,(708-7-44)]
[Ok][Addition] - [BE->FE] [P: CesGenCompObj,DDR3-D24,(708-7-44)] [O: CesGenCompObj,DDR3-D24,(708-8-44)]
[Ok][Addition] - [BE->FE] [P: CesGenCompObj,DDR3-D24,(708-8-44)] [O: CesGenObj,Dev1-1,(708-7-45)]
[Ok][Addition] - [BE->FE] [P: CesGenCompObj,DDR3-D24,(708-8-44)] [O: CesGenObj,Dev2-1,(708-8-45)]
[WARNING] - Unexpected combination of states: OS_Modified (11-1-41) -OS_DoesNotExist (0-0-0) 

--------------------------------------------------------------------------------
 TOPOLOGY synchronization - START (2020-02-22 23:44:41) 
--------------------------------------------------------------------------------
[Ok][Deletion] - [BE->FE] [P: CesElectricalNet,DDR3-D24,(28-8-47)] [O: CesPinPair,U1-AA3,U3-E3,(513-172-48)]
[Ok][Deletion] - [BE->FE] [P: CesPhysicalNet,DDR3-D24,(28-8-49)] [O: CesFromTo,U1-AA3,U3-E3,(513-135-50)]
[Ok][Addition] - [BE->FE] [P: CesPhysicalNet,DDR3-D24,(28-8-49)] [O: CesFromTo,U1-AA3,U3-E3,(708-3-50)]
[Ok][Addition] - [BE->FE] [P: CesFromTo,U1-AA3,U3-E3,(708-3-50)] [O: CesConstraint,FROMTO_USERDEFINED,(708-25-22)]
[Ok][Addition] - [BE->FE] [P: CesElectricalNet,DDR3-D24,(28-8-47)] [O: CesPinPair,U1-AA3,U3-E3,(708-3-48)]
[Ok][Addition] - [BE->FE] [P: CesPinPair,U1-AA3,U3-E3,(708-3-48)] [O: CesConstraint,DELAY_TYPE,(708-26-22)]
[Ok][Deletion] - [BE->FE] [P: CesPhysicalNet,DDR3-D8,(28-27-49)] [O: CesFromTo,U1-G2,U2-E3,(512-2-50)]
[Ok][Addition] - [BE->FE] [P: CesPhysicalNet,DDR3-D8,(28-27-49)] [O: CesFromTo,U1-G2,U2-E3,(711-1-50)]
[Ok][Addition] - [BE->FE] [P: CesFromTo,U1-G2,U2-E3,(711-1-50)] [O: CesConstraint,FROMTO_USERDEFINED,(711-1-22)]
[Ok][Deletion] - [BE->FE] [P: CesElectricalNet,DDR3-D16,(28-37-47)] [O: CesPinPair,U1-M1,U3-D7,(513-163-48)]
[Ok][Deletion] - [BE->FE] [P: CesPhysicalNet,DDR3-D16,(28-37-49)] [O: CesFromTo,U1-M1,U3-D7,(513-126-50)]
[Ok][Addition] - [BE->FE] [P: CesPhysicalNet,DDR3-D16,(28-37-49)] [O: CesFromTo,U1-M1,U3-D7,(708-2-50)]
[Ok][Addition] - [BE->FE] [P: CesFromTo,U1-M1,U3-D7,(708-2-50)] [O: CesConstraint,FROMTO_USERDEFINED,(708-19-22)]
[Ok][Addition] - [BE->FE] [P: CesElectricalNet,DDR3-D16,(28-37-47)] [O: CesPinPair,U1-M1,U3-D7,(708-2-48)]
[Ok][Addition] - [BE->FE] [P: CesPinPair,U1-M1,U3-D7,(708-2-48)] [O: CesConstraint,DELAY_TYPE,(708-20-22)]
[Ok][Deletion] - [BE->FE] [P: CesElectricalNet,DDR3-D0,(6-87-47)] [O: CesPinPair,U1-D1,U2-D7,(513-153-48)]
[Ok][Deletion] - [BE->FE] [P: CesPhysicalNet,DDR3-D0,(6-87-49)] [O: CesFromTo,U1-D1,U2-D7,(513-116-50)]
[Ok][Addition] - [BE->FE] [P: CesPhysicalNet,DDR3-D0,(6-87-49)] [O: CesFromTo,U1-D1,U2-D7,(708-1-50)]
[Ok][Addition] - [BE->FE] [P: CesFromTo,U1-D1,U2-D7,(708-1-50)] [O: CesConstraint,FROMTO_USERDEFINED,(708-10-22)]
[Ok][Addition] - [BE->FE] [P: CesElectricalNet,DDR3-D0,(6-87-47)] [O: CesPinPair,U1-D1,U2-D7,(708-1-48)]
[Ok][Addition] - [BE->FE] [P: CesPinPair,U1-D1,U2-D7,(708-1-48)] [O: CesConstraint,DELAY_TYPE,(708-29-22)]
--------------------------------------------------------------------------------
 TOPOLOGY synchronization - END (2020-02-22 23:44:41) 
--------------------------------------------------------------------------------
[Ok][Modification] - [BE->FE] [P: CesPhysicalNet,DDR3-D0,(6-87-49)] [O: CesConstraint,TOPO_ORDERED,(421-3-22)]
[Ok][Modification] - [BE->FE] [P: CesElectricalNet,DDR3-D0,(6-87-47)] [O: CesConstraint,ORDER_TYPE,(422-9-22)]
[Ok][Modification] - [BE->FE] [P: CesPhysicalNet,DDR3-D0,(6-87-49)] [O: CesConstraint,ORDER_TYPE,(422-10-22)]
[Ok][Modification] - [BE->FE] [P: CesElectricalNet,DDR3-D0,(6-87-47)] [O: CesConstraint,DELAY_TYPE,(422-40-22)]
[Ok][Modification] - [BE->FE] [P: CesPhysicalNet,DDR3-D0,(6-87-49)] [O: CesConstraint,DELAY_TYPE,(422-41-22)]
[Ok][Modification] - [BE->FE] [P: CesElectricalNet,DDR3-D24,(28-8-47)] [O: CesConstraint,DELAY_TYPE,(428-105-22)]
[Ok][Modification] - [BE->FE] [P: CesPhysicalNet,DDR3-D24,(28-8-49)] [O: CesConstraint,DELAY_TYPE,(428-106-22)]
[Ok][Modification] - [BE->FE] [P: CesElectricalNet,DDR3-D8,(28-27-47)] [O: CesConstraint,DELAY_TYPE,(432-8-22)]
[Ok][Modification] - [BE->FE] [P: CesPhysicalNet,DDR3-D8,(28-27-49)] [O: CesConstraint,DELAY_TYPE,(432-9-22)]
[Ok][Modification] - [BE->FE] [P: CesElectricalNet,DDR3-D16,(28-37-47)] [O: CesConstraint,DELAY_TYPE,(478-19-22)]
[Ok][Modification] - [BE->FE] [P: CesPhysicalNet,DDR3-D16,(28-37-49)] [O: CesConstraint,DELAY_TYPE,(478-20-22)]
[Ok][Deletion] - [BE->FE] [P: CesPartPin,A1,(8-45-54)] [O: CesConstraint,PIN_PACKAGE_DELAY,(509-4-22)]
[Ok][Deletion] - [BE->FE] [P: CesPartPin,A2,(8-46-54)] [O: CesConstraint,PIN_PACKAGE_DELAY,(509-5-22)]
[Ok][Deletion] - [BE->FE] [P: CesPartPin,A3,(8-47-54)] [O: CesConstraint,PIN_PACKAGE_DELAY,(509-6-22)]
[Ok][Deletion] - [BE->FE] [P: CesPartPin,A4,(8-48-54)] [O: CesConstraint,PIN_PACKAGE_DELAY,(509-7-22)]
[Ok][Deletion] - [BE->FE] [P: CesPartPin,A6,(8-50-54)] [O: CesConstraint,PIN_PACKAGE_DELAY,(509-8-22)]
[Ok][Deletion] - [BE->FE] [P: CesPartPin,A7,(8-51-54)] [O: CesConstraint,PIN_PACKAGE_DELAY,(509-9-22)]
[Ok][Deletion] - [BE->FE] [P: CesPartPin,A8,(8-52-54)] [O: CesConstraint,PIN_PACKAGE_DELAY,(509-10-22)]
[Ok][Deletion] - [BE->FE] [P: CesPartPin,A9,(8-53-54)] [O: CesConstraint,PIN_PACKAGE_DELAY,(509-11-22)]
[Ok][Deletion] - [BE->FE] [P: CesPartPin,A11,(8-55-54)] [O: CesConstraint,PIN_PACKAGE_DELAY,(509-12-22)]
[Ok][Deletion] - [BE->FE] [P: CesPartPin,A12,(8-56-54)] [O: CesConstraint,PIN_PACKAGE_DELAY,(509-13-22)]
[Ok][Deletion] - [BE->FE] [P: CesPartPin,A13,(8-57-54)] [O: CesConstraint,PIN_PACKAGE_DELAY,(509-14-22)]
[Ok][Deletion] - [BE->FE] [P: CesPartPin,A14,(8-58-54)] [O: CesConstraint,PIN_PACKAGE_DELAY,(509-15-22)]
[Ok][Deletion] - [BE->FE] [P: CesPartPin,A15,(8-59-54)] [O: CesConstraint,PIN_PACKAGE_DELAY,(509-16-22)]
[Ok][Deletion] - [BE->FE] [P: CesPartPin,A16,(8-60-54)] [O: CesConstraint,PIN_PACKAGE_DELAY,(509-17-22)]
[Ok][Deletion] - [BE->FE] [P: CesPartPin,A17,(8-61-54)] [O: CesConstraint,PIN_PACKAGE_DELAY,(509-18-22)]
[Ok][Deletion] - [BE->FE] [P: CesPartPin,A18,(8-62-54)] [O: CesConstraint,PIN_PACKAGE_DELAY,(509-19-22)]
[Ok][Deletion] - [BE->FE] [P: CesPartPin,A19,(8-63-54)] [O: CesConstraint,PIN_PACKAGE_DELAY,(509-20-22)]
[Ok][Deletion] - [BE->FE] [P: CesPartPin,A21,(8-65-54)] [O: CesConstraint,PIN_PACKAGE_DELAY,(509-22-22)]
[Ok][Deletion] - [BE->FE] [P: CesPartPin,A22,(8-66-54)] [O: CesConstraint,PIN_PACKAGE_DELAY,(509-23-22)]
[Ok][Deletion] - [BE->FE] [P: CesPartPin,AA1,(8-1-54)] [O: CesConstraint,PIN_PACKAGE_DELAY,(509-24-22)]
[Ok][Deletion] - [BE->FE] [P: CesPartPin,AA2,(8-2-54)] [O: CesConstraint,PIN_PACKAGE_DELAY,(509-25-22)]
[Ok][Deletion] - [BE->FE] [P: CesPartPin,AA3,(8-3-54)] [O: CesConstraint,PIN_PACKAGE_DELAY,(509-26-22)]
[Ok][Deletion] - [BE->FE] [P: CesPartPin,AA4,(8-4-54)] [O: CesConstraint,PIN_PACKAGE_DELAY,(509-27-22)]
[Ok][Deletion] - [BE->FE] [P: CesPartPin,AA6,(8-6-54)] [O: CesConstraint,PIN_PACKAGE_DELAY,(509-28-22)]
[Ok][Deletion] - [BE->FE] [P: CesPartPin,AA7,(8-7-54)] [O: CesConstraint,PIN_PACKAGE_DELAY,(509-29-22)]
[Ok][Deletion] - [BE->FE] [P: CesPartPin,AA8,(8-8-54)] [O: CesConstraint,PIN_PACKAGE_DELAY,(509-30-22)]
[Ok][Deletion] - [BE->FE] [P: CesPartPin,AA9,(8-9-54)] [O: CesConstraint,PIN_PACKAGE_DELAY,(509-31-22)]
[Ok][Deletion] - [BE->FE] [P: CesPartPin,AA11,(8-11-54)] [O: CesConstraint,PIN_PACKAGE_DELAY,(509-37-22)]
[Ok][Deletion] - [BE->FE] [P: CesPartPin,AA12,(8-12-54)] [O: CesConstraint,PIN_PACKAGE_DELAY,(509-38-22)]
[Ok][Modification] - [BE->FE] [P: CesElectricalNet,DDR3-D0,(6-87-47)] [O: CesConstraint,TOPO_ORDERED,(513-553-22)]
[Ok][Deletion] - [BE->FE] [P: CesElectricalNet,DDR3-D0,(6-87-47)] [O: CesConstraint,MATCH_GROUP,(513-563-22)]
[Ok][Modification] - [BE->FE] [P: CesElectricalNet,DDR3-D8,(28-27-47)] [O: CesConstraint,ORDER_TYPE,(513-661-22)]
[Ok][Modification] - [BE->FE] [P: CesPhysicalNet,DDR3-D8,(28-27-49)] [O: CesConstraint,ORDER_TYPE,(513-662-22)]
[Ok][Modification] - [BE->FE] [P: CesPhysicalNet,DDR3-D8,(28-27-49)] [O: CesConstraint,TOPO_ORDERED,(513-665-22)]
[Ok][Modification] - [BE->FE] [P: CesElectricalNet,DDR3-D8,(28-27-47)] [O: CesConstraint,TOPO_ORDERED,(513-666-22)]
[Ok][Deletion] - [BE->FE] [P: CesElectricalNet,DDR3-D8,(28-27-47)] [O: CesConstraint,MATCH_GROUP,(513-694-22)]
[Ok][Deletion] - [BE->FE] [P: CesElectricalNet,DDR3-D8,(28-27-47)] [O: CesConstraint,MATCH_TOLERANCE,(513-770-22)]
[Ok][Modification] - [BE->FE] [P: CesElectricalNet,DDR3-D16,(28-37-47)] [O: CesConstraint,ORDER_TYPE,(513-781-22)]
[Ok][Modification] - [BE->FE] [P: CesPhysicalNet,DDR3-D16,(28-37-49)] [O: CesConstraint,ORDER_TYPE,(513-782-22)]
[Ok][Modification] - [BE->FE] [P: CesPhysicalNet,DDR3-D16,(28-37-49)] [O: CesConstraint,TOPO_ORDERED,(513-785-22)]
[Ok][Modification] - [BE->FE] [P: CesElectricalNet,DDR3-D16,(28-37-47)] [O: CesConstraint,TOPO_ORDERED,(513-786-22)]
[Ok][Deletion] - [BE->FE] [P: CesElectricalNet,DDR3-D16,(28-37-47)] [O: CesConstraint,MATCH_GROUP,(513-787-22)]
[Ok][Deletion] - [BE->FE] [P: CesElectricalNet,DDR3-D16,(28-37-47)] [O: CesConstraint,MATCH_TOLERANCE,(513-899-22)]
[Ok][Deletion] - [BE->FE] [P: CesElectricalNet,DDR3-D24,(28-8-47)] [O: CesConstraint,MATCH_GROUP,(513-910-22)]
[Ok][Modification] - [BE->FE] [P: CesElectricalNet,DDR3-D24,(28-8-47)] [O: CesConstraint,ORDER_TYPE,(513-912-22)]
[Ok][Modification] - [BE->FE] [P: CesPhysicalNet,DDR3-D24,(28-8-49)] [O: CesConstraint,ORDER_TYPE,(513-913-22)]
[Ok][Modification] - [BE->FE] [P: CesPhysicalNet,DDR3-D24,(28-8-49)] [O: CesConstraint,TOPO_ORDERED,(513-916-22)]
[Ok][Modification] - [BE->FE] [P: CesElectricalNet,DDR3-D24,(28-8-47)] [O: CesConstraint,TOPO_ORDERED,(513-917-22)]
[Ok][Deletion] - [BE->FE] [P: CesElectricalNet,DDR3-D24,(28-8-47)] [O: CesConstraint,MATCH_TOLERANCE,(513-1029-22)]
[Ok][Deletion] - [BE->FE] [P: CesElectricalNet,DDR3-D0,(6-87-47)] [O: CesConstraint,COMPLEX_FORMULA,(513-1078-22)]
[Ok][Deletion] - [BE->FE] [P: CesPhysicalNet,DDR3-D0,(6-87-49)] [O: CesConstraint,COMPLEX_FORMULA,(513-1079-22)]
[Ok][Deletion] - [BE->FE] [P: CesElectricalNet,DDR3-D8,(28-27-47)] [O: CesConstraint,COMPLEX_FORMULA,(518-39-22)]
[Ok][Deletion] - [BE->FE] [P: CesPhysicalNet,DDR3-D8,(28-27-49)] [O: CesConstraint,COMPLEX_FORMULA,(518-40-22)]
[Ok][Deletion] - [BE->FE] [P: CesElectricalNet,DDR3-D16,(28-37-47)] [O: CesConstraint,COMPLEX_FORMULA,(518-72-22)]
[Ok][Deletion] - [BE->FE] [P: CesPhysicalNet,DDR3-D16,(28-37-49)] [O: CesConstraint,COMPLEX_FORMULA,(518-73-22)]
[Ok][Deletion] - [BE->FE] [P: CesElectricalNet,DDR3-D24,(28-8-47)] [O: CesConstraint,COMPLEX_FORMULA,(518-101-22)]
[Ok][Deletion] - [BE->FE] [P: CesPhysicalNet,DDR3-D24,(28-8-49)] [O: CesConstraint,COMPLEX_FORMULA,(518-102-22)]
[Ok][Addition] - [BE->FE] [P: CesLayer,L2,(259-2-23)] [O: CesConstraint,LAYER_ENABLED,(700-1-22)]
[Ok][Addition] - [BE->FE] [P: CesLayer,L3,(299-3-23)] [O: CesConstraint,LAYER_ENABLED,(700-2-22)]
[Ok][Addition] - [BE->FE] [P: CesLayer,L5,(299-6-23)] [O: CesConstraint,LAYER_ENABLED,(700-3-22)]
[Ok][Addition] - [BE->FE] [P: CesLayer,L6,(12-8-23)] [O: CesConstraint,LAYER_ENABLED,(700-4-22)]
[Ok][Addition] - [BE->FE] [P: CesPinPair,U1-B2,U2-A2,(513-155-48)] [O: CesConstraint,DELAY_TYPE,(708-1-22)]
[Ok][Addition] - [BE->FE] [P: CesPinPair,U1-C3,U2-C2,(513-154-48)] [O: CesConstraint,DELAY_TYPE,(708-2-22)]
[Ok][Addition] - [BE->FE] [P: CesPinPair,U1-E1,U2-C8,(513-158-48)] [O: CesConstraint,DELAY_TYPE,(708-3-22)]
[Ok][Addition] - [BE->FE] [P: CesPinPair,U1-E3,U2-C3,(513-157-48)] [O: CesConstraint,DELAY_TYPE,(708-4-22)]
[Ok][Addition] - [BE->FE] [P: CesPinPair,U1-D3,U2-A3,(513-156-48)] [O: CesConstraint,DELAY_TYPE,(708-5-22)]
[Ok][Addition] - [BE->FE] [P: CesPinPair,U1-F2,U2-A7,(513-159-48)] [O: CesConstraint,DELAY_TYPE,(708-6-22)]
[Ok][Addition] - [BE->FE] [P: CesPinPair,U1-F1,U2-B8,(513-160-48)] [O: CesConstraint,DELAY_TYPE,(708-7-22)]
[Ok][Addition] - [BE->FE] [P: CesElectricalNet,DDR3-D0,(6-87-47)] [O: CesConstraint,TEMPLATE,(708-8-22)]
[Ok][Addition] - [BE->FE] [P: CesElectricalNet,DDR3-D0,(6-87-47)] [O: CesConstraint,MATCH_GROUP,(708-9-22)]
[Ok][Addition] - [BE->FE] [P: CesGenObj,Dev1-1,(708-1-45)] [O: CesConstraint,TOPO_ORIG_NAME,(708-11-22)]
[Ok][Addition] - [BE->FE] [P: CesGenObj,Dev2-1,(708-2-45)] [O: CesConstraint,TOPO_ORIG_NAME,(708-12-22)]
[Ok][Addition] - [BE->FE] [P: CesElectricalNet,DDR3-D8,(28-27-47)] [O: CesConstraint,TEMPLATE,(708-13-22)]
[Ok][Addition] - [BE->FE] [P: CesElectricalNet,DDR3-D8,(28-27-47)] [O: CesConstraint,MATCH_GROUP,(708-14-22)]
[Ok][Addition] - [BE->FE] [P: CesGenObj,Dev1-1,(708-3-45)] [O: CesConstraint,TOPO_ORIG_NAME,(708-15-22)]
[Ok][Addition] - [BE->FE] [P: CesGenObj,Dev2-1,(708-4-45)] [O: CesConstraint,TOPO_ORIG_NAME,(708-16-22)]
[Ok][Addition] - [BE->FE] [P: CesElectricalNet,DDR3-D16,(28-37-47)] [O: CesConstraint,TEMPLATE,(708-17-22)]
[Ok][Addition] - [BE->FE] [P: CesElectricalNet,DDR3-D16,(28-37-47)] [O: CesConstraint,MATCH_GROUP,(708-18-22)]
[Ok][Addition] - [BE->FE] [P: CesGenObj,Dev1-1,(708-5-45)] [O: CesConstraint,TOPO_ORIG_NAME,(708-21-22)]
[Ok][Addition] - [BE->FE] [P: CesGenObj,Dev2-1,(708-6-45)] [O: CesConstraint,TOPO_ORIG_NAME,(708-22-22)]
[Ok][Addition] - [BE->FE] [P: CesElectricalNet,DDR3-D24,(28-8-47)] [O: CesConstraint,TEMPLATE,(708-23-22)]
[Ok][Addition] - [BE->FE] [P: CesElectricalNet,DDR3-D24,(28-8-47)] [O: CesConstraint,MATCH_GROUP,(708-24-22)]
[Ok][Addition] - [BE->FE] [P: CesGenObj,Dev1-1,(708-7-45)] [O: CesConstraint,TOPO_ORIG_NAME,(708-27-22)]
[Ok][Addition] - [BE->FE] [P: CesGenObj,Dev2-1,(708-8-45)] [O: CesConstraint,TOPO_ORIG_NAME,(708-28-22)]
[Ok][Addition] - [BE->FE] [P: CesElectricalNet,DDR3-D0,(6-87-47)] [O: CesConstraint,COMPLEX_FORMULA,(708-30-22)]
[Ok][Addition] - [BE->FE] [P: CesPhysicalNet,DDR3-D0,(6-87-49)] [O: CesConstraint,COMPLEX_FORMULA,(708-31-22)]
[Ok][Addition] - [BE->FE] [P: CesElectricalNet,DDR3-D8,(28-27-47)] [O: CesConstraint,COMPLEX_FORMULA,(708-32-22)]
[Ok][Addition] - [BE->FE] [P: CesPhysicalNet,DDR3-D8,(28-27-49)] [O: CesConstraint,COMPLEX_FORMULA,(708-33-22)]
[Ok][Addition] - [BE->FE] [P: CesElectricalNet,DDR3-D16,(28-37-47)] [O: CesConstraint,COMPLEX_FORMULA,(708-34-22)]
[Ok][Addition] - [BE->FE] [P: CesPhysicalNet,DDR3-D16,(28-37-49)] [O: CesConstraint,COMPLEX_FORMULA,(708-35-22)]
[Ok][Addition] - [BE->FE] [P: CesElectricalNet,DDR3-D24,(28-8-47)] [O: CesConstraint,COMPLEX_FORMULA,(708-36-22)]
[Ok][Addition] - [BE->FE] [P: CesPhysicalNet,DDR3-D24,(28-8-49)] [O: CesConstraint,COMPLEX_FORMULA,(708-37-22)]
--------------------------------------------------------------------------------
 CES synchronization - END (2020-02-22 23:44:41) 
--------------------------------------------------------------------------------
--------------------------------------------------------------------------------
 VMVariant synchronization - START (2020-02-22 23:44:41) 
--------------------------------------------------------------------------------
--------------------------------------------------------------------------------
 VMVariant synchronization - END (2020-02-22 23:44:41) 
--------------------------------------------------------------------------------
--------------------------------------------------------------------------------
 Project integration - END (2020-02-22 23:44:41) 
--------------------------------------------------------------------------------
