--------------------------------------------------------------------------------
 Project integration - START (2020-01-25 02:36:13) 
--------------------------------------------------------------------------------
FE snapshot name: DxD
BE snapshot name: T-Branch_layout_temp
Top level block: (2-1-5)
Parameters: BAConnectivity,BAConstraints,FEWin,
--------------------------------------------------------------------------------
--------------------------------------------------------------------------------
 Connection synchronization - START (2020-01-25 02:36:13) 
--------------------------------------------------------------------------------
[Ok][Modification] - [BE->FE] [P: Block,T-Branch,(2-1-5)] [O: FlatComp,cap.1,(30-1-8)]
	Property: Cell Name, Operation: Change
[Ok][Modification] - [BE->FE] [P: Block,T-Branch,(2-1-5)] [O: FlatComp,res.1,(34-1-8)]
	Property: Cell Name, Operation: Change
[Ok][Modification] - [BE->FE] [P: Block,T-Branch,(2-1-5)] [O: FlatComp,res.1,(479-1-8)]
	Property: Cell Name, Operation: Change
[Ok][Modification] - [BE->FE] [P: Block,T-Branch,(2-1-5)] [O: FlatComp,xc7z020-2clg484_b.1,(18-2-8)]
	Property: Cell Name, Operation: Change
[Ok][Modification] - [BE->FE] [P: Block,T-Branch,(2-1-5)] [O: FlatComp,cap.1,(30-2-8)]
	Property: Cell Name, Operation: Change
[Ok][Modification] - [BE->FE] [P: Block,T-Branch,(2-1-5)] [O: FlatComp,res.1,(479-2-8)]
	Property: Cell Name, Operation: Change
[Ok][Modification] - [BE->FE] [P: Block,T-Branch,(2-1-5)] [O: FlatComp,xc7z020-2clg484_c.1,(18-3-8)]
	Property: Cell Name, Operation: Change
[Ok][Modification] - [BE->FE] [P: Block,T-Branch,(2-1-5)] [O: FlatComp,cap.1,(30-3-8)]
	Property: Cell Name, Operation: Change
[Ok][Modification] - [BE->FE] [P: Block,T-Branch,(2-1-5)] [O: FlatComp,res.1,(479-3-8)]
	Property: Cell Name, Operation: Change
[Ok][Modification] - [BE->FE] [P: Block,T-Branch,(2-1-5)] [O: FlatComp,xc7z020-2clg484_d.1,(18-4-8)]
	Property: Cell Name, Operation: Change
[Ok][Modification] - [BE->FE] [P: Block,T-Branch,(2-1-5)] [O: FlatComp,cap.1,(30-4-8)]
	Property: Cell Name, Operation: Change
[Ok][Modification] - [BE->FE] [P: Block,T-Branch,(2-1-5)] [O: FlatComp,res.1,(34-4-8)]
	Property: Cell Name, Operation: Change
[Ok][Modification] - [BE->FE] [P: Block,T-Branch,(2-1-5)] [O: FlatComp,res.1,(479-4-8)]
	Property: Cell Name, Operation: Change
[Ok][Modification] - [BE->FE] [P: Block,T-Branch,(2-1-5)] [O: FlatComp,xc7z020-2clg484_e.1,(18-5-8)]
	Property: Cell Name, Operation: Change
[Ok][Modification] - [BE->FE] [P: Block,T-Branch,(2-1-5)] [O: FlatComp,cap.1,(30-5-8)]
	Property: Cell Name, Operation: Change
[Ok][Modification] - [BE->FE] [P: Block,T-Branch,(2-1-5)] [O: FlatComp,xc7z020-2clg484_f.1,(18-6-8)]
	Property: Cell Name, Operation: Change
[Ok][Modification] - [BE->FE] [P: Block,T-Branch,(2-1-5)] [O: FlatComp,cap.1,(30-6-8)]
	Property: Cell Name, Operation: Change
[Ok][Modification] - [BE->FE] [P: Block,T-Branch,(2-1-5)] [O: FlatComp,res.1,(479-6-8)]
	Property: Cell Name, Operation: Change
[Ok][Modification] - [BE->FE] [P: Block,T-Branch,(2-1-5)] [O: FlatComp,xc7z020-2clg484_g.1,(18-7-8)]
	Property: Cell Name, Operation: Change
[Ok][Modification] - [BE->FE] [P: Block,T-Branch,(2-1-5)] [O: FlatComp,cap.1,(30-7-8)]
	Property: Cell Name, Operation: Change
[Ok][Modification] - [BE->FE] [P: Block,T-Branch,(2-1-5)] [O: FlatComp,res.1,(479-7-8)]
	Property: Cell Name, Operation: Change
[Ok][Modification] - [BE->FE] [P: Block,T-Branch,(2-1-5)] [O: FlatComp,xc7z020-2clg484_h.1,(18-8-8)]
	Property: Cell Name, Operation: Change
[Ok][Modification] - [BE->FE] [P: Block,T-Branch,(2-1-5)] [O: FlatComp,cap.1,(30-8-8)]
	Property: Cell Name, Operation: Change
[Ok][Modification] - [BE->FE] [P: Block,T-Branch,(2-1-5)] [O: FlatComp,res.1,(479-8-8)]
	Property: Cell Name, Operation: Change
[Ok][Modification] - [BE->FE] [P: Block,T-Branch,(2-1-5)] [O: FlatComp,xc7z020-2clg484_i.1,(18-9-8)]
	Property: Cell Name, Operation: Change
[Ok][Modification] - [BE->FE] [P: Block,T-Branch,(2-1-5)] [O: FlatComp,cap.1,(30-9-8)]
	Property: Cell Name, Operation: Change
[Ok][Modification] - [BE->FE] [P: Block,T-Branch,(2-1-5)] [O: FlatComp,cap.1,(30-10-8)]
	Property: Cell Name, Operation: Change
[Ok][Modification] - [BE->FE] [P: Block,T-Branch,(2-1-5)] [O: FlatComp,res.1,(479-10-8)]
	Property: Cell Name, Operation: Change
[Ok][Modification] - [BE->FE] [P: Block,T-Branch,(2-1-5)] [O: FlatComp,cap.1,(30-11-8)]
	Property: Cell Name, Operation: Change
[Ok][Modification] - [BE->FE] [P: Block,T-Branch,(2-1-5)] [O: FlatComp,cap.1,(18-12-8)]
	Property: Cell Name, Operation: Change
[Ok][Modification] - [BE->FE] [P: Block,T-Branch,(2-1-5)] [O: FlatComp,cap.1,(30-12-8)]
	Property: Cell Name, Operation: Change
[Ok][Modification] - [BE->FE] [P: Block,T-Branch,(2-1-5)] [O: FlatComp,cap.1,(30-13-8)]
	Property: Cell Name, Operation: Change
[Ok][Modification] - [BE->FE] [P: Block,T-Branch,(2-1-5)] [O: FlatComp,cap.1,(30-15-8)]
	Property: Cell Name, Operation: Change
[Ok][Modification] - [BE->FE] [P: Block,T-Branch,(2-1-5)] [O: FlatComp,cap.1,(30-16-8)]
	Property: Cell Name, Operation: Change
[Ok][Modification] - [BE->FE] [P: Block,T-Branch,(2-1-5)] [O: FlatComp,cap.1,(18-17-8)]
	Property: Cell Name, Operation: Change
[Ok][Modification] - [BE->FE] [P: Block,T-Branch,(2-1-5)] [O: FlatComp,cap.1,(18-18-8)]
	Property: Cell Name, Operation: Change
[Ok][Modification] - [BE->FE] [P: Block,T-Branch,(2-1-5)] [O: FlatComp,cap.1,(30-18-8)]
	Property: Cell Name, Operation: Change
[Ok][Modification] - [BE->FE] [P: Block,T-Branch,(2-1-5)] [O: FlatComp,cap.1,(18-19-8)]
	Property: Cell Name, Operation: Change
[Ok][Modification] - [BE->FE] [P: Block,T-Branch,(2-1-5)] [O: FlatComp,cap.1,(18-20-8)]
	Property: Cell Name, Operation: Change
[Ok][Modification] - [BE->FE] [P: Block,T-Branch,(2-1-5)] [O: FlatComp,cap.1,(30-20-8)]
	Property: Cell Name, Operation: Change
[Ok][Modification] - [BE->FE] [P: Block,T-Branch,(2-1-5)] [O: FlatComp,cap.1,(18-21-8)]
	Property: Cell Name, Operation: Change
[Ok][Modification] - [BE->FE] [P: Block,T-Branch,(2-1-5)] [O: FlatComp,bead.1,(30-21-8)]
	Property: Cell Name, Operation: Change
[Ok][Modification] - [BE->FE] [P: Block,T-Branch,(2-1-5)] [O: FlatComp,cap.1,(18-22-8)]
	Property: Cell Name, Operation: Change
[Ok][Modification] - [BE->FE] [P: Block,T-Branch,(2-1-5)] [O: FlatComp,cap.1,(30-22-8)]
	Property: Cell Name, Operation: Change
[Ok][Modification] - [BE->FE] [P: Block,T-Branch,(2-1-5)] [O: FlatComp,cap.1,(18-23-8)]
	Property: Cell Name, Operation: Change
[Ok][Modification] - [BE->FE] [P: Block,T-Branch,(2-1-5)] [O: FlatComp,cap.1,(30-23-8)]
	Property: Cell Name, Operation: Change
[Ok][Modification] - [BE->FE] [P: Block,T-Branch,(2-1-5)] [O: FlatComp,bead.1,(39-23-8)]
	Property: Cell Name, Operation: Change
[Ok][Modification] - [BE->FE] [P: Block,T-Branch,(2-1-5)] [O: FlatComp,cap.1,(18-24-8)]
	Property: Cell Name, Operation: Change
[Ok][Modification] - [BE->FE] [P: Block,T-Branch,(2-1-5)] [O: FlatComp,cap.1,(18-25-8)]
	Property: Cell Name, Operation: Change
[Ok][Modification] - [BE->FE] [P: Block,T-Branch,(2-1-5)] [O: FlatComp,cap.1,(39-25-8)]
	Property: Cell Name, Operation: Change
[Ok][Modification] - [BE->FE] [P: Block,T-Branch,(2-1-5)] [O: FlatComp,cap.1,(18-26-8)]
	Property: Cell Name, Operation: Change
[Ok][Modification] - [BE->FE] [P: Block,T-Branch,(2-1-5)] [O: FlatComp,cap.1,(30-26-8)]
	Property: Cell Name, Operation: Change
[Ok][Modification] - [BE->FE] [P: Block,T-Branch,(2-1-5)] [O: FlatComp,cap.1,(18-27-8)]
	Property: Cell Name, Operation: Change
[Ok][Modification] - [BE->FE] [P: Block,T-Branch,(2-1-5)] [O: FlatComp,cap.1,(30-27-8)]
	Property: Cell Name, Operation: Change
[Ok][Modification] - [BE->FE] [P: Block,T-Branch,(2-1-5)] [O: FlatComp,cap.1,(39-27-8)]
	Property: Cell Name, Operation: Change
[Ok][Modification] - [BE->FE] [P: Block,T-Branch,(2-1-5)] [O: FlatComp,cap.1,(18-28-8)]
	Property: Cell Name, Operation: Change
[Ok][Modification] - [BE->FE] [P: Block,T-Branch,(2-1-5)] [O: FlatComp,cap.1,(39-28-8)]
	Property: Cell Name, Operation: Change
[Ok][Modification] - [BE->FE] [P: Block,T-Branch,(2-1-5)] [O: FlatComp,cap.1,(18-29-8)]
	Property: Cell Name, Operation: Change
[Ok][Modification] - [BE->FE] [P: Block,T-Branch,(2-1-5)] [O: FlatComp,cap.1,(30-29-8)]
	Property: Cell Name, Operation: Change
[Ok][Modification] - [BE->FE] [P: Block,T-Branch,(2-1-5)] [O: FlatComp,cap.1,(39-29-8)]
	Property: Cell Name, Operation: Change
[Ok][Modification] - [BE->FE] [P: Block,T-Branch,(2-1-5)] [O: FlatComp,cap.1,(18-30-8)]
	Property: Cell Name, Operation: Change
[Ok][Modification] - [BE->FE] [P: Block,T-Branch,(2-1-5)] [O: FlatComp,cap.1,(30-30-8)]
	Property: Cell Name, Operation: Change
[Ok][Modification] - [BE->FE] [P: Block,T-Branch,(2-1-5)] [O: FlatComp,cap.1,(18-31-8)]
	Property: Cell Name, Operation: Change
[Ok][Modification] - [BE->FE] [P: Block,T-Branch,(2-1-5)] [O: FlatComp,cap.1,(30-31-8)]
	Property: Cell Name, Operation: Change
[Ok][Modification] - [BE->FE] [P: Block,T-Branch,(2-1-5)] [O: FlatComp,cap.1,(18-32-8)]
	Property: Cell Name, Operation: Change
[Ok][Modification] - [BE->FE] [P: Block,T-Branch,(2-1-5)] [O: FlatComp,cap.1,(30-32-8)]
	Property: Cell Name, Operation: Change
[Ok][Modification] - [BE->FE] [P: Block,T-Branch,(2-1-5)] [O: FlatComp,cap.1,(18-33-8)]
	Property: Cell Name, Operation: Change
[Ok][Modification] - [BE->FE] [P: Block,T-Branch,(2-1-5)] [O: FlatComp,cap.1,(30-33-8)]
	Property: Cell Name, Operation: Change
[Ok][Modification] - [BE->FE] [P: Block,T-Branch,(2-1-5)] [O: FlatComp,cap.1,(39-33-8)]
	Property: Cell Name, Operation: Change
[Ok][Modification] - [BE->FE] [P: Block,T-Branch,(2-1-5)] [O: FlatComp,cap.1,(18-34-8)]
	Property: Cell Name, Operation: Change
[Ok][Modification] - [BE->FE] [P: Block,T-Branch,(2-1-5)] [O: FlatComp,xc7z020-2clg484_a.1,(39-34-8)]
	Property: Cell Name, Operation: Change
[Ok][Modification] - [BE->FE] [P: Block,T-Branch,(2-1-5)] [O: FlatComp,cap.1,(30-35-8)]
	Property: Cell Name, Operation: Change
[Ok][Modification] - [BE->FE] [P: Block,T-Branch,(2-1-5)] [O: FlatComp,cap.1,(30-36-8)]
	Property: Cell Name, Operation: Change
[Ok][Modification] - [BE->FE] [P: Block,T-Branch,(2-1-5)] [O: FlatComp,cap.1,(30-37-8)]
	Property: Cell Name, Operation: Change
[Ok][Modification] - [BE->FE] [P: Block,T-Branch,(2-1-5)] [O: FlatComp,cap.1,(30-38-8)]
	Property: Cell Name, Operation: Change
[Ok][Modification] - [BE->FE] [P: Block,T-Branch,(2-1-5)] [O: FlatComp,cap.1,(30-39-8)]
	Property: Cell Name, Operation: Change
[Ok][Modification] - [BE->FE] [P: Block,T-Branch,(2-1-5)] [O: FlatComp,cap.1,(39-39-8)]
	Property: Cell Name, Operation: Change
[Ok][Modification] - [BE->FE] [P: Block,T-Branch,(2-1-5)] [O: FlatComp,cap.1,(18-40-8)]
	Property: Cell Name, Operation: Change
[Ok][Modification] - [BE->FE] [P: Block,T-Branch,(2-1-5)] [O: FlatComp,cap.1,(30-40-8)]
	Property: Cell Name, Operation: Change
[Ok][Modification] - [BE->FE] [P: Block,T-Branch,(2-1-5)] [O: FlatComp,cap.1,(30-41-8)]
	Property: Cell Name, Operation: Change
[Ok][Modification] - [BE->FE] [P: Block,T-Branch,(2-1-5)] [O: FlatComp,cap.1,(39-41-8)]
	Property: Cell Name, Operation: Change
[Ok][Modification] - [BE->FE] [P: Block,T-Branch,(2-1-5)] [O: FlatComp,cap.1,(30-42-8)]
	Property: Cell Name, Operation: Change
[Ok][Modification] - [BE->FE] [P: Block,T-Branch,(2-1-5)] [O: FlatComp,cap.1,(39-42-8)]
	Property: Cell Name, Operation: Change
[Ok][Modification] - [BE->FE] [P: Block,T-Branch,(2-1-5)] [O: FlatComp,cap.1,(30-43-8)]
	Property: Cell Name, Operation: Change
[Ok][Modification] - [BE->FE] [P: Block,T-Branch,(2-1-5)] [O: FlatComp,cap.1,(39-43-8)]
	Property: Cell Name, Operation: Change
[Ok][Modification] - [BE->FE] [P: Block,T-Branch,(2-1-5)] [O: FlatComp,cap.1,(30-44-8)]
	Property: Cell Name, Operation: Change
[Ok][Modification] - [BE->FE] [P: Block,T-Branch,(2-1-5)] [O: FlatComp,cap.1,(39-44-8)]
	Property: Cell Name, Operation: Change
[Ok][Modification] - [BE->FE] [P: Block,T-Branch,(2-1-5)] [O: FlatComp,cap.1,(30-45-8)]
	Property: Cell Name, Operation: Change
[Ok][Modification] - [BE->FE] [P: Block,T-Branch,(2-1-5)] [O: FlatComp,cap.1,(39-45-8)]
	Property: Cell Name, Operation: Change
[Ok][Modification] - [BE->FE] [P: Block,T-Branch,(2-1-5)] [O: FlatComp,cap.1,(30-46-8)]
	Property: Cell Name, Operation: Change
[Ok][Modification] - [BE->FE] [P: Block,T-Branch,(2-1-5)] [O: FlatComp,cap.1,(39-46-8)]
	Property: Cell Name, Operation: Change
[Ok][Modification] - [BE->FE] [P: Block,T-Branch,(2-1-5)] [O: FlatComp,cap.1,(30-48-8)]
	Property: Cell Name, Operation: Change
[Ok][Modification] - [BE->FE] [P: Block,T-Branch,(2-1-5)] [O: FlatComp,cap.1,(30-49-8)]
	Property: Cell Name, Operation: Change
[Ok][Modification] - [BE->FE] [P: Block,T-Branch,(2-1-5)] [O: FlatComp,cap.1,(39-49-8)]
	Property: Cell Name, Operation: Change
[Ok][Modification] - [BE->FE] [P: Block,T-Branch,(2-1-5)] [O: FlatComp,cap.1,(39-50-8)]
	Property: Cell Name, Operation: Change
[Ok][Modification] - [BE->FE] [P: Block,T-Branch,(2-1-5)] [O: FlatComp,cap.1,(30-51-8)]
	Property: Cell Name, Operation: Change
[Ok][Modification] - [BE->FE] [P: Block,T-Branch,(2-1-5)] [O: FlatComp,cap.1,(39-51-8)]
	Property: Cell Name, Operation: Change
[Ok][Modification] - [BE->FE] [P: Block,T-Branch,(2-1-5)] [O: FlatComp,cap.1,(39-52-8)]
	Property: Cell Name, Operation: Change
[Ok][Modification] - [BE->FE] [P: Block,T-Branch,(2-1-5)] [O: FlatComp,cap.1,(39-53-8)]
	Property: Cell Name, Operation: Change
[Ok][Modification] - [BE->FE] [P: Block,T-Branch,(2-1-5)] [O: FlatComp,cap.1,(39-54-8)]
	Property: Cell Name, Operation: Change
[Ok][Modification] - [BE->FE] [P: Block,T-Branch,(2-1-5)] [O: FlatComp,cap.1,(30-55-8)]
	Property: Cell Name, Operation: Change
[Ok][Modification] - [BE->FE] [P: Block,T-Branch,(2-1-5)] [O: FlatComp,cap.1,(39-55-8)]
	Property: Cell Name, Operation: Change
[Ok][Modification] - [BE->FE] [P: Block,T-Branch,(2-1-5)] [O: FlatComp,cap.1,(30-56-8)]
	Property: Cell Name, Operation: Change
[Ok][Modification] - [BE->FE] [P: Block,T-Branch,(2-1-5)] [O: FlatComp,cap.1,(39-56-8)]
	Property: Cell Name, Operation: Change
[Ok][Modification] - [BE->FE] [P: Block,T-Branch,(2-1-5)] [O: FlatComp,cap.1,(39-57-8)]
	Property: Cell Name, Operation: Change
[Ok][Modification] - [BE->FE] [P: Block,T-Branch,(2-1-5)] [O: FlatComp,cap.1,(30-58-8)]
	Property: Cell Name, Operation: Change
[Ok][Modification] - [BE->FE] [P: Block,T-Branch,(2-1-5)] [O: FlatComp,cap.1,(39-58-8)]
	Property: Cell Name, Operation: Change
[Ok][Modification] - [BE->FE] [P: Block,T-Branch,(2-1-5)] [O: FlatComp,cap.1,(39-59-8)]
	Property: Cell Name, Operation: Change
[Ok][Modification] - [BE->FE] [P: Block,T-Branch,(2-1-5)] [O: FlatComp,cap.1,(39-60-8)]
	Property: Cell Name, Operation: Change
[Ok][Modification] - [BE->FE] [P: Block,T-Branch,(2-1-5)] [O: FlatComp,cap.1,(39-65-8)]
	Property: Cell Name, Operation: Change
[Ok][Modification] - [BE->FE] [P: Block,T-Branch,(2-1-5)] [O: FlatComp,cap.1,(39-66-8)]
	Property: Cell Name, Operation: Change
[Ok][Modification] - [BE->FE] [P: Block,T-Branch,(2-1-5)] [O: FlatComp,cap.1,(39-67-8)]
	Property: Cell Name, Operation: Change
[Ok][Modification] - [BE->FE] [P: Block,T-Branch,(2-1-5)] [O: FlatComp,cap.1,(39-68-8)]
	Property: Cell Name, Operation: Change
[Ok][Modification] - [BE->FE] [P: Block,T-Branch,(2-1-5)] [O: FlatComp,cap.1,(39-69-8)]
	Property: Cell Name, Operation: Change
[Ok][Modification] - [BE->FE] [P: Block,T-Branch,(2-1-5)] [O: FlatComp,cap.1,(39-70-8)]
	Property: Cell Name, Operation: Change
[Ok][Modification] - [BE->FE] [P: Block,T-Branch,(2-1-5)] [O: FlatComp,cap.1,(39-71-8)]
	Property: Cell Name, Operation: Change
[Ok][Modification] - [BE->FE] [P: Block,T-Branch,(2-1-5)] [O: FlatComp,cap.1,(39-72-8)]
	Property: Cell Name, Operation: Change
[Ok][Modification] - [BE->FE] [P: Block,T-Branch,(2-1-5)] [O: FlatComp,cap.1,(39-73-8)]
	Property: Cell Name, Operation: Change
[Ok][Modification] - [BE->FE] [P: Block,T-Branch,(2-1-5)] [O: FlatComp,cap.1,(39-74-8)]
	Property: Cell Name, Operation: Change
[Ok][Modification] - [BE->FE] [P: Block,T-Branch,(2-1-5)] [O: FlatComp,cap.1,(39-75-8)]
	Property: Cell Name, Operation: Change
[Ok][Modification] - [BE->FE] [P: Block,T-Branch,(2-1-5)] [O: FlatComp,cap.1,(39-76-8)]
	Property: Cell Name, Operation: Change
[Ok][Modification] - [BE->FE] [P: Block,T-Branch,(2-1-5)] [O: FlatComp,res.1,(30-80-8)]
	Property: Cell Name, Operation: Change
[Ok][Modification] - [BE->FE] [P: Block,T-Branch,(2-1-5)] [O: FlatComp,res.1,(30-81-8)]
	Property: Cell Name, Operation: Change
[Ok][Modification] - [BE->FE] [P: Block,T-Branch,(2-1-5)] [O: FlatComp,res.1,(30-83-8)]
	Property: Cell Name, Operation: Change
[Ok][Modification] - [BE->FE] [P: Block,T-Branch,(2-1-5)] [O: FlatComp,res.1,(30-99-8)]
	Property: Cell Name, Operation: Change
[Ok][Modification] - [BE->FE] [P: Block,T-Branch,(2-1-5)] [O: FlatComp,res.1,(30-100-8)]
	Property: Cell Name, Operation: Change
[Ok][Modification] - [BE->FE] [P: Block,T-Branch,(2-1-5)] [O: FlatComp,res.1,(30-101-8)]
	Property: Cell Name, Operation: Change
[Ok][Modification] - [BE->FE] [P: Block,T-Branch,(2-1-5)] [O: FlatComp,res.1,(30-102-8)]
	Property: Cell Name, Operation: Change
[Ok][Modification] - [BE->FE] [P: Block,T-Branch,(2-1-5)] [O: FlatComp,res.1,(30-104-8)]
	Property: Cell Name, Operation: Change
[Ok][Modification] - [BE->FE] [P: Block,T-Branch,(2-1-5)] [O: FlatComp,res.1,(30-105-8)]
	Property: Cell Name, Operation: Change
[Ok][Modification] - [BE->FE] [P: Block,T-Branch,(2-1-5)] [O: FlatComp,res.1,(30-106-8)]
	Property: Cell Name, Operation: Change
[Ok][Modification] - [BE->FE] [P: Block,T-Branch,(2-1-5)] [O: FlatComp,res.1,(30-107-8)]
	Property: Cell Name, Operation: Change
[Ok][Modification] - [BE->FE] [P: Block,T-Branch,(2-1-5)] [O: FlatComp,res.1,(30-108-8)]
	Property: Cell Name, Operation: Change
[Ok][Modification] - [BE->FE] [P: Block,T-Branch,(2-1-5)] [O: FlatComp,res.1,(30-109-8)]
	Property: Cell Name, Operation: Change
[Ok][Modification] - [BE->FE] [P: Block,T-Branch,(2-1-5)] [O: FlatComp,res.1,(30-110-8)]
	Property: Cell Name, Operation: Change
[Ok][Modification] - [BE->FE] [P: Block,T-Branch,(2-1-5)] [O: FlatComp,res.1,(30-111-8)]
	Property: Cell Name, Operation: Change
[Ok][Modification] - [BE->FE] [P: Block,T-Branch,(2-1-5)] [O: FlatComp,res.1,(30-112-8)]
	Property: Cell Name, Operation: Change
[Ok][Modification] - [BE->FE] [P: Block,T-Branch,(2-1-5)] [O: FlatComp,res.1,(30-113-8)]
	Property: Cell Name, Operation: Change
[Ok][Modification] - [BE->FE] [P: Block,T-Branch,(2-1-5)] [O: FlatComp,res.1,(30-115-8)]
	Property: Cell Name, Operation: Change
[Ok][Modification] - [BE->FE] [P: Block,T-Branch,(2-1-5)] [O: FlatComp,res.1,(30-117-8)]
	Property: Cell Name, Operation: Change
[Ok][Modification] - [BE->FE] [P: Block,T-Branch,(2-1-5)] [O: FlatComp,res.1,(30-119-8)]
	Property: Cell Name, Operation: Change
[Ok][Modification] - [BE->FE] [P: Block,T-Branch,(2-1-5)] [O: FlatComp,MICRON_MT41K128M16HA.1,(28-157-8)]
	Property: Cell Name, Operation: Change
[Ok][Modification] - [BE->FE] [P: Block,T-Branch,(2-1-5)] [O: FlatComp,MICRON_MT41K128M16HA.1,(28-212-8)]
	Property: Cell Name, Operation: Change
--------------------------------------------------------------------------------
 Connection synchronization - END (2020-01-25 02:36:13) 
--------------------------------------------------------------------------------
--------------------------------------------------------------------------------
 CES synchronization - START (2020-01-25 02:36:13) 
--------------------------------------------------------------------------------
[Ok][Addition] - [BE->FE] [P: CesGenCompObj,DDR3-BA0,(478-38-44)] [O: CesGenObj,Dev1-1,(491-1-45)]
[Ok][Addition] - [BE->FE] [P: CesGenCompObj,DDR3-BA2,(478-42-44)] [O: CesGenObj,Dev1-1,(491-2-45)]
[Ok][Addition] - [BE->FE] [P: CesGenCompObj,DDR3-BA1,(478-40-44)] [O: CesGenObj,Dev1-1,(491-3-45)]
[Ok][Modification] - [BE->FE] [O: CesElectricalNet,DDR3_WE,(18-16-47)]
[Ok][Modification] - [BE->FE] [O: CesElectricalNet,DDR3_RESET,(18-17-47)]
[Ok][Modification] - [BE->FE] [O: CesElectricalNet,DDR3_CS,(18-18-47)]
[Ok][Modification] - [BE->FE] [O: CesElectricalNet,DDR3_CAS,(18-19-47)]
[Ok][Modification] - [BE->FE] [O: CesElectricalNet,DDR3_RAS,(28-3-47)]
[Ok][Modification] - [BE->FE] [O: CesElectricalNet,DDR3_CKE,(28-4-47)]
[Ok][Modification] - [BE->FE] [O: CesElectricalNet,DDR3_ODT0,(28-13-47)]

--------------------------------------------------------------------------------
 TOPOLOGY synchronization - START (2020-01-25 02:36:13) 
--------------------------------------------------------------------------------
[Ok][Addition] - [BE->FE] [P: CesPhysicalNet,DDR3-BA2,(28-1-49)] [O: CesFromTo,U3-M3,R25-2,(491-4-50)]
[Ok][Addition] - [BE->FE] [P: CesFromTo,U3-M3,R25-2,(491-4-50)] [O: CesConstraint,FROMTO_USERDEFINED,(491-30-22)]
[Ok][Addition] - [BE->FE] [P: CesPhysicalNet,DDR3-BA2,(28-1-49)] [O: CesFromTo,U3-M3,U2-M3,(491-5-50)]
[Ok][Addition] - [BE->FE] [P: CesFromTo,U3-M3,U2-M3,(491-5-50)] [O: CesConstraint,FROMTO_USERDEFINED,(491-31-22)]
[Ok][Addition] - [BE->FE] [P: CesPhysicalNet,DDR3-BA2,(28-1-49)] [O: CesFromTo,U1-M6,U2-M3,(491-6-50)]
[Ok][Addition] - [BE->FE] [P: CesFromTo,U1-M6,U2-M3,(491-6-50)] [O: CesConstraint,FROMTO_USERDEFINED,(491-32-22)]
[Ok][Addition] - [BE->FE] [P: CesElectricalNet,DDR3-BA2,(28-1-47)] [O: CesPinPair,U3-M3,R25-2,(491-5-48)]
[Ok][Addition] - [BE->FE] [P: CesElectricalNet,DDR3-BA2,(28-1-47)] [O: CesPinPair,U3-M3,U2-M3,(491-6-48)]
[Ok][Addition] - [BE->FE] [P: CesPinPair,U3-M3,U2-M3,(491-6-48)] [O: CesConstraint,MATCH_GROUP,(491-33-22)]
[Ok][Addition] - [BE->FE] [P: CesPinPair,U3-M3,U2-M3,(491-6-48)] [O: CesConstraint,MATCH_TOLERANCE,(491-34-22)]
[Ok][Addition] - [BE->FE] [P: CesElectricalNet,DDR3-BA2,(28-1-47)] [O: CesPinPair,U1-M6,U2-M3,(491-7-48)]
[Ok][Addition] - [BE->FE] [P: CesPinPair,U1-M6,U2-M3,(491-7-48)] [O: CesConstraint,COMPLEX_FORMULA,(491-35-22)]
[Ok][Addition] - [BE->FE] [P: CesElectricalNet,DDR3-BA2,(28-1-47)] [O: CesPinPair,U1-M6,U3-M3,(491-8-48)]
[Ok][Addition] - [BE->FE] [P: CesPinPair,U1-M6,U3-M3,(491-8-48)] [O: CesConstraint,COMPLEX_FORMULA,(491-38-22)]
[Ok][Addition] - [BE->FE] [P: CesPinPair,U1-M6,U3-M3,(491-8-48)] [O: CesConstraint,MATCH_GROUP,(491-36-22)]
[Ok][Addition] - [BE->FE] [P: CesPinPair,U1-M6,U3-M3,(491-8-48)] [O: CesConstraint,MATCH_TOLERANCE,(491-37-22)]
[Ok][Addition] - [BE->FE] [P: CesPhysicalNet,DDR3_RAS,(28-3-49)] [O: CesFromTo,R28-2,U1-R5,(490-14-50)]
[Ok][Addition] - [BE->FE] [P: CesFromTo,R28-2,U1-R5,(490-14-50)] [O: CesConstraint,FROMTO_USERDEFINED,(490-19-22)]
[Ok][Addition] - [BE->FE] [P: CesPhysicalNet,DDR3_RAS,(28-3-49)] [O: CesFromTo,U1-R5,U3-J3,(490-15-50)]
[Ok][Addition] - [BE->FE] [P: CesFromTo,U1-R5,U3-J3,(490-15-50)] [O: CesConstraint,FROMTO_USERDEFINED,(490-20-22)]
[Ok][Addition] - [BE->FE] [P: CesPhysicalNet,DDR3_RAS,(28-3-49)] [O: CesFromTo,U3-J3,U2-J3,(490-16-50)]
[Ok][Addition] - [BE->FE] [P: CesFromTo,U3-J3,U2-J3,(490-16-50)] [O: CesConstraint,FROMTO_USERDEFINED,(490-21-22)]
[Ok][Addition] - [BE->FE] [P: CesPhysicalNet,DDR3_ODT0,(28-13-49)] [O: CesFromTo,R32-2,U1-P5,(490-11-50)]
[Ok][Addition] - [BE->FE] [P: CesFromTo,R32-2,U1-P5,(490-11-50)] [O: CesConstraint,FROMTO_USERDEFINED,(490-15-22)]
[Ok][Addition] - [BE->FE] [P: CesPhysicalNet,DDR3_ODT0,(28-13-49)] [O: CesFromTo,U1-P5,U3-K1,(490-12-50)]
[Ok][Addition] - [BE->FE] [P: CesFromTo,U1-P5,U3-K1,(490-12-50)] [O: CesConstraint,FROMTO_USERDEFINED,(490-16-22)]
[Ok][Addition] - [BE->FE] [P: CesPhysicalNet,DDR3_ODT0,(28-13-49)] [O: CesFromTo,U3-K1,U2-K1,(490-13-50)]
[Ok][Addition] - [BE->FE] [P: CesFromTo,U3-K1,U2-K1,(490-13-50)] [O: CesConstraint,FROMTO_USERDEFINED,(490-17-22)]
[Ok][Addition] - [BE->FE] [P: CesPhysicalNet,DDR3_CS,(18-18-49)] [O: CesFromTo,R30-2,U1-P6,(490-8-50)]
[Ok][Addition] - [BE->FE] [P: CesFromTo,R30-2,U1-P6,(490-8-50)] [O: CesConstraint,FROMTO_USERDEFINED,(490-11-22)]
[Ok][Addition] - [BE->FE] [P: CesPhysicalNet,DDR3_CS,(18-18-49)] [O: CesFromTo,U1-P6,U3-L2,(490-9-50)]
[Ok][Addition] - [BE->FE] [P: CesFromTo,U1-P6,U3-L2,(490-9-50)] [O: CesConstraint,FROMTO_USERDEFINED,(490-12-22)]
[Ok][Addition] - [BE->FE] [P: CesPhysicalNet,DDR3_CS,(18-18-49)] [O: CesFromTo,U3-L2,U2-L2,(490-10-50)]
[Ok][Addition] - [BE->FE] [P: CesFromTo,U3-L2,U2-L2,(490-10-50)] [O: CesConstraint,FROMTO_USERDEFINED,(490-13-22)]
[Ok][Addition] - [BE->FE] [P: CesPhysicalNet,DDR3_CAS,(18-19-49)] [O: CesFromTo,R29-2,U1-P3,(490-1-50)]
[Ok][Addition] - [BE->FE] [P: CesFromTo,R29-2,U1-P3,(490-1-50)] [O: CesConstraint,FROMTO_USERDEFINED,(490-2-22)]
[Ok][Addition] - [BE->FE] [P: CesPhysicalNet,DDR3_CAS,(18-19-49)] [O: CesFromTo,U1-P3,U3-K3,(490-2-50)]
[Ok][Addition] - [BE->FE] [P: CesFromTo,U1-P3,U3-K3,(490-2-50)] [O: CesConstraint,FROMTO_USERDEFINED,(490-3-22)]
[Ok][Addition] - [BE->FE] [P: CesPhysicalNet,DDR3_CAS,(18-19-49)] [O: CesFromTo,U3-K3,U2-K3,(490-3-50)]
[Ok][Addition] - [BE->FE] [P: CesFromTo,U3-K3,U2-K3,(490-3-50)] [O: CesConstraint,FROMTO_USERDEFINED,(490-4-22)]
[Ok][Addition] - [BE->FE] [P: CesPhysicalNet,DDR3-BA1,(28-19-49)] [O: CesFromTo,U3-N8,R24-2,(491-7-50)]
[Ok][Addition] - [BE->FE] [P: CesFromTo,U3-N8,R24-2,(491-7-50)] [O: CesConstraint,FROMTO_USERDEFINED,(491-44-22)]
[Ok][Addition] - [BE->FE] [P: CesPhysicalNet,DDR3-BA1,(28-19-49)] [O: CesFromTo,U3-N8,U2-N8,(491-8-50)]
[Ok][Addition] - [BE->FE] [P: CesFromTo,U3-N8,U2-N8,(491-8-50)] [O: CesConstraint,FROMTO_USERDEFINED,(491-45-22)]
[Ok][Addition] - [BE->FE] [P: CesPhysicalNet,DDR3-BA1,(28-19-49)] [O: CesFromTo,U1-L6,U2-N8,(491-9-50)]
[Ok][Addition] - [BE->FE] [P: CesFromTo,U1-L6,U2-N8,(491-9-50)] [O: CesConstraint,FROMTO_USERDEFINED,(491-46-22)]
[Ok][Addition] - [BE->FE] [P: CesElectricalNet,DDR3-BA1,(28-19-47)] [O: CesPinPair,U3-N8,R24-2,(491-9-48)]
[Ok][Addition] - [BE->FE] [P: CesElectricalNet,DDR3-BA1,(28-19-47)] [O: CesPinPair,U3-N8,U2-N8,(491-10-48)]
[Ok][Addition] - [BE->FE] [P: CesPinPair,U3-N8,U2-N8,(491-10-48)] [O: CesConstraint,MATCH_GROUP,(491-47-22)]
[Ok][Addition] - [BE->FE] [P: CesPinPair,U3-N8,U2-N8,(491-10-48)] [O: CesConstraint,MATCH_TOLERANCE,(491-48-22)]
[Ok][Addition] - [BE->FE] [P: CesElectricalNet,DDR3-BA1,(28-19-47)] [O: CesPinPair,U1-L6,U2-N8,(491-11-48)]
[Ok][Addition] - [BE->FE] [P: CesPinPair,U1-L6,U2-N8,(491-11-48)] [O: CesConstraint,COMPLEX_FORMULA,(491-49-22)]
[Ok][Addition] - [BE->FE] [P: CesElectricalNet,DDR3-BA1,(28-19-47)] [O: CesPinPair,U1-L6,U3-N8,(491-12-48)]
[Ok][Addition] - [BE->FE] [P: CesPinPair,U1-L6,U3-N8,(491-12-48)] [O: CesConstraint,COMPLEX_FORMULA,(491-52-22)]
[Ok][Addition] - [BE->FE] [P: CesPinPair,U1-L6,U3-N8,(491-12-48)] [O: CesConstraint,MATCH_GROUP,(491-50-22)]
[Ok][Addition] - [BE->FE] [P: CesPinPair,U1-L6,U3-N8,(491-12-48)] [O: CesConstraint,MATCH_TOLERANCE,(491-51-22)]
[Ok][Addition] - [BE->FE] [P: CesPhysicalNet,DDR3-BA0,(18-29-49)] [O: CesFromTo,U3-M2,R23-2,(491-1-50)]
[Ok][Addition] - [BE->FE] [P: CesFromTo,U3-M2,R23-2,(491-1-50)] [O: CesConstraint,FROMTO_USERDEFINED,(491-16-22)]
[Ok][Addition] - [BE->FE] [P: CesPhysicalNet,DDR3-BA0,(18-29-49)] [O: CesFromTo,U3-M2,U2-M2,(491-2-50)]
[Ok][Addition] - [BE->FE] [P: CesFromTo,U3-M2,U2-M2,(491-2-50)] [O: CesConstraint,FROMTO_USERDEFINED,(491-17-22)]
[Ok][Addition] - [BE->FE] [P: CesPhysicalNet,DDR3-BA0,(18-29-49)] [O: CesFromTo,U1-L7,U2-M2,(491-3-50)]
[Ok][Addition] - [BE->FE] [P: CesFromTo,U1-L7,U2-M2,(491-3-50)] [O: CesConstraint,FROMTO_USERDEFINED,(491-18-22)]
[Ok][Addition] - [BE->FE] [P: CesElectricalNet,DDR3-BA0,(18-29-47)] [O: CesPinPair,U3-M2,R23-2,(491-1-48)]
[Ok][Addition] - [BE->FE] [P: CesElectricalNet,DDR3-BA0,(18-29-47)] [O: CesPinPair,U3-M2,U2-M2,(491-2-48)]
[Ok][Addition] - [BE->FE] [P: CesPinPair,U3-M2,U2-M2,(491-2-48)] [O: CesConstraint,MATCH_GROUP,(491-19-22)]
[Ok][Addition] - [BE->FE] [P: CesPinPair,U3-M2,U2-M2,(491-2-48)] [O: CesConstraint,MATCH_TOLERANCE,(491-20-22)]
[Ok][Addition] - [BE->FE] [P: CesElectricalNet,DDR3-BA0,(18-29-47)] [O: CesPinPair,U1-L7,U2-M2,(491-3-48)]
[Ok][Addition] - [BE->FE] [P: CesPinPair,U1-L7,U2-M2,(491-3-48)] [O: CesConstraint,COMPLEX_FORMULA,(491-21-22)]
[Ok][Addition] - [BE->FE] [P: CesElectricalNet,DDR3-BA0,(18-29-47)] [O: CesPinPair,U1-L7,U3-M2,(491-4-48)]
[Ok][Addition] - [BE->FE] [P: CesPinPair,U1-L7,U3-M2,(491-4-48)] [O: CesConstraint,COMPLEX_FORMULA,(491-24-22)]
[Ok][Addition] - [BE->FE] [P: CesPinPair,U1-L7,U3-M2,(491-4-48)] [O: CesConstraint,MATCH_GROUP,(491-22-22)]
[Ok][Addition] - [BE->FE] [P: CesPinPair,U1-L7,U3-M2,(491-4-48)] [O: CesConstraint,MATCH_TOLERANCE,(491-23-22)]
--------------------------------------------------------------------------------
 TOPOLOGY synchronization - END (2020-01-25 02:36:13) 
--------------------------------------------------------------------------------
[Ok][Modification] - [BE->FE] [P: CesElectricalNet,DDR3-BA0,(18-29-47)] [O: CesConstraint,TEMPLATE,(478-538-22)]
[Ok][Modification] - [BE->FE] [P: CesElectricalNet,DDR3-BA1,(28-19-47)] [O: CesConstraint,TEMPLATE,(478-554-22)]
[Ok][Modification] - [BE->FE] [P: CesElectricalNet,DDR3-BA2,(28-1-47)] [O: CesConstraint,TEMPLATE,(478-570-22)]
[Ok][Deletion] - [BE->FE] [P: CesElectricalNet,DDR3_CKE,(28-4-47)] [O: CesConstraint,TEMPLATE,(478-587-22)]
[Ok][Deletion] - [BE->FE] [P: CesElectricalNet,DDR3_CS,(18-18-47)] [O: CesConstraint,TEMPLATE,(478-604-22)]
[Ok][Deletion] - [BE->FE] [P: CesElectricalNet,DDR3_ODT0,(28-13-47)] [O: CesConstraint,TEMPLATE,(478-620-22)]
[Ok][Modification] - [BE->FE] [P: CesElectricalNet,DDR3_RESET,(18-17-47)] [O: CesConstraint,TEMPLATE,(478-637-22)]
[Ok][Deletion] - [BE->FE] [P: CesElectricalNet,DDR3_CAS,(18-19-47)] [O: CesConstraint,TEMPLATE,(478-654-22)]
[Ok][Deletion] - [BE->FE] [P: CesElectricalNet,DDR3_RAS,(28-3-47)] [O: CesConstraint,TEMPLATE,(478-670-22)]
[Ok][Deletion] - [BE->FE] [P: CesElectricalNet,DDR3_WE,(18-16-47)] [O: CesConstraint,TEMPLATE,(478-686-22)]
[Ok][Addition] - [BE->FE] [P: CesPhysicalNet,DDR3_CAS,(18-19-49)] [O: CesConstraint,TOPO_ORDERED,(490-1-22)]
[Skipped][Addition] - [BE->FE] [P: CesPhysicalNet,DDR3_CKE,(28-4-49)] [O: CesConstraint,TOPO_ORDERED,(490-5-22)]
[Skipped][Addition] - [BE->FE] [P: CesFromTo,R4-1,R31-2,(490-4-50)] [O: CesConstraint,FROMTO_USERDEFINED,(490-6-22)]
[Skipped][Addition] - [BE->FE] [P: CesFromTo,R31-2,U1-V3,(490-5-50)] [O: CesConstraint,FROMTO_USERDEFINED,(490-7-22)]
[Skipped][Addition] - [BE->FE] [P: CesFromTo,U1-V3,U3-K9,(490-6-50)] [O: CesConstraint,FROMTO_USERDEFINED,(490-8-22)]
[Skipped][Addition] - [BE->FE] [P: CesFromTo,U3-K9,U2-K9,(490-7-50)] [O: CesConstraint,FROMTO_USERDEFINED,(490-9-22)]
[Ok][Addition] - [BE->FE] [P: CesPhysicalNet,DDR3_CS,(18-18-49)] [O: CesConstraint,TOPO_ORDERED,(490-10-22)]
[Ok][Addition] - [BE->FE] [P: CesPhysicalNet,DDR3_ODT0,(28-13-49)] [O: CesConstraint,TOPO_ORDERED,(490-14-22)]
[Ok][Addition] - [BE->FE] [P: CesPhysicalNet,DDR3_RAS,(28-3-49)] [O: CesConstraint,TOPO_ORDERED,(490-18-22)]
[Skipped][Addition] - [BE->FE] [P: CesPhysicalNet,DDR3_WE,(18-16-49)] [O: CesConstraint,TOPO_ORDERED,(490-22-22)]
[Skipped][Addition] - [BE->FE] [P: CesFromTo,R27-2,R26-2,(490-17-50)] [O: CesConstraint,FROMTO_USERDEFINED,(490-23-22)]
[Skipped][Addition] - [BE->FE] [P: CesFromTo,R26-2,U1-R4,(490-18-50)] [O: CesConstraint,FROMTO_USERDEFINED,(490-24-22)]
[Skipped][Addition] - [BE->FE] [P: CesFromTo,U1-R4,U3-L3,(490-19-50)] [O: CesConstraint,FROMTO_USERDEFINED,(490-25-22)]
[Skipped][Addition] - [BE->FE] [P: CesFromTo,U3-L3,U2-L3,(490-20-50)] [O: CesConstraint,FROMTO_USERDEFINED,(490-26-22)]
[Ok][Addition] - [BE->FE] [P: CesElectricalNet,DDR3_RAS,(28-3-47)] [O: CesConstraint,ORDER_TYPE,(491-1-22)]
[Ok][Addition] - [BE->FE] [P: CesPhysicalNet,DDR3_RAS,(28-3-49)] [O: CesConstraint,ORDER_TYPE,(491-2-22)]
[Skipped][Addition] - [BE->FE] [P: CesElectricalNet,DDR3_WE,(18-16-47)] [O: CesConstraint,ORDER_TYPE,(491-3-22)]
[Skipped][Addition] - [BE->FE] [P: CesPhysicalNet,DDR3_WE,(18-16-49)] [O: CesConstraint,ORDER_TYPE,(491-4-22)]
[Ok][Addition] - [BE->FE] [P: CesElectricalNet,DDR3_CAS,(18-19-47)] [O: CesConstraint,ORDER_TYPE,(491-5-22)]
[Ok][Addition] - [BE->FE] [P: CesPhysicalNet,DDR3_CAS,(18-19-49)] [O: CesConstraint,ORDER_TYPE,(491-6-22)]
[Skipped][Addition] - [BE->FE] [P: CesElectricalNet,DDR3_CKE,(28-4-47)] [O: CesConstraint,ORDER_TYPE,(491-7-22)]
[Skipped][Addition] - [BE->FE] [P: CesPhysicalNet,DDR3_CKE,(28-4-49)] [O: CesConstraint,ORDER_TYPE,(491-8-22)]
[Ok][Addition] - [BE->FE] [P: CesElectricalNet,DDR3_CS,(18-18-47)] [O: CesConstraint,ORDER_TYPE,(491-9-22)]
[Ok][Addition] - [BE->FE] [P: CesPhysicalNet,DDR3_CS,(18-18-49)] [O: CesConstraint,ORDER_TYPE,(491-10-22)]
[Ok][Addition] - [BE->FE] [P: CesElectricalNet,DDR3_ODT0,(28-13-47)] [O: CesConstraint,ORDER_TYPE,(491-11-22)]
[Ok][Addition] - [BE->FE] [P: CesPhysicalNet,DDR3_ODT0,(28-13-49)] [O: CesConstraint,ORDER_TYPE,(491-12-22)]
[Ok][Addition] - [BE->FE] [P: CesElectricalNet,DDR3-BA0,(18-29-47)] [O: CesConstraint,ORDER_TYPE,(491-13-22)]
[Ok][Addition] - [BE->FE] [P: CesPhysicalNet,DDR3-BA0,(18-29-49)] [O: CesConstraint,ORDER_TYPE,(491-14-22)]
[Ok][Addition] - [BE->FE] [P: CesPhysicalNet,DDR3-BA0,(18-29-49)] [O: CesConstraint,TOPO_ORDERED,(491-15-22)]
[Ok][Addition] - [BE->FE] [P: CesElectricalNet,DDR3-BA0,(18-29-47)] [O: CesConstraint,TOPO_ORDERED,(491-25-22)]
[Ok][Addition] - [BE->FE] [P: CesGenObj,Dev1-1,(491-1-45)] [O: CesConstraint,TOPO_ORIG_NAME,(491-26-22)]
[Ok][Addition] - [BE->FE] [P: CesElectricalNet,DDR3-BA2,(28-1-47)] [O: CesConstraint,ORDER_TYPE,(491-27-22)]
[Ok][Addition] - [BE->FE] [P: CesPhysicalNet,DDR3-BA2,(28-1-49)] [O: CesConstraint,ORDER_TYPE,(491-28-22)]
[Ok][Addition] - [BE->FE] [P: CesPhysicalNet,DDR3-BA2,(28-1-49)] [O: CesConstraint,TOPO_ORDERED,(491-29-22)]
[Ok][Addition] - [BE->FE] [P: CesElectricalNet,DDR3-BA2,(28-1-47)] [O: CesConstraint,TOPO_ORDERED,(491-39-22)]
[Ok][Addition] - [BE->FE] [P: CesGenObj,Dev1-1,(491-2-45)] [O: CesConstraint,TOPO_ORIG_NAME,(491-40-22)]
[Ok][Addition] - [BE->FE] [P: CesElectricalNet,DDR3-BA1,(28-19-47)] [O: CesConstraint,ORDER_TYPE,(491-41-22)]
[Ok][Addition] - [BE->FE] [P: CesPhysicalNet,DDR3-BA1,(28-19-49)] [O: CesConstraint,ORDER_TYPE,(491-42-22)]
[Ok][Addition] - [BE->FE] [P: CesPhysicalNet,DDR3-BA1,(28-19-49)] [O: CesConstraint,TOPO_ORDERED,(491-43-22)]
[Ok][Addition] - [BE->FE] [P: CesElectricalNet,DDR3-BA1,(28-19-47)] [O: CesConstraint,TOPO_ORDERED,(491-53-22)]
[Ok][Addition] - [BE->FE] [P: CesGenObj,Dev1-1,(491-3-45)] [O: CesConstraint,TOPO_ORIG_NAME,(491-54-22)]
--------------------------------------------------------------------------------
 CES synchronization - END (2020-01-25 02:36:13) 
--------------------------------------------------------------------------------
--------------------------------------------------------------------------------
 VMVariant synchronization - START (2020-01-25 02:36:13) 
--------------------------------------------------------------------------------
--------------------------------------------------------------------------------
 VMVariant synchronization - END (2020-01-25 02:36:13) 
--------------------------------------------------------------------------------
--------------------------------------------------------------------------------
 Project integration - END (2020-01-25 02:36:13) 
--------------------------------------------------------------------------------
