--------------------------------------------------------------------------------
 Project integration - START (2020-02-23 23:59:58) 
--------------------------------------------------------------------------------
FE snapshot name: DxD
BE snapshot name: Fly-By_layout_temp
Top level block: (2-1-5)
Parameters: BAConnectivity,BAConstraints,FEWin,
--------------------------------------------------------------------------------
--------------------------------------------------------------------------------
 Connection synchronization - START (2020-02-23 23:59:58) 
--------------------------------------------------------------------------------
[Ok][Modification] - [BE->FE] [P: Block,Fly-BY,(2-1-5)] [O: FlatComp,cap.1,(30-1-8)]
	Property: Cell Name, Operation: Change
[Ok][Modification] - [BE->FE] [P: Block,Fly-BY,(2-1-5)] [O: FlatComp,res.1,(34-1-8)]
	Property: Cell Name, Operation: Change
[Ok][Modification] - [BE->FE] [P: Block,Fly-BY,(2-1-5)] [O: FlatComp,res.1,(479-1-8)]
	Property: Cell Name, Operation: Change
[Ok][Modification] - [BE->FE] [P: Block,Fly-BY,(2-1-5)] [O: FlatComp,res.1,(574-1-8)]
	Property: Cell Name, Operation: Change
[Ok][Modification] - [BE->FE] [P: Block,Fly-BY,(2-1-5)] [O: FlatComp,xc7z020-2clg484_b.1,(18-2-8)]
	Property: Cell Name, Operation: Change
[Ok][Modification] - [BE->FE] [P: Block,Fly-BY,(2-1-5)] [O: FlatComp,cap.1,(30-2-8)]
	Property: Cell Name, Operation: Change
[Ok][Modification] - [BE->FE] [P: Block,Fly-BY,(2-1-5)] [O: FlatComp,res.1,(479-2-8)]
	Property: Cell Name, Operation: Change
[Ok][Modification] - [BE->FE] [P: Block,Fly-BY,(2-1-5)] [O: FlatComp,xc7z020-2clg484_c.1,(18-3-8)]
	Property: Cell Name, Operation: Change
[Ok][Modification] - [BE->FE] [P: Block,Fly-BY,(2-1-5)] [O: FlatComp,cap.1,(30-3-8)]
	Property: Cell Name, Operation: Change
[Ok][Modification] - [BE->FE] [P: Block,Fly-BY,(2-1-5)] [O: FlatComp,res.1,(479-3-8)]
	Property: Cell Name, Operation: Change
[Ok][Modification] - [BE->FE] [P: Block,Fly-BY,(2-1-5)] [O: FlatComp,xc7z020-2clg484_d.1,(18-4-8)]
	Property: Cell Name, Operation: Change
[Ok][Modification] - [BE->FE] [P: Block,Fly-BY,(2-1-5)] [O: FlatComp,cap.1,(30-4-8)]
	Property: Cell Name, Operation: Change
[Ok][Modification] - [BE->FE] [P: Block,Fly-BY,(2-1-5)] [O: FlatComp,res.1,(34-4-8)]
	Property: Cell Name, Operation: Change
[Ok][Modification] - [BE->FE] [P: Block,Fly-BY,(2-1-5)] [O: FlatComp,res.1,(479-4-8)]
	Property: Cell Name, Operation: Change
[Ok][Modification] - [BE->FE] [P: Block,Fly-BY,(2-1-5)] [O: FlatComp,xc7z020-2clg484_e.1,(18-5-8)]
	Property: Cell Name, Operation: Change
[Ok][Modification] - [BE->FE] [P: Block,Fly-BY,(2-1-5)] [O: FlatComp,cap.1,(30-5-8)]
	Property: Cell Name, Operation: Change
[Ok][Modification] - [BE->FE] [P: Block,Fly-BY,(2-1-5)] [O: FlatComp,xc7z020-2clg484_f.1,(18-6-8)]
	Property: Cell Name, Operation: Change
[Ok][Modification] - [BE->FE] [P: Block,Fly-BY,(2-1-5)] [O: FlatComp,cap.1,(30-6-8)]
	Property: Cell Name, Operation: Change
[Ok][Modification] - [BE->FE] [P: Block,Fly-BY,(2-1-5)] [O: FlatComp,res.1,(479-6-8)]
	Property: Cell Name, Operation: Change
[Ok][Modification] - [BE->FE] [P: Block,Fly-BY,(2-1-5)] [O: FlatComp,xc7z020-2clg484_g.1,(18-7-8)]
	Property: Cell Name, Operation: Change
[Ok][Modification] - [BE->FE] [P: Block,Fly-BY,(2-1-5)] [O: FlatComp,cap.1,(30-7-8)]
	Property: Cell Name, Operation: Change
[Ok][Modification] - [BE->FE] [P: Block,Fly-BY,(2-1-5)] [O: FlatComp,res.1,(479-7-8)]
	Property: Cell Name, Operation: Change
[Ok][Modification] - [BE->FE] [P: Block,Fly-BY,(2-1-5)] [O: FlatComp,xc7z020-2clg484_h.1,(18-8-8)]
	Property: Cell Name, Operation: Change
[Ok][Modification] - [BE->FE] [P: Block,Fly-BY,(2-1-5)] [O: FlatComp,cap.1,(30-8-8)]
	Property: Cell Name, Operation: Change
[Ok][Modification] - [BE->FE] [P: Block,Fly-BY,(2-1-5)] [O: FlatComp,res.1,(479-8-8)]
	Property: Cell Name, Operation: Change
[Ok][Modification] - [BE->FE] [P: Block,Fly-BY,(2-1-5)] [O: FlatComp,xc7z020-2clg484_i.1,(18-9-8)]
	Property: Cell Name, Operation: Change
[Ok][Modification] - [BE->FE] [P: Block,Fly-BY,(2-1-5)] [O: FlatComp,cap.1,(30-9-8)]
	Property: Cell Name, Operation: Change
[Ok][Modification] - [BE->FE] [P: Block,Fly-BY,(2-1-5)] [O: FlatComp,cap.1,(30-10-8)]
	Property: Cell Name, Operation: Change
[Ok][Modification] - [BE->FE] [P: Block,Fly-BY,(2-1-5)] [O: FlatComp,res.1,(479-10-8)]
	Property: Cell Name, Operation: Change
[Ok][Modification] - [BE->FE] [P: Block,Fly-BY,(2-1-5)] [O: FlatComp,cap.1,(30-11-8)]
	Property: Cell Name, Operation: Change
[Ok][Modification] - [BE->FE] [P: Block,Fly-BY,(2-1-5)] [O: FlatComp,cap.1,(18-12-8)]
	Property: Cell Name, Operation: Change
[Ok][Modification] - [BE->FE] [P: Block,Fly-BY,(2-1-5)] [O: FlatComp,cap.1,(30-12-8)]
	Property: Cell Name, Operation: Change
[Ok][Modification] - [BE->FE] [P: Block,Fly-BY,(2-1-5)] [O: FlatComp,cap.1,(30-13-8)]
	Property: Cell Name, Operation: Change
[Ok][Modification] - [BE->FE] [P: Block,Fly-BY,(2-1-5)] [O: FlatComp,cap.1,(30-15-8)]
	Property: Cell Name, Operation: Change
[Ok][Modification] - [BE->FE] [P: Block,Fly-BY,(2-1-5)] [O: FlatComp,cap.1,(30-16-8)]
	Property: Cell Name, Operation: Change
[Ok][Modification] - [BE->FE] [P: Block,Fly-BY,(2-1-5)] [O: FlatComp,cap.1,(18-17-8)]
	Property: Cell Name, Operation: Change
[Ok][Modification] - [BE->FE] [P: Block,Fly-BY,(2-1-5)] [O: FlatComp,cap.1,(18-18-8)]
	Property: Cell Name, Operation: Change
[Ok][Modification] - [BE->FE] [P: Block,Fly-BY,(2-1-5)] [O: FlatComp,cap.1,(30-18-8)]
	Property: Cell Name, Operation: Change
[Ok][Modification] - [BE->FE] [P: Block,Fly-BY,(2-1-5)] [O: FlatComp,cap.1,(18-19-8)]
	Property: Cell Name, Operation: Change
[Ok][Modification] - [BE->FE] [P: Block,Fly-BY,(2-1-5)] [O: FlatComp,cap.1,(18-20-8)]
	Property: Cell Name, Operation: Change
[Ok][Modification] - [BE->FE] [P: Block,Fly-BY,(2-1-5)] [O: FlatComp,cap.1,(30-20-8)]
	Property: Cell Name, Operation: Change
[Ok][Modification] - [BE->FE] [P: Block,Fly-BY,(2-1-5)] [O: FlatComp,cap.1,(18-21-8)]
	Property: Cell Name, Operation: Change
[Ok][Modification] - [BE->FE] [P: Block,Fly-BY,(2-1-5)] [O: FlatComp,bead.1,(30-21-8)]
	Property: Cell Name, Operation: Change
[Ok][Modification] - [BE->FE] [P: Block,Fly-BY,(2-1-5)] [O: FlatComp,cap.1,(18-22-8)]
	Property: Cell Name, Operation: Change
[Ok][Modification] - [BE->FE] [P: Block,Fly-BY,(2-1-5)] [O: FlatComp,cap.1,(30-22-8)]
	Property: Cell Name, Operation: Change
[Ok][Modification] - [BE->FE] [P: Block,Fly-BY,(2-1-5)] [O: FlatComp,cap.1,(18-23-8)]
	Property: Cell Name, Operation: Change
[Ok][Modification] - [BE->FE] [P: Block,Fly-BY,(2-1-5)] [O: FlatComp,cap.1,(30-23-8)]
	Property: Cell Name, Operation: Change
[Ok][Modification] - [BE->FE] [P: Block,Fly-BY,(2-1-5)] [O: FlatComp,bead.1,(39-23-8)]
	Property: Cell Name, Operation: Change
[Ok][Modification] - [BE->FE] [P: Block,Fly-BY,(2-1-5)] [O: FlatComp,cap.1,(18-24-8)]
	Property: Cell Name, Operation: Change
[Ok][Modification] - [BE->FE] [P: Block,Fly-BY,(2-1-5)] [O: FlatComp,cap.1,(18-25-8)]
	Property: Cell Name, Operation: Change
[Ok][Modification] - [BE->FE] [P: Block,Fly-BY,(2-1-5)] [O: FlatComp,cap.1,(39-25-8)]
	Property: Cell Name, Operation: Change
[Ok][Modification] - [BE->FE] [P: Block,Fly-BY,(2-1-5)] [O: FlatComp,cap.1,(18-26-8)]
	Property: Cell Name, Operation: Change
[Ok][Modification] - [BE->FE] [P: Block,Fly-BY,(2-1-5)] [O: FlatComp,cap.1,(30-26-8)]
	Property: Cell Name, Operation: Change
[Ok][Modification] - [BE->FE] [P: Block,Fly-BY,(2-1-5)] [O: FlatComp,cap.1,(18-27-8)]
	Property: Cell Name, Operation: Change
[Ok][Modification] - [BE->FE] [P: Block,Fly-BY,(2-1-5)] [O: FlatComp,cap.1,(30-27-8)]
	Property: Cell Name, Operation: Change
[Ok][Modification] - [BE->FE] [P: Block,Fly-BY,(2-1-5)] [O: FlatComp,cap.1,(39-27-8)]
	Property: Cell Name, Operation: Change
[Ok][Modification] - [BE->FE] [P: Block,Fly-BY,(2-1-5)] [O: FlatComp,cap.1,(18-28-8)]
	Property: Cell Name, Operation: Change
[Ok][Modification] - [BE->FE] [P: Block,Fly-BY,(2-1-5)] [O: FlatComp,cap.1,(39-28-8)]
	Property: Cell Name, Operation: Change
[Ok][Modification] - [BE->FE] [P: Block,Fly-BY,(2-1-5)] [O: FlatComp,cap.1,(18-29-8)]
	Property: Cell Name, Operation: Change
[Ok][Modification] - [BE->FE] [P: Block,Fly-BY,(2-1-5)] [O: FlatComp,cap.1,(30-29-8)]
	Property: Cell Name, Operation: Change
[Ok][Modification] - [BE->FE] [P: Block,Fly-BY,(2-1-5)] [O: FlatComp,cap.1,(39-29-8)]
	Property: Cell Name, Operation: Change
[Ok][Modification] - [BE->FE] [P: Block,Fly-BY,(2-1-5)] [O: FlatComp,cap.1,(18-30-8)]
	Property: Cell Name, Operation: Change
[Ok][Modification] - [BE->FE] [P: Block,Fly-BY,(2-1-5)] [O: FlatComp,cap.1,(30-30-8)]
	Property: Cell Name, Operation: Change
[Ok][Modification] - [BE->FE] [P: Block,Fly-BY,(2-1-5)] [O: FlatComp,cap.1,(18-31-8)]
	Property: Cell Name, Operation: Change
[Ok][Modification] - [BE->FE] [P: Block,Fly-BY,(2-1-5)] [O: FlatComp,cap.1,(30-31-8)]
	Property: Cell Name, Operation: Change
[Ok][Modification] - [BE->FE] [P: Block,Fly-BY,(2-1-5)] [O: FlatComp,cap.1,(18-32-8)]
	Property: Cell Name, Operation: Change
[Ok][Modification] - [BE->FE] [P: Block,Fly-BY,(2-1-5)] [O: FlatComp,cap.1,(30-32-8)]
	Property: Cell Name, Operation: Change
[Ok][Modification] - [BE->FE] [P: Block,Fly-BY,(2-1-5)] [O: FlatComp,cap.1,(18-33-8)]
	Property: Cell Name, Operation: Change
[Ok][Modification] - [BE->FE] [P: Block,Fly-BY,(2-1-5)] [O: FlatComp,cap.1,(30-33-8)]
	Property: Cell Name, Operation: Change
[Ok][Modification] - [BE->FE] [P: Block,Fly-BY,(2-1-5)] [O: FlatComp,cap.1,(39-33-8)]
	Property: Cell Name, Operation: Change
[Ok][Modification] - [BE->FE] [P: Block,Fly-BY,(2-1-5)] [O: FlatComp,cap.1,(18-34-8)]
	Property: Cell Name, Operation: Change
[Ok][Modification] - [BE->FE] [P: Block,Fly-BY,(2-1-5)] [O: FlatComp,xc7z020-2clg484_a.1,(39-34-8)]
	Property: Cell Name, Operation: Change
[Ok][Modification] - [BE->FE] [P: Block,Fly-BY,(2-1-5)] [O: FlatComp,cap.1,(30-35-8)]
	Property: Cell Name, Operation: Change
[Ok][Modification] - [BE->FE] [P: Block,Fly-BY,(2-1-5)] [O: FlatComp,cap.1,(30-36-8)]
	Property: Cell Name, Operation: Change
[Ok][Modification] - [BE->FE] [P: Block,Fly-BY,(2-1-5)] [O: FlatComp,cap.1,(30-37-8)]
	Property: Cell Name, Operation: Change
[Ok][Modification] - [BE->FE] [P: Block,Fly-BY,(2-1-5)] [O: FlatComp,cap.1,(30-38-8)]
	Property: Cell Name, Operation: Change
[Ok][Modification] - [BE->FE] [P: Block,Fly-BY,(2-1-5)] [O: FlatComp,cap.1,(30-39-8)]
	Property: Cell Name, Operation: Change
[Ok][Modification] - [BE->FE] [P: Block,Fly-BY,(2-1-5)] [O: FlatComp,cap.1,(39-39-8)]
	Property: Cell Name, Operation: Change
[Ok][Modification] - [BE->FE] [P: Block,Fly-BY,(2-1-5)] [O: FlatComp,cap.1,(18-40-8)]
	Property: Cell Name, Operation: Change
[Ok][Modification] - [BE->FE] [P: Block,Fly-BY,(2-1-5)] [O: FlatComp,cap.1,(30-40-8)]
	Property: Cell Name, Operation: Change
[Ok][Modification] - [BE->FE] [P: Block,Fly-BY,(2-1-5)] [O: FlatComp,cap.1,(30-41-8)]
	Property: Cell Name, Operation: Change
[Ok][Modification] - [BE->FE] [P: Block,Fly-BY,(2-1-5)] [O: FlatComp,cap.1,(39-41-8)]
	Property: Cell Name, Operation: Change
[Ok][Modification] - [BE->FE] [P: Block,Fly-BY,(2-1-5)] [O: FlatComp,cap.1,(30-42-8)]
	Property: Cell Name, Operation: Change
[Ok][Modification] - [BE->FE] [P: Block,Fly-BY,(2-1-5)] [O: FlatComp,cap.1,(39-42-8)]
	Property: Cell Name, Operation: Change
[Ok][Modification] - [BE->FE] [P: Block,Fly-BY,(2-1-5)] [O: FlatComp,cap.1,(30-43-8)]
	Property: Cell Name, Operation: Change
[Ok][Modification] - [BE->FE] [P: Block,Fly-BY,(2-1-5)] [O: FlatComp,cap.1,(39-43-8)]
	Property: Cell Name, Operation: Change
[Ok][Modification] - [BE->FE] [P: Block,Fly-BY,(2-1-5)] [O: FlatComp,cap.1,(30-44-8)]
	Property: Cell Name, Operation: Change
[Ok][Modification] - [BE->FE] [P: Block,Fly-BY,(2-1-5)] [O: FlatComp,cap.1,(39-44-8)]
	Property: Cell Name, Operation: Change
[Ok][Modification] - [BE->FE] [P: Block,Fly-BY,(2-1-5)] [O: FlatComp,cap.1,(30-45-8)]
	Property: Cell Name, Operation: Change
[Ok][Modification] - [BE->FE] [P: Block,Fly-BY,(2-1-5)] [O: FlatComp,cap.1,(39-45-8)]
	Property: Cell Name, Operation: Change
[Ok][Modification] - [BE->FE] [P: Block,Fly-BY,(2-1-5)] [O: FlatComp,cap.1,(30-46-8)]
	Property: Cell Name, Operation: Change
[Ok][Modification] - [BE->FE] [P: Block,Fly-BY,(2-1-5)] [O: FlatComp,cap.1,(39-46-8)]
	Property: Cell Name, Operation: Change
[Ok][Modification] - [BE->FE] [P: Block,Fly-BY,(2-1-5)] [O: FlatComp,cap.1,(30-48-8)]
	Property: Cell Name, Operation: Change
[Ok][Modification] - [BE->FE] [P: Block,Fly-BY,(2-1-5)] [O: FlatComp,cap.1,(30-49-8)]
	Property: Cell Name, Operation: Change
[Ok][Modification] - [BE->FE] [P: Block,Fly-BY,(2-1-5)] [O: FlatComp,cap.1,(39-49-8)]
	Property: Cell Name, Operation: Change
[Ok][Modification] - [BE->FE] [P: Block,Fly-BY,(2-1-5)] [O: FlatComp,cap.1,(39-50-8)]
	Property: Cell Name, Operation: Change
[Ok][Modification] - [BE->FE] [P: Block,Fly-BY,(2-1-5)] [O: FlatComp,cap.1,(30-51-8)]
	Property: Cell Name, Operation: Change
[Ok][Modification] - [BE->FE] [P: Block,Fly-BY,(2-1-5)] [O: FlatComp,cap.1,(39-51-8)]
	Property: Cell Name, Operation: Change
[Ok][Modification] - [BE->FE] [P: Block,Fly-BY,(2-1-5)] [O: FlatComp,cap.1,(39-52-8)]
	Property: Cell Name, Operation: Change
[Ok][Modification] - [BE->FE] [P: Block,Fly-BY,(2-1-5)] [O: FlatComp,cap.1,(39-53-8)]
	Property: Cell Name, Operation: Change
[Ok][Modification] - [BE->FE] [P: Block,Fly-BY,(2-1-5)] [O: FlatComp,cap.1,(39-54-8)]
	Property: Cell Name, Operation: Change
[Ok][Modification] - [BE->FE] [P: Block,Fly-BY,(2-1-5)] [O: FlatComp,cap.1,(30-55-8)]
	Property: Cell Name, Operation: Change
[Ok][Modification] - [BE->FE] [P: Block,Fly-BY,(2-1-5)] [O: FlatComp,cap.1,(39-55-8)]
	Property: Cell Name, Operation: Change
[Ok][Modification] - [BE->FE] [P: Block,Fly-BY,(2-1-5)] [O: FlatComp,cap.1,(30-56-8)]
	Property: Cell Name, Operation: Change
[Ok][Modification] - [BE->FE] [P: Block,Fly-BY,(2-1-5)] [O: FlatComp,cap.1,(39-56-8)]
	Property: Cell Name, Operation: Change
[Ok][Modification] - [BE->FE] [P: Block,Fly-BY,(2-1-5)] [O: FlatComp,cap.1,(39-57-8)]
	Property: Cell Name, Operation: Change
[Ok][Modification] - [BE->FE] [P: Block,Fly-BY,(2-1-5)] [O: FlatComp,cap.1,(30-58-8)]
	Property: Cell Name, Operation: Change
[Ok][Modification] - [BE->FE] [P: Block,Fly-BY,(2-1-5)] [O: FlatComp,cap.1,(39-58-8)]
	Property: Cell Name, Operation: Change
[Ok][Modification] - [BE->FE] [P: Block,Fly-BY,(2-1-5)] [O: FlatComp,cap.1,(39-59-8)]
	Property: Cell Name, Operation: Change
[Ok][Modification] - [BE->FE] [P: Block,Fly-BY,(2-1-5)] [O: FlatComp,cap.1,(39-60-8)]
	Property: Cell Name, Operation: Change
[Ok][Modification] - [BE->FE] [P: Block,Fly-BY,(2-1-5)] [O: FlatComp,cap.1,(39-65-8)]
	Property: Cell Name, Operation: Change
[Ok][Modification] - [BE->FE] [P: Block,Fly-BY,(2-1-5)] [O: FlatComp,cap.1,(39-66-8)]
	Property: Cell Name, Operation: Change
[Ok][Modification] - [BE->FE] [P: Block,Fly-BY,(2-1-5)] [O: FlatComp,cap.1,(39-67-8)]
	Property: Cell Name, Operation: Change
[Ok][Modification] - [BE->FE] [P: Block,Fly-BY,(2-1-5)] [O: FlatComp,cap.1,(39-68-8)]
	Property: Cell Name, Operation: Change
[Ok][Modification] - [BE->FE] [P: Block,Fly-BY,(2-1-5)] [O: FlatComp,cap.1,(39-69-8)]
	Property: Cell Name, Operation: Change
[Ok][Modification] - [BE->FE] [P: Block,Fly-BY,(2-1-5)] [O: FlatComp,cap.1,(39-70-8)]
	Property: Cell Name, Operation: Change
[Ok][Modification] - [BE->FE] [P: Block,Fly-BY,(2-1-5)] [O: FlatComp,cap.1,(39-71-8)]
	Property: Cell Name, Operation: Change
[Ok][Modification] - [BE->FE] [P: Block,Fly-BY,(2-1-5)] [O: FlatComp,cap.1,(39-72-8)]
	Property: Cell Name, Operation: Change
[Ok][Modification] - [BE->FE] [P: Block,Fly-BY,(2-1-5)] [O: FlatComp,cap.1,(39-73-8)]
	Property: Cell Name, Operation: Change
[Ok][Modification] - [BE->FE] [P: Block,Fly-BY,(2-1-5)] [O: FlatComp,cap.1,(39-74-8)]
	Property: Cell Name, Operation: Change
[Ok][Modification] - [BE->FE] [P: Block,Fly-BY,(2-1-5)] [O: FlatComp,cap.1,(39-75-8)]
	Property: Cell Name, Operation: Change
[Ok][Modification] - [BE->FE] [P: Block,Fly-BY,(2-1-5)] [O: FlatComp,cap.1,(39-76-8)]
	Property: Cell Name, Operation: Change
[Ok][Modification] - [BE->FE] [P: Block,Fly-BY,(2-1-5)] [O: FlatComp,res.1,(30-80-8)]
	Property: Cell Name, Operation: Change
[Ok][Modification] - [BE->FE] [P: Block,Fly-BY,(2-1-5)] [O: FlatComp,res.1,(30-81-8)]
	Property: Cell Name, Operation: Change
[Ok][Modification] - [BE->FE] [P: Block,Fly-BY,(2-1-5)] [O: FlatComp,res.1,(30-83-8)]
	Property: Cell Name, Operation: Change
[Ok][Modification] - [BE->FE] [P: Block,Fly-BY,(2-1-5)] [O: FlatComp,res.1,(30-99-8)]
	Property: Cell Name, Operation: Change
[Ok][Modification] - [BE->FE] [P: Block,Fly-BY,(2-1-5)] [O: FlatComp,res.1,(30-100-8)]
	Property: Cell Name, Operation: Change
[Ok][Modification] - [BE->FE] [P: Block,Fly-BY,(2-1-5)] [O: FlatComp,res.1,(30-101-8)]
	Property: Cell Name, Operation: Change
[Ok][Modification] - [BE->FE] [P: Block,Fly-BY,(2-1-5)] [O: FlatComp,res.1,(30-102-8)]
	Property: Cell Name, Operation: Change
[Ok][Modification] - [BE->FE] [P: Block,Fly-BY,(2-1-5)] [O: FlatComp,res.1,(30-104-8)]
	Property: Cell Name, Operation: Change
[Ok][Modification] - [BE->FE] [P: Block,Fly-BY,(2-1-5)] [O: FlatComp,res.1,(30-105-8)]
	Property: Cell Name, Operation: Change
[Ok][Modification] - [BE->FE] [P: Block,Fly-BY,(2-1-5)] [O: FlatComp,res.1,(30-106-8)]
	Property: Cell Name, Operation: Change
[Ok][Modification] - [BE->FE] [P: Block,Fly-BY,(2-1-5)] [O: FlatComp,res.1,(30-107-8)]
	Property: Cell Name, Operation: Change
[Ok][Modification] - [BE->FE] [P: Block,Fly-BY,(2-1-5)] [O: FlatComp,res.1,(30-108-8)]
	Property: Cell Name, Operation: Change
[Ok][Modification] - [BE->FE] [P: Block,Fly-BY,(2-1-5)] [O: FlatComp,res.1,(30-109-8)]
	Property: Cell Name, Operation: Change
[Ok][Modification] - [BE->FE] [P: Block,Fly-BY,(2-1-5)] [O: FlatComp,res.1,(30-110-8)]
	Property: Cell Name, Operation: Change
[Ok][Modification] - [BE->FE] [P: Block,Fly-BY,(2-1-5)] [O: FlatComp,res.1,(30-111-8)]
	Property: Cell Name, Operation: Change
[Ok][Modification] - [BE->FE] [P: Block,Fly-BY,(2-1-5)] [O: FlatComp,res.1,(30-112-8)]
	Property: Cell Name, Operation: Change
[Ok][Modification] - [BE->FE] [P: Block,Fly-BY,(2-1-5)] [O: FlatComp,res.1,(30-113-8)]
	Property: Cell Name, Operation: Change
[Ok][Modification] - [BE->FE] [P: Block,Fly-BY,(2-1-5)] [O: FlatComp,res.1,(30-115-8)]
	Property: Cell Name, Operation: Change
[Ok][Modification] - [BE->FE] [P: Block,Fly-BY,(2-1-5)] [O: FlatComp,res.1,(30-117-8)]
	Property: Cell Name, Operation: Change
[Ok][Modification] - [BE->FE] [P: Block,Fly-BY,(2-1-5)] [O: FlatComp,res.1,(30-119-8)]
	Property: Cell Name, Operation: Change
[Ok][Modification] - [BE->FE] [P: Block,Fly-BY,(2-1-5)] [O: FlatComp,MICRON_MT41K128M16HA.1,(28-157-8)]
	Property: Cell Name, Operation: Change
[Ok][Modification] - [BE->FE] [P: Block,Fly-BY,(2-1-5)] [O: FlatComp,MICRON_MT41K128M16HA.1,(28-212-8)]
	Property: Cell Name, Operation: Change
--------------------------------------------------------------------------------
 Connection synchronization - END (2020-02-23 23:59:58) 
--------------------------------------------------------------------------------
--------------------------------------------------------------------------------
 CES synchronization - START (2020-02-23 23:59:58) 
--------------------------------------------------------------------------------

--------------------------------------------------------------------------------
 TOPOLOGY synchronization - START (2020-02-23 23:59:58) 
--------------------------------------------------------------------------------
--------------------------------------------------------------------------------
 TOPOLOGY synchronization - END (2020-02-23 23:59:58) 
--------------------------------------------------------------------------------
[Ok][Modification] - [BE->FE] [P: CesGenClear,CesGenClear,(2-1-28)] [O: CesConstraint,CMH2NC,(12-1-22)]
[Ok][Modification] - [BE->FE] [P: CesGenClear,CesGenClear,(2-1-28)] [O: CesConstraint,PLCOUT2BRDEDGE,(12-2-22)]
[Ok][Modification] - [BE->FE] [P: CesGenClear,CesGenClear,(2-1-28)] [O: CesConstraint,CE2PARTS,(141-4-22)]
[Ok][Modification] - [BE->FE] [P: CesGenClear,CesGenClear,(2-1-28)] [O: CesConstraint,CE2NONPLANECONDUCTOR,(141-5-22)]
[Ok][Modification] - [BE->FE] [P: CesGenClear,CesGenClear,(2-1-28)] [O: CesConstraint,CE2PLANECONDUCTOR,(141-6-22)]
[Ok][Modification] - [BE->FE] [P: CesGenClear,CesGenClear,(2-1-28)] [O: CesConstraint,CE2CE,(141-7-22)]
[Ok][Modification] - [BE->FE] [P: CesGenClear,CesGenClear,(2-1-28)] [O: CesConstraint,CMH2MH,(141-8-22)]
[Ok][Modification] - [BE->FE] [P: CesGenClear,CesGenClear,(2-1-28)] [O: CesConstraint,TRACE2RESISTOR,(141-9-22)]
[Ok][Modification] - [BE->FE] [P: CesGenClear,CesGenClear,(2-1-28)] [O: CesConstraint,PAD2RESISTOR,(141-10-22)]
[Ok][Deletion] - [BE->FE] [P: CesGenObj,Dev2-1,Dev3-1,(513-5-45)] [O: CesConstraint,MATCH_TOLERANCE,(513-57-22)]
[Ok][Modification] - [BE->FE] [P: CesGenObj,Dev2-1,Dev3-1,(513-5-45)] [O: CesConstraint,COMPLEX_FORMULA,(513-58-22)]
[Ok][Modification] - [BE->FE] [P: CesGenObj,Dev2-1,Dev4-1,(513-6-45)] [O: CesConstraint,COMPLEX_FORMULA,(513-60-22)]
[Ok][Deletion] - [BE->FE] [P: CesGenObj,Dev3-1,Dev4-1,(513-7-45)] [O: CesConstraint,MATCH_TOLERANCE,(513-63-22)]
[Ok][Modification] - [BE->FE] [P: CesPinPair,U1-M4,U3-N3,(513-83-48)] [O: CesConstraint,COMPLEX_FORMULA,(513-326-22)]
[Ok][Modification] - [BE->FE] [P: CesPinPair,U1-M4,U2-N3,(513-84-48)] [O: CesConstraint,COMPLEX_FORMULA,(513-327-22)]
[Ok][Modification] - [BE->FE] [P: CesPinPair,U1-M5,U2-P7,(513-85-48)] [O: CesConstraint,COMPLEX_FORMULA,(513-336-22)]
[Ok][Modification] - [BE->FE] [P: CesPinPair,U1-M5,U3-P7,(513-86-48)] [O: CesConstraint,COMPLEX_FORMULA,(513-337-22)]
[Ok][Modification] - [BE->FE] [P: CesPinPair,U1-K4,U2-P3,(513-89-48)] [O: CesConstraint,COMPLEX_FORMULA,(513-350-22)]
[Ok][Modification] - [BE->FE] [P: CesPinPair,U1-K4,U3-P3,(513-90-48)] [O: CesConstraint,COMPLEX_FORMULA,(513-351-22)]
[Ok][Modification] - [BE->FE] [P: CesPinPair,U1-L4,U2-N2,(513-93-48)] [O: CesConstraint,COMPLEX_FORMULA,(513-363-22)]
[Ok][Modification] - [BE->FE] [P: CesPinPair,U1-L4,U3-N2,(513-94-48)] [O: CesConstraint,COMPLEX_FORMULA,(513-364-22)]
[Ok][Modification] - [BE->FE] [P: CesPinPair,U1-K6,U2-P8,(513-97-48)] [O: CesConstraint,COMPLEX_FORMULA,(513-376-22)]
[Ok][Modification] - [BE->FE] [P: CesPinPair,U1-K6,U3-P8,(513-98-48)] [O: CesConstraint,COMPLEX_FORMULA,(513-377-22)]
[Ok][Modification] - [BE->FE] [P: CesPinPair,U1-K5,U2-P2,(513-101-48)] [O: CesConstraint,COMPLEX_FORMULA,(513-389-22)]
[Ok][Modification] - [BE->FE] [P: CesPinPair,U1-K5,U3-P2,(513-102-48)] [O: CesConstraint,COMPLEX_FORMULA,(513-390-22)]
[Ok][Modification] - [BE->FE] [P: CesPinPair,U1-J7,U2-R8,(513-105-48)] [O: CesConstraint,COMPLEX_FORMULA,(513-402-22)]
[Ok][Modification] - [BE->FE] [P: CesPinPair,U1-J7,U3-R8,(513-106-48)] [O: CesConstraint,COMPLEX_FORMULA,(513-403-22)]
[Ok][Modification] - [BE->FE] [P: CesPinPair,U1-J6,U2-R2,(513-109-48)] [O: CesConstraint,COMPLEX_FORMULA,(513-415-22)]
[Ok][Modification] - [BE->FE] [P: CesPinPair,U1-J6,U3-R2,(513-110-48)] [O: CesConstraint,COMPLEX_FORMULA,(513-416-22)]
[Ok][Modification] - [BE->FE] [P: CesPinPair,U1-J5,U2-T8,(513-113-48)] [O: CesConstraint,COMPLEX_FORMULA,(513-428-22)]
[Ok][Modification] - [BE->FE] [P: CesPinPair,U1-J5,U3-T8,(513-114-48)] [O: CesConstraint,COMPLEX_FORMULA,(513-429-22)]
[Ok][Modification] - [BE->FE] [P: CesPinPair,U1-H5,U2-R3,(513-117-48)] [O: CesConstraint,COMPLEX_FORMULA,(513-441-22)]
[Ok][Modification] - [BE->FE] [P: CesPinPair,U1-H5,U3-R3,(513-118-48)] [O: CesConstraint,COMPLEX_FORMULA,(513-442-22)]
[Ok][Modification] - [BE->FE] [P: CesPinPair,U1-J3,U2-L7,(513-121-48)] [O: CesConstraint,COMPLEX_FORMULA,(513-454-22)]
[Ok][Modification] - [BE->FE] [P: CesPinPair,U1-J3,U3-L7,(513-122-48)] [O: CesConstraint,COMPLEX_FORMULA,(513-455-22)]
[Ok][Modification] - [BE->FE] [P: CesPinPair,U1-G5,U2-R7,(513-125-48)] [O: CesConstraint,COMPLEX_FORMULA,(513-467-22)]
[Ok][Modification] - [BE->FE] [P: CesPinPair,U1-G5,U3-R7,(513-126-48)] [O: CesConstraint,COMPLEX_FORMULA,(513-468-22)]
[Ok][Modification] - [BE->FE] [P: CesPinPair,U1-H4,U2-N7,(513-129-48)] [O: CesConstraint,COMPLEX_FORMULA,(513-480-22)]
[Ok][Modification] - [BE->FE] [P: CesPinPair,U1-H4,U3-N7,(513-130-48)] [O: CesConstraint,COMPLEX_FORMULA,(513-481-22)]
[Ok][Modification] - [BE->FE] [P: CesPinPair,U1-F4,U2-T3,(513-133-48)] [O: CesConstraint,COMPLEX_FORMULA,(513-493-22)]
[Ok][Modification] - [BE->FE] [P: CesPinPair,U1-F4,U3-T3,(513-134-48)] [O: CesConstraint,COMPLEX_FORMULA,(513-494-22)]
[Ok][Modification] - [BE->FE] [P: CesPinPair,U1-G4,U2-T7,(513-137-48)] [O: CesConstraint,COMPLEX_FORMULA,(513-506-22)]
[Ok][Modification] - [BE->FE] [P: CesPinPair,U1-G4,U3-T7,(513-138-48)] [O: CesConstraint,COMPLEX_FORMULA,(513-507-22)]
[Ok][Modification] - [BE->FE] [P: CesPinPair,U1-L7,U2-M2,(513-141-48)] [O: CesConstraint,COMPLEX_FORMULA,(513-519-22)]
[Ok][Modification] - [BE->FE] [P: CesPinPair,U1-L7,U3-M2,(513-142-48)] [O: CesConstraint,COMPLEX_FORMULA,(513-520-22)]
[Ok][Modification] - [BE->FE] [P: CesPinPair,U1-L6,U2-N8,(513-145-48)] [O: CesConstraint,COMPLEX_FORMULA,(513-532-22)]
[Ok][Modification] - [BE->FE] [P: CesPinPair,U1-L6,U3-N8,(513-146-48)] [O: CesConstraint,COMPLEX_FORMULA,(513-533-22)]
[Ok][Modification] - [BE->FE] [P: CesPinPair,U1-M6,U2-M3,(513-149-48)] [O: CesConstraint,COMPLEX_FORMULA,(513-545-22)]
[Ok][Modification] - [BE->FE] [P: CesPinPair,U1-M6,U3-M3,(513-150-48)] [O: CesConstraint,COMPLEX_FORMULA,(513-546-22)]
[Ok][Modification] - [BE->FE] [P: CesElectricalNet,DDR3-D1,(6-77-47)] [O: CesConstraint,COMPLEX_FORMULA,(513-1080-22)]
[Ok][Modification] - [BE->FE] [P: CesPhysicalNet,DDR3-D1,(6-77-49)] [O: CesConstraint,COMPLEX_FORMULA,(513-1081-22)]
[Ok][Modification] - [BE->FE] [P: CesElectricalNet,DDR3-D2,(6-75-47)] [O: CesConstraint,COMPLEX_FORMULA,(513-1082-22)]
[Ok][Modification] - [BE->FE] [P: CesPhysicalNet,DDR3-D2,(6-75-49)] [O: CesConstraint,COMPLEX_FORMULA,(513-1083-22)]
[Ok][Modification] - [BE->FE] [P: CesElectricalNet,DDR3-D3,(6-84-47)] [O: CesConstraint,COMPLEX_FORMULA,(513-1084-22)]
[Ok][Modification] - [BE->FE] [P: CesPhysicalNet,DDR3-D3,(6-84-49)] [O: CesConstraint,COMPLEX_FORMULA,(513-1085-22)]
[Ok][Modification] - [BE->FE] [P: CesElectricalNet,DDR3-D4,(6-83-47)] [O: CesConstraint,COMPLEX_FORMULA,(513-1086-22)]
[Ok][Modification] - [BE->FE] [P: CesPhysicalNet,DDR3-D4,(6-83-49)] [O: CesConstraint,COMPLEX_FORMULA,(513-1087-22)]
[Ok][Modification] - [BE->FE] [P: CesElectricalNet,DDR3-D5,(6-82-47)] [O: CesConstraint,COMPLEX_FORMULA,(513-1088-22)]
[Ok][Modification] - [BE->FE] [P: CesPhysicalNet,DDR3-D5,(6-82-49)] [O: CesConstraint,COMPLEX_FORMULA,(513-1089-22)]
[Ok][Modification] - [BE->FE] [P: CesElectricalNet,DDR3-D6,(28-32-47)] [O: CesConstraint,COMPLEX_FORMULA,(513-1090-22)]
[Ok][Modification] - [BE->FE] [P: CesPhysicalNet,DDR3-D6,(28-32-49)] [O: CesConstraint,COMPLEX_FORMULA,(513-1091-22)]
[Ok][Modification] - [BE->FE] [P: CesElectricalNet,DDR3-D7,(28-36-47)] [O: CesConstraint,COMPLEX_FORMULA,(513-1092-22)]
[Ok][Modification] - [BE->FE] [P: CesPhysicalNet,DDR3-D7,(28-36-49)] [O: CesConstraint,COMPLEX_FORMULA,(513-1093-22)]
[Ok][Modification] - [BE->FE] [P: CesElectricalNet,DDR3-DM0,(28-16-47)] [O: CesConstraint,COMPLEX_FORMULA,(513-1094-22)]
[Ok][Modification] - [BE->FE] [P: CesPhysicalNet,DDR3-DM0,(28-16-49)] [O: CesConstraint,COMPLEX_FORMULA,(513-1095-22)]
[Ok][Modification] - [BE->FE] [P: CesPhysicalNet,DDR3-DQS0_N,(28-43-49)] [O: CesConstraint,COMPLEX_FORMULA,(518-17-22)]
[Ok][Modification] - [BE->FE] [P: CesElectricalNet,DDR3-DQS0_N,(28-43-47)] [O: CesConstraint,COMPLEX_FORMULA,(518-18-22)]
[Ok][Modification] - [BE->FE] [P: CesDiffPair,DDR3-DQS0_N,DDR3-DQS0_P,(259-2-46)] [O: CesConstraint,COMPLEX_FORMULA,(518-19-22)]
[Ok][Modification] - [BE->FE] [P: CesPhysicalNet,DDR3-DQS0_P,(28-22-49)] [O: CesConstraint,COMPLEX_FORMULA,(518-20-22)]
[Ok][Modification] - [BE->FE] [P: CesElectricalNet,DDR3-DQS0_P,(28-22-47)] [O: CesConstraint,COMPLEX_FORMULA,(518-21-22)]
[Ok][Modification] - [BE->FE] [P: CesElectricalNet,DDR3-DQS1_N,(28-15-47)] [O: CesConstraint,COMPLEX_FORMULA,(518-33-22)]
[Ok][Modification] - [BE->FE] [P: CesPhysicalNet,DDR3-DQS1_N,(28-15-49)] [O: CesConstraint,COMPLEX_FORMULA,(518-34-22)]
[Ok][Modification] - [BE->FE] [P: CesDiffPair,DDR3-DQS1_N,DDR3-DQS1_P,(259-5-46)] [O: CesConstraint,COMPLEX_FORMULA,(518-35-22)]
[Ok][Modification] - [BE->FE] [P: CesElectricalNet,DDR3-DQS1_P,(28-6-47)] [O: CesConstraint,COMPLEX_FORMULA,(518-36-22)]
[Ok][Modification] - [BE->FE] [P: CesPhysicalNet,DDR3-DQS1_P,(28-6-49)] [O: CesConstraint,COMPLEX_FORMULA,(518-37-22)]
[Ok][Modification] - [BE->FE] [P: CesElectricalNet,DDR3-D9,(28-34-47)] [O: CesConstraint,COMPLEX_FORMULA,(518-41-22)]
[Ok][Modification] - [BE->FE] [P: CesPhysicalNet,DDR3-D9,(28-34-49)] [O: CesConstraint,COMPLEX_FORMULA,(518-42-22)]
[Ok][Modification] - [BE->FE] [P: CesElectricalNet,DDR3-D10,(28-10-47)] [O: CesConstraint,COMPLEX_FORMULA,(518-43-22)]
[Ok][Modification] - [BE->FE] [P: CesPhysicalNet,DDR3-D10,(28-10-49)] [O: CesConstraint,COMPLEX_FORMULA,(518-44-22)]
[Ok][Modification] - [BE->FE] [P: CesElectricalNet,DDR3-D11,(28-2-47)] [O: CesConstraint,COMPLEX_FORMULA,(518-45-22)]
[Ok][Modification] - [BE->FE] [P: CesPhysicalNet,DDR3-D11,(28-2-49)] [O: CesConstraint,COMPLEX_FORMULA,(518-46-22)]
[Ok][Modification] - [BE->FE] [P: CesElectricalNet,DDR3-D12,(28-45-47)] [O: CesConstraint,COMPLEX_FORMULA,(518-47-22)]
[Ok][Modification] - [BE->FE] [P: CesPhysicalNet,DDR3-D12,(28-45-49)] [O: CesConstraint,COMPLEX_FORMULA,(518-48-22)]
[Ok][Modification] - [BE->FE] [P: CesElectricalNet,DDR3-D13,(28-28-47)] [O: CesConstraint,COMPLEX_FORMULA,(518-49-22)]
[Ok][Modification] - [BE->FE] [P: CesPhysicalNet,DDR3-D13,(28-28-49)] [O: CesConstraint,COMPLEX_FORMULA,(518-50-22)]
[Ok][Modification] - [BE->FE] [P: CesElectricalNet,DDR3-D14,(28-30-47)] [O: CesConstraint,COMPLEX_FORMULA,(518-51-22)]
[Ok][Modification] - [BE->FE] [P: CesPhysicalNet,DDR3-D14,(28-30-49)] [O: CesConstraint,COMPLEX_FORMULA,(518-52-22)]
[Ok][Modification] - [BE->FE] [P: CesElectricalNet,DDR3-D15,(28-24-47)] [O: CesConstraint,COMPLEX_FORMULA,(518-53-22)]
[Ok][Modification] - [BE->FE] [P: CesPhysicalNet,DDR3-D15,(28-24-49)] [O: CesConstraint,COMPLEX_FORMULA,(518-54-22)]
[Ok][Modification] - [BE->FE] [P: CesElectricalNet,DDR3-DM1,(28-18-47)] [O: CesConstraint,COMPLEX_FORMULA,(518-55-22)]
[Ok][Modification] - [BE->FE] [P: CesPhysicalNet,DDR3-DM1,(28-18-49)] [O: CesConstraint,COMPLEX_FORMULA,(518-56-22)]
[Ok][Modification] - [BE->FE] [P: CesElectricalNet,DDR3-DQS2_N,(28-11-47)] [O: CesConstraint,COMPLEX_FORMULA,(518-67-22)]
[Ok][Modification] - [BE->FE] [P: CesPhysicalNet,DDR3-DQS2_N,(28-11-49)] [O: CesConstraint,COMPLEX_FORMULA,(518-68-22)]
[Ok][Modification] - [BE->FE] [P: CesDiffPair,DDR3-DQS2_N,DDR3-DQS2_P,(259-4-46)] [O: CesConstraint,COMPLEX_FORMULA,(518-69-22)]
[Ok][Modification] - [BE->FE] [P: CesElectricalNet,DDR3-DQS2_P,(28-23-47)] [O: CesConstraint,COMPLEX_FORMULA,(518-70-22)]
[Ok][Modification] - [BE->FE] [P: CesPhysicalNet,DDR3-DQS2_P,(28-23-49)] [O: CesConstraint,COMPLEX_FORMULA,(518-71-22)]
[Ok][Modification] - [BE->FE] [P: CesElectricalNet,DDR3-D17,(28-40-47)] [O: CesConstraint,COMPLEX_FORMULA,(518-74-22)]
[Ok][Modification] - [BE->FE] [P: CesPhysicalNet,DDR3-D17,(28-40-49)] [O: CesConstraint,COMPLEX_FORMULA,(518-75-22)]
[Ok][Modification] - [BE->FE] [P: CesElectricalNet,DDR3-D18,(28-7-47)] [O: CesConstraint,COMPLEX_FORMULA,(518-76-22)]
[Ok][Modification] - [BE->FE] [P: CesPhysicalNet,DDR3-D18,(28-7-49)] [O: CesConstraint,COMPLEX_FORMULA,(518-77-22)]
[Ok][Modification] - [BE->FE] [P: CesElectricalNet,DDR3-D19,(28-31-47)] [O: CesConstraint,COMPLEX_FORMULA,(518-78-22)]
[Ok][Modification] - [BE->FE] [P: CesPhysicalNet,DDR3-D19,(28-31-49)] [O: CesConstraint,COMPLEX_FORMULA,(518-79-22)]
[Ok][Modification] - [BE->FE] [P: CesElectricalNet,DDR3-D20,(28-38-47)] [O: CesConstraint,COMPLEX_FORMULA,(518-80-22)]
[Ok][Modification] - [BE->FE] [P: CesPhysicalNet,DDR3-D20,(28-38-49)] [O: CesConstraint,COMPLEX_FORMULA,(518-81-22)]
[Ok][Modification] - [BE->FE] [P: CesElectricalNet,DDR3-D21,(28-29-47)] [O: CesConstraint,COMPLEX_FORMULA,(518-82-22)]
[Ok][Modification] - [BE->FE] [P: CesPhysicalNet,DDR3-D21,(28-29-49)] [O: CesConstraint,COMPLEX_FORMULA,(518-83-22)]
[Ok][Modification] - [BE->FE] [P: CesElectricalNet,DDR3-D22,(28-33-47)] [O: CesConstraint,COMPLEX_FORMULA,(518-84-22)]
[Ok][Modification] - [BE->FE] [P: CesPhysicalNet,DDR3-D22,(28-33-49)] [O: CesConstraint,COMPLEX_FORMULA,(518-85-22)]
[Ok][Modification] - [BE->FE] [P: CesElectricalNet,DDR3-D23,(28-25-47)] [O: CesConstraint,COMPLEX_FORMULA,(518-86-22)]
[Ok][Modification] - [BE->FE] [P: CesPhysicalNet,DDR3-D23,(28-25-49)] [O: CesConstraint,COMPLEX_FORMULA,(518-87-22)]
[Ok][Modification] - [BE->FE] [P: CesElectricalNet,DDR3-DM2,(28-20-47)] [O: CesConstraint,COMPLEX_FORMULA,(518-88-22)]
[Ok][Modification] - [BE->FE] [P: CesPhysicalNet,DDR3-DM2,(28-20-49)] [O: CesConstraint,COMPLEX_FORMULA,(518-89-22)]
[Ok][Modification] - [BE->FE] [P: CesElectricalNet,DDR3-DQS3_N,(28-14-47)] [O: CesConstraint,COMPLEX_FORMULA,(518-96-22)]
[Ok][Modification] - [BE->FE] [P: CesPhysicalNet,DDR3-DQS3_N,(28-14-49)] [O: CesConstraint,COMPLEX_FORMULA,(518-97-22)]
[Ok][Modification] - [BE->FE] [P: CesDiffPair,DDR3-DQS3_N,DDR3-DQS3_P,(259-3-46)] [O: CesConstraint,COMPLEX_FORMULA,(518-98-22)]
[Ok][Modification] - [BE->FE] [P: CesElectricalNet,DDR3-DQS3_P,(28-39-47)] [O: CesConstraint,COMPLEX_FORMULA,(518-99-22)]
[Ok][Modification] - [BE->FE] [P: CesPhysicalNet,DDR3-DQS3_P,(28-39-49)] [O: CesConstraint,COMPLEX_FORMULA,(518-100-22)]
[Ok][Modification] - [BE->FE] [P: CesElectricalNet,DDR3-D25,(28-12-47)] [O: CesConstraint,COMPLEX_FORMULA,(518-103-22)]
[Ok][Modification] - [BE->FE] [P: CesPhysicalNet,DDR3-D25,(28-12-49)] [O: CesConstraint,COMPLEX_FORMULA,(518-104-22)]
[Ok][Modification] - [BE->FE] [P: CesElectricalNet,DDR3-D26,(28-44-47)] [O: CesConstraint,COMPLEX_FORMULA,(518-105-22)]
[Ok][Modification] - [BE->FE] [P: CesPhysicalNet,DDR3-D26,(28-44-49)] [O: CesConstraint,COMPLEX_FORMULA,(518-106-22)]
[Ok][Modification] - [BE->FE] [P: CesElectricalNet,DDR3-D27,(28-26-47)] [O: CesConstraint,COMPLEX_FORMULA,(518-107-22)]
[Ok][Modification] - [BE->FE] [P: CesPhysicalNet,DDR3-D27,(28-26-49)] [O: CesConstraint,COMPLEX_FORMULA,(518-108-22)]
[Ok][Modification] - [BE->FE] [P: CesElectricalNet,DDR3-D28,(28-35-47)] [O: CesConstraint,COMPLEX_FORMULA,(518-109-22)]
[Ok][Modification] - [BE->FE] [P: CesPhysicalNet,DDR3-D28,(28-35-49)] [O: CesConstraint,COMPLEX_FORMULA,(518-110-22)]
[Ok][Modification] - [BE->FE] [P: CesElectricalNet,DDR3-D29,(28-41-47)] [O: CesConstraint,COMPLEX_FORMULA,(518-111-22)]
[Ok][Modification] - [BE->FE] [P: CesPhysicalNet,DDR3-D29,(28-41-49)] [O: CesConstraint,COMPLEX_FORMULA,(518-112-22)]
[Ok][Modification] - [BE->FE] [P: CesElectricalNet,DDR3-D30,(28-42-47)] [O: CesConstraint,COMPLEX_FORMULA,(518-113-22)]
[Ok][Modification] - [BE->FE] [P: CesPhysicalNet,DDR3-D30,(28-42-49)] [O: CesConstraint,COMPLEX_FORMULA,(518-114-22)]
[Ok][Modification] - [BE->FE] [P: CesElectricalNet,DDR3-D31,(28-9-47)] [O: CesConstraint,COMPLEX_FORMULA,(518-115-22)]
[Ok][Modification] - [BE->FE] [P: CesPhysicalNet,DDR3-D31,(28-9-49)] [O: CesConstraint,COMPLEX_FORMULA,(518-116-22)]
[Ok][Modification] - [BE->FE] [P: CesElectricalNet,DDR3-DM3,(28-21-47)] [O: CesConstraint,COMPLEX_FORMULA,(518-117-22)]
[Ok][Modification] - [BE->FE] [P: CesPhysicalNet,DDR3-DM3,(28-21-49)] [O: CesConstraint,COMPLEX_FORMULA,(518-118-22)]
[Ok][Modification] - [BE->FE] [P: CesDiffPair,DDR3-CK_N,DDR3-CK_P,(259-1-46)] [O: CesConstraint,DP_TOL,(627-19-22)]
[Ok][Deletion] - [BE->FE] [P: CesPinPair,U1-M6,U2-M3,(513-149-48)] [O: CesConstraint,MATCH_TOLERANCE,(627-100-22)]
[Ok][Deletion] - [BE->FE] [P: CesPinPair,U1-L6,U2-N8,(513-145-48)] [O: CesConstraint,MATCH_TOLERANCE,(627-101-22)]
[Ok][Deletion] - [BE->FE] [P: CesPinPair,U1-L7,U2-M2,(513-141-48)] [O: CesConstraint,MATCH_TOLERANCE,(627-102-22)]
[Ok][Deletion] - [BE->FE] [P: CesPinPair,U1-G4,U2-T7,(513-137-48)] [O: CesConstraint,MATCH_TOLERANCE,(627-103-22)]
[Ok][Deletion] - [BE->FE] [P: CesPinPair,U1-F4,U2-T3,(513-133-48)] [O: CesConstraint,MATCH_TOLERANCE,(627-104-22)]
[Ok][Deletion] - [BE->FE] [P: CesPinPair,U1-H4,U2-N7,(513-129-48)] [O: CesConstraint,MATCH_TOLERANCE,(627-105-22)]
[Ok][Deletion] - [BE->FE] [P: CesPinPair,U1-G5,U2-R7,(513-125-48)] [O: CesConstraint,MATCH_TOLERANCE,(627-106-22)]
[Ok][Deletion] - [BE->FE] [P: CesPinPair,U1-J3,U2-L7,(513-121-48)] [O: CesConstraint,MATCH_TOLERANCE,(627-107-22)]
[Ok][Deletion] - [BE->FE] [P: CesPinPair,U1-H5,U2-R3,(513-117-48)] [O: CesConstraint,MATCH_TOLERANCE,(627-108-22)]
[Ok][Deletion] - [BE->FE] [P: CesPinPair,U1-J5,U2-T8,(513-113-48)] [O: CesConstraint,MATCH_TOLERANCE,(627-109-22)]
[Ok][Deletion] - [BE->FE] [P: CesPinPair,U1-J6,U2-R2,(513-109-48)] [O: CesConstraint,MATCH_TOLERANCE,(627-110-22)]
[Ok][Deletion] - [BE->FE] [P: CesPinPair,U1-J7,U2-R8,(513-105-48)] [O: CesConstraint,MATCH_TOLERANCE,(627-111-22)]
[Ok][Deletion] - [BE->FE] [P: CesPinPair,U1-K5,U2-P2,(513-101-48)] [O: CesConstraint,MATCH_TOLERANCE,(627-112-22)]
[Ok][Deletion] - [BE->FE] [P: CesPinPair,U1-K6,U2-P8,(513-97-48)] [O: CesConstraint,MATCH_TOLERANCE,(627-113-22)]
[Ok][Deletion] - [BE->FE] [P: CesPinPair,U1-L4,U2-N2,(513-93-48)] [O: CesConstraint,MATCH_TOLERANCE,(627-114-22)]
[Ok][Deletion] - [BE->FE] [P: CesPinPair,U1-K4,U2-P3,(513-89-48)] [O: CesConstraint,MATCH_TOLERANCE,(627-115-22)]
[Ok][Deletion] - [BE->FE] [P: CesPinPair,U1-M5,U2-P7,(513-85-48)] [O: CesConstraint,MATCH_TOLERANCE,(627-116-22)]
[Ok][Deletion] - [BE->FE] [P: CesPinPair,U1-M4,U2-N3,(513-84-48)] [O: CesConstraint,MATCH_TOLERANCE,(627-117-22)]
[Ok][Modification] - [BE->FE] [P: CesPinPair,U1-V3,U2-K9,(627-11-48)] [O: CesConstraint,COMPLEX_FORMULA,(627-118-22)]
[Ok][Modification] - [BE->FE] [P: CesPinPair,U1-V3,U3-K9,(627-12-48)] [O: CesConstraint,COMPLEX_FORMULA,(627-119-22)]
[Ok][Deletion] - [BE->FE] [P: CesPinPair,U2-M3,U3-M3,(513-151-48)] [O: CesConstraint,MATCH_TOLERANCE,(627-122-22)]
[Ok][Deletion] - [BE->FE] [P: CesPinPair,U2-N8,U3-N8,(513-147-48)] [O: CesConstraint,MATCH_TOLERANCE,(627-123-22)]
[Ok][Deletion] - [BE->FE] [P: CesPinPair,U2-M2,U3-M2,(513-143-48)] [O: CesConstraint,MATCH_TOLERANCE,(627-124-22)]
[Ok][Deletion] - [BE->FE] [P: CesPinPair,U2-T7,U3-T7,(513-139-48)] [O: CesConstraint,MATCH_TOLERANCE,(627-125-22)]
[Ok][Deletion] - [BE->FE] [P: CesPinPair,U2-T3,U3-T3,(513-135-48)] [O: CesConstraint,MATCH_TOLERANCE,(627-126-22)]
[Ok][Deletion] - [BE->FE] [P: CesPinPair,U2-N7,U3-N7,(513-131-48)] [O: CesConstraint,MATCH_TOLERANCE,(627-127-22)]
[Ok][Deletion] - [BE->FE] [P: CesPinPair,U2-R7,U3-R7,(513-127-48)] [O: CesConstraint,MATCH_TOLERANCE,(627-128-22)]
[Ok][Deletion] - [BE->FE] [P: CesPinPair,U2-L7,U3-L7,(513-123-48)] [O: CesConstraint,MATCH_TOLERANCE,(627-129-22)]
[Ok][Deletion] - [BE->FE] [P: CesPinPair,U2-R3,U3-R3,(513-119-48)] [O: CesConstraint,MATCH_TOLERANCE,(627-130-22)]
[Ok][Deletion] - [BE->FE] [P: CesPinPair,U2-T8,U3-T8,(513-115-48)] [O: CesConstraint,MATCH_TOLERANCE,(627-131-22)]
[Ok][Deletion] - [BE->FE] [P: CesPinPair,U2-R2,U3-R2,(513-111-48)] [O: CesConstraint,MATCH_TOLERANCE,(627-132-22)]
[Ok][Deletion] - [BE->FE] [P: CesPinPair,U2-R8,U3-R8,(513-107-48)] [O: CesConstraint,MATCH_TOLERANCE,(627-133-22)]
[Ok][Deletion] - [BE->FE] [P: CesPinPair,U2-P2,U3-P2,(513-103-48)] [O: CesConstraint,MATCH_TOLERANCE,(627-134-22)]
[Ok][Deletion] - [BE->FE] [P: CesPinPair,U2-P8,U3-P8,(513-99-48)] [O: CesConstraint,MATCH_TOLERANCE,(627-135-22)]
[Ok][Deletion] - [BE->FE] [P: CesPinPair,U2-N2,U3-N2,(513-95-48)] [O: CesConstraint,MATCH_TOLERANCE,(627-136-22)]
[Ok][Deletion] - [BE->FE] [P: CesPinPair,U2-P3,U3-P3,(513-91-48)] [O: CesConstraint,MATCH_TOLERANCE,(627-137-22)]
[Ok][Deletion] - [BE->FE] [P: CesPinPair,U2-P7,U3-P7,(513-87-48)] [O: CesConstraint,MATCH_TOLERANCE,(627-138-22)]
[Ok][Deletion] - [BE->FE] [P: CesPinPair,U2-N3,U3-N3,(513-82-48)] [O: CesConstraint,MATCH_TOLERANCE,(627-139-22)]
[Ok][Modification] - [BE->FE] [P: CesPinPair,U1-P6,U2-L2,(627-15-48)] [O: CesConstraint,COMPLEX_FORMULA,(627-149-22)]
[Ok][Modification] - [BE->FE] [P: CesPinPair,U1-P6,U3-L2,(627-16-48)] [O: CesConstraint,COMPLEX_FORMULA,(627-150-22)]
[Ok][Modification] - [BE->FE] [P: CesPinPair,U1-P5,U2-K1,(627-19-48)] [O: CesConstraint,COMPLEX_FORMULA,(627-162-22)]
[Ok][Modification] - [BE->FE] [P: CesPinPair,U1-P5,U3-K1,(627-20-48)] [O: CesConstraint,COMPLEX_FORMULA,(627-163-22)]
[Ok][Modification] - [BE->FE] [P: CesPinPair,U1-F3,U2-T2,(627-23-48)] [O: CesConstraint,COMPLEX_FORMULA,(627-175-22)]
[Ok][Modification] - [BE->FE] [P: CesPinPair,U1-F3,U3-T2,(627-24-48)] [O: CesConstraint,COMPLEX_FORMULA,(627-176-22)]
[Ok][Modification] - [BE->FE] [P: CesPinPair,U1-R4,U2-L3,(627-27-48)] [O: CesConstraint,COMPLEX_FORMULA,(627-189-22)]
[Ok][Modification] - [BE->FE] [P: CesPinPair,U1-R4,U3-L3,(627-28-48)] [O: CesConstraint,COMPLEX_FORMULA,(627-190-22)]
[Ok][Modification] - [BE->FE] [P: CesPinPair,U1-P3,U2-K3,(627-31-48)] [O: CesConstraint,COMPLEX_FORMULA,(627-202-22)]
[Ok][Modification] - [BE->FE] [P: CesPinPair,U1-P3,U3-K3,(627-32-48)] [O: CesConstraint,COMPLEX_FORMULA,(627-203-22)]
[Ok][Modification] - [BE->FE] [P: CesPinPair,U1-R5,U2-J3,(627-35-48)] [O: CesConstraint,COMPLEX_FORMULA,(627-215-22)]
[Ok][Modification] - [BE->FE] [P: CesPinPair,U1-R5,U3-J3,(627-36-48)] [O: CesConstraint,COMPLEX_FORMULA,(627-216-22)]
[Ok][Modification] - [BE->FE] [P: CesElectricalNet,DDR3-D0,(6-87-47)] [O: CesConstraint,COMPLEX_FORMULA,(708-30-22)]
[Ok][Modification] - [BE->FE] [P: CesPhysicalNet,DDR3-D0,(6-87-49)] [O: CesConstraint,COMPLEX_FORMULA,(708-31-22)]
[Ok][Modification] - [BE->FE] [P: CesElectricalNet,DDR3-D8,(28-27-47)] [O: CesConstraint,COMPLEX_FORMULA,(708-32-22)]
[Ok][Modification] - [BE->FE] [P: CesPhysicalNet,DDR3-D8,(28-27-49)] [O: CesConstraint,COMPLEX_FORMULA,(708-33-22)]
[Ok][Modification] - [BE->FE] [P: CesElectricalNet,DDR3-D16,(28-37-47)] [O: CesConstraint,COMPLEX_FORMULA,(708-34-22)]
[Ok][Modification] - [BE->FE] [P: CesPhysicalNet,DDR3-D16,(28-37-49)] [O: CesConstraint,COMPLEX_FORMULA,(708-35-22)]
[Ok][Modification] - [BE->FE] [P: CesElectricalNet,DDR3-D24,(28-8-47)] [O: CesConstraint,COMPLEX_FORMULA,(708-36-22)]
[Ok][Modification] - [BE->FE] [P: CesPhysicalNet,DDR3-D24,(28-8-49)] [O: CesConstraint,COMPLEX_FORMULA,(708-37-22)]
[Ok][Addition] - [BE->FE] [P: CesGenObj,Dev1-1,Dev2-1,(513-86-45)] [O: CesConstraint,DELAY_TYPE,(760-1-22)]
[Ok][Addition] - [BE->FE] [P: CesGenObj,Dev2-1,Dev3-1,(513-5-45)] [O: CesConstraint,DELAY_TYPE,(760-2-22)]
[Ok][Addition] - [BE->FE] [P: CesGenObj,Dev2-1,Dev4-1,(513-6-45)] [O: CesConstraint,DELAY_TYPE,(760-3-22)]
[Ok][Addition] - [BE->FE] [P: CesPinPair,U1-V3,U3-K9,(627-12-48)] [O: CesConstraint,DELAY_TYPE,(760-4-22)]
[Ok][Addition] - [BE->FE] [P: CesPinPair,U1-P6,U3-L2,(627-16-48)] [O: CesConstraint,DELAY_TYPE,(760-5-22)]
[Ok][Addition] - [BE->FE] [P: CesPinPair,U1-P5,U3-K1,(627-20-48)] [O: CesConstraint,DELAY_TYPE,(760-6-22)]
[Ok][Addition] - [BE->FE] [P: CesPinPair,U1-F3,U3-T2,(627-24-48)] [O: CesConstraint,DELAY_TYPE,(760-7-22)]
[Ok][Addition] - [BE->FE] [P: CesGenObj,Dev3-1,Dev4-1,(513-7-45)] [O: CesConstraint,DELAY_TYPE,(760-8-22)]
[Ok][Addition] - [BE->FE] [P: CesGenObj,Dev4-1,Dev1-1,(513-8-45)] [O: CesConstraint,DELAY_TYPE,(760-9-22)]
[Ok][Addition] - [BE->FE] [P: CesPinPair,U3-K9,R4-1,(627-14-48)] [O: CesConstraint,DELAY_TYPE,(760-10-22)]
[Ok][Addition] - [BE->FE] [P: CesPinPair,U3-L2,R30-2,(627-18-48)] [O: CesConstraint,DELAY_TYPE,(760-11-22)]
[Ok][Addition] - [BE->FE] [P: CesPinPair,U3-K1,R32-2,(627-22-48)] [O: CesConstraint,DELAY_TYPE,(760-12-22)]
[Ok][Addition] - [BE->FE] [P: CesPinPair,U3-T2,R20-1,(627-26-48)] [O: CesConstraint,DELAY_TYPE,(760-13-22)]
--------------------------------------------------------------------------------
 CES synchronization - END (2020-02-23 23:59:58) 
--------------------------------------------------------------------------------
--------------------------------------------------------------------------------
 VMVariant synchronization - START (2020-02-23 23:59:58) 
--------------------------------------------------------------------------------
--------------------------------------------------------------------------------
 VMVariant synchronization - END (2020-02-23 23:59:58) 
--------------------------------------------------------------------------------
--------------------------------------------------------------------------------
 Project integration - END (2020-02-23 23:59:58) 
--------------------------------------------------------------------------------
