--------------------------------------------------------------------------------
 Project integration - START (2020-01-13 20:14:35) 
--------------------------------------------------------------------------------
FE snapshot name: DxD
BE snapshot name: T-Branch_layout_temp
Top level block: (2-1-5)
Parameters: BAConnectivity,BAConstraints,FEWin,
--------------------------------------------------------------------------------
--------------------------------------------------------------------------------
 Connection synchronization - START (2020-01-13 20:14:35) 
--------------------------------------------------------------------------------
[Ok][Modification] - [BE->FE] [P: Block,T-Branch,(2-1-5)] [O: FlatComp,cap.1,(30-1-8)]
	Property: Cell Name, Operation: Change
[Ok][Modification] - [BE->FE] [P: Block,T-Branch,(2-1-5)] [O: FlatComp,res.1,(34-1-8)]
	Property: Cell Name, Operation: Change
[Ok][Modification] - [BE->FE] [P: Block,T-Branch,(2-1-5)] [O: FlatComp,xc7z020-2clg484_b.1,(18-2-8)]
	Property: Cell Name, Operation: Change
[Ok][Modification] - [BE->FE] [P: Block,T-Branch,(2-1-5)] [O: FlatComp,cap.1,(30-2-8)]
	Property: Cell Name, Operation: Change
[Ok][Modification] - [BE->FE] [P: Block,T-Branch,(2-1-5)] [O: FlatComp,xc7z020-2clg484_c.1,(18-3-8)]
	Property: Cell Name, Operation: Change
[Ok][Modification] - [BE->FE] [P: Block,T-Branch,(2-1-5)] [O: FlatComp,cap.1,(30-3-8)]
	Property: Cell Name, Operation: Change
[Ok][Modification] - [BE->FE] [P: Block,T-Branch,(2-1-5)] [O: FlatComp,xc7z020-2clg484_d.1,(18-4-8)]
	Property: Cell Name, Operation: Change
[Ok][Modification] - [BE->FE] [P: Block,T-Branch,(2-1-5)] [O: FlatComp,cap.1,(30-4-8)]
	Property: Cell Name, Operation: Change
[Ok][Modification] - [BE->FE] [P: Block,T-Branch,(2-1-5)] [O: FlatComp,res.1,(34-4-8)]
	Property: Cell Name, Operation: Change
[Ok][Modification] - [BE->FE] [P: Block,T-Branch,(2-1-5)] [O: FlatComp,xc7z020-2clg484_e.1,(18-5-8)]
	Property: Cell Name, Operation: Change
[Ok][Modification] - [BE->FE] [P: Block,T-Branch,(2-1-5)] [O: FlatComp,cap.1,(30-5-8)]
	Property: Cell Name, Operation: Change
[Ok][Modification] - [BE->FE] [P: Block,T-Branch,(2-1-5)] [O: FlatComp,xc7z020-2clg484_f.1,(18-6-8)]
	Property: Cell Name, Operation: Change
[Ok][Modification] - [BE->FE] [P: Block,T-Branch,(2-1-5)] [O: FlatComp,cap.1,(30-6-8)]
	Property: Cell Name, Operation: Change
[Ok][Modification] - [BE->FE] [P: Block,T-Branch,(2-1-5)] [O: FlatComp,xc7z020-2clg484_g.1,(18-7-8)]
	Property: Cell Name, Operation: Change
[Ok][Modification] - [BE->FE] [P: Block,T-Branch,(2-1-5)] [O: FlatComp,cap.1,(30-7-8)]
	Property: Cell Name, Operation: Change
[Ok][Modification] - [BE->FE] [P: Block,T-Branch,(2-1-5)] [O: FlatComp,xc7z020-2clg484_h.1,(18-8-8)]
	Property: Cell Name, Operation: Change
[Ok][Modification] - [BE->FE] [P: Block,T-Branch,(2-1-5)] [O: FlatComp,cap.1,(30-8-8)]
	Property: Cell Name, Operation: Change
[Ok][Modification] - [BE->FE] [P: Block,T-Branch,(2-1-5)] [O: FlatComp,xc7z020-2clg484_i.1,(18-9-8)]
	Property: Cell Name, Operation: Change
[Ok][Modification] - [BE->FE] [P: Block,T-Branch,(2-1-5)] [O: FlatComp,cap.1,(30-9-8)]
	Property: Cell Name, Operation: Change
[Ok][Modification] - [BE->FE] [P: Block,T-Branch,(2-1-5)] [O: FlatComp,cap.1,(30-10-8)]
	Property: Cell Name, Operation: Change
[Ok][Modification] - [BE->FE] [P: Block,T-Branch,(2-1-5)] [O: FlatComp,cap.1,(30-11-8)]
	Property: Cell Name, Operation: Change
[Ok][Modification] - [BE->FE] [P: Block,T-Branch,(2-1-5)] [O: FlatComp,cap.1,(18-12-8)]
	Property: Cell Name, Operation: Change
[Ok][Modification] - [BE->FE] [P: Block,T-Branch,(2-1-5)] [O: FlatComp,cap.1,(30-12-8)]
	Property: Cell Name, Operation: Change
[Ok][Modification] - [BE->FE] [P: Block,T-Branch,(2-1-5)] [O: FlatComp,cap.1,(30-13-8)]
	Property: Cell Name, Operation: Change
[Ok][Modification] - [BE->FE] [P: Block,T-Branch,(2-1-5)] [O: FlatComp,cap.1,(30-15-8)]
	Property: Cell Name, Operation: Change
[Ok][Modification] - [BE->FE] [P: Block,T-Branch,(2-1-5)] [O: FlatComp,cap.1,(30-16-8)]
	Property: Cell Name, Operation: Change
[Ok][Modification] - [BE->FE] [P: Block,T-Branch,(2-1-5)] [O: FlatComp,cap.1,(18-17-8)]
	Property: Cell Name, Operation: Change
[Ok][Modification] - [BE->FE] [P: Block,T-Branch,(2-1-5)] [O: FlatComp,cap.1,(18-18-8)]
	Property: Cell Name, Operation: Change
[Ok][Modification] - [BE->FE] [P: Block,T-Branch,(2-1-5)] [O: FlatComp,cap.1,(30-18-8)]
	Property: Cell Name, Operation: Change
[Ok][Modification] - [BE->FE] [P: Block,T-Branch,(2-1-5)] [O: FlatComp,cap.1,(18-19-8)]
	Property: Cell Name, Operation: Change
[Ok][Modification] - [BE->FE] [P: Block,T-Branch,(2-1-5)] [O: FlatComp,cap.1,(18-20-8)]
	Property: Cell Name, Operation: Change
[Ok][Modification] - [BE->FE] [P: Block,T-Branch,(2-1-5)] [O: FlatComp,cap.1,(30-20-8)]
	Property: Cell Name, Operation: Change
[Ok][Modification] - [BE->FE] [P: Block,T-Branch,(2-1-5)] [O: FlatComp,cap.1,(18-21-8)]
	Property: Cell Name, Operation: Change
[Ok][Modification] - [BE->FE] [P: Block,T-Branch,(2-1-5)] [O: FlatComp,bead.1,(30-21-8)]
	Property: Cell Name, Operation: Change
[Ok][Modification] - [BE->FE] [P: Block,T-Branch,(2-1-5)] [O: FlatComp,cap.1,(18-22-8)]
	Property: Cell Name, Operation: Change
[Ok][Modification] - [BE->FE] [P: Block,T-Branch,(2-1-5)] [O: FlatComp,cap.1,(30-22-8)]
	Property: Cell Name, Operation: Change
[Ok][Modification] - [BE->FE] [P: Block,T-Branch,(2-1-5)] [O: FlatComp,cap.1,(18-23-8)]
	Property: Cell Name, Operation: Change
[Ok][Modification] - [BE->FE] [P: Block,T-Branch,(2-1-5)] [O: FlatComp,cap.1,(30-23-8)]
	Property: Cell Name, Operation: Change
[Ok][Modification] - [BE->FE] [P: Block,T-Branch,(2-1-5)] [O: FlatComp,bead.1,(39-23-8)]
	Property: Cell Name, Operation: Change
[Ok][Modification] - [BE->FE] [P: Block,T-Branch,(2-1-5)] [O: FlatComp,cap.1,(18-24-8)]
	Property: Cell Name, Operation: Change
[Ok][Modification] - [BE->FE] [P: Block,T-Branch,(2-1-5)] [O: FlatComp,cap.1,(18-25-8)]
	Property: Cell Name, Operation: Change
[Ok][Modification] - [BE->FE] [P: Block,T-Branch,(2-1-5)] [O: FlatComp,cap.1,(39-25-8)]
	Property: Cell Name, Operation: Change
[Ok][Modification] - [BE->FE] [P: Block,T-Branch,(2-1-5)] [O: FlatComp,cap.1,(18-26-8)]
	Property: Cell Name, Operation: Change
[Ok][Modification] - [BE->FE] [P: Block,T-Branch,(2-1-5)] [O: FlatComp,cap.1,(30-26-8)]
	Property: Cell Name, Operation: Change
[Ok][Modification] - [BE->FE] [P: Block,T-Branch,(2-1-5)] [O: FlatComp,cap.1,(18-27-8)]
	Property: Cell Name, Operation: Change
[Ok][Modification] - [BE->FE] [P: Block,T-Branch,(2-1-5)] [O: FlatComp,cap.1,(30-27-8)]
	Property: Cell Name, Operation: Change
[Ok][Modification] - [BE->FE] [P: Block,T-Branch,(2-1-5)] [O: FlatComp,cap.1,(39-27-8)]
	Property: Cell Name, Operation: Change
[Ok][Modification] - [BE->FE] [P: Block,T-Branch,(2-1-5)] [O: FlatComp,cap.1,(18-28-8)]
	Property: Cell Name, Operation: Change
[Ok][Modification] - [BE->FE] [P: Block,T-Branch,(2-1-5)] [O: FlatComp,cap.1,(39-28-8)]
	Property: Cell Name, Operation: Change
[Ok][Modification] - [BE->FE] [P: Block,T-Branch,(2-1-5)] [O: FlatComp,cap.1,(18-29-8)]
	Property: Cell Name, Operation: Change
[Ok][Modification] - [BE->FE] [P: Block,T-Branch,(2-1-5)] [O: FlatComp,cap.1,(30-29-8)]
	Property: Cell Name, Operation: Change
[Ok][Modification] - [BE->FE] [P: Block,T-Branch,(2-1-5)] [O: FlatComp,cap.1,(39-29-8)]
	Property: Cell Name, Operation: Change
[Ok][Modification] - [BE->FE] [P: Block,T-Branch,(2-1-5)] [O: FlatComp,cap.1,(18-30-8)]
	Property: Cell Name, Operation: Change
[Ok][Modification] - [BE->FE] [P: Block,T-Branch,(2-1-5)] [O: FlatComp,cap.1,(30-30-8)]
	Property: Cell Name, Operation: Change
[Ok][Modification] - [BE->FE] [P: Block,T-Branch,(2-1-5)] [O: FlatComp,cap.1,(18-31-8)]
	Property: Cell Name, Operation: Change
[Ok][Modification] - [BE->FE] [P: Block,T-Branch,(2-1-5)] [O: FlatComp,cap.1,(30-31-8)]
	Property: Cell Name, Operation: Change
[Ok][Modification] - [BE->FE] [P: Block,T-Branch,(2-1-5)] [O: FlatComp,cap.1,(18-32-8)]
	Property: Cell Name, Operation: Change
[Ok][Modification] - [BE->FE] [P: Block,T-Branch,(2-1-5)] [O: FlatComp,cap.1,(30-32-8)]
	Property: Cell Name, Operation: Change
[Ok][Modification] - [BE->FE] [P: Block,T-Branch,(2-1-5)] [O: FlatComp,cap.1,(18-33-8)]
	Property: Cell Name, Operation: Change
[Ok][Modification] - [BE->FE] [P: Block,T-Branch,(2-1-5)] [O: FlatComp,cap.1,(30-33-8)]
	Property: Cell Name, Operation: Change
[Ok][Modification] - [BE->FE] [P: Block,T-Branch,(2-1-5)] [O: FlatComp,cap.1,(39-33-8)]
	Property: Cell Name, Operation: Change
[Ok][Modification] - [BE->FE] [P: Block,T-Branch,(2-1-5)] [O: FlatComp,cap.1,(18-34-8)]
	Property: Cell Name, Operation: Change
[Ok][Modification] - [BE->FE] [P: Block,T-Branch,(2-1-5)] [O: FlatComp,xc7z020-2clg484_a.1,(39-34-8)]
	Property: Cell Name, Operation: Change
[Ok][Modification] - [BE->FE] [P: Block,T-Branch,(2-1-5)] [O: FlatComp,cap.1,(30-35-8)]
	Property: Cell Name, Operation: Change
[Ok][Modification] - [BE->FE] [P: Block,T-Branch,(2-1-5)] [O: FlatComp,cap.1,(30-36-8)]
	Property: Cell Name, Operation: Change
[Ok][Modification] - [BE->FE] [P: Block,T-Branch,(2-1-5)] [O: FlatComp,cap.1,(30-37-8)]
	Property: Cell Name, Operation: Change
[Ok][Modification] - [BE->FE] [P: Block,T-Branch,(2-1-5)] [O: FlatComp,cap.1,(30-38-8)]
	Property: Cell Name, Operation: Change
[Ok][Modification] - [BE->FE] [P: Block,T-Branch,(2-1-5)] [O: FlatComp,cap.1,(30-39-8)]
	Property: Cell Name, Operation: Change
[Ok][Modification] - [BE->FE] [P: Block,T-Branch,(2-1-5)] [O: FlatComp,cap.1,(39-39-8)]
	Property: Cell Name, Operation: Change
[Ok][Modification] - [BE->FE] [P: Block,T-Branch,(2-1-5)] [O: FlatComp,cap.1,(18-40-8)]
	Property: Cell Name, Operation: Change
[Ok][Modification] - [BE->FE] [P: Block,T-Branch,(2-1-5)] [O: FlatComp,cap.1,(30-40-8)]
	Property: Cell Name, Operation: Change
[Ok][Modification] - [BE->FE] [P: Block,T-Branch,(2-1-5)] [O: FlatComp,cap.1,(30-41-8)]
	Property: Cell Name, Operation: Change
[Ok][Modification] - [BE->FE] [P: Block,T-Branch,(2-1-5)] [O: FlatComp,cap.1,(39-41-8)]
	Property: Cell Name, Operation: Change
[Ok][Modification] - [BE->FE] [P: Block,T-Branch,(2-1-5)] [O: FlatComp,cap.1,(30-42-8)]
	Property: Cell Name, Operation: Change
[Ok][Modification] - [BE->FE] [P: Block,T-Branch,(2-1-5)] [O: FlatComp,cap.1,(39-42-8)]
	Property: Cell Name, Operation: Change
[Ok][Modification] - [BE->FE] [P: Block,T-Branch,(2-1-5)] [O: FlatComp,cap.1,(30-43-8)]
	Property: Cell Name, Operation: Change
[Ok][Modification] - [BE->FE] [P: Block,T-Branch,(2-1-5)] [O: FlatComp,cap.1,(39-43-8)]
	Property: Cell Name, Operation: Change
[Ok][Modification] - [BE->FE] [P: Block,T-Branch,(2-1-5)] [O: FlatComp,cap.1,(30-44-8)]
	Property: Cell Name, Operation: Change
[Ok][Modification] - [BE->FE] [P: Block,T-Branch,(2-1-5)] [O: FlatComp,cap.1,(39-44-8)]
	Property: Cell Name, Operation: Change
[Ok][Modification] - [BE->FE] [P: Block,T-Branch,(2-1-5)] [O: FlatComp,cap.1,(30-45-8)]
	Property: Cell Name, Operation: Change
[Ok][Modification] - [BE->FE] [P: Block,T-Branch,(2-1-5)] [O: FlatComp,cap.1,(39-45-8)]
	Property: Cell Name, Operation: Change
[Ok][Modification] - [BE->FE] [P: Block,T-Branch,(2-1-5)] [O: FlatComp,cap.1,(30-46-8)]
	Property: Cell Name, Operation: Change
[Ok][Modification] - [BE->FE] [P: Block,T-Branch,(2-1-5)] [O: FlatComp,cap.1,(39-46-8)]
	Property: Cell Name, Operation: Change
[Ok][Modification] - [BE->FE] [P: Block,T-Branch,(2-1-5)] [O: FlatComp,cap.1,(30-48-8)]
	Property: Cell Name, Operation: Change
[Ok][Modification] - [BE->FE] [P: Block,T-Branch,(2-1-5)] [O: FlatComp,cap.1,(30-49-8)]
	Property: Cell Name, Operation: Change
[Ok][Modification] - [BE->FE] [P: Block,T-Branch,(2-1-5)] [O: FlatComp,cap.1,(39-49-8)]
	Property: Cell Name, Operation: Change
[Ok][Modification] - [BE->FE] [P: Block,T-Branch,(2-1-5)] [O: FlatComp,cap.1,(39-50-8)]
	Property: Cell Name, Operation: Change
[Ok][Modification] - [BE->FE] [P: Block,T-Branch,(2-1-5)] [O: FlatComp,cap.1,(30-51-8)]
	Property: Cell Name, Operation: Change
[Ok][Modification] - [BE->FE] [P: Block,T-Branch,(2-1-5)] [O: FlatComp,cap.1,(39-51-8)]
	Property: Cell Name, Operation: Change
[Ok][Modification] - [BE->FE] [P: Block,T-Branch,(2-1-5)] [O: FlatComp,cap.1,(39-52-8)]
	Property: Cell Name, Operation: Change
[Ok][Modification] - [BE->FE] [P: Block,T-Branch,(2-1-5)] [O: FlatComp,cap.1,(39-53-8)]
	Property: Cell Name, Operation: Change
[Ok][Modification] - [BE->FE] [P: Block,T-Branch,(2-1-5)] [O: FlatComp,cap.1,(39-54-8)]
	Property: Cell Name, Operation: Change
[Ok][Modification] - [BE->FE] [P: Block,T-Branch,(2-1-5)] [O: FlatComp,cap.1,(30-55-8)]
	Property: Cell Name, Operation: Change
[Ok][Modification] - [BE->FE] [P: Block,T-Branch,(2-1-5)] [O: FlatComp,cap.1,(39-55-8)]
	Property: Cell Name, Operation: Change
[Ok][Modification] - [BE->FE] [P: Block,T-Branch,(2-1-5)] [O: FlatComp,cap.1,(30-56-8)]
	Property: Cell Name, Operation: Change
[Ok][Modification] - [BE->FE] [P: Block,T-Branch,(2-1-5)] [O: FlatComp,cap.1,(39-56-8)]
	Property: Cell Name, Operation: Change
[Ok][Modification] - [BE->FE] [P: Block,T-Branch,(2-1-5)] [O: FlatComp,cap.1,(39-57-8)]
	Property: Cell Name, Operation: Change
[Ok][Modification] - [BE->FE] [P: Block,T-Branch,(2-1-5)] [O: FlatComp,cap.1,(30-58-8)]
	Property: Cell Name, Operation: Change
[Ok][Modification] - [BE->FE] [P: Block,T-Branch,(2-1-5)] [O: FlatComp,cap.1,(39-58-8)]
	Property: Cell Name, Operation: Change
[Ok][Modification] - [BE->FE] [P: Block,T-Branch,(2-1-5)] [O: FlatComp,cap.1,(39-59-8)]
	Property: Cell Name, Operation: Change
[Ok][Modification] - [BE->FE] [P: Block,T-Branch,(2-1-5)] [O: FlatComp,cap.1,(39-60-8)]
	Property: Cell Name, Operation: Change
[Ok][Modification] - [BE->FE] [P: Block,T-Branch,(2-1-5)] [O: FlatComp,cap.1,(39-65-8)]
	Property: Cell Name, Operation: Change
[Ok][Modification] - [BE->FE] [P: Block,T-Branch,(2-1-5)] [O: FlatComp,cap.1,(39-66-8)]
	Property: Cell Name, Operation: Change
[Ok][Modification] - [BE->FE] [P: Block,T-Branch,(2-1-5)] [O: FlatComp,cap.1,(39-67-8)]
	Property: Cell Name, Operation: Change
[Ok][Modification] - [BE->FE] [P: Block,T-Branch,(2-1-5)] [O: FlatComp,cap.1,(39-68-8)]
	Property: Cell Name, Operation: Change
[Ok][Modification] - [BE->FE] [P: Block,T-Branch,(2-1-5)] [O: FlatComp,cap.1,(39-69-8)]
	Property: Cell Name, Operation: Change
[Ok][Modification] - [BE->FE] [P: Block,T-Branch,(2-1-5)] [O: FlatComp,cap.1,(39-70-8)]
	Property: Cell Name, Operation: Change
[Ok][Modification] - [BE->FE] [P: Block,T-Branch,(2-1-5)] [O: FlatComp,cap.1,(39-71-8)]
	Property: Cell Name, Operation: Change
[Ok][Modification] - [BE->FE] [P: Block,T-Branch,(2-1-5)] [O: FlatComp,cap.1,(39-72-8)]
	Property: Cell Name, Operation: Change
[Ok][Modification] - [BE->FE] [P: Block,T-Branch,(2-1-5)] [O: FlatComp,cap.1,(39-73-8)]
	Property: Cell Name, Operation: Change
[Ok][Modification] - [BE->FE] [P: Block,T-Branch,(2-1-5)] [O: FlatComp,cap.1,(39-74-8)]
	Property: Cell Name, Operation: Change
[Ok][Modification] - [BE->FE] [P: Block,T-Branch,(2-1-5)] [O: FlatComp,cap.1,(39-75-8)]
	Property: Cell Name, Operation: Change
[Ok][Modification] - [BE->FE] [P: Block,T-Branch,(2-1-5)] [O: FlatComp,cap.1,(39-76-8)]
	Property: Cell Name, Operation: Change
[Ok][Modification] - [BE->FE] [P: Block,T-Branch,(2-1-5)] [O: FlatComp,res.1,(30-80-8)]
	Property: Cell Name, Operation: Change
[Ok][Modification] - [BE->FE] [P: Block,T-Branch,(2-1-5)] [O: FlatComp,res.1,(30-81-8)]
	Property: Cell Name, Operation: Change
[Ok][Modification] - [BE->FE] [P: Block,T-Branch,(2-1-5)] [O: FlatComp,res.1,(30-83-8)]
	Property: Cell Name, Operation: Change
[Ok][Modification] - [BE->FE] [P: Block,T-Branch,(2-1-5)] [O: FlatComp,res.1,(30-99-8)]
	Property: Cell Name, Operation: Change
[Ok][Modification] - [BE->FE] [P: Block,T-Branch,(2-1-5)] [O: FlatComp,res.1,(30-100-8)]
	Property: Cell Name, Operation: Change
[Ok][Modification] - [BE->FE] [P: Block,T-Branch,(2-1-5)] [O: FlatComp,res.1,(30-101-8)]
	Property: Cell Name, Operation: Change
[Ok][Modification] - [BE->FE] [P: Block,T-Branch,(2-1-5)] [O: FlatComp,res.1,(30-102-8)]
	Property: Cell Name, Operation: Change
[Ok][Modification] - [BE->FE] [P: Block,T-Branch,(2-1-5)] [O: FlatComp,res.1,(30-104-8)]
	Property: Cell Name, Operation: Change
[Ok][Modification] - [BE->FE] [P: Block,T-Branch,(2-1-5)] [O: FlatComp,res.1,(30-105-8)]
	Property: Cell Name, Operation: Change
[Ok][Modification] - [BE->FE] [P: Block,T-Branch,(2-1-5)] [O: FlatComp,res.1,(30-106-8)]
	Property: Cell Name, Operation: Change
[Ok][Modification] - [BE->FE] [P: Block,T-Branch,(2-1-5)] [O: FlatComp,res.1,(30-107-8)]
	Property: Cell Name, Operation: Change
[Ok][Modification] - [BE->FE] [P: Block,T-Branch,(2-1-5)] [O: FlatComp,res.1,(30-108-8)]
	Property: Cell Name, Operation: Change
[Ok][Modification] - [BE->FE] [P: Block,T-Branch,(2-1-5)] [O: FlatComp,res.1,(30-109-8)]
	Property: Cell Name, Operation: Change
[Ok][Modification] - [BE->FE] [P: Block,T-Branch,(2-1-5)] [O: FlatComp,res.1,(30-110-8)]
	Property: Cell Name, Operation: Change
[Ok][Modification] - [BE->FE] [P: Block,T-Branch,(2-1-5)] [O: FlatComp,res.1,(30-111-8)]
	Property: Cell Name, Operation: Change
[Ok][Modification] - [BE->FE] [P: Block,T-Branch,(2-1-5)] [O: FlatComp,res.1,(30-112-8)]
	Property: Cell Name, Operation: Change
[Ok][Modification] - [BE->FE] [P: Block,T-Branch,(2-1-5)] [O: FlatComp,res.1,(30-113-8)]
	Property: Cell Name, Operation: Change
[Ok][Modification] - [BE->FE] [P: Block,T-Branch,(2-1-5)] [O: FlatComp,res.1,(30-115-8)]
	Property: Cell Name, Operation: Change
[Ok][Modification] - [BE->FE] [P: Block,T-Branch,(2-1-5)] [O: FlatComp,res.1,(30-117-8)]
	Property: Cell Name, Operation: Change
[Ok][Modification] - [BE->FE] [P: Block,T-Branch,(2-1-5)] [O: FlatComp,res.1,(30-119-8)]
	Property: Cell Name, Operation: Change
[Ok][Modification] - [BE->FE] [P: Block,T-Branch,(2-1-5)] [O: FlatComp,MICRON_MT41K128M16HA.1,(28-157-8)]
	Property: Cell Name, Operation: Change
[Ok][Modification] - [BE->FE] [P: Block,T-Branch,(2-1-5)] [O: FlatComp,MICRON_MT41K128M16HA.1,(28-212-8)]
	Property: Cell Name, Operation: Change
--------------------------------------------------------------------------------
 Connection synchronization - END (2020-01-13 20:14:35) 
--------------------------------------------------------------------------------
--------------------------------------------------------------------------------
 CES synchronization - START (2020-01-13 20:14:35) 
--------------------------------------------------------------------------------

--------------------------------------------------------------------------------
 TOPOLOGY synchronization - START (2020-01-13 20:14:35) 
--------------------------------------------------------------------------------
--------------------------------------------------------------------------------
 TOPOLOGY synchronization - END (2020-01-13 20:14:35) 
--------------------------------------------------------------------------------
[Ok][Modification] - [BE->FE] [P: CesLayer,L2,(166-4-23)] [O: CesConstraint,HEIGHT,(166-178-22)]
--------------------------------------------------------------------------------
 CES synchronization - END (2020-01-13 20:14:35) 
--------------------------------------------------------------------------------
--------------------------------------------------------------------------------
 VMVariant synchronization - START (2020-01-13 20:14:35) 
--------------------------------------------------------------------------------
--------------------------------------------------------------------------------
 VMVariant synchronization - END (2020-01-13 20:14:35) 
--------------------------------------------------------------------------------
--------------------------------------------------------------------------------
 Project integration - END (2020-01-13 20:14:35) 
--------------------------------------------------------------------------------
