--------------------------------------------------------------------------------
 Project integration - START (2020-01-07 02:58:57) 
--------------------------------------------------------------------------------
FE snapshot name: DxD
BE snapshot name: T-Branch_layout_temp
Top level block: (2-1-5)
Parameters: BAConnectivity,BAConstraints,FEWin,
--------------------------------------------------------------------------------
--------------------------------------------------------------------------------
 Connection synchronization - START (2020-01-07 02:58:57) 
--------------------------------------------------------------------------------
[Ok][Modification] - [BE->FE] [P: Block,T-Branch,(2-1-5)] [O: FlatComp,cap.1,(30-1-8)]
	Property: Cell Name, Operation: Change
[Ok][Modification] - [BE->FE] [P: Block,T-Branch,(2-1-5)] [O: FlatComp,res.1,(34-1-8)]
	Property: Cell Name, Operation: Change
[Ok][Modification] - [BE->FE] [P: Block,T-Branch,(2-1-5)] [O: FlatComp,xc7z020-2clg484_b.1,(18-2-8)]
	Property: Cell Name, Operation: Change
[Ok][Modification] - [BE->FE] [P: Block,T-Branch,(2-1-5)] [O: FlatComp,cap.1,(30-2-8)]
	Property: Cell Name, Operation: Change
[Ok][Modification] - [BE->FE] [P: Block,T-Branch,(2-1-5)] [O: FlatComp,xc7z020-2clg484_c.1,(18-3-8)]
	Property: Cell Name, Operation: Change
[Ok][Modification] - [BE->FE] [P: Block,T-Branch,(2-1-5)] [O: FlatComp,cap.1,(30-3-8)]
	Property: Cell Name, Operation: Change
[Ok][Modification] - [BE->FE] [P: Block,T-Branch,(2-1-5)] [O: FlatComp,xc7z020-2clg484_d.1,(18-4-8)]
	Property: Cell Name, Operation: Change
[Ok][Modification] - [BE->FE] [P: Block,T-Branch,(2-1-5)] [O: FlatComp,cap.1,(30-4-8)]
	Property: Cell Name, Operation: Change
[Ok][Modification] - [BE->FE] [P: Block,T-Branch,(2-1-5)] [O: FlatComp,res.1,(34-4-8)]
	Property: Cell Name, Operation: Change
[Ok][Modification] - [BE->FE] [P: Block,T-Branch,(2-1-5)] [O: FlatComp,xc7z020-2clg484_e.1,(18-5-8)]
	Property: Cell Name, Operation: Change
[Ok][Modification] - [BE->FE] [P: Block,T-Branch,(2-1-5)] [O: FlatComp,cap.1,(30-5-8)]
	Property: Cell Name, Operation: Change
[Ok][Modification] - [BE->FE] [P: Block,T-Branch,(2-1-5)] [O: FlatComp,xc7z020-2clg484_f.1,(18-6-8)]
	Property: Cell Name, Operation: Change
[Ok][Modification] - [BE->FE] [P: Block,T-Branch,(2-1-5)] [O: FlatComp,cap.1,(30-6-8)]
	Property: Cell Name, Operation: Change
[Ok][Modification] - [BE->FE] [P: Block,T-Branch,(2-1-5)] [O: FlatComp,xc7z020-2clg484_g.1,(18-7-8)]
	Property: Cell Name, Operation: Change
[Ok][Modification] - [BE->FE] [P: Block,T-Branch,(2-1-5)] [O: FlatComp,cap.1,(30-7-8)]
	Property: Cell Name, Operation: Change
[Ok][Modification] - [BE->FE] [P: Block,T-Branch,(2-1-5)] [O: FlatComp,xc7z020-2clg484_h.1,(18-8-8)]
	Property: Cell Name, Operation: Change
[Ok][Modification] - [BE->FE] [P: Block,T-Branch,(2-1-5)] [O: FlatComp,cap.1,(30-8-8)]
	Property: Cell Name, Operation: Change
[Ok][Modification] - [BE->FE] [P: Block,T-Branch,(2-1-5)] [O: FlatComp,xc7z020-2clg484_i.1,(18-9-8)]
	Property: Cell Name, Operation: Change
[Ok][Modification] - [BE->FE] [P: Block,T-Branch,(2-1-5)] [O: FlatComp,cap.1,(30-9-8)]
	Property: Cell Name, Operation: Change
[Ok][Modification] - [BE->FE] [P: Block,T-Branch,(2-1-5)] [O: FlatComp,cap.1,(30-10-8)]
	Property: Cell Name, Operation: Change
[Ok][Modification] - [BE->FE] [P: Block,T-Branch,(2-1-5)] [O: FlatComp,cap.1,(30-11-8)]
	Property: Cell Name, Operation: Change
[Ok][Modification] - [BE->FE] [P: Block,T-Branch,(2-1-5)] [O: FlatComp,cap.1,(18-12-8)]
	Property: Cell Name, Operation: Change
[Ok][Modification] - [BE->FE] [P: Block,T-Branch,(2-1-5)] [O: FlatComp,cap.1,(30-12-8)]
	Property: Cell Name, Operation: Change
[Ok][Modification] - [BE->FE] [P: Block,T-Branch,(2-1-5)] [O: FlatComp,cap.1,(30-13-8)]
	Property: Cell Name, Operation: Change
[Ok][Modification] - [BE->FE] [P: Block,T-Branch,(2-1-5)] [O: FlatComp,cap.1,(30-15-8)]
	Property: Cell Name, Operation: Change
[Ok][Modification] - [BE->FE] [P: Block,T-Branch,(2-1-5)] [O: FlatComp,cap.1,(30-16-8)]
	Property: Cell Name, Operation: Change
[Ok][Modification] - [BE->FE] [P: Block,T-Branch,(2-1-5)] [O: FlatComp,cap.1,(18-17-8)]
	Property: Cell Name, Operation: Change
[Ok][Modification] - [BE->FE] [P: Block,T-Branch,(2-1-5)] [O: FlatComp,cap.1,(18-18-8)]
	Property: Cell Name, Operation: Change
[Ok][Modification] - [BE->FE] [P: Block,T-Branch,(2-1-5)] [O: FlatComp,cap.1,(30-18-8)]
	Property: Cell Name, Operation: Change
[Ok][Modification] - [BE->FE] [P: Block,T-Branch,(2-1-5)] [O: FlatComp,cap.1,(18-19-8)]
	Property: Cell Name, Operation: Change
[Ok][Modification] - [BE->FE] [P: Block,T-Branch,(2-1-5)] [O: FlatComp,cap.1,(18-20-8)]
	Property: Cell Name, Operation: Change
[Ok][Modification] - [BE->FE] [P: Block,T-Branch,(2-1-5)] [O: FlatComp,cap.1,(30-20-8)]
	Property: Cell Name, Operation: Change
[Ok][Modification] - [BE->FE] [P: Block,T-Branch,(2-1-5)] [O: FlatComp,cap.1,(18-21-8)]
	Property: Cell Name, Operation: Change
[Ok][Modification] - [BE->FE] [P: Block,T-Branch,(2-1-5)] [O: FlatComp,bead.1,(30-21-8)]
	Property: Cell Name, Operation: Change
[Ok][Modification] - [BE->FE] [P: Block,T-Branch,(2-1-5)] [O: FlatComp,cap.1,(18-22-8)]
	Property: Cell Name, Operation: Change
[Ok][Modification] - [BE->FE] [P: Block,T-Branch,(2-1-5)] [O: FlatComp,cap.1,(30-22-8)]
	Property: Cell Name, Operation: Change
[Ok][Modification] - [BE->FE] [P: Block,T-Branch,(2-1-5)] [O: FlatComp,cap.1,(18-23-8)]
	Property: Cell Name, Operation: Change
[Ok][Modification] - [BE->FE] [P: Block,T-Branch,(2-1-5)] [O: FlatComp,cap.1,(30-23-8)]
	Property: Cell Name, Operation: Change
[Ok][Modification] - [BE->FE] [P: Block,T-Branch,(2-1-5)] [O: FlatComp,bead.1,(39-23-8)]
	Property: Cell Name, Operation: Change
[Ok][Modification] - [BE->FE] [P: Block,T-Branch,(2-1-5)] [O: FlatComp,cap.1,(18-24-8)]
	Property: Cell Name, Operation: Change
[Ok][Modification] - [BE->FE] [P: Block,T-Branch,(2-1-5)] [O: FlatComp,cap.1,(18-25-8)]
	Property: Cell Name, Operation: Change
[Ok][Modification] - [BE->FE] [P: Block,T-Branch,(2-1-5)] [O: FlatComp,cap.1,(39-25-8)]
	Property: Cell Name, Operation: Change
[Ok][Modification] - [BE->FE] [P: Block,T-Branch,(2-1-5)] [O: FlatComp,cap.1,(18-26-8)]
	Property: Cell Name, Operation: Change
[Ok][Modification] - [BE->FE] [P: Block,T-Branch,(2-1-5)] [O: FlatComp,cap.1,(30-26-8)]
	Property: Cell Name, Operation: Change
[Ok][Modification] - [BE->FE] [P: Block,T-Branch,(2-1-5)] [O: FlatComp,cap.1,(18-27-8)]
	Property: Cell Name, Operation: Change
[Ok][Modification] - [BE->FE] [P: Block,T-Branch,(2-1-5)] [O: FlatComp,cap.1,(30-27-8)]
	Property: Cell Name, Operation: Change
[Ok][Modification] - [BE->FE] [P: Block,T-Branch,(2-1-5)] [O: FlatComp,cap.1,(39-27-8)]
	Property: Cell Name, Operation: Change
[Ok][Modification] - [BE->FE] [P: Block,T-Branch,(2-1-5)] [O: FlatComp,cap.1,(18-28-8)]
	Property: Cell Name, Operation: Change
[Ok][Modification] - [BE->FE] [P: Block,T-Branch,(2-1-5)] [O: FlatComp,cap.1,(39-28-8)]
	Property: Cell Name, Operation: Change
[Ok][Modification] - [BE->FE] [P: Block,T-Branch,(2-1-5)] [O: FlatComp,cap.1,(18-29-8)]
	Property: Cell Name, Operation: Change
[Ok][Modification] - [BE->FE] [P: Block,T-Branch,(2-1-5)] [O: FlatComp,cap.1,(30-29-8)]
	Property: Cell Name, Operation: Change
[Ok][Modification] - [BE->FE] [P: Block,T-Branch,(2-1-5)] [O: FlatComp,cap.1,(39-29-8)]
	Property: Cell Name, Operation: Change
[Ok][Modification] - [BE->FE] [P: Block,T-Branch,(2-1-5)] [O: FlatComp,cap.1,(18-30-8)]
	Property: Cell Name, Operation: Change
[Ok][Modification] - [BE->FE] [P: Block,T-Branch,(2-1-5)] [O: FlatComp,cap.1,(30-30-8)]
	Property: Cell Name, Operation: Change
[Ok][Modification] - [BE->FE] [P: Block,T-Branch,(2-1-5)] [O: FlatComp,cap.1,(18-31-8)]
	Property: Cell Name, Operation: Change
[Ok][Modification] - [BE->FE] [P: Block,T-Branch,(2-1-5)] [O: FlatComp,cap.1,(30-31-8)]
	Property: Cell Name, Operation: Change
[Ok][Modification] - [BE->FE] [P: Block,T-Branch,(2-1-5)] [O: FlatComp,cap.1,(18-32-8)]
	Property: Cell Name, Operation: Change
[Ok][Modification] - [BE->FE] [P: Block,T-Branch,(2-1-5)] [O: FlatComp,cap.1,(30-32-8)]
	Property: Cell Name, Operation: Change
[Ok][Modification] - [BE->FE] [P: Block,T-Branch,(2-1-5)] [O: FlatComp,cap.1,(18-33-8)]
	Property: Cell Name, Operation: Change
[Ok][Modification] - [BE->FE] [P: Block,T-Branch,(2-1-5)] [O: FlatComp,cap.1,(30-33-8)]
	Property: Cell Name, Operation: Change
[Ok][Modification] - [BE->FE] [P: Block,T-Branch,(2-1-5)] [O: FlatComp,cap.1,(39-33-8)]
	Property: Cell Name, Operation: Change
[Ok][Modification] - [BE->FE] [P: Block,T-Branch,(2-1-5)] [O: FlatComp,cap.1,(18-34-8)]
	Property: Cell Name, Operation: Change
[Ok][Modification] - [BE->FE] [P: Block,T-Branch,(2-1-5)] [O: FlatComp,xc7z020-2clg484_a.1,(39-34-8)]
	Property: Cell Name, Operation: Change
[Ok][Modification] - [BE->FE] [P: Block,T-Branch,(2-1-5)] [O: FlatComp,cap.1,(30-35-8)]
	Property: Cell Name, Operation: Change
[Ok][Modification] - [BE->FE] [P: Block,T-Branch,(2-1-5)] [O: FlatComp,cap.1,(30-36-8)]
	Property: Cell Name, Operation: Change
[Ok][Modification] - [BE->FE] [P: Block,T-Branch,(2-1-5)] [O: FlatComp,cap.1,(30-37-8)]
	Property: Cell Name, Operation: Change
[Ok][Modification] - [BE->FE] [P: Block,T-Branch,(2-1-5)] [O: FlatComp,cap.1,(30-38-8)]
	Property: Cell Name, Operation: Change
[Ok][Modification] - [BE->FE] [P: Block,T-Branch,(2-1-5)] [O: FlatComp,cap.1,(30-39-8)]
	Property: Cell Name, Operation: Change
[Ok][Modification] - [BE->FE] [P: Block,T-Branch,(2-1-5)] [O: FlatComp,cap.1,(39-39-8)]
	Property: Cell Name, Operation: Change
[Ok][Modification] - [BE->FE] [P: Block,T-Branch,(2-1-5)] [O: FlatComp,cap.1,(18-40-8)]
	Property: Cell Name, Operation: Change
[Ok][Modification] - [BE->FE] [P: Block,T-Branch,(2-1-5)] [O: FlatComp,cap.1,(30-40-8)]
	Property: Cell Name, Operation: Change
[Ok][Modification] - [BE->FE] [P: Block,T-Branch,(2-1-5)] [O: FlatComp,cap.1,(30-41-8)]
	Property: Cell Name, Operation: Change
[Ok][Modification] - [BE->FE] [P: Block,T-Branch,(2-1-5)] [O: FlatComp,cap.1,(39-41-8)]
	Property: Cell Name, Operation: Change
[Ok][Modification] - [BE->FE] [P: Block,T-Branch,(2-1-5)] [O: FlatComp,cap.1,(30-42-8)]
	Property: Cell Name, Operation: Change
[Ok][Modification] - [BE->FE] [P: Block,T-Branch,(2-1-5)] [O: FlatComp,cap.1,(39-42-8)]
	Property: Cell Name, Operation: Change
[Ok][Modification] - [BE->FE] [P: Block,T-Branch,(2-1-5)] [O: FlatComp,cap.1,(30-43-8)]
	Property: Cell Name, Operation: Change
[Ok][Modification] - [BE->FE] [P: Block,T-Branch,(2-1-5)] [O: FlatComp,cap.1,(39-43-8)]
	Property: Cell Name, Operation: Change
[Ok][Modification] - [BE->FE] [P: Block,T-Branch,(2-1-5)] [O: FlatComp,cap.1,(30-44-8)]
	Property: Cell Name, Operation: Change
[Ok][Modification] - [BE->FE] [P: Block,T-Branch,(2-1-5)] [O: FlatComp,cap.1,(39-44-8)]
	Property: Cell Name, Operation: Change
[Ok][Modification] - [BE->FE] [P: Block,T-Branch,(2-1-5)] [O: FlatComp,cap.1,(30-45-8)]
	Property: Cell Name, Operation: Change
[Ok][Modification] - [BE->FE] [P: Block,T-Branch,(2-1-5)] [O: FlatComp,cap.1,(39-45-8)]
	Property: Cell Name, Operation: Change
[Ok][Modification] - [BE->FE] [P: Block,T-Branch,(2-1-5)] [O: FlatComp,cap.1,(30-46-8)]
	Property: Cell Name, Operation: Change
[Ok][Modification] - [BE->FE] [P: Block,T-Branch,(2-1-5)] [O: FlatComp,cap.1,(39-46-8)]
	Property: Cell Name, Operation: Change
[Ok][Modification] - [BE->FE] [P: Block,T-Branch,(2-1-5)] [O: FlatComp,cap.1,(30-48-8)]
	Property: Cell Name, Operation: Change
[Ok][Modification] - [BE->FE] [P: Block,T-Branch,(2-1-5)] [O: FlatComp,cap.1,(30-49-8)]
	Property: Cell Name, Operation: Change
[Ok][Modification] - [BE->FE] [P: Block,T-Branch,(2-1-5)] [O: FlatComp,cap.1,(39-49-8)]
	Property: Cell Name, Operation: Change
[Ok][Modification] - [BE->FE] [P: Block,T-Branch,(2-1-5)] [O: FlatComp,cap.1,(39-50-8)]
	Property: Cell Name, Operation: Change
[Ok][Modification] - [BE->FE] [P: Block,T-Branch,(2-1-5)] [O: FlatComp,cap.1,(30-51-8)]
	Property: Cell Name, Operation: Change
[Ok][Modification] - [BE->FE] [P: Block,T-Branch,(2-1-5)] [O: FlatComp,cap.1,(39-51-8)]
	Property: Cell Name, Operation: Change
[Ok][Modification] - [BE->FE] [P: Block,T-Branch,(2-1-5)] [O: FlatComp,cap.1,(39-52-8)]
	Property: Cell Name, Operation: Change
[Ok][Modification] - [BE->FE] [P: Block,T-Branch,(2-1-5)] [O: FlatComp,cap.1,(39-53-8)]
	Property: Cell Name, Operation: Change
[Ok][Modification] - [BE->FE] [P: Block,T-Branch,(2-1-5)] [O: FlatComp,cap.1,(39-54-8)]
	Property: Cell Name, Operation: Change
[Ok][Modification] - [BE->FE] [P: Block,T-Branch,(2-1-5)] [O: FlatComp,cap.1,(30-55-8)]
	Property: Cell Name, Operation: Change
[Ok][Modification] - [BE->FE] [P: Block,T-Branch,(2-1-5)] [O: FlatComp,cap.1,(39-55-8)]
	Property: Cell Name, Operation: Change
[Ok][Modification] - [BE->FE] [P: Block,T-Branch,(2-1-5)] [O: FlatComp,cap.1,(30-56-8)]
	Property: Cell Name, Operation: Change
[Ok][Modification] - [BE->FE] [P: Block,T-Branch,(2-1-5)] [O: FlatComp,cap.1,(39-56-8)]
	Property: Cell Name, Operation: Change
[Ok][Modification] - [BE->FE] [P: Block,T-Branch,(2-1-5)] [O: FlatComp,cap.1,(39-57-8)]
	Property: Cell Name, Operation: Change
[Ok][Modification] - [BE->FE] [P: Block,T-Branch,(2-1-5)] [O: FlatComp,cap.1,(30-58-8)]
	Property: Cell Name, Operation: Change
[Ok][Modification] - [BE->FE] [P: Block,T-Branch,(2-1-5)] [O: FlatComp,cap.1,(39-58-8)]
	Property: Cell Name, Operation: Change
[Ok][Modification] - [BE->FE] [P: Block,T-Branch,(2-1-5)] [O: FlatComp,cap.1,(39-59-8)]
	Property: Cell Name, Operation: Change
[Ok][Modification] - [BE->FE] [P: Block,T-Branch,(2-1-5)] [O: FlatComp,cap.1,(39-60-8)]
	Property: Cell Name, Operation: Change
[Ok][Modification] - [BE->FE] [P: Block,T-Branch,(2-1-5)] [O: FlatComp,cap.1,(39-65-8)]
	Property: Cell Name, Operation: Change
[Ok][Modification] - [BE->FE] [P: Block,T-Branch,(2-1-5)] [O: FlatComp,cap.1,(39-66-8)]
	Property: Cell Name, Operation: Change
[Ok][Modification] - [BE->FE] [P: Block,T-Branch,(2-1-5)] [O: FlatComp,cap.1,(39-67-8)]
	Property: Cell Name, Operation: Change
[Ok][Modification] - [BE->FE] [P: Block,T-Branch,(2-1-5)] [O: FlatComp,cap.1,(39-68-8)]
	Property: Cell Name, Operation: Change
[Ok][Modification] - [BE->FE] [P: Block,T-Branch,(2-1-5)] [O: FlatComp,cap.1,(39-69-8)]
	Property: Cell Name, Operation: Change
[Ok][Modification] - [BE->FE] [P: Block,T-Branch,(2-1-5)] [O: FlatComp,cap.1,(39-70-8)]
	Property: Cell Name, Operation: Change
[Ok][Modification] - [BE->FE] [P: Block,T-Branch,(2-1-5)] [O: FlatComp,cap.1,(39-71-8)]
	Property: Cell Name, Operation: Change
[Ok][Modification] - [BE->FE] [P: Block,T-Branch,(2-1-5)] [O: FlatComp,cap.1,(39-72-8)]
	Property: Cell Name, Operation: Change
[Ok][Modification] - [BE->FE] [P: Block,T-Branch,(2-1-5)] [O: FlatComp,cap.1,(39-73-8)]
	Property: Cell Name, Operation: Change
[Ok][Modification] - [BE->FE] [P: Block,T-Branch,(2-1-5)] [O: FlatComp,cap.1,(39-74-8)]
	Property: Cell Name, Operation: Change
[Ok][Modification] - [BE->FE] [P: Block,T-Branch,(2-1-5)] [O: FlatComp,cap.1,(39-75-8)]
	Property: Cell Name, Operation: Change
[Ok][Modification] - [BE->FE] [P: Block,T-Branch,(2-1-5)] [O: FlatComp,cap.1,(39-76-8)]
	Property: Cell Name, Operation: Change
[Ok][Modification] - [BE->FE] [P: Block,T-Branch,(2-1-5)] [O: FlatComp,res.1,(30-80-8)]
	Property: Cell Name, Operation: Change
[Ok][Modification] - [BE->FE] [P: Block,T-Branch,(2-1-5)] [O: FlatComp,res.1,(30-81-8)]
	Property: Cell Name, Operation: Change
[Ok][Modification] - [BE->FE] [P: Block,T-Branch,(2-1-5)] [O: FlatComp,res.1,(30-83-8)]
	Property: Cell Name, Operation: Change
[Ok][Modification] - [BE->FE] [P: Block,T-Branch,(2-1-5)] [O: FlatComp,res.1,(30-99-8)]
	Property: Cell Name, Operation: Change
[Ok][Modification] - [BE->FE] [P: Block,T-Branch,(2-1-5)] [O: FlatComp,res.1,(30-100-8)]
	Property: Cell Name, Operation: Change
[Ok][Modification] - [BE->FE] [P: Block,T-Branch,(2-1-5)] [O: FlatComp,res.1,(30-101-8)]
	Property: Cell Name, Operation: Change
[Ok][Modification] - [BE->FE] [P: Block,T-Branch,(2-1-5)] [O: FlatComp,res.1,(30-102-8)]
	Property: Cell Name, Operation: Change
[Ok][Modification] - [BE->FE] [P: Block,T-Branch,(2-1-5)] [O: FlatComp,res.1,(30-104-8)]
	Property: Cell Name, Operation: Change
[Ok][Modification] - [BE->FE] [P: Block,T-Branch,(2-1-5)] [O: FlatComp,res.1,(30-105-8)]
	Property: Cell Name, Operation: Change
[Ok][Modification] - [BE->FE] [P: Block,T-Branch,(2-1-5)] [O: FlatComp,res.1,(30-106-8)]
	Property: Cell Name, Operation: Change
[Ok][Modification] - [BE->FE] [P: Block,T-Branch,(2-1-5)] [O: FlatComp,res.1,(30-107-8)]
	Property: Cell Name, Operation: Change
[Ok][Modification] - [BE->FE] [P: Block,T-Branch,(2-1-5)] [O: FlatComp,res.1,(30-108-8)]
	Property: Cell Name, Operation: Change
[Ok][Modification] - [BE->FE] [P: Block,T-Branch,(2-1-5)] [O: FlatComp,res.1,(30-109-8)]
	Property: Cell Name, Operation: Change
[Ok][Modification] - [BE->FE] [P: Block,T-Branch,(2-1-5)] [O: FlatComp,res.1,(30-110-8)]
	Property: Cell Name, Operation: Change
[Ok][Modification] - [BE->FE] [P: Block,T-Branch,(2-1-5)] [O: FlatComp,res.1,(30-111-8)]
	Property: Cell Name, Operation: Change
[Ok][Modification] - [BE->FE] [P: Block,T-Branch,(2-1-5)] [O: FlatComp,res.1,(30-112-8)]
	Property: Cell Name, Operation: Change
[Ok][Modification] - [BE->FE] [P: Block,T-Branch,(2-1-5)] [O: FlatComp,res.1,(30-113-8)]
	Property: Cell Name, Operation: Change
[Ok][Modification] - [BE->FE] [P: Block,T-Branch,(2-1-5)] [O: FlatComp,res.1,(30-115-8)]
	Property: Cell Name, Operation: Change
[Ok][Modification] - [BE->FE] [P: Block,T-Branch,(2-1-5)] [O: FlatComp,res.1,(30-117-8)]
	Property: Cell Name, Operation: Change
[Ok][Modification] - [BE->FE] [P: Block,T-Branch,(2-1-5)] [O: FlatComp,res.1,(30-119-8)]
	Property: Cell Name, Operation: Change
[Ok][Modification] - [BE->FE] [P: Block,T-Branch,(2-1-5)] [O: FlatComp,MICRON_MT41K128M16HA.1,(28-157-8)]
	Property: Cell Name, Operation: Change
[Ok][Modification] - [BE->FE] [P: Block,T-Branch,(2-1-5)] [O: FlatComp,MICRON_MT41K128M16HA.1,(28-212-8)]
	Property: Cell Name, Operation: Change
--------------------------------------------------------------------------------
 Connection synchronization - END (2020-01-07 02:58:57) 
--------------------------------------------------------------------------------
--------------------------------------------------------------------------------
 CES synchronization - START (2020-01-07 02:58:57) 
--------------------------------------------------------------------------------
[Ok][Modification] - [BE->FE] [P: CesDesign,CesDesign,(2-1-21)] [O: CesLayer,SST,(12-1-23)]
[Ok][Modification] - [BE->FE] [P: CesDesign,CesDesign,(2-1-21)] [O: CesLayer,DIELECTRIC_5,(12-5-23)]
[Ok][Modification] - [BE->FE] [P: CesDesign,CesDesign,(2-1-21)] [O: CesLayer,DIELECTRIC_7,(12-7-23)]
[Ok][Modification] - [BE->FE] [P: CesDesign,CesDesign,(2-1-21)] [O: CesLayer,SSB,(12-9-23)]
[Ok][Modification] - [BE->FE] [P: CesDesign,CesDesign,(2-1-21)] [O: CesLayer,TOP,(12-2-23)]
[Ok][Modification] - [BE->FE] [P: CesDesign,CesDesign,(2-1-21)] [O: CesLayer,L1,(12-4-23)]
[Ok][Modification] - [BE->FE] [P: CesDesign,CesDesign,(2-1-21)] [O: CesLayer,L2,(12-6-23)]
[Ok][Modification] - [BE->FE] [P: CesDesign,CesDesign,(2-1-21)] [O: CesLayer,BOT,(12-8-23)]
[Ok][Addition] - [BE->FE] [P: CesDesign,CesDesign,(2-1-21)] [O: CesLayer,DIELECTRIC_02,(166-1-23)]
[Ok][Addition] - [BE->FE] [P: CesDesign,CesDesign,(2-1-21)] [O: CesLayer,DIELECTRIC_01,(166-3-23)]
[Ok][Addition] - [BE->FE] [P: CesDesign,CesDesign,(2-1-21)] [O: CesLayer,P1,(166-2-23)]
[Ok][Addition] - [BE->FE] [P: CesDesign,CesDesign,(2-1-21)] [O: CesLayer,P2,(166-4-23)]
[Ok][Addition] - [BE->FE] [P: CesSchemeNetClassRule,P1,(2-1-38)] [O: CesLayerRule,CesLayerRule,(166-1-40)]
[Ok][Addition] - [BE->FE] [P: CesSchemeNetClassRule,P1,(93-2-38)] [O: CesLayerRule,CesLayerRule,(166-2-40)]
[Ok][Addition] - [BE->FE] [P: CesSchemeNetClassRule,P1,(2-2-38)] [O: CesLayerRule,CesLayerRule,(166-3-40)]
[Ok][Addition] - [BE->FE] [P: CesSchemeNetClassRule,P1,(93-3-38)] [O: CesLayerRule,CesLayerRule,(166-4-40)]
[Ok][Addition] - [BE->FE] [P: CesSchemeNetClassRule,P1,(11-1-38)] [O: CesLayerRule,CesLayerRule,(166-5-40)]
[Ok][Addition] - [BE->FE] [P: CesSchemeNetClassRule,P1,(93-4-38)] [O: CesLayerRule,CesLayerRule,(166-6-40)]
[Ok][Addition] - [BE->FE] [P: CesSchemeNetClassRule,P1,(12-10-38)] [O: CesLayerRule,CesLayerRule,(166-7-40)]
[Ok][Addition] - [BE->FE] [P: CesSchemeNetClassRule,P1,(93-5-38)] [O: CesLayerRule,CesLayerRule,(166-8-40)]
[Ok][Addition] - [BE->FE] [P: CesSchemeNetClassRule,P2,(2-1-38)] [O: CesLayerRule,CesLayerRule,(166-9-40)]
[Ok][Addition] - [BE->FE] [P: CesSchemeNetClassRule,P2,(93-2-38)] [O: CesLayerRule,CesLayerRule,(166-10-40)]
[Ok][Addition] - [BE->FE] [P: CesSchemeNetClassRule,P2,(2-2-38)] [O: CesLayerRule,CesLayerRule,(166-11-40)]
[Ok][Addition] - [BE->FE] [P: CesSchemeNetClassRule,P2,(93-3-38)] [O: CesLayerRule,CesLayerRule,(166-12-40)]
[Ok][Addition] - [BE->FE] [P: CesSchemeNetClassRule,P2,(11-1-38)] [O: CesLayerRule,CesLayerRule,(166-13-40)]
[Ok][Addition] - [BE->FE] [P: CesSchemeNetClassRule,P2,(93-4-38)] [O: CesLayerRule,CesLayerRule,(166-14-40)]
[Ok][Addition] - [BE->FE] [P: CesSchemeNetClassRule,P2,(12-10-38)] [O: CesLayerRule,CesLayerRule,(166-15-40)]
[Ok][Addition] - [BE->FE] [P: CesSchemeNetClassRule,P2,(93-5-38)] [O: CesLayerRule,CesLayerRule,(166-16-40)]
[Ok][Addition] - [BE->FE] [P: CesSchemeClearRule,P1,(2-1-41)] [O: CesLayerClearRule,CesSchemaClearRule,(166-1-42)]
[Ok][Addition] - [BE->FE] [P: CesSchemeClearRule,P1,(2-2-41)] [O: CesLayerClearRule,CesSchemaClearRule,(166-2-42)]
[Ok][Addition] - [BE->FE] [P: CesSchemeClearRule,P1,(11-1-41)] [O: CesLayerClearRule,CesSchemaClearRule,(166-3-42)]
[Ok][Addition] - [BE->FE] [P: CesSchemeClearRule,P1,(12-4-41)] [O: CesLayerClearRule,CesSchemaClearRule,(166-4-42)]
[Ok][Addition] - [BE->FE] [P: CesSchemeClearRule,P2,(2-1-41)] [O: CesLayerClearRule,CesSchemaClearRule,(166-5-42)]
[Ok][Addition] - [BE->FE] [P: CesSchemeClearRule,P2,(2-2-41)] [O: CesLayerClearRule,CesSchemaClearRule,(166-6-42)]
[Ok][Addition] - [BE->FE] [P: CesSchemeClearRule,P2,(11-1-41)] [O: CesLayerClearRule,CesSchemaClearRule,(166-7-42)]
[Ok][Addition] - [BE->FE] [P: CesSchemeClearRule,P2,(12-4-41)] [O: CesLayerClearRule,CesSchemaClearRule,(166-8-42)]

--------------------------------------------------------------------------------
 TOPOLOGY synchronization - START (2020-01-07 02:58:57) 
--------------------------------------------------------------------------------
--------------------------------------------------------------------------------
 TOPOLOGY synchronization - END (2020-01-07 02:58:57) 
--------------------------------------------------------------------------------
[Ok][Modification] - [BE->FE] [P: CesGenClear,CesGenClear,(2-1-28)] [O: CesConstraint,PLCOUT2PLCOB,(12-3-22)]
[Ok][Modification] - [BE->FE] [P: CesGenClear,CesGenClear,(2-1-28)] [O: CesConstraint,PLCOUT2PLCOUT,(12-4-22)]
[Ok][Modification] - [BE->FE] [P: CesLayer,TOP,(12-2-23)] [O: CesConstraint,DIELCONST,(12-49-22)]
[Ok][Modification] - [BE->FE] [P: CesLayer,TOP,(12-2-23)] [O: CesConstraint,LAYER_PAIR,(12-53-22)]
[Ok][Modification] - [BE->FE] [P: CesLayer,L1,(12-4-23)] [O: CesConstraint,DIELCONST,(12-106-22)]
[Ok][Modification] - [BE->FE] [P: CesLayer,L1,(12-4-23)] [O: CesConstraint,LAYER_PAIR,(12-110-22)]
[Ok][Modification] - [BE->FE] [P: CesLayer,L2,(12-6-23)] [O: CesConstraint,DIELCONST,(12-163-22)]
[Ok][Modification] - [BE->FE] [P: CesLayer,L2,(12-6-23)] [O: CesConstraint,LAYER_DIFFPAIR,(12-166-22)]
[Ok][Modification] - [BE->FE] [P: CesLayer,BOT,(12-8-23)] [O: CesConstraint,DIELCONST,(12-220-22)]
[Ok][Modification] - [BE->FE] [P: CesLayer,BOT,(12-8-23)] [O: CesConstraint,LAYER_DIFFPAIR,(12-224-22)]
[Ok][Modification] - [BE->FE] [P: CesDesign,CesDesign,(2-1-21)] [O: CesConstraint,DSN_DEF_DISTANCE_TOL,(92-2-22)]
[Ok][Addition] - [BE->FE] [P: CesLayerRule,CesLayerRule,(166-3-40)] [O: CesConstraint,DIFF_SPACING,(166-1-22)]
[Ok][Addition] - [BE->FE] [P: CesLayerRule,CesLayerRule,(166-3-40)] [O: CesConstraint,EXP_TRACE_WIDTH,(166-2-22)]
[Ok][Addition] - [BE->FE] [P: CesLayerRule,CesLayerRule,(166-3-40)] [O: CesConstraint,MIN_TRACE_WIDTH,(166-3-22)]
[Ok][Addition] - [BE->FE] [P: CesLayerRule,CesLayerRule,(166-3-40)] [O: CesConstraint,ROUTE,(166-4-22)]
[Ok][Addition] - [BE->FE] [P: CesLayerRule,CesLayerRule,(166-3-40)] [O: CesConstraint,TYP_IMPEDANCE,(166-5-22)]
[Ok][Addition] - [BE->FE] [P: CesLayerRule,CesLayerRule,(166-3-40)] [O: CesConstraint,TYP_TRACE_WIDTH,(166-6-22)]
[Ok][Addition] - [BE->FE] [P: CesLayerRule,CesLayerRule,(166-4-40)] [O: CesConstraint,DIFF_SPACING,(166-7-22)]
[Ok][Addition] - [BE->FE] [P: CesLayerRule,CesLayerRule,(166-4-40)] [O: CesConstraint,EXP_TRACE_WIDTH,(166-8-22)]
[Ok][Addition] - [BE->FE] [P: CesLayerRule,CesLayerRule,(166-4-40)] [O: CesConstraint,MIN_TRACE_WIDTH,(166-9-22)]
[Ok][Addition] - [BE->FE] [P: CesLayerRule,CesLayerRule,(166-4-40)] [O: CesConstraint,ROUTE,(166-10-22)]
[Ok][Addition] - [BE->FE] [P: CesLayerRule,CesLayerRule,(166-4-40)] [O: CesConstraint,TYP_IMPEDANCE,(166-11-22)]
[Ok][Addition] - [BE->FE] [P: CesLayerRule,CesLayerRule,(166-4-40)] [O: CesConstraint,TYP_TRACE_WIDTH,(166-12-22)]
[Ok][Addition] - [BE->FE] [P: CesLayerClearRule,CesLayerClearRule,(166-2-42)] [O: CesConstraint,BONDPAD_TO_BONDPAD,(166-13-22)]
[Ok][Addition] - [BE->FE] [P: CesLayerClearRule,CesLayerClearRule,(166-2-42)] [O: CesConstraint,BONDPAD_TO_PAD,(166-14-22)]
[Ok][Addition] - [BE->FE] [P: CesLayerClearRule,CesLayerClearRule,(166-2-42)] [O: CesConstraint,BONDPAD_TO_PLANE,(166-15-22)]
[Ok][Addition] - [BE->FE] [P: CesLayerClearRule,CesLayerClearRule,(166-2-42)] [O: CesConstraint,BONDPAD_TO_SMDPAD,(166-16-22)]
[Ok][Addition] - [BE->FE] [P: CesLayerClearRule,CesLayerClearRule,(166-2-42)] [O: CesConstraint,BONDPAD_TO_TRACE,(166-17-22)]
[Ok][Addition] - [BE->FE] [P: CesLayerClearRule,CesLayerClearRule,(166-2-42)] [O: CesConstraint,BONDPAD_TO_VIA,(166-18-22)]
[Ok][Addition] - [BE->FE] [P: CesLayerClearRule,CesLayerClearRule,(166-2-42)] [O: CesConstraint,MASK_TO_PAD,(166-19-22)]
[Ok][Addition] - [BE->FE] [P: CesLayerClearRule,CesLayerClearRule,(166-2-42)] [O: CesConstraint,MASK_TO_RESISTOR,(166-20-22)]
[Ok][Addition] - [BE->FE] [P: CesLayerClearRule,CesLayerClearRule,(166-2-42)] [O: CesConstraint,MASK_TO_TRACE,(166-21-22)]
[Ok][Addition] - [BE->FE] [P: CesLayerClearRule,CesLayerClearRule,(166-2-42)] [O: CesConstraint,MASK_TO_VIA,(166-22-22)]
[Ok][Addition] - [BE->FE] [P: CesLayerClearRule,CesLayerClearRule,(166-2-42)] [O: CesConstraint,PAD_TO_PAD,(166-23-22)]
[Ok][Addition] - [BE->FE] [P: CesLayerClearRule,CesLayerClearRule,(166-2-42)] [O: CesConstraint,PAD_TO_PLANE,(166-24-22)]
[Ok][Addition] - [BE->FE] [P: CesLayerClearRule,CesLayerClearRule,(166-2-42)] [O: CesConstraint,PAD_TO_VIA,(166-25-22)]
[Ok][Addition] - [BE->FE] [P: CesLayerClearRule,CesLayerClearRule,(166-2-42)] [O: CesConstraint,PLANE_TO_PLANE,(166-26-22)]
[Ok][Addition] - [BE->FE] [P: CesLayerClearRule,CesLayerClearRule,(166-2-42)] [O: CesConstraint,RESISTOR_TO_PAD,(166-27-22)]
[Ok][Addition] - [BE->FE] [P: CesLayerClearRule,CesLayerClearRule,(166-2-42)] [O: CesConstraint,RESISTOR_TO_RESISTOR,(166-28-22)]
[Ok][Addition] - [BE->FE] [P: CesLayerClearRule,CesLayerClearRule,(166-2-42)] [O: CesConstraint,RESISTOR_TO_TRACE,(166-29-22)]
[Ok][Addition] - [BE->FE] [P: CesLayerClearRule,CesLayerClearRule,(166-2-42)] [O: CesConstraint,RESISTOR_TO_VIA,(166-30-22)]
[Ok][Addition] - [BE->FE] [P: CesLayerClearRule,CesLayerClearRule,(166-2-42)] [O: CesConstraint,SMDPAD_TO_TRACE,(166-31-22)]
[Ok][Addition] - [BE->FE] [P: CesLayerClearRule,CesLayerClearRule,(166-2-42)] [O: CesConstraint,SMDPAD_TO_VIA,(166-32-22)]
[Ok][Addition] - [BE->FE] [P: CesLayerClearRule,CesLayerClearRule,(166-2-42)] [O: CesConstraint,TRACE_TO_PAD,(166-33-22)]
[Ok][Addition] - [BE->FE] [P: CesLayerClearRule,CesLayerClearRule,(166-2-42)] [O: CesConstraint,TRACE_TO_PLANE,(166-34-22)]
[Ok][Addition] - [BE->FE] [P: CesLayerClearRule,CesLayerClearRule,(166-2-42)] [O: CesConstraint,TRACE_TO_TRACE,(166-35-22)]
[Ok][Addition] - [BE->FE] [P: CesLayerClearRule,CesLayerClearRule,(166-2-42)] [O: CesConstraint,TRACE_TO_VIA,(166-36-22)]
[Ok][Addition] - [BE->FE] [P: CesLayerClearRule,CesLayerClearRule,(166-2-42)] [O: CesConstraint,VIA_TO_PLANE,(166-37-22)]
[Ok][Addition] - [BE->FE] [P: CesLayerClearRule,CesLayerClearRule,(166-2-42)] [O: CesConstraint,VIA_TO_VIA,(166-38-22)]
[Ok][Addition] - [BE->FE] [P: CesLayerClearRule,CesLayerClearRule,(166-1-42)] [O: CesConstraint,TRACE_TO_PLANE,(166-39-22)]
[Ok][Addition] - [BE->FE] [P: CesLayerRule,CesLayerRule,(166-11-40)] [O: CesConstraint,DIFF_SPACING,(166-40-22)]
[Ok][Addition] - [BE->FE] [P: CesLayerRule,CesLayerRule,(166-11-40)] [O: CesConstraint,EXP_TRACE_WIDTH,(166-41-22)]
[Ok][Addition] - [BE->FE] [P: CesLayerRule,CesLayerRule,(166-11-40)] [O: CesConstraint,MIN_TRACE_WIDTH,(166-42-22)]
[Ok][Addition] - [BE->FE] [P: CesLayerRule,CesLayerRule,(166-11-40)] [O: CesConstraint,ROUTE,(166-43-22)]
[Ok][Addition] - [BE->FE] [P: CesLayerRule,CesLayerRule,(166-11-40)] [O: CesConstraint,TYP_IMPEDANCE,(166-44-22)]
[Ok][Addition] - [BE->FE] [P: CesLayerRule,CesLayerRule,(166-11-40)] [O: CesConstraint,TYP_TRACE_WIDTH,(166-45-22)]
[Ok][Addition] - [BE->FE] [P: CesLayerRule,CesLayerRule,(166-12-40)] [O: CesConstraint,DIFF_SPACING,(166-46-22)]
[Ok][Addition] - [BE->FE] [P: CesLayerRule,CesLayerRule,(166-12-40)] [O: CesConstraint,EXP_TRACE_WIDTH,(166-47-22)]
[Ok][Addition] - [BE->FE] [P: CesLayerRule,CesLayerRule,(166-12-40)] [O: CesConstraint,MIN_TRACE_WIDTH,(166-48-22)]
[Ok][Addition] - [BE->FE] [P: CesLayerRule,CesLayerRule,(166-12-40)] [O: CesConstraint,ROUTE,(166-49-22)]
[Ok][Addition] - [BE->FE] [P: CesLayerRule,CesLayerRule,(166-12-40)] [O: CesConstraint,TYP_IMPEDANCE,(166-50-22)]
[Ok][Addition] - [BE->FE] [P: CesLayerRule,CesLayerRule,(166-12-40)] [O: CesConstraint,TYP_TRACE_WIDTH,(166-51-22)]
[Ok][Addition] - [BE->FE] [P: CesLayerClearRule,CesLayerClearRule,(166-6-42)] [O: CesConstraint,BONDPAD_TO_BONDPAD,(166-52-22)]
[Ok][Addition] - [BE->FE] [P: CesLayerClearRule,CesLayerClearRule,(166-6-42)] [O: CesConstraint,BONDPAD_TO_PAD,(166-53-22)]
[Ok][Addition] - [BE->FE] [P: CesLayerClearRule,CesLayerClearRule,(166-6-42)] [O: CesConstraint,BONDPAD_TO_PLANE,(166-54-22)]
[Ok][Addition] - [BE->FE] [P: CesLayerClearRule,CesLayerClearRule,(166-6-42)] [O: CesConstraint,BONDPAD_TO_SMDPAD,(166-55-22)]
[Ok][Addition] - [BE->FE] [P: CesLayerClearRule,CesLayerClearRule,(166-6-42)] [O: CesConstraint,BONDPAD_TO_TRACE,(166-56-22)]
[Ok][Addition] - [BE->FE] [P: CesLayerClearRule,CesLayerClearRule,(166-6-42)] [O: CesConstraint,BONDPAD_TO_VIA,(166-57-22)]
[Ok][Addition] - [BE->FE] [P: CesLayerClearRule,CesLayerClearRule,(166-6-42)] [O: CesConstraint,MASK_TO_PAD,(166-58-22)]
[Ok][Addition] - [BE->FE] [P: CesLayerClearRule,CesLayerClearRule,(166-6-42)] [O: CesConstraint,MASK_TO_RESISTOR,(166-59-22)]
[Ok][Addition] - [BE->FE] [P: CesLayerClearRule,CesLayerClearRule,(166-6-42)] [O: CesConstraint,MASK_TO_TRACE,(166-60-22)]
[Ok][Addition] - [BE->FE] [P: CesLayerClearRule,CesLayerClearRule,(166-6-42)] [O: CesConstraint,MASK_TO_VIA,(166-61-22)]
[Ok][Addition] - [BE->FE] [P: CesLayerClearRule,CesLayerClearRule,(166-6-42)] [O: CesConstraint,PAD_TO_PAD,(166-62-22)]
[Ok][Addition] - [BE->FE] [P: CesLayerClearRule,CesLayerClearRule,(166-6-42)] [O: CesConstraint,PAD_TO_PLANE,(166-63-22)]
[Ok][Addition] - [BE->FE] [P: CesLayerClearRule,CesLayerClearRule,(166-6-42)] [O: CesConstraint,PAD_TO_VIA,(166-64-22)]
[Ok][Addition] - [BE->FE] [P: CesLayerClearRule,CesLayerClearRule,(166-6-42)] [O: CesConstraint,PLANE_TO_PLANE,(166-65-22)]
[Ok][Addition] - [BE->FE] [P: CesLayerClearRule,CesLayerClearRule,(166-6-42)] [O: CesConstraint,RESISTOR_TO_PAD,(166-66-22)]
[Ok][Addition] - [BE->FE] [P: CesLayerClearRule,CesLayerClearRule,(166-6-42)] [O: CesConstraint,RESISTOR_TO_RESISTOR,(166-67-22)]
[Ok][Addition] - [BE->FE] [P: CesLayerClearRule,CesLayerClearRule,(166-6-42)] [O: CesConstraint,RESISTOR_TO_TRACE,(166-68-22)]
[Ok][Addition] - [BE->FE] [P: CesLayerClearRule,CesLayerClearRule,(166-6-42)] [O: CesConstraint,RESISTOR_TO_VIA,(166-69-22)]
[Ok][Addition] - [BE->FE] [P: CesLayerClearRule,CesLayerClearRule,(166-6-42)] [O: CesConstraint,SMDPAD_TO_TRACE,(166-70-22)]
[Ok][Addition] - [BE->FE] [P: CesLayerClearRule,CesLayerClearRule,(166-6-42)] [O: CesConstraint,SMDPAD_TO_VIA,(166-71-22)]
[Ok][Addition] - [BE->FE] [P: CesLayerClearRule,CesLayerClearRule,(166-6-42)] [O: CesConstraint,TRACE_TO_PAD,(166-72-22)]
[Ok][Addition] - [BE->FE] [P: CesLayerClearRule,CesLayerClearRule,(166-6-42)] [O: CesConstraint,TRACE_TO_PLANE,(166-73-22)]
[Ok][Addition] - [BE->FE] [P: CesLayerClearRule,CesLayerClearRule,(166-6-42)] [O: CesConstraint,TRACE_TO_TRACE,(166-74-22)]
[Ok][Addition] - [BE->FE] [P: CesLayerClearRule,CesLayerClearRule,(166-6-42)] [O: CesConstraint,TRACE_TO_VIA,(166-75-22)]
[Ok][Addition] - [BE->FE] [P: CesLayerClearRule,CesLayerClearRule,(166-6-42)] [O: CesConstraint,VIA_TO_PLANE,(166-76-22)]
[Ok][Addition] - [BE->FE] [P: CesLayerClearRule,CesLayerClearRule,(166-6-42)] [O: CesConstraint,VIA_TO_VIA,(166-77-22)]
[Ok][Addition] - [BE->FE] [P: CesLayerClearRule,CesLayerClearRule,(166-5-42)] [O: CesConstraint,TRACE_TO_PLANE,(166-78-22)]
[Ok][Addition] - [BE->FE] [P: CesLayer,SST,(12-1-23)] [O: CesConstraint,ATTACHED_DIELECTRIC,(166-79-22)]
[Ok][Addition] - [BE->FE] [P: CesLayer,SST,(12-1-23)] [O: CesConstraint,DIELCONST,(166-80-22)]
[Ok][Addition] - [BE->FE] [P: CesLayer,SST,(12-1-23)] [O: CesConstraint,ER_FREQ,(166-81-22)]
[Ok][Addition] - [BE->FE] [P: CesLayer,SST,(12-1-23)] [O: CesConstraint,LOSS_TAN_FREQ,(166-82-22)]
[Ok][Addition] - [BE->FE] [P: CesLayer,SST,(12-1-23)] [O: CesConstraint,LOSS_TAN,(166-83-22)]
[Ok][Addition] - [BE->FE] [P: CesLayer,SST,(12-1-23)] [O: CesConstraint,THERMAL_COND,(166-84-22)]
[Ok][Addition] - [BE->FE] [P: CesLayer,SST,(12-1-23)] [O: CesConstraint,LAYER_TECH,(166-85-22)]
[Ok][Addition] - [BE->FE] [P: CesLayer,TOP,(12-2-23)] [O: CesConstraint,ATTACHED_DIELECTRIC,(166-86-22)]
[Ok][Addition] - [BE->FE] [P: CesLayer,TOP,(12-2-23)] [O: CesConstraint,LAYER_COLOR,(166-87-22)]
[Ok][Addition] - [BE->FE] [P: CesLayer,TOP,(12-2-23)] [O: CesConstraint,CONDUCTOR,(166-88-22)]
[Ok][Addition] - [BE->FE] [P: CesLayer,TOP,(12-2-23)] [O: CesConstraint,TEMP_COEF,(166-89-22)]
[Ok][Addition] - [BE->FE] [P: CesLayer,TOP,(12-2-23)] [O: CesConstraint,POUR_DRAW_STYLE,(166-90-22)]
[Ok][Addition] - [BE->FE] [P: CesLayer,TOP,(12-2-23)] [O: CesConstraint,ER_FREQ,(166-91-22)]
[Ok][Addition] - [BE->FE] [P: CesLayer,TOP,(12-2-23)] [O: CesConstraint,LOSS_TAN_FREQ,(166-92-22)]
[Ok][Addition] - [BE->FE] [P: CesLayer,TOP,(12-2-23)] [O: CesConstraint,LOSS_TAN,(166-93-22)]
[Ok][Addition] - [BE->FE] [P: CesLayer,TOP,(12-2-23)] [O: CesConstraint,THERMAL_COND,(166-94-22)]
[Ok][Addition] - [BE->FE] [P: CesLayer,TOP,(12-2-23)] [O: CesConstraint,TARGET_Z0,(166-95-22)]
[Ok][Addition] - [BE->FE] [P: CesLayer,TOP,(12-2-23)] [O: CesConstraint,ZZ_WIDTH,(166-96-22)]
[Ok][Addition] - [BE->FE] [P: CesLayer,TOP,(12-2-23)] [O: CesConstraint,GAP,(166-97-22)]
[Ok][Addition] - [BE->FE] [P: CesLayer,DIELECTRIC_3,(12-3-23)] [O: CesConstraint,ATTACHED_DIELECTRIC,(166-98-22)]
[Ok][Addition] - [BE->FE] [P: CesLayer,DIELECTRIC_3,(12-3-23)] [O: CesConstraint,ER_FREQ,(166-99-22)]
[Ok][Addition] - [BE->FE] [P: CesLayer,DIELECTRIC_3,(12-3-23)] [O: CesConstraint,LOSS_TAN_FREQ,(166-100-22)]
[Ok][Addition] - [BE->FE] [P: CesLayer,DIELECTRIC_3,(12-3-23)] [O: CesConstraint,LOSS_TAN,(166-101-22)]
[Ok][Addition] - [BE->FE] [P: CesLayer,DIELECTRIC_3,(12-3-23)] [O: CesConstraint,THERMAL_COND,(166-102-22)]
[Ok][Addition] - [BE->FE] [P: CesLayer,DIELECTRIC_3,(12-3-23)] [O: CesConstraint,LAYER_TECH,(166-103-22)]
[Ok][Addition] - [BE->FE] [P: CesLayer,L1,(12-4-23)] [O: CesConstraint,ATTACHED_DIELECTRIC,(166-104-22)]
[Ok][Addition] - [BE->FE] [P: CesLayer,L1,(12-4-23)] [O: CesConstraint,LAYER_COLOR,(166-105-22)]
[Ok][Addition] - [BE->FE] [P: CesLayer,L1,(12-4-23)] [O: CesConstraint,CONDUCTOR,(166-106-22)]
[Ok][Addition] - [BE->FE] [P: CesLayer,L1,(12-4-23)] [O: CesConstraint,TEMP_COEF,(166-107-22)]
[Ok][Addition] - [BE->FE] [P: CesLayer,L1,(12-4-23)] [O: CesConstraint,POUR_DRAW_STYLE,(166-108-22)]
[Ok][Addition] - [BE->FE] [P: CesLayer,L1,(12-4-23)] [O: CesConstraint,ER_FREQ,(166-109-22)]
[Ok][Addition] - [BE->FE] [P: CesLayer,L1,(12-4-23)] [O: CesConstraint,LOSS_TAN_FREQ,(166-110-22)]
[Ok][Addition] - [BE->FE] [P: CesLayer,L1,(12-4-23)] [O: CesConstraint,LOSS_TAN,(166-111-22)]
[Ok][Addition] - [BE->FE] [P: CesLayer,L1,(12-4-23)] [O: CesConstraint,THERMAL_COND,(166-112-22)]
[Ok][Addition] - [BE->FE] [P: CesLayer,L1,(12-4-23)] [O: CesConstraint,TARGET_Z0,(166-113-22)]
[Ok][Addition] - [BE->FE] [P: CesLayer,L1,(12-4-23)] [O: CesConstraint,ZZ_WIDTH,(166-114-22)]
[Ok][Addition] - [BE->FE] [P: CesLayer,L1,(12-4-23)] [O: CesConstraint,GAP,(166-115-22)]
[Ok][Addition] - [BE->FE] [P: CesLayer,DIELECTRIC_02,(166-1-23)] [O: CesConstraint,LAYER_USAGE,(166-116-22)]
[Ok][Addition] - [BE->FE] [P: CesLayer,DIELECTRIC_02,(166-1-23)] [O: CesConstraint,LAYER_DESC,(166-117-22)]
[Ok][Addition] - [BE->FE] [P: CesLayer,DIELECTRIC_02,(166-1-23)] [O: CesConstraint,ATTACHED_DIELECTRIC,(166-118-22)]
[Ok][Addition] - [BE->FE] [P: CesLayer,DIELECTRIC_02,(166-1-23)] [O: CesConstraint,HEIGHT,(166-119-22)]
[Ok][Addition] - [BE->FE] [P: CesLayer,DIELECTRIC_02,(166-1-23)] [O: CesConstraint,DIELCONST,(166-120-22)]
[Ok][Addition] - [BE->FE] [P: CesLayer,DIELECTRIC_02,(166-1-23)] [O: CesConstraint,ER_FREQ,(166-121-22)]
[Ok][Addition] - [BE->FE] [P: CesLayer,DIELECTRIC_02,(166-1-23)] [O: CesConstraint,LOSS_TAN_FREQ,(166-122-22)]
[Ok][Addition] - [BE->FE] [P: CesLayer,DIELECTRIC_02,(166-1-23)] [O: CesConstraint,LOSS_TAN,(166-123-22)]
[Ok][Addition] - [BE->FE] [P: CesLayer,DIELECTRIC_02,(166-1-23)] [O: CesConstraint,THERMAL_COND,(166-124-22)]
[Ok][Addition] - [BE->FE] [P: CesLayer,DIELECTRIC_02,(166-1-23)] [O: CesConstraint,LAYER_TECH,(166-125-22)]
[Ok][Addition] - [BE->FE] [P: CesLayer,P1,(166-2-23)] [O: CesConstraint,LAYER_USAGE,(166-126-22)]
[Ok][Addition] - [BE->FE] [P: CesLayer,P1,(166-2-23)] [O: CesConstraint,PLANE_NETS,(166-127-22)]
[Ok][Addition] - [BE->FE] [P: CesLayer,P1,(166-2-23)] [O: CesConstraint,PLANE_TYPE,(166-128-22)]
[Ok][Addition] - [BE->FE] [P: CesLayer,P1,(166-2-23)] [O: CesConstraint,PNET_CLEARANCES,(166-129-22)]
[Ok][Addition] - [BE->FE] [P: CesLayer,P1,(166-2-23)] [O: CesConstraint,PNET_UBORDERS,(166-130-22)]
[Ok][Addition] - [BE->FE] [P: CesLayer,P1,(166-2-23)] [O: CesConstraint,LAYER_DESC,(166-131-22)]
[Ok][Addition] - [BE->FE] [P: CesLayer,P1,(166-2-23)] [O: CesConstraint,ATTACHED_DIELECTRIC,(166-132-22)]
[Ok][Addition] - [BE->FE] [P: CesLayer,P1,(166-2-23)] [O: CesConstraint,LAYER_COLOR,(166-133-22)]
[Ok][Addition] - [BE->FE] [P: CesLayer,P1,(166-2-23)] [O: CesConstraint,CONDUCTOR,(166-134-22)]
[Ok][Addition] - [BE->FE] [P: CesLayer,P1,(166-2-23)] [O: CesConstraint,BULK_RES,(166-135-22)]
[Ok][Addition] - [BE->FE] [P: CesLayer,P1,(166-2-23)] [O: CesConstraint,TEMP_COEF,(166-136-22)]
[Ok][Addition] - [BE->FE] [P: CesLayer,P1,(166-2-23)] [O: CesConstraint,LAYER_DIFFPAIR,(166-137-22)]
[Ok][Addition] - [BE->FE] [P: CesLayer,P1,(166-2-23)] [O: CesConstraint,LAYER_PAIR,(166-138-22)]
[Ok][Addition] - [BE->FE] [P: CesLayer,P1,(166-2-23)] [O: CesConstraint,POUR_DRAW_STYLE,(166-139-22)]
[Ok][Addition] - [BE->FE] [P: CesLayer,P1,(166-2-23)] [O: CesConstraint,LAYER_PROCESS,(166-140-22)]
[Ok][Addition] - [BE->FE] [P: CesLayer,P1,(166-2-23)] [O: CesConstraint,LAYER_TREATED_SIDE,(166-141-22)]
[Ok][Addition] - [BE->FE] [P: CesLayer,P1,(166-2-23)] [O: CesConstraint,LAYER_ROUGHNESS_TOP,(166-142-22)]
[Ok][Addition] - [BE->FE] [P: CesLayer,P1,(166-2-23)] [O: CesConstraint,LAYER_ROUGHNESS_BOTTOM,(166-143-22)]
[Ok][Addition] - [BE->FE] [P: CesLayer,P1,(166-2-23)] [O: CesConstraint,HEIGHT,(166-144-22)]
[Ok][Addition] - [BE->FE] [P: CesLayer,P1,(166-2-23)] [O: CesConstraint,DIELCONST,(166-145-22)]
[Ok][Addition] - [BE->FE] [P: CesLayer,P1,(166-2-23)] [O: CesConstraint,ER_FREQ,(166-146-22)]
[Ok][Addition] - [BE->FE] [P: CesLayer,P1,(166-2-23)] [O: CesConstraint,LOSS_TAN_FREQ,(166-147-22)]
[Ok][Addition] - [BE->FE] [P: CesLayer,P1,(166-2-23)] [O: CesConstraint,LOSS_TAN,(166-148-22)]
[Ok][Addition] - [BE->FE] [P: CesLayer,P1,(166-2-23)] [O: CesConstraint,THERMAL_COND,(166-149-22)]
[Ok][Addition] - [BE->FE] [P: CesLayer,DIELECTRIC_01,(166-3-23)] [O: CesConstraint,LAYER_USAGE,(166-150-22)]
[Ok][Addition] - [BE->FE] [P: CesLayer,DIELECTRIC_01,(166-3-23)] [O: CesConstraint,LAYER_DESC,(166-151-22)]
[Ok][Addition] - [BE->FE] [P: CesLayer,DIELECTRIC_01,(166-3-23)] [O: CesConstraint,ATTACHED_DIELECTRIC,(166-152-22)]
[Ok][Addition] - [BE->FE] [P: CesLayer,DIELECTRIC_01,(166-3-23)] [O: CesConstraint,HEIGHT,(166-153-22)]
[Ok][Addition] - [BE->FE] [P: CesLayer,DIELECTRIC_01,(166-3-23)] [O: CesConstraint,DIELCONST,(166-154-22)]
[Ok][Addition] - [BE->FE] [P: CesLayer,DIELECTRIC_01,(166-3-23)] [O: CesConstraint,ER_FREQ,(166-155-22)]
[Ok][Addition] - [BE->FE] [P: CesLayer,DIELECTRIC_01,(166-3-23)] [O: CesConstraint,LOSS_TAN_FREQ,(166-156-22)]
[Ok][Addition] - [BE->FE] [P: CesLayer,DIELECTRIC_01,(166-3-23)] [O: CesConstraint,LOSS_TAN,(166-157-22)]
[Ok][Addition] - [BE->FE] [P: CesLayer,DIELECTRIC_01,(166-3-23)] [O: CesConstraint,THERMAL_COND,(166-158-22)]
[Ok][Addition] - [BE->FE] [P: CesLayer,DIELECTRIC_01,(166-3-23)] [O: CesConstraint,LAYER_TECH,(166-159-22)]
[Ok][Addition] - [BE->FE] [P: CesLayer,P2,(166-4-23)] [O: CesConstraint,LAYER_USAGE,(166-160-22)]
[Ok][Addition] - [BE->FE] [P: CesLayer,P2,(166-4-23)] [O: CesConstraint,PLANE_NETS,(166-161-22)]
[Ok][Addition] - [BE->FE] [P: CesLayer,P2,(166-4-23)] [O: CesConstraint,PLANE_TYPE,(166-162-22)]
[Ok][Addition] - [BE->FE] [P: CesLayer,P2,(166-4-23)] [O: CesConstraint,PNET_CLEARANCES,(166-163-22)]
[Ok][Addition] - [BE->FE] [P: CesLayer,P2,(166-4-23)] [O: CesConstraint,PNET_UBORDERS,(166-164-22)]
[Ok][Addition] - [BE->FE] [P: CesLayer,P2,(166-4-23)] [O: CesConstraint,LAYER_DESC,(166-165-22)]
[Ok][Addition] - [BE->FE] [P: CesLayer,P2,(166-4-23)] [O: CesConstraint,ATTACHED_DIELECTRIC,(166-166-22)]
[Ok][Addition] - [BE->FE] [P: CesLayer,P2,(166-4-23)] [O: CesConstraint,LAYER_COLOR,(166-167-22)]
[Ok][Addition] - [BE->FE] [P: CesLayer,P2,(166-4-23)] [O: CesConstraint,CONDUCTOR,(166-168-22)]
[Ok][Addition] - [BE->FE] [P: CesLayer,P2,(166-4-23)] [O: CesConstraint,BULK_RES,(166-169-22)]
[Ok][Addition] - [BE->FE] [P: CesLayer,P2,(166-4-23)] [O: CesConstraint,TEMP_COEF,(166-170-22)]
[Ok][Addition] - [BE->FE] [P: CesLayer,P2,(166-4-23)] [O: CesConstraint,LAYER_DIFFPAIR,(166-171-22)]
[Ok][Addition] - [BE->FE] [P: CesLayer,P2,(166-4-23)] [O: CesConstraint,LAYER_PAIR,(166-172-22)]
[Ok][Addition] - [BE->FE] [P: CesLayer,P2,(166-4-23)] [O: CesConstraint,POUR_DRAW_STYLE,(166-173-22)]
[Ok][Addition] - [BE->FE] [P: CesLayer,P2,(166-4-23)] [O: CesConstraint,LAYER_PROCESS,(166-174-22)]
[Ok][Addition] - [BE->FE] [P: CesLayer,P2,(166-4-23)] [O: CesConstraint,LAYER_TREATED_SIDE,(166-175-22)]
[Ok][Addition] - [BE->FE] [P: CesLayer,P2,(166-4-23)] [O: CesConstraint,LAYER_ROUGHNESS_TOP,(166-176-22)]
[Ok][Addition] - [BE->FE] [P: CesLayer,P2,(166-4-23)] [O: CesConstraint,LAYER_ROUGHNESS_BOTTOM,(166-177-22)]
[Ok][Addition] - [BE->FE] [P: CesLayer,P2,(166-4-23)] [O: CesConstraint,HEIGHT,(166-178-22)]
[Ok][Addition] - [BE->FE] [P: CesLayer,P2,(166-4-23)] [O: CesConstraint,DIELCONST,(166-179-22)]
[Ok][Addition] - [BE->FE] [P: CesLayer,P2,(166-4-23)] [O: CesConstraint,ER_FREQ,(166-180-22)]
[Ok][Addition] - [BE->FE] [P: CesLayer,P2,(166-4-23)] [O: CesConstraint,LOSS_TAN_FREQ,(166-181-22)]
[Ok][Addition] - [BE->FE] [P: CesLayer,P2,(166-4-23)] [O: CesConstraint,LOSS_TAN,(166-182-22)]
[Ok][Addition] - [BE->FE] [P: CesLayer,P2,(166-4-23)] [O: CesConstraint,THERMAL_COND,(166-183-22)]
[Ok][Addition] - [BE->FE] [P: CesLayer,DIELECTRIC_5,(12-5-23)] [O: CesConstraint,ATTACHED_DIELECTRIC,(166-184-22)]
[Ok][Addition] - [BE->FE] [P: CesLayer,DIELECTRIC_5,(12-5-23)] [O: CesConstraint,ER_FREQ,(166-185-22)]
[Ok][Addition] - [BE->FE] [P: CesLayer,DIELECTRIC_5,(12-5-23)] [O: CesConstraint,LOSS_TAN_FREQ,(166-186-22)]
[Ok][Addition] - [BE->FE] [P: CesLayer,DIELECTRIC_5,(12-5-23)] [O: CesConstraint,LOSS_TAN,(166-187-22)]
[Ok][Addition] - [BE->FE] [P: CesLayer,DIELECTRIC_5,(12-5-23)] [O: CesConstraint,THERMAL_COND,(166-188-22)]
[Ok][Addition] - [BE->FE] [P: CesLayer,DIELECTRIC_5,(12-5-23)] [O: CesConstraint,LAYER_TECH,(166-189-22)]
[Ok][Addition] - [BE->FE] [P: CesLayer,L2,(12-6-23)] [O: CesConstraint,ATTACHED_DIELECTRIC,(166-190-22)]
[Ok][Addition] - [BE->FE] [P: CesLayer,L2,(12-6-23)] [O: CesConstraint,LAYER_COLOR,(166-191-22)]
[Ok][Addition] - [BE->FE] [P: CesLayer,L2,(12-6-23)] [O: CesConstraint,CONDUCTOR,(166-192-22)]
[Ok][Addition] - [BE->FE] [P: CesLayer,L2,(12-6-23)] [O: CesConstraint,TEMP_COEF,(166-193-22)]
[Ok][Addition] - [BE->FE] [P: CesLayer,L2,(12-6-23)] [O: CesConstraint,POUR_DRAW_STYLE,(166-194-22)]
[Ok][Addition] - [BE->FE] [P: CesLayer,L2,(12-6-23)] [O: CesConstraint,ER_FREQ,(166-195-22)]
[Ok][Addition] - [BE->FE] [P: CesLayer,L2,(12-6-23)] [O: CesConstraint,LOSS_TAN_FREQ,(166-196-22)]
[Ok][Addition] - [BE->FE] [P: CesLayer,L2,(12-6-23)] [O: CesConstraint,LOSS_TAN,(166-197-22)]
[Ok][Addition] - [BE->FE] [P: CesLayer,L2,(12-6-23)] [O: CesConstraint,THERMAL_COND,(166-198-22)]
[Ok][Addition] - [BE->FE] [P: CesLayer,L2,(12-6-23)] [O: CesConstraint,TARGET_Z0,(166-199-22)]
[Ok][Addition] - [BE->FE] [P: CesLayer,L2,(12-6-23)] [O: CesConstraint,ZZ_WIDTH,(166-200-22)]
[Ok][Addition] - [BE->FE] [P: CesLayer,L2,(12-6-23)] [O: CesConstraint,GAP,(166-201-22)]
[Ok][Addition] - [BE->FE] [P: CesLayer,DIELECTRIC_7,(12-7-23)] [O: CesConstraint,ATTACHED_DIELECTRIC,(166-202-22)]
[Ok][Addition] - [BE->FE] [P: CesLayer,DIELECTRIC_7,(12-7-23)] [O: CesConstraint,ER_FREQ,(166-203-22)]
[Ok][Addition] - [BE->FE] [P: CesLayer,DIELECTRIC_7,(12-7-23)] [O: CesConstraint,LOSS_TAN_FREQ,(166-204-22)]
[Ok][Addition] - [BE->FE] [P: CesLayer,DIELECTRIC_7,(12-7-23)] [O: CesConstraint,LOSS_TAN,(166-205-22)]
[Ok][Addition] - [BE->FE] [P: CesLayer,DIELECTRIC_7,(12-7-23)] [O: CesConstraint,THERMAL_COND,(166-206-22)]
[Ok][Addition] - [BE->FE] [P: CesLayer,DIELECTRIC_7,(12-7-23)] [O: CesConstraint,LAYER_TECH,(166-207-22)]
[Ok][Addition] - [BE->FE] [P: CesLayer,BOT,(12-8-23)] [O: CesConstraint,ATTACHED_DIELECTRIC,(166-208-22)]
[Ok][Addition] - [BE->FE] [P: CesLayer,BOT,(12-8-23)] [O: CesConstraint,LAYER_COLOR,(166-209-22)]
[Ok][Addition] - [BE->FE] [P: CesLayer,BOT,(12-8-23)] [O: CesConstraint,CONDUCTOR,(166-210-22)]
[Ok][Addition] - [BE->FE] [P: CesLayer,BOT,(12-8-23)] [O: CesConstraint,TEMP_COEF,(166-211-22)]
[Ok][Addition] - [BE->FE] [P: CesLayer,BOT,(12-8-23)] [O: CesConstraint,POUR_DRAW_STYLE,(166-212-22)]
[Ok][Addition] - [BE->FE] [P: CesLayer,BOT,(12-8-23)] [O: CesConstraint,ER_FREQ,(166-213-22)]
[Ok][Addition] - [BE->FE] [P: CesLayer,BOT,(12-8-23)] [O: CesConstraint,LOSS_TAN_FREQ,(166-214-22)]
[Ok][Addition] - [BE->FE] [P: CesLayer,BOT,(12-8-23)] [O: CesConstraint,LOSS_TAN,(166-215-22)]
[Ok][Addition] - [BE->FE] [P: CesLayer,BOT,(12-8-23)] [O: CesConstraint,THERMAL_COND,(166-216-22)]
[Ok][Addition] - [BE->FE] [P: CesLayer,BOT,(12-8-23)] [O: CesConstraint,TARGET_Z0,(166-217-22)]
[Ok][Addition] - [BE->FE] [P: CesLayer,BOT,(12-8-23)] [O: CesConstraint,ZZ_WIDTH,(166-218-22)]
[Ok][Addition] - [BE->FE] [P: CesLayer,BOT,(12-8-23)] [O: CesConstraint,GAP,(166-219-22)]
[Ok][Addition] - [BE->FE] [P: CesLayer,SSB,(12-9-23)] [O: CesConstraint,ATTACHED_DIELECTRIC,(166-220-22)]
[Ok][Addition] - [BE->FE] [P: CesLayer,SSB,(12-9-23)] [O: CesConstraint,DIELCONST,(166-221-22)]
[Ok][Addition] - [BE->FE] [P: CesLayer,SSB,(12-9-23)] [O: CesConstraint,ER_FREQ,(166-222-22)]
[Ok][Addition] - [BE->FE] [P: CesLayer,SSB,(12-9-23)] [O: CesConstraint,LOSS_TAN_FREQ,(166-223-22)]
[Ok][Addition] - [BE->FE] [P: CesLayer,SSB,(12-9-23)] [O: CesConstraint,LOSS_TAN,(166-224-22)]
[Ok][Addition] - [BE->FE] [P: CesLayer,SSB,(12-9-23)] [O: CesConstraint,THERMAL_COND,(166-225-22)]
[Ok][Addition] - [BE->FE] [P: CesLayer,SSB,(12-9-23)] [O: CesConstraint,LAYER_TECH,(166-226-22)]
[Ok][Addition] - [BE->FE] [P: CesDesign,CesDesign,(2-1-21)] [O: CesConstraint,DSN_AUTO_CALCULATE_ER,(166-227-22)]
[Ok][Addition] - [BE->FE] [P: CesDesign,CesDesign,(2-1-21)] [O: CesConstraint,DSN_SURFACE_ROUGHNESS_ENABLED,(166-228-22)]
[Ok][Addition] - [BE->FE] [P: CesDesign,CesDesign,(2-1-21)] [O: CesConstraint,DSN_TRAPEZOIDAL_TRACE_SHAPES_ENABLED,(166-229-22)]
[Ok][Addition] - [BE->FE] [P: CesDesign,CesDesign,(2-1-21)] [O: CesConstraint,DSN_SURFACE_ROUGHNESS_MODEL,(166-230-22)]
[Ok][Addition] - [BE->FE] [P: CesDesign,CesDesign,(2-1-21)] [O: CesConstraint,DSN_SURFACE_ROUGHNESS_MODEL_FACTOR,(166-231-22)]
[Ok][Addition] - [BE->FE] [P: CesDesign,CesDesign,(2-1-21)] [O: CesConstraint,DSN_SURFACE_ROUGHNESS_PARAM,(166-232-22)]
--------------------------------------------------------------------------------
 CES synchronization - END (2020-01-07 02:58:57) 
--------------------------------------------------------------------------------
--------------------------------------------------------------------------------
 VMVariant synchronization - START (2020-01-07 02:58:57) 
--------------------------------------------------------------------------------
--------------------------------------------------------------------------------
 VMVariant synchronization - END (2020-01-07 02:58:57) 
--------------------------------------------------------------------------------
--------------------------------------------------------------------------------
 Project integration - END (2020-01-07 02:58:57) 
--------------------------------------------------------------------------------
