--------------------------------------------------------------------------------
 Project integration - START (2020-01-06 19:49:18) 
--------------------------------------------------------------------------------
FE snapshot name: DxD
BE snapshot name: T-Branch_layout_temp
Top level block: (2-1-5)
Parameters: BAConnectivity,BAConstraints,FEWin,
--------------------------------------------------------------------------------
--------------------------------------------------------------------------------
 Connection synchronization - START (2020-01-06 19:49:18) 
--------------------------------------------------------------------------------
--------------------------------------------------------------------------------
 Connection synchronization - END (2020-01-06 19:49:18) 
--------------------------------------------------------------------------------
--------------------------------------------------------------------------------
 CES synchronization - START (2020-01-06 19:49:18) 
--------------------------------------------------------------------------------

--------------------------------------------------------------------------------
 TOPOLOGY synchronization - START (2020-01-06 19:49:18) 
--------------------------------------------------------------------------------
--------------------------------------------------------------------------------
 TOPOLOGY synchronization - END (2020-01-06 19:49:18) 
--------------------------------------------------------------------------------
--------------------------------------------------------------------------------
 CES synchronization - END (2020-01-06 19:49:18) 
--------------------------------------------------------------------------------
--------------------------------------------------------------------------------
 VMVariant synchronization - START (2020-01-06 19:49:18) 
--------------------------------------------------------------------------------
--------------------------------------------------------------------------------
 VMVariant synchronization - END (2020-01-06 19:49:18) 
--------------------------------------------------------------------------------
--------------------------------------------------------------------------------
 Project integration - END (2020-01-06 19:49:18) 
--------------------------------------------------------------------------------
