--------------------------------------------------------------------------------
 Project integration - START (2020-01-02 22:36:38) 
--------------------------------------------------------------------------------
FE snapshot name: DxD
BE snapshot name: T-Branch_layout_temp
Top level block: (2-1-5)
Parameters: FAConstraints,FEWin,
--------------------------------------------------------------------------------
--------------------------------------------------------------------------------
 CES synchronization - START (2020-01-02 22:36:38) 
--------------------------------------------------------------------------------

--------------------------------------------------------------------------------
 TOPOLOGY synchronization - START (2020-01-02 22:36:38) 
--------------------------------------------------------------------------------
--------------------------------------------------------------------------------
 TOPOLOGY synchronization - END (2020-01-02 22:36:38) 
--------------------------------------------------------------------------------
--------------------------------------------------------------------------------
 CES synchronization - END (2020-01-02 22:36:38) 
--------------------------------------------------------------------------------
--------------------------------------------------------------------------------
 Project integration - END (2020-01-02 22:36:38) 
--------------------------------------------------------------------------------
