--------------------------------------------------------------------------------
 Project integration - START (2020-01-03 00:15:36) 
--------------------------------------------------------------------------------
FE snapshot name: DxD
BE snapshot name: T-Branch_layout_temp
Top level block: (2-1-5)
Parameters: FAConstraints,FEWin,
--------------------------------------------------------------------------------
--------------------------------------------------------------------------------
 CES synchronization - START (2020-01-03 00:15:36) 
--------------------------------------------------------------------------------

--------------------------------------------------------------------------------
 TOPOLOGY synchronization - START (2020-01-03 00:15:36) 
--------------------------------------------------------------------------------
--------------------------------------------------------------------------------
 TOPOLOGY synchronization - END (2020-01-03 00:15:36) 
--------------------------------------------------------------------------------
[Skipped][Addition] - [FE->BE] [P: CesPart,RES-0402-80R-1%,(54-1-53)] [O: CesConstraint,PART_TYPE,(54-1-22)]
[Skipped][Addition] - [FE->BE] [P: CesPart,RES-0402-39R-1%,(54-2-53)] [O: CesConstraint,PART_TYPE,(54-2-22)]
[Skipped][Addition] - [FE->BE] [P: CesPart,RES-0402-4K7-1%,(54-3-53)] [O: CesConstraint,PART_TYPE,(54-3-22)]
[Skipped][Addition] - [FE->BE] [P: CesPart,RES-0402-240R-1%,(54-4-53)] [O: CesConstraint,PART_TYPE,(54-4-22)]
[Skipped][Addition] - [FE->BE] [P: CesPart,CAP-1206-X5R-100uF-6V3-10%,(54-5-53)] [O: CesConstraint,PART_TYPE,(54-5-22)]
[Skipped][Addition] - [FE->BE] [P: CesPart,CAP-1206-X5R-4u7-6V3-10%,(54-6-53)] [O: CesConstraint,PART_TYPE,(54-6-22)]
[Skipped][Addition] - [FE->BE] [P: CesPart,CAP-1206-X5R-10uF-6V3-10%,(54-7-53)] [O: CesConstraint,PART_TYPE,(54-7-22)]
[Skipped][Addition] - [FE->BE] [P: CesPart,CAP-0402-X5R-100nF-10V-10%,(54-8-53)] [O: CesConstraint,PART_TYPE,(54-8-22)]
[Skipped][Addition] - [FE->BE] [P: CesPart,CAP-0603-X5R-1uF-6V3-10%,(54-9-53)] [O: CesConstraint,PART_TYPE,(54-9-22)]
[Skipped][Addition] - [FE->BE] [P: CesPart,CAP-0805-X5R-2u2-6V3-10%,(54-10-53)] [O: CesConstraint,PART_TYPE,(54-10-22)]
[Skipped][Addition] - [FE->BE] [P: CesComp,C65,(54-2-51)] [O: CesConstraint,DEF_VALUE,(54-11-22)]
[Skipped][Addition] - [FE->BE] [P: CesComp,C66,(54-3-51)] [O: CesConstraint,DEF_VALUE,(54-12-22)]
[Skipped][Addition] - [FE->BE] [P: CesComp,R1,(54-4-51)] [O: CesConstraint,DEF_VALUE,(54-13-22)]
[Skipped][Addition] - [FE->BE] [P: CesComp,R2,(54-5-51)] [O: CesConstraint,DEF_VALUE,(54-14-22)]
[Skipped][Addition] - [FE->BE] [P: CesComp,R3,(54-6-51)] [O: CesConstraint,DEF_VALUE,(54-15-22)]
[Skipped][Addition] - [FE->BE] [P: CesComp,C67,(54-7-51)] [O: CesConstraint,DEF_VALUE,(54-16-22)]
[Skipped][Addition] - [FE->BE] [P: CesComp,C68,(54-8-51)] [O: CesConstraint,DEF_VALUE,(54-17-22)]
[Skipped][Addition] - [FE->BE] [P: CesComp,C69,(54-9-51)] [O: CesConstraint,DEF_VALUE,(54-18-22)]
[Skipped][Addition] - [FE->BE] [P: CesComp,C70,(54-10-51)] [O: CesConstraint,DEF_VALUE,(54-19-22)]
[Skipped][Addition] - [FE->BE] [P: CesComp,C71,(54-11-51)] [O: CesConstraint,DEF_VALUE,(54-20-22)]
[Skipped][Addition] - [FE->BE] [P: CesComp,C72,(54-12-51)] [O: CesConstraint,DEF_VALUE,(54-21-22)]
[Skipped][Addition] - [FE->BE] [P: CesComp,C73,(54-13-51)] [O: CesConstraint,DEF_VALUE,(54-22-22)]
[Skipped][Addition] - [FE->BE] [P: CesComp,C74,(54-14-51)] [O: CesConstraint,DEF_VALUE,(54-23-22)]
[Skipped][Addition] - [FE->BE] [P: CesComp,C75,(54-15-51)] [O: CesConstraint,DEF_VALUE,(54-24-22)]
[Skipped][Addition] - [FE->BE] [P: CesComp,C76,(54-16-51)] [O: CesConstraint,DEF_VALUE,(54-25-22)]
[Skipped][Addition] - [FE->BE] [P: CesComp,C77,(54-17-51)] [O: CesConstraint,DEF_VALUE,(54-26-22)]
[Skipped][Addition] - [FE->BE] [P: CesComp,C78,(54-18-51)] [O: CesConstraint,DEF_VALUE,(54-27-22)]
[Skipped][Addition] - [FE->BE] [P: CesComp,C79,(54-19-51)] [O: CesConstraint,DEF_VALUE,(54-28-22)]
[Skipped][Addition] - [FE->BE] [P: CesComp,C80,(54-20-51)] [O: CesConstraint,DEF_VALUE,(54-29-22)]
[Skipped][Addition] - [FE->BE] [P: CesComp,C81,(54-21-51)] [O: CesConstraint,DEF_VALUE,(54-30-22)]
[Skipped][Addition] - [FE->BE] [P: CesComp,C82,(54-22-51)] [O: CesConstraint,DEF_VALUE,(54-31-22)]
[Skipped][Addition] - [FE->BE] [P: CesComp,R4,(54-23-51)] [O: CesConstraint,DEF_VALUE,(54-32-22)]
[Skipped][Addition] - [FE->BE] [P: CesComp,R5,(54-24-51)] [O: CesConstraint,DEF_VALUE,(54-33-22)]
[Skipped][Addition] - [FE->BE] [P: CesComp,R6,(54-25-51)] [O: CesConstraint,DEF_VALUE,(54-34-22)]
[Skipped][Addition] - [FE->BE] [P: CesComp,R7,(54-26-51)] [O: CesConstraint,DEF_VALUE,(54-35-22)]
[Skipped][Addition] - [FE->BE] [P: CesComp,R8,(54-27-51)] [O: CesConstraint,DEF_VALUE,(54-36-22)]
[Skipped][Addition] - [FE->BE] [P: CesComp,R9,(54-28-51)] [O: CesConstraint,DEF_VALUE,(54-37-22)]
[Skipped][Addition] - [FE->BE] [P: CesComp,R10,(54-29-51)] [O: CesConstraint,DEF_VALUE,(54-38-22)]
[Skipped][Addition] - [FE->BE] [P: CesComp,R11,(54-30-51)] [O: CesConstraint,DEF_VALUE,(54-39-22)]
[Skipped][Addition] - [FE->BE] [P: CesComp,R12,(54-31-51)] [O: CesConstraint,DEF_VALUE,(54-40-22)]
[Skipped][Addition] - [FE->BE] [P: CesComp,R13,(54-32-51)] [O: CesConstraint,DEF_VALUE,(54-41-22)]
[Skipped][Addition] - [FE->BE] [P: CesComp,R14,(54-33-51)] [O: CesConstraint,DEF_VALUE,(54-42-22)]
[Skipped][Addition] - [FE->BE] [P: CesComp,R15,(54-34-51)] [O: CesConstraint,DEF_VALUE,(54-43-22)]
[Skipped][Addition] - [FE->BE] [P: CesComp,R16,(54-35-51)] [O: CesConstraint,DEF_VALUE,(54-44-22)]
[Skipped][Addition] - [FE->BE] [P: CesComp,R17,(54-36-51)] [O: CesConstraint,DEF_VALUE,(54-45-22)]
[Skipped][Addition] - [FE->BE] [P: CesComp,R18,(54-37-51)] [O: CesConstraint,DEF_VALUE,(54-46-22)]
[Skipped][Addition] - [FE->BE] [P: CesComp,R19,(54-38-51)] [O: CesConstraint,DEF_VALUE,(54-47-22)]
[Skipped][Addition] - [FE->BE] [P: CesComp,R20,(54-39-51)] [O: CesConstraint,DEF_VALUE,(54-48-22)]
[Skipped][Addition] - [FE->BE] [P: CesComp,R21,(54-40-51)] [O: CesConstraint,DEF_VALUE,(54-49-22)]
[Skipped][Addition] - [FE->BE] [P: CesComp,R22,(54-41-51)] [O: CesConstraint,DEF_VALUE,(54-50-22)]
[Skipped][Addition] - [FE->BE] [P: CesComp,C83,(54-42-51)] [O: CesConstraint,DEF_VALUE,(54-51-22)]
[Skipped][Addition] - [FE->BE] [P: CesComp,C84,(54-43-51)] [O: CesConstraint,DEF_VALUE,(54-52-22)]
[Skipped][Addition] - [FE->BE] [P: CesComp,C85,(54-44-51)] [O: CesConstraint,DEF_VALUE,(54-53-22)]
[Skipped][Addition] - [FE->BE] [P: CesComp,C86,(54-45-51)] [O: CesConstraint,DEF_VALUE,(54-54-22)]
[Skipped][Addition] - [FE->BE] [P: CesComp,C87,(54-46-51)] [O: CesConstraint,DEF_VALUE,(54-55-22)]
[Skipped][Addition] - [FE->BE] [P: CesComp,C88,(54-47-51)] [O: CesConstraint,DEF_VALUE,(54-56-22)]
[Skipped][Addition] - [FE->BE] [P: CesComp,C89,(54-48-51)] [O: CesConstraint,DEF_VALUE,(54-57-22)]
[Skipped][Addition] - [FE->BE] [P: CesComp,C90,(54-49-51)] [O: CesConstraint,DEF_VALUE,(54-58-22)]
[Skipped][Addition] - [FE->BE] [P: CesComp,C91,(54-50-51)] [O: CesConstraint,DEF_VALUE,(54-59-22)]
[Skipped][Addition] - [FE->BE] [P: CesComp,C92,(54-51-51)] [O: CesConstraint,DEF_VALUE,(54-60-22)]
[Skipped][Addition] - [FE->BE] [P: CesComp,C93,(54-52-51)] [O: CesConstraint,DEF_VALUE,(54-61-22)]
[Skipped][Addition] - [FE->BE] [P: CesComp,C94,(54-53-51)] [O: CesConstraint,DEF_VALUE,(54-62-22)]
[Skipped][Addition] - [FE->BE] [P: CesComp,C95,(54-54-51)] [O: CesConstraint,DEF_VALUE,(54-63-22)]
[Skipped][Addition] - [FE->BE] [P: CesComp,C96,(54-55-51)] [O: CesConstraint,DEF_VALUE,(54-64-22)]
[Skipped][Addition] - [FE->BE] [P: CesComp,C97,(54-56-51)] [O: CesConstraint,DEF_VALUE,(54-65-22)]
[Skipped][Addition] - [FE->BE] [P: CesComp,C98,(54-57-51)] [O: CesConstraint,DEF_VALUE,(54-66-22)]
[Skipped][Addition] - [FE->BE] [P: CesComp,C99,(54-58-51)] [O: CesConstraint,DEF_VALUE,(54-67-22)]
[Skipped][Addition] - [FE->BE] [P: CesComp,C100,(54-59-51)] [O: CesConstraint,DEF_VALUE,(54-68-22)]
[Skipped][Addition] - [FE->BE] [P: CesComp,L2,(54-1-51)] [O: CesConstraint,PACKAGED_COMP,(54-69-22)]
[Skipped][Addition] - [FE->BE] [P: CesComp,C65,(54-2-51)] [O: CesConstraint,PACKAGED_COMP,(54-70-22)]
[Skipped][Addition] - [FE->BE] [P: CesComp,C66,(54-3-51)] [O: CesConstraint,PACKAGED_COMP,(54-71-22)]
[Skipped][Addition] - [FE->BE] [P: CesComp,R1,(54-4-51)] [O: CesConstraint,PACKAGED_COMP,(54-72-22)]
[Skipped][Addition] - [FE->BE] [P: CesComp,R2,(54-5-51)] [O: CesConstraint,PACKAGED_COMP,(54-73-22)]
[Skipped][Addition] - [FE->BE] [P: CesComp,R3,(54-6-51)] [O: CesConstraint,PACKAGED_COMP,(54-74-22)]
[Skipped][Addition] - [FE->BE] [P: CesComp,C67,(54-7-51)] [O: CesConstraint,PACKAGED_COMP,(54-75-22)]
[Skipped][Addition] - [FE->BE] [P: CesComp,C68,(54-8-51)] [O: CesConstraint,PACKAGED_COMP,(54-76-22)]
[Skipped][Addition] - [FE->BE] [P: CesComp,C69,(54-9-51)] [O: CesConstraint,PACKAGED_COMP,(54-77-22)]
[Skipped][Addition] - [FE->BE] [P: CesComp,C70,(54-10-51)] [O: CesConstraint,PACKAGED_COMP,(54-78-22)]
[Skipped][Addition] - [FE->BE] [P: CesComp,C71,(54-11-51)] [O: CesConstraint,PACKAGED_COMP,(54-79-22)]
[Skipped][Addition] - [FE->BE] [P: CesComp,C72,(54-12-51)] [O: CesConstraint,PACKAGED_COMP,(54-80-22)]
[Skipped][Addition] - [FE->BE] [P: CesComp,C73,(54-13-51)] [O: CesConstraint,PACKAGED_COMP,(54-81-22)]
[Skipped][Addition] - [FE->BE] [P: CesComp,C74,(54-14-51)] [O: CesConstraint,PACKAGED_COMP,(54-82-22)]
[Skipped][Addition] - [FE->BE] [P: CesComp,C75,(54-15-51)] [O: CesConstraint,PACKAGED_COMP,(54-83-22)]
[Skipped][Addition] - [FE->BE] [P: CesComp,C76,(54-16-51)] [O: CesConstraint,PACKAGED_COMP,(54-84-22)]
[Skipped][Addition] - [FE->BE] [P: CesComp,C77,(54-17-51)] [O: CesConstraint,PACKAGED_COMP,(54-85-22)]
[Skipped][Addition] - [FE->BE] [P: CesComp,C78,(54-18-51)] [O: CesConstraint,PACKAGED_COMP,(54-86-22)]
[Skipped][Addition] - [FE->BE] [P: CesComp,C79,(54-19-51)] [O: CesConstraint,PACKAGED_COMP,(54-87-22)]
[Skipped][Addition] - [FE->BE] [P: CesComp,C80,(54-20-51)] [O: CesConstraint,PACKAGED_COMP,(54-88-22)]
[Skipped][Addition] - [FE->BE] [P: CesComp,C81,(54-21-51)] [O: CesConstraint,PACKAGED_COMP,(54-89-22)]
[Skipped][Addition] - [FE->BE] [P: CesComp,C82,(54-22-51)] [O: CesConstraint,PACKAGED_COMP,(54-90-22)]
[Skipped][Addition] - [FE->BE] [P: CesComp,R4,(54-23-51)] [O: CesConstraint,PACKAGED_COMP,(54-91-22)]
[Skipped][Addition] - [FE->BE] [P: CesComp,R5,(54-24-51)] [O: CesConstraint,PACKAGED_COMP,(54-92-22)]
[Skipped][Addition] - [FE->BE] [P: CesComp,R6,(54-25-51)] [O: CesConstraint,PACKAGED_COMP,(54-93-22)]
[Skipped][Addition] - [FE->BE] [P: CesComp,R7,(54-26-51)] [O: CesConstraint,PACKAGED_COMP,(54-94-22)]
[Skipped][Addition] - [FE->BE] [P: CesComp,R8,(54-27-51)] [O: CesConstraint,PACKAGED_COMP,(54-95-22)]
[Skipped][Addition] - [FE->BE] [P: CesComp,R9,(54-28-51)] [O: CesConstraint,PACKAGED_COMP,(54-96-22)]
[Skipped][Addition] - [FE->BE] [P: CesComp,R10,(54-29-51)] [O: CesConstraint,PACKAGED_COMP,(54-97-22)]
[Skipped][Addition] - [FE->BE] [P: CesComp,R11,(54-30-51)] [O: CesConstraint,PACKAGED_COMP,(54-98-22)]
[Skipped][Addition] - [FE->BE] [P: CesComp,R12,(54-31-51)] [O: CesConstraint,PACKAGED_COMP,(54-99-22)]
[Skipped][Addition] - [FE->BE] [P: CesComp,R13,(54-32-51)] [O: CesConstraint,PACKAGED_COMP,(54-100-22)]
[Skipped][Addition] - [FE->BE] [P: CesComp,R14,(54-33-51)] [O: CesConstraint,PACKAGED_COMP,(54-101-22)]
[Skipped][Addition] - [FE->BE] [P: CesComp,R15,(54-34-51)] [O: CesConstraint,PACKAGED_COMP,(54-102-22)]
[Skipped][Addition] - [FE->BE] [P: CesComp,R16,(54-35-51)] [O: CesConstraint,PACKAGED_COMP,(54-103-22)]
[Skipped][Addition] - [FE->BE] [P: CesComp,R17,(54-36-51)] [O: CesConstraint,PACKAGED_COMP,(54-104-22)]
[Skipped][Addition] - [FE->BE] [P: CesComp,R18,(54-37-51)] [O: CesConstraint,PACKAGED_COMP,(54-105-22)]
[Skipped][Addition] - [FE->BE] [P: CesComp,R19,(54-38-51)] [O: CesConstraint,PACKAGED_COMP,(54-106-22)]
[Skipped][Addition] - [FE->BE] [P: CesComp,R20,(54-39-51)] [O: CesConstraint,PACKAGED_COMP,(54-107-22)]
[Skipped][Addition] - [FE->BE] [P: CesComp,R21,(54-40-51)] [O: CesConstraint,PACKAGED_COMP,(54-108-22)]
[Skipped][Addition] - [FE->BE] [P: CesComp,R22,(54-41-51)] [O: CesConstraint,PACKAGED_COMP,(54-109-22)]
[Skipped][Addition] - [FE->BE] [P: CesComp,C83,(54-42-51)] [O: CesConstraint,PACKAGED_COMP,(54-110-22)]
[Skipped][Addition] - [FE->BE] [P: CesComp,C84,(54-43-51)] [O: CesConstraint,PACKAGED_COMP,(54-111-22)]
[Skipped][Addition] - [FE->BE] [P: CesComp,C85,(54-44-51)] [O: CesConstraint,PACKAGED_COMP,(54-112-22)]
[Skipped][Addition] - [FE->BE] [P: CesComp,C86,(54-45-51)] [O: CesConstraint,PACKAGED_COMP,(54-113-22)]
[Skipped][Addition] - [FE->BE] [P: CesComp,C87,(54-46-51)] [O: CesConstraint,PACKAGED_COMP,(54-114-22)]
[Skipped][Addition] - [FE->BE] [P: CesComp,C88,(54-47-51)] [O: CesConstraint,PACKAGED_COMP,(54-115-22)]
[Skipped][Addition] - [FE->BE] [P: CesComp,C89,(54-48-51)] [O: CesConstraint,PACKAGED_COMP,(54-116-22)]
[Skipped][Addition] - [FE->BE] [P: CesComp,C90,(54-49-51)] [O: CesConstraint,PACKAGED_COMP,(54-117-22)]
[Skipped][Addition] - [FE->BE] [P: CesComp,C91,(54-50-51)] [O: CesConstraint,PACKAGED_COMP,(54-118-22)]
[Skipped][Addition] - [FE->BE] [P: CesComp,C92,(54-51-51)] [O: CesConstraint,PACKAGED_COMP,(54-119-22)]
[Skipped][Addition] - [FE->BE] [P: CesComp,C93,(54-52-51)] [O: CesConstraint,PACKAGED_COMP,(54-120-22)]
[Skipped][Addition] - [FE->BE] [P: CesComp,C94,(54-53-51)] [O: CesConstraint,PACKAGED_COMP,(54-121-22)]
[Skipped][Addition] - [FE->BE] [P: CesComp,C95,(54-54-51)] [O: CesConstraint,PACKAGED_COMP,(54-122-22)]
[Skipped][Addition] - [FE->BE] [P: CesComp,C96,(54-55-51)] [O: CesConstraint,PACKAGED_COMP,(54-123-22)]
[Skipped][Addition] - [FE->BE] [P: CesComp,C97,(54-56-51)] [O: CesConstraint,PACKAGED_COMP,(54-124-22)]
[Skipped][Addition] - [FE->BE] [P: CesComp,C98,(54-57-51)] [O: CesConstraint,PACKAGED_COMP,(54-125-22)]
[Skipped][Addition] - [FE->BE] [P: CesComp,C99,(54-58-51)] [O: CesConstraint,PACKAGED_COMP,(54-126-22)]
[Skipped][Addition] - [FE->BE] [P: CesComp,C100,(54-59-51)] [O: CesConstraint,PACKAGED_COMP,(54-127-22)]
--------------------------------------------------------------------------------
 CES synchronization - END (2020-01-03 00:15:36) 
--------------------------------------------------------------------------------
--------------------------------------------------------------------------------
 Project integration - END (2020-01-03 00:15:36) 
--------------------------------------------------------------------------------
