--------------------------------------------------------------------------------
 Project integration - START (2020-01-05 18:30:34) 
--------------------------------------------------------------------------------
FE snapshot name: DxD
BE snapshot name: T-Branch_layout_temp
Top level block: (2-1-5)
Parameters: FAConstraints,FEWin,
--------------------------------------------------------------------------------
--------------------------------------------------------------------------------
 CES synchronization - START (2020-01-05 18:30:34) 
--------------------------------------------------------------------------------
[Ok][Modification] - [FE->BE] [O: CesPhysicalNet,+1V5,(6-88-49)]
[Ok][Modification] - [FE->BE] [O: CesPhysicalNet,0VD,(18-3-49)]
[Ok][Modification] - [FE->BE] [O: CesPhysicalNet,+VTTREF,(18-4-49)]
[Ok][Modification] - [FE->BE] [O: CesPhysicalNet,+VTT,(30-68-49)]
[Ok][Modification] - [FE->BE] [O: CesPhysicalNet,$2N1381,(39-73-49)]
[Ok][Modification] - [FE->BE] [O: CesPhysicalNet,+1V8,(39-74-49)]

--------------------------------------------------------------------------------
 TOPOLOGY synchronization - START (2020-01-05 18:30:34) 
--------------------------------------------------------------------------------
--------------------------------------------------------------------------------
 TOPOLOGY synchronization - END (2020-01-05 18:30:34) 
--------------------------------------------------------------------------------
--------------------------------------------------------------------------------
 CES synchronization - END (2020-01-05 18:30:34) 
--------------------------------------------------------------------------------
--------------------------------------------------------------------------------
 Project integration - END (2020-01-05 18:30:34) 
--------------------------------------------------------------------------------
